<?xml version="1.0" encoding="utf-8"?><testsuites><testsuite name="pytest" errors="0" failures="0" skipped="0" tests="3" time="0.380" timestamp="2024-09-13T13:10:41.144309" hostname="donavyn"><testcase classname="examples_rclpy_executors.executors.test.test_copyright" name="test_copyright" time="0.141" /><testcase classname="examples_rclpy_executors.executors.test.test_flake8" name="test_flake8" time="0.096" /><testcase classname="examples_rclpy_executors.executors.test.test_pep257" name="test_pep257" time="0.058" /></testsuite></testsuites>