[0.000000] (-) TimerEvent: {}
[0.000170] (action_tutorials_interfaces) JobQueued: {'identifier': 'action_tutorials_interfaces', 'dependencies': OrderedDict([('action_tutorials_interfaces', '/home/donavyn/docker_test/ros2_ws/src/install/action_tutorials_interfaces')])}
[0.000208] (examples_rclcpp_async_client) JobQueued: {'identifier': 'examples_rclcpp_async_client', 'dependencies': OrderedDict([('examples_rclcpp_async_client', '/home/donavyn/docker_test/ros2_ws/src/install/examples_rclcpp_async_client')])}
[0.000229] (examples_rclcpp_cbg_executor) JobQueued: {'identifier': 'examples_rclcpp_cbg_executor', 'dependencies': OrderedDict([('examples_rclcpp_cbg_executor', '/home/donavyn/docker_test/ros2_ws/src/install/examples_rclcpp_cbg_executor')])}
[0.000246] (examples_rclcpp_minimal_action_client) JobQueued: {'identifier': 'examples_rclcpp_minimal_action_client', 'dependencies': OrderedDict([('examples_rclcpp_minimal_action_client', '/home/donavyn/docker_test/ros2_ws/src/install/examples_rclcpp_minimal_action_client')])}
[0.000263] (examples_rclcpp_minimal_action_server) JobQueued: {'identifier': 'examples_rclcpp_minimal_action_server', 'dependencies': OrderedDict([('examples_rclcpp_minimal_action_server', '/home/donavyn/docker_test/ros2_ws/src/install/examples_rclcpp_minimal_action_server')])}
[0.000280] (examples_rclcpp_minimal_client) JobQueued: {'identifier': 'examples_rclcpp_minimal_client', 'dependencies': OrderedDict([('examples_rclcpp_minimal_client', '/home/donavyn/docker_test/ros2_ws/src/install/examples_rclcpp_minimal_client')])}
[0.000299] (examples_rclcpp_minimal_composition) JobQueued: {'identifier': 'examples_rclcpp_minimal_composition', 'dependencies': OrderedDict([('examples_rclcpp_minimal_composition', '/home/donavyn/docker_test/ros2_ws/src/install/examples_rclcpp_minimal_composition')])}
[0.000318] (examples_rclcpp_minimal_publisher) JobQueued: {'identifier': 'examples_rclcpp_minimal_publisher', 'dependencies': OrderedDict([('examples_rclcpp_minimal_publisher', '/home/donavyn/docker_test/ros2_ws/src/install/examples_rclcpp_minimal_publisher')])}
[0.000333] (examples_rclcpp_minimal_service) JobQueued: {'identifier': 'examples_rclcpp_minimal_service', 'dependencies': OrderedDict([('examples_rclcpp_minimal_service', '/home/donavyn/docker_test/ros2_ws/src/install/examples_rclcpp_minimal_service')])}
[0.000349] (examples_rclcpp_minimal_subscriber) JobQueued: {'identifier': 'examples_rclcpp_minimal_subscriber', 'dependencies': OrderedDict([('examples_rclcpp_minimal_subscriber', '/home/donavyn/docker_test/ros2_ws/src/install/examples_rclcpp_minimal_subscriber')])}
[0.000363] (examples_rclcpp_minimal_timer) JobQueued: {'identifier': 'examples_rclcpp_minimal_timer', 'dependencies': OrderedDict([('examples_rclcpp_minimal_timer', '/home/donavyn/docker_test/ros2_ws/src/install/examples_rclcpp_minimal_timer')])}
[0.000378] (examples_rclcpp_multithreaded_executor) JobQueued: {'identifier': 'examples_rclcpp_multithreaded_executor', 'dependencies': OrderedDict([('examples_rclcpp_multithreaded_executor', '/home/donavyn/docker_test/ros2_ws/src/install/examples_rclcpp_multithreaded_executor')])}
[0.000393] (examples_rclcpp_wait_set) JobQueued: {'identifier': 'examples_rclcpp_wait_set', 'dependencies': OrderedDict([('examples_rclcpp_wait_set', '/home/donavyn/docker_test/ros2_ws/src/install/examples_rclcpp_wait_set')])}
[0.000409] (examples_rclpy_executors) JobQueued: {'identifier': 'examples_rclpy_executors', 'dependencies': OrderedDict([('examples_rclpy_executors', '/home/donavyn/docker_test/ros2_ws/src/install/examples_rclpy_executors')])}
[0.000423] (examples_rclpy_guard_conditions) JobQueued: {'identifier': 'examples_rclpy_guard_conditions', 'dependencies': OrderedDict([('examples_rclpy_guard_conditions', '/home/donavyn/docker_test/ros2_ws/src/install/examples_rclpy_guard_conditions')])}
[0.000438] (examples_rclpy_minimal_action_client) JobQueued: {'identifier': 'examples_rclpy_minimal_action_client', 'dependencies': OrderedDict([('examples_rclpy_minimal_action_client', '/home/donavyn/docker_test/ros2_ws/src/install/examples_rclpy_minimal_action_client')])}
[0.000460] (examples_rclpy_minimal_action_server) JobQueued: {'identifier': 'examples_rclpy_minimal_action_server', 'dependencies': OrderedDict([('examples_rclpy_minimal_action_server', '/home/donavyn/docker_test/ros2_ws/src/install/examples_rclpy_minimal_action_server')])}
[0.000476] (examples_rclpy_minimal_client) JobQueued: {'identifier': 'examples_rclpy_minimal_client', 'dependencies': OrderedDict([('examples_rclpy_minimal_client', '/home/donavyn/docker_test/ros2_ws/src/install/examples_rclpy_minimal_client')])}
[0.000492] (examples_rclpy_minimal_publisher) JobQueued: {'identifier': 'examples_rclpy_minimal_publisher', 'dependencies': OrderedDict([('examples_rclpy_minimal_publisher', '/home/donavyn/docker_test/ros2_ws/src/install/examples_rclpy_minimal_publisher')])}
[0.000511] (examples_rclpy_minimal_service) JobQueued: {'identifier': 'examples_rclpy_minimal_service', 'dependencies': OrderedDict([('examples_rclpy_minimal_service', '/home/donavyn/docker_test/ros2_ws/src/install/examples_rclpy_minimal_service')])}
[0.000526] (examples_rclpy_minimal_subscriber) JobQueued: {'identifier': 'examples_rclpy_minimal_subscriber', 'dependencies': OrderedDict([('examples_rclpy_minimal_subscriber', '/home/donavyn/docker_test/ros2_ws/src/install/examples_rclpy_minimal_subscriber')])}
[0.000541] (examples_rclpy_pointcloud_publisher) JobQueued: {'identifier': 'examples_rclpy_pointcloud_publisher', 'dependencies': OrderedDict([('examples_rclpy_pointcloud_publisher', '/home/donavyn/docker_test/ros2_ws/src/install/examples_rclpy_pointcloud_publisher')])}
[0.000556] (launch_testing_examples) JobQueued: {'identifier': 'launch_testing_examples', 'dependencies': OrderedDict([('launch_testing_examples', '/home/donavyn/docker_test/ros2_ws/src/install/launch_testing_examples')])}
[0.000571] (more_interfaces) JobQueued: {'identifier': 'more_interfaces', 'dependencies': OrderedDict([('more_interfaces', '/home/donavyn/docker_test/ros2_ws/src/install/more_interfaces')])}
[0.000586] (my_package) JobQueued: {'identifier': 'my_package', 'dependencies': OrderedDict([('my_package', '/home/donavyn/docker_test/ros2_ws/src/install/my_package')])}
[0.000602] (py_pubsub) JobQueued: {'identifier': 'py_pubsub', 'dependencies': OrderedDict([('py_pubsub', '/home/donavyn/docker_test/ros2_ws/src/install/py_pubsub')])}
[0.000622] (py_srvcli) JobQueued: {'identifier': 'py_srvcli', 'dependencies': OrderedDict([('py_srvcli', '/home/donavyn/docker_test/ros2_ws/src/install/py_srvcli')])}
[0.000636] (python_parameters) JobQueued: {'identifier': 'python_parameters', 'dependencies': OrderedDict([('python_parameters', '/home/donavyn/docker_test/ros2_ws/src/install/python_parameters')])}
[0.000651] (turtlesim) JobQueued: {'identifier': 'turtlesim', 'dependencies': OrderedDict([('turtlesim', '/home/donavyn/docker_test/ros2_ws/src/install/turtlesim')])}
[0.000665] (tutorial_interfaces) JobQueued: {'identifier': 'tutorial_interfaces', 'dependencies': OrderedDict([('tutorial_interfaces', '/home/donavyn/docker_test/ros2_ws/src/install/tutorial_interfaces')])}
[0.000679] (learning_tf2_py) JobQueued: {'identifier': 'learning_tf2_py', 'dependencies': OrderedDict([('turtlesim', '/home/donavyn/docker_test/ros2_ws/src/install/turtlesim'), ('learning_tf2_py', '/home/donavyn/docker_test/ros2_ws/src/install/learning_tf2_py')])}
[0.000696] (turtlesim) JobStarted: {'identifier': 'turtlesim'}
[0.003225] (turtlesim) StderrLine: {'line': b'Traceback (most recent call last):\n  File "/usr/lib/python3/dist-packages/colcon_core/executor/__init__.py", line 91, in __call__\n    rc = await self.task(*args, **kwargs)\n  File "/usr/lib/python3/dist-packages/colcon_core/task/__init__.py", line 93, in __call__\n    return await task_method(*args, **kwargs)\n  File "/usr/lib/python3/dist-packages/colcon_ros/task/ament_cmake/test.py", line 29, in test\n    return await extension.test()\n  File "/usr/lib/python3/dist-packages/colcon_cmake/task/cmake/test.py", line 45, in test\n    assert os.path.exists(args.build_base), \\\nAssertionError: Has this package been built before?\n'}
[0.004249] (turtlesim) JobEnded: {'identifier': 'turtlesim', 'rc': 1}
[0.004807] (action_tutorials_interfaces) JobStarted: {'identifier': 'action_tutorials_interfaces'}
[0.004926] (action_tutorials_interfaces) StderrLine: {'line': b'Traceback (most recent call last):\n  File "/usr/lib/python3/dist-packages/colcon_core/executor/__init__.py", line 91, in __call__\n    rc = await self.task(*args, **kwargs)\n  File "/usr/lib/python3/dist-packages/colcon_core/task/__init__.py", line 93, in __call__\n    return await task_method(*args, **kwargs)\n  File "/usr/lib/python3/dist-packages/colcon_ros/task/ament_cmake/test.py", line 29, in test\n    return await extension.test()\n  File "/usr/lib/python3/dist-packages/colcon_cmake/task/cmake/test.py", line 45, in test\n    assert os.path.exists(args.build_base), \\\nAssertionError: Has this package been built before?\n'}
[0.005431] (action_tutorials_interfaces) JobEnded: {'identifier': 'action_tutorials_interfaces', 'rc': 1}
[0.005642] (examples_rclcpp_async_client) JobStarted: {'identifier': 'examples_rclcpp_async_client'}
[0.005672] (examples_rclcpp_async_client) StderrLine: {'line': b'Traceback (most recent call last):\n  File "/usr/lib/python3/dist-packages/colcon_core/executor/__init__.py", line 91, in __call__\n    rc = await self.task(*args, **kwargs)\n  File "/usr/lib/python3/dist-packages/colcon_core/task/__init__.py", line 93, in __call__\n    return await task_method(*args, **kwargs)\n  File "/usr/lib/python3/dist-packages/colcon_ros/task/ament_cmake/test.py", line 29, in test\n    return await extension.test()\n  File "/usr/lib/python3/dist-packages/colcon_cmake/task/cmake/test.py", line 45, in test\n    assert os.path.exists(args.build_base), \\\nAssertionError: Has this package been built before?\n'}
[0.006107] (examples_rclcpp_async_client) JobEnded: {'identifier': 'examples_rclcpp_async_client', 'rc': 1}
[0.006396] (examples_rclcpp_cbg_executor) JobStarted: {'identifier': 'examples_rclcpp_cbg_executor'}
[0.006416] (examples_rclcpp_cbg_executor) StderrLine: {'line': b'Traceback (most recent call last):\n  File "/usr/lib/python3/dist-packages/colcon_core/executor/__init__.py", line 91, in __call__\n    rc = await self.task(*args, **kwargs)\n  File "/usr/lib/python3/dist-packages/colcon_core/task/__init__.py", line 93, in __call__\n    return await task_method(*args, **kwargs)\n  File "/usr/lib/python3/dist-packages/colcon_ros/task/ament_cmake/test.py", line 29, in test\n    return await extension.test()\n  File "/usr/lib/python3/dist-packages/colcon_cmake/task/cmake/test.py", line 45, in test\n    assert os.path.exists(args.build_base), \\\nAssertionError: Has this package been built before?\n'}
[0.007045] (examples_rclcpp_cbg_executor) JobEnded: {'identifier': 'examples_rclcpp_cbg_executor', 'rc': 1}
[0.007271] (examples_rclcpp_minimal_action_client) JobStarted: {'identifier': 'examples_rclcpp_minimal_action_client'}
[0.007410] (examples_rclcpp_minimal_action_client) StderrLine: {'line': b'Traceback (most recent call last):\n  File "/usr/lib/python3/dist-packages/colcon_core/executor/__init__.py", line 91, in __call__\n    rc = await self.task(*args, **kwargs)\n  File "/usr/lib/python3/dist-packages/colcon_core/task/__init__.py", line 93, in __call__\n    return await task_method(*args, **kwargs)\n  File "/usr/lib/python3/dist-packages/colcon_ros/task/ament_cmake/test.py", line 29, in test\n    return await extension.test()\n  File "/usr/lib/python3/dist-packages/colcon_cmake/task/cmake/test.py", line 45, in test\n    assert os.path.exists(args.build_base), \\\nAssertionError: Has this package been built before?\n'}
[0.008068] (examples_rclcpp_minimal_action_client) JobEnded: {'identifier': 'examples_rclcpp_minimal_action_client', 'rc': 1}
[0.008363] (examples_rclcpp_minimal_action_server) JobStarted: {'identifier': 'examples_rclcpp_minimal_action_server'}
[0.008390] (examples_rclcpp_minimal_action_server) StderrLine: {'line': b'Traceback (most recent call last):\n  File "/usr/lib/python3/dist-packages/colcon_core/executor/__init__.py", line 91, in __call__\n    rc = await self.task(*args, **kwargs)\n  File "/usr/lib/python3/dist-packages/colcon_core/task/__init__.py", line 93, in __call__\n    return await task_method(*args, **kwargs)\n  File "/usr/lib/python3/dist-packages/colcon_ros/task/ament_cmake/test.py", line 29, in test\n    return await extension.test()\n  File "/usr/lib/python3/dist-packages/colcon_cmake/task/cmake/test.py", line 45, in test\n    assert os.path.exists(args.build_base), \\\nAssertionError: Has this package been built before?\n'}
[0.008605] (examples_rclcpp_minimal_action_server) JobEnded: {'identifier': 'examples_rclcpp_minimal_action_server', 'rc': 1}
[0.008750] (examples_rclcpp_minimal_client) JobStarted: {'identifier': 'examples_rclcpp_minimal_client'}
[0.008784] (examples_rclcpp_minimal_client) StderrLine: {'line': b'Traceback (most recent call last):\n  File "/usr/lib/python3/dist-packages/colcon_core/executor/__init__.py", line 91, in __call__\n    rc = await self.task(*args, **kwargs)\n  File "/usr/lib/python3/dist-packages/colcon_core/task/__init__.py", line 93, in __call__\n    return await task_method(*args, **kwargs)\n  File "/usr/lib/python3/dist-packages/colcon_ros/task/ament_cmake/test.py", line 29, in test\n    return await extension.test()\n  File "/usr/lib/python3/dist-packages/colcon_cmake/task/cmake/test.py", line 45, in test\n    assert os.path.exists(args.build_base), \\\nAssertionError: Has this package been built before?\n'}
[0.009003] (examples_rclcpp_minimal_client) JobEnded: {'identifier': 'examples_rclcpp_minimal_client', 'rc': 1}
[0.009158] (examples_rclcpp_minimal_composition) JobStarted: {'identifier': 'examples_rclcpp_minimal_composition'}
[0.009181] (examples_rclcpp_minimal_composition) StderrLine: {'line': b'Traceback (most recent call last):\n  File "/usr/lib/python3/dist-packages/colcon_core/executor/__init__.py", line 91, in __call__\n    rc = await self.task(*args, **kwargs)\n  File "/usr/lib/python3/dist-packages/colcon_core/task/__init__.py", line 93, in __call__\n    return await task_method(*args, **kwargs)\n  File "/usr/lib/python3/dist-packages/colcon_ros/task/ament_cmake/test.py", line 29, in test\n    return await extension.test()\n  File "/usr/lib/python3/dist-packages/colcon_cmake/task/cmake/test.py", line 45, in test\n    assert os.path.exists(args.build_base), \\\nAssertionError: Has this package been built before?\n'}
[0.009363] (examples_rclcpp_minimal_composition) JobEnded: {'identifier': 'examples_rclcpp_minimal_composition', 'rc': 1}
[0.009547] (examples_rclcpp_minimal_publisher) JobStarted: {'identifier': 'examples_rclcpp_minimal_publisher'}
[0.009570] (examples_rclcpp_minimal_publisher) StderrLine: {'line': b'Traceback (most recent call last):\n  File "/usr/lib/python3/dist-packages/colcon_core/executor/__init__.py", line 91, in __call__\n    rc = await self.task(*args, **kwargs)\n  File "/usr/lib/python3/dist-packages/colcon_core/task/__init__.py", line 93, in __call__\n    return await task_method(*args, **kwargs)\n  File "/usr/lib/python3/dist-packages/colcon_ros/task/ament_cmake/test.py", line 29, in test\n    return await extension.test()\n  File "/usr/lib/python3/dist-packages/colcon_cmake/task/cmake/test.py", line 45, in test\n    assert os.path.exists(args.build_base), \\\nAssertionError: Has this package been built before?\n'}
[0.010044] (examples_rclcpp_minimal_publisher) JobEnded: {'identifier': 'examples_rclcpp_minimal_publisher', 'rc': 1}
[0.010211] (examples_rclcpp_minimal_service) JobStarted: {'identifier': 'examples_rclcpp_minimal_service'}
[0.010247] (examples_rclcpp_minimal_service) StderrLine: {'line': b'Traceback (most recent call last):\n  File "/usr/lib/python3/dist-packages/colcon_core/executor/__init__.py", line 91, in __call__\n    rc = await self.task(*args, **kwargs)\n  File "/usr/lib/python3/dist-packages/colcon_core/task/__init__.py", line 93, in __call__\n    return await task_method(*args, **kwargs)\n  File "/usr/lib/python3/dist-packages/colcon_ros/task/ament_cmake/test.py", line 29, in test\n    return await extension.test()\n  File "/usr/lib/python3/dist-packages/colcon_cmake/task/cmake/test.py", line 45, in test\n    assert os.path.exists(args.build_base), \\\nAssertionError: Has this package been built before?\n'}
[0.010560] (examples_rclcpp_minimal_service) JobEnded: {'identifier': 'examples_rclcpp_minimal_service', 'rc': 1}
[0.010763] (examples_rclcpp_minimal_subscriber) JobStarted: {'identifier': 'examples_rclcpp_minimal_subscriber'}
[0.010814] (examples_rclcpp_minimal_subscriber) StderrLine: {'line': b'Traceback (most recent call last):\n  File "/usr/lib/python3/dist-packages/colcon_core/executor/__init__.py", line 91, in __call__\n    rc = await self.task(*args, **kwargs)\n  File "/usr/lib/python3/dist-packages/colcon_core/task/__init__.py", line 93, in __call__\n    return await task_method(*args, **kwargs)\n  File "/usr/lib/python3/dist-packages/colcon_ros/task/ament_cmake/test.py", line 29, in test\n    return await extension.test()\n  File "/usr/lib/python3/dist-packages/colcon_cmake/task/cmake/test.py", line 45, in test\n    assert os.path.exists(args.build_base), \\\nAssertionError: Has this package been built before?\n'}
[0.011093] (examples_rclcpp_minimal_subscriber) JobEnded: {'identifier': 'examples_rclcpp_minimal_subscriber', 'rc': 1}
[0.011298] (examples_rclcpp_minimal_timer) JobStarted: {'identifier': 'examples_rclcpp_minimal_timer'}
[0.011333] (examples_rclcpp_minimal_timer) StderrLine: {'line': b'Traceback (most recent call last):\n  File "/usr/lib/python3/dist-packages/colcon_core/executor/__init__.py", line 91, in __call__\n    rc = await self.task(*args, **kwargs)\n  File "/usr/lib/python3/dist-packages/colcon_core/task/__init__.py", line 93, in __call__\n    return await task_method(*args, **kwargs)\n  File "/usr/lib/python3/dist-packages/colcon_ros/task/ament_cmake/test.py", line 29, in test\n    return await extension.test()\n  File "/usr/lib/python3/dist-packages/colcon_cmake/task/cmake/test.py", line 45, in test\n    assert os.path.exists(args.build_base), \\\nAssertionError: Has this package been built before?\n'}
[0.011542] (examples_rclcpp_minimal_timer) JobEnded: {'identifier': 'examples_rclcpp_minimal_timer', 'rc': 1}
[0.012113] (examples_rclcpp_multithreaded_executor) JobStarted: {'identifier': 'examples_rclcpp_multithreaded_executor'}
[0.012390] (examples_rclcpp_multithreaded_executor) StderrLine: {'line': b'Traceback (most recent call last):\n  File "/usr/lib/python3/dist-packages/colcon_core/executor/__init__.py", line 91, in __call__\n    rc = await self.task(*args, **kwargs)\n  File "/usr/lib/python3/dist-packages/colcon_core/task/__init__.py", line 93, in __call__\n    return await task_method(*args, **kwargs)\n  File "/usr/lib/python3/dist-packages/colcon_ros/task/ament_cmake/test.py", line 29, in test\n    return await extension.test()\n  File "/usr/lib/python3/dist-packages/colcon_cmake/task/cmake/test.py", line 45, in test\n    assert os.path.exists(args.build_base), \\\nAssertionError: Has this package been built before?\n'}
[0.012895] (examples_rclcpp_multithreaded_executor) JobEnded: {'identifier': 'examples_rclcpp_multithreaded_executor', 'rc': 1}
[0.013179] (examples_rclcpp_wait_set) JobStarted: {'identifier': 'examples_rclcpp_wait_set'}
[0.013208] (examples_rclcpp_wait_set) StderrLine: {'line': b'Traceback (most recent call last):\n  File "/usr/lib/python3/dist-packages/colcon_core/executor/__init__.py", line 91, in __call__\n    rc = await self.task(*args, **kwargs)\n  File "/usr/lib/python3/dist-packages/colcon_core/task/__init__.py", line 93, in __call__\n    return await task_method(*args, **kwargs)\n  File "/usr/lib/python3/dist-packages/colcon_ros/task/ament_cmake/test.py", line 29, in test\n    return await extension.test()\n  File "/usr/lib/python3/dist-packages/colcon_cmake/task/cmake/test.py", line 45, in test\n    assert os.path.exists(args.build_base), \\\nAssertionError: Has this package been built before?\n'}
[0.013537] (examples_rclcpp_wait_set) JobEnded: {'identifier': 'examples_rclcpp_wait_set', 'rc': 1}
[0.014677] (examples_rclpy_executors) JobStarted: {'identifier': 'examples_rclpy_executors'}
[0.016535] (examples_rclpy_guard_conditions) JobStarted: {'identifier': 'examples_rclpy_guard_conditions'}
[0.020852] (examples_rclpy_minimal_action_client) JobStarted: {'identifier': 'examples_rclpy_minimal_action_client'}
[0.024248] (examples_rclpy_minimal_action_server) JobStarted: {'identifier': 'examples_rclpy_minimal_action_server'}
[0.027517] (examples_rclpy_minimal_client) JobStarted: {'identifier': 'examples_rclpy_minimal_client'}
[0.030792] (examples_rclpy_minimal_publisher) JobStarted: {'identifier': 'examples_rclpy_minimal_publisher'}
[0.034117] (examples_rclpy_minimal_service) JobStarted: {'identifier': 'examples_rclpy_minimal_service'}
[0.037418] (examples_rclpy_minimal_subscriber) JobStarted: {'identifier': 'examples_rclpy_minimal_subscriber'}
[0.040852] (examples_rclpy_pointcloud_publisher) JobStarted: {'identifier': 'examples_rclpy_pointcloud_publisher'}
[0.043887] (launch_testing_examples) JobStarted: {'identifier': 'launch_testing_examples'}
[0.046793] (more_interfaces) JobStarted: {'identifier': 'more_interfaces'}
[0.047200] (more_interfaces) StderrLine: {'line': b'Traceback (most recent call last):\n  File "/usr/lib/python3/dist-packages/colcon_core/executor/__init__.py", line 91, in __call__\n    rc = await self.task(*args, **kwargs)\n  File "/usr/lib/python3/dist-packages/colcon_core/task/__init__.py", line 93, in __call__\n    return await task_method(*args, **kwargs)\n  File "/usr/lib/python3/dist-packages/colcon_ros/task/ament_cmake/test.py", line 29, in test\n    return await extension.test()\n  File "/usr/lib/python3/dist-packages/colcon_cmake/task/cmake/test.py", line 45, in test\n    assert os.path.exists(args.build_base), \\\nAssertionError: Has this package been built before?\n'}
[0.047740] (more_interfaces) JobEnded: {'identifier': 'more_interfaces', 'rc': 1}
[0.048046] (my_package) JobStarted: {'identifier': 'my_package'}
[0.050951] (py_pubsub) JobStarted: {'identifier': 'py_pubsub'}
[0.053835] (py_srvcli) JobStarted: {'identifier': 'py_srvcli'}
[0.057132] (python_parameters) JobStarted: {'identifier': 'python_parameters'}
[0.060046] (tutorial_interfaces) JobStarted: {'identifier': 'tutorial_interfaces'}
[0.060291] (tutorial_interfaces) StderrLine: {'line': b'Traceback (most recent call last):\n  File "/usr/lib/python3/dist-packages/colcon_core/executor/__init__.py", line 91, in __call__\n    rc = await self.task(*args, **kwargs)\n  File "/usr/lib/python3/dist-packages/colcon_core/task/__init__.py", line 93, in __call__\n    return await task_method(*args, **kwargs)\n  File "/usr/lib/python3/dist-packages/colcon_ros/task/ament_cmake/test.py", line 29, in test\n    return await extension.test()\n  File "/usr/lib/python3/dist-packages/colcon_cmake/task/cmake/test.py", line 45, in test\n    assert os.path.exists(args.build_base), \\\nAssertionError: Has this package been built before?\n'}
[0.061385] (tutorial_interfaces) JobEnded: {'identifier': 'tutorial_interfaces', 'rc': 1}
[0.061594] (learning_tf2_py) JobStarted: {'identifier': 'learning_tf2_py'}
[0.099426] (-) TimerEvent: {}
[0.199928] (-) TimerEvent: {}
[0.212390] (examples_rclpy_executors) Command: {'cmd': ['/usr/bin/python3', '-m', 'pytest'], 'cwd': '/home/donavyn/docker_test/ros2_ws/src/examples/rclpy/executors', 'env': {'LESSOPEN': '| /usr/bin/lesspipe %s', 'USER': 'donavyn', 'XDG_SESSION_TYPE': 'x11', 'SHLVL': '1', 'LD_LIBRARY_PATH': '/home/donavyn/docker_test/ros2_ws/install/tutorial_interfaces/lib:/home/donavyn/docker_test/ros2_ws/install/turtlesim/lib:/home/donavyn/docker_test/ros2_ws/install/more_interfaces/lib:/home/donavyn/docker_test/ros2_ws/install/examples_rclcpp_wait_set/lib:/home/donavyn/docker_test/ros2_ws/install/examples_rclcpp_minimal_subscriber/lib:/home/donavyn/docker_test/ros2_ws/install/examples_rclcpp_minimal_composition/lib:/home/donavyn/docker_test/ros2_ws/install/action_tutorials_interfaces/lib:/opt/ros/humble/opt/rviz_ogre_vendor/lib:/opt/ros/humble/lib/x86_64-linux-gnu:/opt/ros/humble/lib', 'HOME': '/home/donavyn', 'OLDPWD': '/home/donavyn/docker_test/ros2_ws', 'DESKTOP_SESSION': 'ubuntu', 'ROS_PYTHON_VERSION': '3', 'GNOME_SHELL_SESSION_MODE': 'ubuntu', 'GTK_MODULES': 'gail:atk-bridge', 'SYSTEMD_EXEC_PID': '2895', 'DBUS_SESSION_BUS_ADDRESS': 'unix:path=/run/user/1000/bus', 'COLORTERM': 'truecolor', '_colcon_cd_root': '/opt/ros/humble/', 'COLCON_PREFIX_PATH': '/home/donavyn/docker_test/ros2_ws/src/install:/home/donavyn/docker_test/ros2_ws/install', 'ROS_DISTRO': 'humble', 'GTK_IM_MODULE': 'ibus', 'LOGNAME': 'donavyn', '_': '/usr/bin/colcon', 'ROS_VERSION': '2', 'XDG_SESSION_CLASS': 'user', 'USERNAME': 'donavyn', 'TERM': 'xterm-256color', 'GNOME_DESKTOP_SESSION_ID': 'this-is-deprecated', 'ROS_LOCALHOST_ONLY': '0', 'WINDOWPATH': '2', 'PATH': '/home/donavyn/.local/bin:/opt/ros/humble/bin:/usr/local/sbin:/usr/local/bin:/usr/sbin:/usr/bin:/sbin:/bin:/usr/games:/usr/local/games:/snap/bin:/snap/bin', 'SESSION_MANAGER': 'local/donavyn:@/tmp/.ICE-unix/2583,unix/donavyn:/tmp/.ICE-unix/2583', 'XDG_MENU_PREFIX': 'gnome-', 'GNOME_TERMINAL_SCREEN': '/org/gnome/Terminal/screen/5b60ada8_6e82_4353_b828_16555c35af22', 'XDG_RUNTIME_DIR': '/run/user/1000', 'DISPLAY': ':0', 'LANG': 'en_US.UTF-8', 'XDG_CURRENT_DESKTOP': 'ubuntu:GNOME', 'XMODIFIERS': '@im=ibus', 'XDG_SESSION_DESKTOP': 'ubuntu', 'XAUTHORITY': '/run/user/1000/gdm/Xauthority', 'LS_COLORS': 'rs=0:di=01;34:ln=01;36:mh=00:pi=40;33:so=01;35:do=01;35:bd=40;33;01:cd=40;33;01:or=40;31;01:mi=00:su=37;41:sg=30;43:ca=30;41:tw=30;42:ow=34;42:st=37;44:ex=01;32:*.tar=01;31:*.tgz=01;31:*.arc=01;31:*.arj=01;31:*.taz=01;31:*.lha=01;31:*.lz4=01;31:*.lzh=01;31:*.lzma=01;31:*.tlz=01;31:*.txz=01;31:*.tzo=01;31:*.t7z=01;31:*.zip=01;31:*.z=01;31:*.dz=01;31:*.gz=01;31:*.lrz=01;31:*.lz=01;31:*.lzo=01;31:*.xz=01;31:*.zst=01;31:*.tzst=01;31:*.bz2=01;31:*.bz=01;31:*.tbz=01;31:*.tbz2=01;31:*.tz=01;31:*.deb=01;31:*.rpm=01;31:*.jar=01;31:*.war=01;31:*.ear=01;31:*.sar=01;31:*.rar=01;31:*.alz=01;31:*.ace=01;31:*.zoo=01;31:*.cpio=01;31:*.7z=01;31:*.rz=01;31:*.cab=01;31:*.wim=01;31:*.swm=01;31:*.dwm=01;31:*.esd=01;31:*.jpg=01;35:*.jpeg=01;35:*.mjpg=01;35:*.mjpeg=01;35:*.gif=01;35:*.bmp=01;35:*.pbm=01;35:*.pgm=01;35:*.ppm=01;35:*.tga=01;35:*.xbm=01;35:*.xpm=01;35:*.tif=01;35:*.tiff=01;35:*.png=01;35:*.svg=01;35:*.svgz=01;35:*.mng=01;35:*.pcx=01;35:*.mov=01;35:*.mpg=01;35:*.mpeg=01;35:*.m2v=01;35:*.mkv=01;35:*.webm=01;35:*.webp=01;35:*.ogm=01;35:*.mp4=01;35:*.m4v=01;35:*.mp4v=01;35:*.vob=01;35:*.qt=01;35:*.nuv=01;35:*.wmv=01;35:*.asf=01;35:*.rm=01;35:*.rmvb=01;35:*.flc=01;35:*.avi=01;35:*.fli=01;35:*.flv=01;35:*.gl=01;35:*.dl=01;35:*.xcf=01;35:*.xwd=01;35:*.yuv=01;35:*.cgm=01;35:*.emf=01;35:*.ogv=01;35:*.ogx=01;35:*.aac=00;36:*.au=00;36:*.flac=00;36:*.m4a=00;36:*.mid=00;36:*.midi=00;36:*.mka=00;36:*.mp3=00;36:*.mpc=00;36:*.ogg=00;36:*.ra=00;36:*.wav=00;36:*.oga=00;36:*.opus=00;36:*.spx=00;36:*.xspf=00;36:', 'GNOME_TERMINAL_SERVICE': ':1.127', 'SSH_AGENT_LAUNCHER': 'gnome-keyring', 'SSH_AUTH_SOCK': '/run/user/1000/keyring/ssh', 'AMENT_PREFIX_PATH': '/home/donavyn/docker_test/ros2_ws/src/install/learning_tf2_py:/home/donavyn/docker_test/ros2_ws/install/tutorial_interfaces:/home/donavyn/docker_test/ros2_ws/install/turtlesim:/home/donavyn/docker_test/ros2_ws/install/python_parameters:/home/donavyn/docker_test/ros2_ws/install/py_srvcli:/home/donavyn/docker_test/ros2_ws/install/py_pubsub:/home/donavyn/docker_test/ros2_ws/install/my_package:/home/donavyn/docker_test/ros2_ws/install/more_interfaces:/home/donavyn/docker_test/ros2_ws/install/launch_testing_examples:/home/donavyn/docker_test/ros2_ws/install/examples_rclpy_pointcloud_publisher:/home/donavyn/docker_test/ros2_ws/install/examples_rclpy_minimal_subscriber:/home/donavyn/docker_test/ros2_ws/install/examples_rclpy_minimal_service:/home/donavyn/docker_test/ros2_ws/install/examples_rclpy_minimal_publisher:/home/donavyn/docker_test/ros2_ws/install/examples_rclpy_minimal_client:/home/donavyn/docker_test/ros2_ws/install/examples_rclpy_minimal_action_server:/home/donavyn/docker_test/ros2_ws/install/examples_rclpy_minimal_action_client:/home/donavyn/docker_test/ros2_ws/install/examples_rclpy_guard_conditions:/home/donavyn/docker_test/ros2_ws/install/examples_rclpy_executors:/home/donavyn/docker_test/ros2_ws/install/action_tutorials_interfaces:/opt/ros/humble', 'SHELL': '/bin/bash', 'QT_ACCESSIBILITY': '1', 'GDMSESSION': 'ubuntu', 'LESSCLOSE': '/usr/bin/lesspipe %s %s', 'GPG_AGENT_INFO': '/run/user/1000/gnupg/S.gpg-agent:0:1', 'QT_IM_MODULE': 'ibus', 'PWD': '/home/donavyn/docker_test/ros2_ws/src/build/examples_rclpy_executors', 'XDG_CONFIG_DIRS': '/etc/xdg/xdg-ubuntu:/etc/xdg', 'XDG_DATA_DIRS': '/usr/share/ubuntu:/usr/share/gnome:/usr/local/share/:/usr/share/:/var/lib/snapd/desktop', 'PYTHONPATH': '/home/donavyn/docker_test/ros2_ws/src/install/learning_tf2_py/lib/python3.10/site-packages:/home/donavyn/docker_test/ros2_ws/install/tutorial_interfaces/local/lib/python3.10/dist-packages:/home/donavyn/docker_test/ros2_ws/install/turtlesim/local/lib/python3.10/dist-packages:/home/donavyn/docker_test/ros2_ws/install/python_parameters/lib/python3.10/site-packages:/home/donavyn/docker_test/ros2_ws/install/py_srvcli/lib/python3.10/site-packages:/home/donavyn/docker_test/ros2_ws/install/py_pubsub/lib/python3.10/site-packages:/home/donavyn/docker_test/ros2_ws/install/my_package/lib/python3.10/site-packages:/home/donavyn/docker_test/ros2_ws/install/more_interfaces/local/lib/python3.10/dist-packages:/home/donavyn/docker_test/ros2_ws/install/launch_testing_examples/lib/python3.10/site-packages:/home/donavyn/docker_test/ros2_ws/install/examples_rclpy_pointcloud_publisher/lib/python3.10/site-packages:/home/donavyn/docker_test/ros2_ws/install/examples_rclpy_minimal_subscriber/lib/python3.10/site-packages:/home/donavyn/docker_test/ros2_ws/install/examples_rclpy_minimal_service/lib/python3.10/site-packages:/home/donavyn/docker_test/ros2_ws/install/examples_rclpy_minimal_publisher/lib/python3.10/site-packages:/home/donavyn/docker_test/ros2_ws/install/examples_rclpy_minimal_client/lib/python3.10/site-packages:/home/donavyn/docker_test/ros2_ws/install/examples_rclpy_minimal_action_server/lib/python3.10/site-packages:/home/donavyn/docker_test/ros2_ws/install/examples_rclpy_minimal_action_client/lib/python3.10/site-packages:/home/donavyn/docker_test/ros2_ws/install/examples_rclpy_guard_conditions/lib/python3.10/site-packages:/home/donavyn/docker_test/ros2_ws/install/examples_rclpy_executors/lib/python3.10/site-packages:/home/donavyn/docker_test/ros2_ws/install/action_tutorials_interfaces/local/lib/python3.10/dist-packages:/opt/ros/humble/lib/python3.10/site-packages:/opt/ros/humble/local/lib/python3.10/dist-packages', 'COLCON': '1', 'VTE_VERSION': '6800', 'CMAKE_PREFIX_PATH': '/home/donavyn/docker_test/ros2_ws/install/tutorial_interfaces:/home/donavyn/docker_test/ros2_ws/install/turtlesim:/home/donavyn/docker_test/ros2_ws/install/more_interfaces:/home/donavyn/docker_test/ros2_ws/install/examples_rclcpp_wait_set:/home/donavyn/docker_test/ros2_ws/install/examples_rclcpp_multithreaded_executor:/home/donavyn/docker_test/ros2_ws/install/examples_rclcpp_minimal_timer:/home/donavyn/docker_test/ros2_ws/install/examples_rclcpp_minimal_subscriber:/home/donavyn/docker_test/ros2_ws/install/examples_rclcpp_minimal_service:/home/donavyn/docker_test/ros2_ws/install/examples_rclcpp_minimal_publisher:/home/donavyn/docker_test/ros2_ws/install/examples_rclcpp_minimal_composition:/home/donavyn/docker_test/ros2_ws/install/examples_rclcpp_minimal_client:/home/donavyn/docker_test/ros2_ws/install/examples_rclcpp_minimal_action_server:/home/donavyn/docker_test/ros2_ws/install/examples_rclcpp_minimal_action_client:/home/donavyn/docker_test/ros2_ws/install/examples_rclcpp_cbg_executor:/home/donavyn/docker_test/ros2_ws/install/examples_rclcpp_async_client:/home/donavyn/docker_test/ros2_ws/install/action_tutorials_interfaces', 'PYTHONDONTWRITEBYTECODE': '1', 'PYTEST_ADDOPTS': '--tb=short --junit-xml=/home/donavyn/docker_test/ros2_ws/src/build/examples_rclpy_executors/pytest.xml --junit-prefix=examples_rclpy_executors -o cache_dir=/home/donavyn/docker_test/ros2_ws/src/build/examples_rclpy_executors/.pytest_cache'}, 'shell': False}
[0.300084] (-) TimerEvent: {}
[0.382287] (examples_rclpy_guard_conditions) Command: {'cmd': ['/usr/bin/python3', '-m', 'pytest'], 'cwd': '/home/donavyn/docker_test/ros2_ws/src/examples/rclpy/guard_conditions', 'env': {'LESSOPEN': '| /usr/bin/lesspipe %s', 'USER': 'donavyn', 'XDG_SESSION_TYPE': 'x11', 'SHLVL': '1', 'LD_LIBRARY_PATH': '/home/donavyn/docker_test/ros2_ws/install/tutorial_interfaces/lib:/home/donavyn/docker_test/ros2_ws/install/turtlesim/lib:/home/donavyn/docker_test/ros2_ws/install/more_interfaces/lib:/home/donavyn/docker_test/ros2_ws/install/examples_rclcpp_wait_set/lib:/home/donavyn/docker_test/ros2_ws/install/examples_rclcpp_minimal_subscriber/lib:/home/donavyn/docker_test/ros2_ws/install/examples_rclcpp_minimal_composition/lib:/home/donavyn/docker_test/ros2_ws/install/action_tutorials_interfaces/lib:/opt/ros/humble/opt/rviz_ogre_vendor/lib:/opt/ros/humble/lib/x86_64-linux-gnu:/opt/ros/humble/lib', 'HOME': '/home/donavyn', 'OLDPWD': '/home/donavyn/docker_test/ros2_ws', 'DESKTOP_SESSION': 'ubuntu', 'ROS_PYTHON_VERSION': '3', 'GNOME_SHELL_SESSION_MODE': 'ubuntu', 'GTK_MODULES': 'gail:atk-bridge', 'SYSTEMD_EXEC_PID': '2895', 'DBUS_SESSION_BUS_ADDRESS': 'unix:path=/run/user/1000/bus', 'COLORTERM': 'truecolor', '_colcon_cd_root': '/opt/ros/humble/', 'COLCON_PREFIX_PATH': '/home/donavyn/docker_test/ros2_ws/src/install:/home/donavyn/docker_test/ros2_ws/install', 'ROS_DISTRO': 'humble', 'GTK_IM_MODULE': 'ibus', 'LOGNAME': 'donavyn', '_': '/usr/bin/colcon', 'ROS_VERSION': '2', 'XDG_SESSION_CLASS': 'user', 'USERNAME': 'donavyn', 'TERM': 'xterm-256color', 'GNOME_DESKTOP_SESSION_ID': 'this-is-deprecated', 'ROS_LOCALHOST_ONLY': '0', 'WINDOWPATH': '2', 'PATH': '/home/donavyn/.local/bin:/opt/ros/humble/bin:/usr/local/sbin:/usr/local/bin:/usr/sbin:/usr/bin:/sbin:/bin:/usr/games:/usr/local/games:/snap/bin:/snap/bin', 'SESSION_MANAGER': 'local/donavyn:@/tmp/.ICE-unix/2583,unix/donavyn:/tmp/.ICE-unix/2583', 'XDG_MENU_PREFIX': 'gnome-', 'GNOME_TERMINAL_SCREEN': '/org/gnome/Terminal/screen/5b60ada8_6e82_4353_b828_16555c35af22', 'XDG_RUNTIME_DIR': '/run/user/1000', 'DISPLAY': ':0', 'LANG': 'en_US.UTF-8', 'XDG_CURRENT_DESKTOP': 'ubuntu:GNOME', 'XMODIFIERS': '@im=ibus', 'XDG_SESSION_DESKTOP': 'ubuntu', 'XAUTHORITY': '/run/user/1000/gdm/Xauthority', 'LS_COLORS': 'rs=0:di=01;34:ln=01;36:mh=00:pi=40;33:so=01;35:do=01;35:bd=40;33;01:cd=40;33;01:or=40;31;01:mi=00:su=37;41:sg=30;43:ca=30;41:tw=30;42:ow=34;42:st=37;44:ex=01;32:*.tar=01;31:*.tgz=01;31:*.arc=01;31:*.arj=01;31:*.taz=01;31:*.lha=01;31:*.lz4=01;31:*.lzh=01;31:*.lzma=01;31:*.tlz=01;31:*.txz=01;31:*.tzo=01;31:*.t7z=01;31:*.zip=01;31:*.z=01;31:*.dz=01;31:*.gz=01;31:*.lrz=01;31:*.lz=01;31:*.lzo=01;31:*.xz=01;31:*.zst=01;31:*.tzst=01;31:*.bz2=01;31:*.bz=01;31:*.tbz=01;31:*.tbz2=01;31:*.tz=01;31:*.deb=01;31:*.rpm=01;31:*.jar=01;31:*.war=01;31:*.ear=01;31:*.sar=01;31:*.rar=01;31:*.alz=01;31:*.ace=01;31:*.zoo=01;31:*.cpio=01;31:*.7z=01;31:*.rz=01;31:*.cab=01;31:*.wim=01;31:*.swm=01;31:*.dwm=01;31:*.esd=01;31:*.jpg=01;35:*.jpeg=01;35:*.mjpg=01;35:*.mjpeg=01;35:*.gif=01;35:*.bmp=01;35:*.pbm=01;35:*.pgm=01;35:*.ppm=01;35:*.tga=01;35:*.xbm=01;35:*.xpm=01;35:*.tif=01;35:*.tiff=01;35:*.png=01;35:*.svg=01;35:*.svgz=01;35:*.mng=01;35:*.pcx=01;35:*.mov=01;35:*.mpg=01;35:*.mpeg=01;35:*.m2v=01;35:*.mkv=01;35:*.webm=01;35:*.webp=01;35:*.ogm=01;35:*.mp4=01;35:*.m4v=01;35:*.mp4v=01;35:*.vob=01;35:*.qt=01;35:*.nuv=01;35:*.wmv=01;35:*.asf=01;35:*.rm=01;35:*.rmvb=01;35:*.flc=01;35:*.avi=01;35:*.fli=01;35:*.flv=01;35:*.gl=01;35:*.dl=01;35:*.xcf=01;35:*.xwd=01;35:*.yuv=01;35:*.cgm=01;35:*.emf=01;35:*.ogv=01;35:*.ogx=01;35:*.aac=00;36:*.au=00;36:*.flac=00;36:*.m4a=00;36:*.mid=00;36:*.midi=00;36:*.mka=00;36:*.mp3=00;36:*.mpc=00;36:*.ogg=00;36:*.ra=00;36:*.wav=00;36:*.oga=00;36:*.opus=00;36:*.spx=00;36:*.xspf=00;36:', 'GNOME_TERMINAL_SERVICE': ':1.127', 'SSH_AGENT_LAUNCHER': 'gnome-keyring', 'SSH_AUTH_SOCK': '/run/user/1000/keyring/ssh', 'AMENT_PREFIX_PATH': '/home/donavyn/docker_test/ros2_ws/src/install/learning_tf2_py:/home/donavyn/docker_test/ros2_ws/install/tutorial_interfaces:/home/donavyn/docker_test/ros2_ws/install/turtlesim:/home/donavyn/docker_test/ros2_ws/install/python_parameters:/home/donavyn/docker_test/ros2_ws/install/py_srvcli:/home/donavyn/docker_test/ros2_ws/install/py_pubsub:/home/donavyn/docker_test/ros2_ws/install/my_package:/home/donavyn/docker_test/ros2_ws/install/more_interfaces:/home/donavyn/docker_test/ros2_ws/install/launch_testing_examples:/home/donavyn/docker_test/ros2_ws/install/examples_rclpy_pointcloud_publisher:/home/donavyn/docker_test/ros2_ws/install/examples_rclpy_minimal_subscriber:/home/donavyn/docker_test/ros2_ws/install/examples_rclpy_minimal_service:/home/donavyn/docker_test/ros2_ws/install/examples_rclpy_minimal_publisher:/home/donavyn/docker_test/ros2_ws/install/examples_rclpy_minimal_client:/home/donavyn/docker_test/ros2_ws/install/examples_rclpy_minimal_action_server:/home/donavyn/docker_test/ros2_ws/install/examples_rclpy_minimal_action_client:/home/donavyn/docker_test/ros2_ws/install/examples_rclpy_guard_conditions:/home/donavyn/docker_test/ros2_ws/install/examples_rclpy_executors:/home/donavyn/docker_test/ros2_ws/install/action_tutorials_interfaces:/opt/ros/humble', 'SHELL': '/bin/bash', 'QT_ACCESSIBILITY': '1', 'GDMSESSION': 'ubuntu', 'LESSCLOSE': '/usr/bin/lesspipe %s %s', 'GPG_AGENT_INFO': '/run/user/1000/gnupg/S.gpg-agent:0:1', 'QT_IM_MODULE': 'ibus', 'PWD': '/home/donavyn/docker_test/ros2_ws/src/build/examples_rclpy_guard_conditions', 'XDG_CONFIG_DIRS': '/etc/xdg/xdg-ubuntu:/etc/xdg', 'XDG_DATA_DIRS': '/usr/share/ubuntu:/usr/share/gnome:/usr/local/share/:/usr/share/:/var/lib/snapd/desktop', 'PYTHONPATH': '/home/donavyn/docker_test/ros2_ws/src/install/learning_tf2_py/lib/python3.10/site-packages:/home/donavyn/docker_test/ros2_ws/install/tutorial_interfaces/local/lib/python3.10/dist-packages:/home/donavyn/docker_test/ros2_ws/install/turtlesim/local/lib/python3.10/dist-packages:/home/donavyn/docker_test/ros2_ws/install/python_parameters/lib/python3.10/site-packages:/home/donavyn/docker_test/ros2_ws/install/py_srvcli/lib/python3.10/site-packages:/home/donavyn/docker_test/ros2_ws/install/py_pubsub/lib/python3.10/site-packages:/home/donavyn/docker_test/ros2_ws/install/my_package/lib/python3.10/site-packages:/home/donavyn/docker_test/ros2_ws/install/more_interfaces/local/lib/python3.10/dist-packages:/home/donavyn/docker_test/ros2_ws/install/launch_testing_examples/lib/python3.10/site-packages:/home/donavyn/docker_test/ros2_ws/install/examples_rclpy_pointcloud_publisher/lib/python3.10/site-packages:/home/donavyn/docker_test/ros2_ws/install/examples_rclpy_minimal_subscriber/lib/python3.10/site-packages:/home/donavyn/docker_test/ros2_ws/install/examples_rclpy_minimal_service/lib/python3.10/site-packages:/home/donavyn/docker_test/ros2_ws/install/examples_rclpy_minimal_publisher/lib/python3.10/site-packages:/home/donavyn/docker_test/ros2_ws/install/examples_rclpy_minimal_client/lib/python3.10/site-packages:/home/donavyn/docker_test/ros2_ws/install/examples_rclpy_minimal_action_server/lib/python3.10/site-packages:/home/donavyn/docker_test/ros2_ws/install/examples_rclpy_minimal_action_client/lib/python3.10/site-packages:/home/donavyn/docker_test/ros2_ws/install/examples_rclpy_guard_conditions/lib/python3.10/site-packages:/home/donavyn/docker_test/ros2_ws/install/examples_rclpy_executors/lib/python3.10/site-packages:/home/donavyn/docker_test/ros2_ws/install/action_tutorials_interfaces/local/lib/python3.10/dist-packages:/opt/ros/humble/lib/python3.10/site-packages:/opt/ros/humble/local/lib/python3.10/dist-packages', 'COLCON': '1', 'VTE_VERSION': '6800', 'CMAKE_PREFIX_PATH': '/home/donavyn/docker_test/ros2_ws/install/tutorial_interfaces:/home/donavyn/docker_test/ros2_ws/install/turtlesim:/home/donavyn/docker_test/ros2_ws/install/more_interfaces:/home/donavyn/docker_test/ros2_ws/install/examples_rclcpp_wait_set:/home/donavyn/docker_test/ros2_ws/install/examples_rclcpp_multithreaded_executor:/home/donavyn/docker_test/ros2_ws/install/examples_rclcpp_minimal_timer:/home/donavyn/docker_test/ros2_ws/install/examples_rclcpp_minimal_subscriber:/home/donavyn/docker_test/ros2_ws/install/examples_rclcpp_minimal_service:/home/donavyn/docker_test/ros2_ws/install/examples_rclcpp_minimal_publisher:/home/donavyn/docker_test/ros2_ws/install/examples_rclcpp_minimal_composition:/home/donavyn/docker_test/ros2_ws/install/examples_rclcpp_minimal_client:/home/donavyn/docker_test/ros2_ws/install/examples_rclcpp_minimal_action_server:/home/donavyn/docker_test/ros2_ws/install/examples_rclcpp_minimal_action_client:/home/donavyn/docker_test/ros2_ws/install/examples_rclcpp_cbg_executor:/home/donavyn/docker_test/ros2_ws/install/examples_rclcpp_async_client:/home/donavyn/docker_test/ros2_ws/install/action_tutorials_interfaces', 'PYTHONDONTWRITEBYTECODE': '1', 'PYTEST_ADDOPTS': '--tb=short --junit-xml=/home/donavyn/docker_test/ros2_ws/src/build/examples_rclpy_guard_conditions/pytest.xml --junit-prefix=examples_rclpy_guard_conditions -o cache_dir=/home/donavyn/docker_test/ros2_ws/src/build/examples_rclpy_guard_conditions/.pytest_cache'}, 'shell': False}
[0.400194] (-) TimerEvent: {}
[0.500719] (-) TimerEvent: {}
[0.586057] (examples_rclpy_minimal_action_client) Command: {'cmd': ['/usr/bin/python3', '-m', 'pytest'], 'cwd': '/home/donavyn/docker_test/ros2_ws/src/examples/rclpy/actions/minimal_action_client', 'env': {'LESSOPEN': '| /usr/bin/lesspipe %s', 'USER': 'donavyn', 'XDG_SESSION_TYPE': 'x11', 'SHLVL': '1', 'LD_LIBRARY_PATH': '/home/donavyn/docker_test/ros2_ws/install/tutorial_interfaces/lib:/home/donavyn/docker_test/ros2_ws/install/turtlesim/lib:/home/donavyn/docker_test/ros2_ws/install/more_interfaces/lib:/home/donavyn/docker_test/ros2_ws/install/examples_rclcpp_wait_set/lib:/home/donavyn/docker_test/ros2_ws/install/examples_rclcpp_minimal_subscriber/lib:/home/donavyn/docker_test/ros2_ws/install/examples_rclcpp_minimal_composition/lib:/home/donavyn/docker_test/ros2_ws/install/action_tutorials_interfaces/lib:/opt/ros/humble/opt/rviz_ogre_vendor/lib:/opt/ros/humble/lib/x86_64-linux-gnu:/opt/ros/humble/lib', 'HOME': '/home/donavyn', 'OLDPWD': '/home/donavyn/docker_test/ros2_ws', 'DESKTOP_SESSION': 'ubuntu', 'ROS_PYTHON_VERSION': '3', 'GNOME_SHELL_SESSION_MODE': 'ubuntu', 'GTK_MODULES': 'gail:atk-bridge', 'SYSTEMD_EXEC_PID': '2895', 'DBUS_SESSION_BUS_ADDRESS': 'unix:path=/run/user/1000/bus', 'COLORTERM': 'truecolor', '_colcon_cd_root': '/opt/ros/humble/', 'COLCON_PREFIX_PATH': '/home/donavyn/docker_test/ros2_ws/src/install:/home/donavyn/docker_test/ros2_ws/install', 'ROS_DISTRO': 'humble', 'GTK_IM_MODULE': 'ibus', 'LOGNAME': 'donavyn', '_': '/usr/bin/colcon', 'ROS_VERSION': '2', 'XDG_SESSION_CLASS': 'user', 'USERNAME': 'donavyn', 'TERM': 'xterm-256color', 'GNOME_DESKTOP_SESSION_ID': 'this-is-deprecated', 'ROS_LOCALHOST_ONLY': '0', 'WINDOWPATH': '2', 'PATH': '/home/donavyn/.local/bin:/opt/ros/humble/bin:/usr/local/sbin:/usr/local/bin:/usr/sbin:/usr/bin:/sbin:/bin:/usr/games:/usr/local/games:/snap/bin:/snap/bin', 'SESSION_MANAGER': 'local/donavyn:@/tmp/.ICE-unix/2583,unix/donavyn:/tmp/.ICE-unix/2583', 'XDG_MENU_PREFIX': 'gnome-', 'GNOME_TERMINAL_SCREEN': '/org/gnome/Terminal/screen/5b60ada8_6e82_4353_b828_16555c35af22', 'XDG_RUNTIME_DIR': '/run/user/1000', 'DISPLAY': ':0', 'LANG': 'en_US.UTF-8', 'XDG_CURRENT_DESKTOP': 'ubuntu:GNOME', 'XMODIFIERS': '@im=ibus', 'XDG_SESSION_DESKTOP': 'ubuntu', 'XAUTHORITY': '/run/user/1000/gdm/Xauthority', 'LS_COLORS': 'rs=0:di=01;34:ln=01;36:mh=00:pi=40;33:so=01;35:do=01;35:bd=40;33;01:cd=40;33;01:or=40;31;01:mi=00:su=37;41:sg=30;43:ca=30;41:tw=30;42:ow=34;42:st=37;44:ex=01;32:*.tar=01;31:*.tgz=01;31:*.arc=01;31:*.arj=01;31:*.taz=01;31:*.lha=01;31:*.lz4=01;31:*.lzh=01;31:*.lzma=01;31:*.tlz=01;31:*.txz=01;31:*.tzo=01;31:*.t7z=01;31:*.zip=01;31:*.z=01;31:*.dz=01;31:*.gz=01;31:*.lrz=01;31:*.lz=01;31:*.lzo=01;31:*.xz=01;31:*.zst=01;31:*.tzst=01;31:*.bz2=01;31:*.bz=01;31:*.tbz=01;31:*.tbz2=01;31:*.tz=01;31:*.deb=01;31:*.rpm=01;31:*.jar=01;31:*.war=01;31:*.ear=01;31:*.sar=01;31:*.rar=01;31:*.alz=01;31:*.ace=01;31:*.zoo=01;31:*.cpio=01;31:*.7z=01;31:*.rz=01;31:*.cab=01;31:*.wim=01;31:*.swm=01;31:*.dwm=01;31:*.esd=01;31:*.jpg=01;35:*.jpeg=01;35:*.mjpg=01;35:*.mjpeg=01;35:*.gif=01;35:*.bmp=01;35:*.pbm=01;35:*.pgm=01;35:*.ppm=01;35:*.tga=01;35:*.xbm=01;35:*.xpm=01;35:*.tif=01;35:*.tiff=01;35:*.png=01;35:*.svg=01;35:*.svgz=01;35:*.mng=01;35:*.pcx=01;35:*.mov=01;35:*.mpg=01;35:*.mpeg=01;35:*.m2v=01;35:*.mkv=01;35:*.webm=01;35:*.webp=01;35:*.ogm=01;35:*.mp4=01;35:*.m4v=01;35:*.mp4v=01;35:*.vob=01;35:*.qt=01;35:*.nuv=01;35:*.wmv=01;35:*.asf=01;35:*.rm=01;35:*.rmvb=01;35:*.flc=01;35:*.avi=01;35:*.fli=01;35:*.flv=01;35:*.gl=01;35:*.dl=01;35:*.xcf=01;35:*.xwd=01;35:*.yuv=01;35:*.cgm=01;35:*.emf=01;35:*.ogv=01;35:*.ogx=01;35:*.aac=00;36:*.au=00;36:*.flac=00;36:*.m4a=00;36:*.mid=00;36:*.midi=00;36:*.mka=00;36:*.mp3=00;36:*.mpc=00;36:*.ogg=00;36:*.ra=00;36:*.wav=00;36:*.oga=00;36:*.opus=00;36:*.spx=00;36:*.xspf=00;36:', 'GNOME_TERMINAL_SERVICE': ':1.127', 'SSH_AGENT_LAUNCHER': 'gnome-keyring', 'SSH_AUTH_SOCK': '/run/user/1000/keyring/ssh', 'AMENT_PREFIX_PATH': '/home/donavyn/docker_test/ros2_ws/src/install/learning_tf2_py:/home/donavyn/docker_test/ros2_ws/install/tutorial_interfaces:/home/donavyn/docker_test/ros2_ws/install/turtlesim:/home/donavyn/docker_test/ros2_ws/install/python_parameters:/home/donavyn/docker_test/ros2_ws/install/py_srvcli:/home/donavyn/docker_test/ros2_ws/install/py_pubsub:/home/donavyn/docker_test/ros2_ws/install/my_package:/home/donavyn/docker_test/ros2_ws/install/more_interfaces:/home/donavyn/docker_test/ros2_ws/install/launch_testing_examples:/home/donavyn/docker_test/ros2_ws/install/examples_rclpy_pointcloud_publisher:/home/donavyn/docker_test/ros2_ws/install/examples_rclpy_minimal_subscriber:/home/donavyn/docker_test/ros2_ws/install/examples_rclpy_minimal_service:/home/donavyn/docker_test/ros2_ws/install/examples_rclpy_minimal_publisher:/home/donavyn/docker_test/ros2_ws/install/examples_rclpy_minimal_client:/home/donavyn/docker_test/ros2_ws/install/examples_rclpy_minimal_action_server:/home/donavyn/docker_test/ros2_ws/install/examples_rclpy_minimal_action_client:/home/donavyn/docker_test/ros2_ws/install/examples_rclpy_guard_conditions:/home/donavyn/docker_test/ros2_ws/install/examples_rclpy_executors:/home/donavyn/docker_test/ros2_ws/install/action_tutorials_interfaces:/opt/ros/humble', 'SHELL': '/bin/bash', 'QT_ACCESSIBILITY': '1', 'GDMSESSION': 'ubuntu', 'LESSCLOSE': '/usr/bin/lesspipe %s %s', 'GPG_AGENT_INFO': '/run/user/1000/gnupg/S.gpg-agent:0:1', 'QT_IM_MODULE': 'ibus', 'PWD': '/home/donavyn/docker_test/ros2_ws/src/build/examples_rclpy_minimal_action_client', 'XDG_CONFIG_DIRS': '/etc/xdg/xdg-ubuntu:/etc/xdg', 'XDG_DATA_DIRS': '/usr/share/ubuntu:/usr/share/gnome:/usr/local/share/:/usr/share/:/var/lib/snapd/desktop', 'PYTHONPATH': '/home/donavyn/docker_test/ros2_ws/src/install/learning_tf2_py/lib/python3.10/site-packages:/home/donavyn/docker_test/ros2_ws/install/tutorial_interfaces/local/lib/python3.10/dist-packages:/home/donavyn/docker_test/ros2_ws/install/turtlesim/local/lib/python3.10/dist-packages:/home/donavyn/docker_test/ros2_ws/install/python_parameters/lib/python3.10/site-packages:/home/donavyn/docker_test/ros2_ws/install/py_srvcli/lib/python3.10/site-packages:/home/donavyn/docker_test/ros2_ws/install/py_pubsub/lib/python3.10/site-packages:/home/donavyn/docker_test/ros2_ws/install/my_package/lib/python3.10/site-packages:/home/donavyn/docker_test/ros2_ws/install/more_interfaces/local/lib/python3.10/dist-packages:/home/donavyn/docker_test/ros2_ws/install/launch_testing_examples/lib/python3.10/site-packages:/home/donavyn/docker_test/ros2_ws/install/examples_rclpy_pointcloud_publisher/lib/python3.10/site-packages:/home/donavyn/docker_test/ros2_ws/install/examples_rclpy_minimal_subscriber/lib/python3.10/site-packages:/home/donavyn/docker_test/ros2_ws/install/examples_rclpy_minimal_service/lib/python3.10/site-packages:/home/donavyn/docker_test/ros2_ws/install/examples_rclpy_minimal_publisher/lib/python3.10/site-packages:/home/donavyn/docker_test/ros2_ws/install/examples_rclpy_minimal_client/lib/python3.10/site-packages:/home/donavyn/docker_test/ros2_ws/install/examples_rclpy_minimal_action_server/lib/python3.10/site-packages:/home/donavyn/docker_test/ros2_ws/install/examples_rclpy_minimal_action_client/lib/python3.10/site-packages:/home/donavyn/docker_test/ros2_ws/install/examples_rclpy_guard_conditions/lib/python3.10/site-packages:/home/donavyn/docker_test/ros2_ws/install/examples_rclpy_executors/lib/python3.10/site-packages:/home/donavyn/docker_test/ros2_ws/install/action_tutorials_interfaces/local/lib/python3.10/dist-packages:/opt/ros/humble/lib/python3.10/site-packages:/opt/ros/humble/local/lib/python3.10/dist-packages', 'COLCON': '1', 'VTE_VERSION': '6800', 'CMAKE_PREFIX_PATH': '/home/donavyn/docker_test/ros2_ws/install/tutorial_interfaces:/home/donavyn/docker_test/ros2_ws/install/turtlesim:/home/donavyn/docker_test/ros2_ws/install/more_interfaces:/home/donavyn/docker_test/ros2_ws/install/examples_rclcpp_wait_set:/home/donavyn/docker_test/ros2_ws/install/examples_rclcpp_multithreaded_executor:/home/donavyn/docker_test/ros2_ws/install/examples_rclcpp_minimal_timer:/home/donavyn/docker_test/ros2_ws/install/examples_rclcpp_minimal_subscriber:/home/donavyn/docker_test/ros2_ws/install/examples_rclcpp_minimal_service:/home/donavyn/docker_test/ros2_ws/install/examples_rclcpp_minimal_publisher:/home/donavyn/docker_test/ros2_ws/install/examples_rclcpp_minimal_composition:/home/donavyn/docker_test/ros2_ws/install/examples_rclcpp_minimal_client:/home/donavyn/docker_test/ros2_ws/install/examples_rclcpp_minimal_action_server:/home/donavyn/docker_test/ros2_ws/install/examples_rclcpp_minimal_action_client:/home/donavyn/docker_test/ros2_ws/install/examples_rclcpp_cbg_executor:/home/donavyn/docker_test/ros2_ws/install/examples_rclcpp_async_client:/home/donavyn/docker_test/ros2_ws/install/action_tutorials_interfaces', 'PYTHONDONTWRITEBYTECODE': '1', 'PYTEST_ADDOPTS': '--tb=short --junit-xml=/home/donavyn/docker_test/ros2_ws/src/build/examples_rclpy_minimal_action_client/pytest.xml --junit-prefix=examples_rclpy_minimal_action_client -o cache_dir=/home/donavyn/docker_test/ros2_ws/src/build/examples_rclpy_minimal_action_client/.pytest_cache'}, 'shell': False}
[0.600810] (-) TimerEvent: {}
[0.701200] (-) TimerEvent: {}
[0.801745] (-) TimerEvent: {}
[0.807579] (examples_rclpy_minimal_action_server) Command: {'cmd': ['/usr/bin/python3', '-m', 'pytest'], 'cwd': '/home/donavyn/docker_test/ros2_ws/src/examples/rclpy/actions/minimal_action_server', 'env': {'LESSOPEN': '| /usr/bin/lesspipe %s', 'USER': 'donavyn', 'XDG_SESSION_TYPE': 'x11', 'SHLVL': '1', 'LD_LIBRARY_PATH': '/home/donavyn/docker_test/ros2_ws/install/tutorial_interfaces/lib:/home/donavyn/docker_test/ros2_ws/install/turtlesim/lib:/home/donavyn/docker_test/ros2_ws/install/more_interfaces/lib:/home/donavyn/docker_test/ros2_ws/install/examples_rclcpp_wait_set/lib:/home/donavyn/docker_test/ros2_ws/install/examples_rclcpp_minimal_subscriber/lib:/home/donavyn/docker_test/ros2_ws/install/examples_rclcpp_minimal_composition/lib:/home/donavyn/docker_test/ros2_ws/install/action_tutorials_interfaces/lib:/opt/ros/humble/opt/rviz_ogre_vendor/lib:/opt/ros/humble/lib/x86_64-linux-gnu:/opt/ros/humble/lib', 'HOME': '/home/donavyn', 'OLDPWD': '/home/donavyn/docker_test/ros2_ws', 'DESKTOP_SESSION': 'ubuntu', 'ROS_PYTHON_VERSION': '3', 'GNOME_SHELL_SESSION_MODE': 'ubuntu', 'GTK_MODULES': 'gail:atk-bridge', 'SYSTEMD_EXEC_PID': '2895', 'DBUS_SESSION_BUS_ADDRESS': 'unix:path=/run/user/1000/bus', 'COLORTERM': 'truecolor', '_colcon_cd_root': '/opt/ros/humble/', 'COLCON_PREFIX_PATH': '/home/donavyn/docker_test/ros2_ws/src/install:/home/donavyn/docker_test/ros2_ws/install', 'ROS_DISTRO': 'humble', 'GTK_IM_MODULE': 'ibus', 'LOGNAME': 'donavyn', '_': '/usr/bin/colcon', 'ROS_VERSION': '2', 'XDG_SESSION_CLASS': 'user', 'USERNAME': 'donavyn', 'TERM': 'xterm-256color', 'GNOME_DESKTOP_SESSION_ID': 'this-is-deprecated', 'ROS_LOCALHOST_ONLY': '0', 'WINDOWPATH': '2', 'PATH': '/home/donavyn/.local/bin:/opt/ros/humble/bin:/usr/local/sbin:/usr/local/bin:/usr/sbin:/usr/bin:/sbin:/bin:/usr/games:/usr/local/games:/snap/bin:/snap/bin', 'SESSION_MANAGER': 'local/donavyn:@/tmp/.ICE-unix/2583,unix/donavyn:/tmp/.ICE-unix/2583', 'XDG_MENU_PREFIX': 'gnome-', 'GNOME_TERMINAL_SCREEN': '/org/gnome/Terminal/screen/5b60ada8_6e82_4353_b828_16555c35af22', 'XDG_RUNTIME_DIR': '/run/user/1000', 'DISPLAY': ':0', 'LANG': 'en_US.UTF-8', 'XDG_CURRENT_DESKTOP': 'ubuntu:GNOME', 'XMODIFIERS': '@im=ibus', 'XDG_SESSION_DESKTOP': 'ubuntu', 'XAUTHORITY': '/run/user/1000/gdm/Xauthority', 'LS_COLORS': 'rs=0:di=01;34:ln=01;36:mh=00:pi=40;33:so=01;35:do=01;35:bd=40;33;01:cd=40;33;01:or=40;31;01:mi=00:su=37;41:sg=30;43:ca=30;41:tw=30;42:ow=34;42:st=37;44:ex=01;32:*.tar=01;31:*.tgz=01;31:*.arc=01;31:*.arj=01;31:*.taz=01;31:*.lha=01;31:*.lz4=01;31:*.lzh=01;31:*.lzma=01;31:*.tlz=01;31:*.txz=01;31:*.tzo=01;31:*.t7z=01;31:*.zip=01;31:*.z=01;31:*.dz=01;31:*.gz=01;31:*.lrz=01;31:*.lz=01;31:*.lzo=01;31:*.xz=01;31:*.zst=01;31:*.tzst=01;31:*.bz2=01;31:*.bz=01;31:*.tbz=01;31:*.tbz2=01;31:*.tz=01;31:*.deb=01;31:*.rpm=01;31:*.jar=01;31:*.war=01;31:*.ear=01;31:*.sar=01;31:*.rar=01;31:*.alz=01;31:*.ace=01;31:*.zoo=01;31:*.cpio=01;31:*.7z=01;31:*.rz=01;31:*.cab=01;31:*.wim=01;31:*.swm=01;31:*.dwm=01;31:*.esd=01;31:*.jpg=01;35:*.jpeg=01;35:*.mjpg=01;35:*.mjpeg=01;35:*.gif=01;35:*.bmp=01;35:*.pbm=01;35:*.pgm=01;35:*.ppm=01;35:*.tga=01;35:*.xbm=01;35:*.xpm=01;35:*.tif=01;35:*.tiff=01;35:*.png=01;35:*.svg=01;35:*.svgz=01;35:*.mng=01;35:*.pcx=01;35:*.mov=01;35:*.mpg=01;35:*.mpeg=01;35:*.m2v=01;35:*.mkv=01;35:*.webm=01;35:*.webp=01;35:*.ogm=01;35:*.mp4=01;35:*.m4v=01;35:*.mp4v=01;35:*.vob=01;35:*.qt=01;35:*.nuv=01;35:*.wmv=01;35:*.asf=01;35:*.rm=01;35:*.rmvb=01;35:*.flc=01;35:*.avi=01;35:*.fli=01;35:*.flv=01;35:*.gl=01;35:*.dl=01;35:*.xcf=01;35:*.xwd=01;35:*.yuv=01;35:*.cgm=01;35:*.emf=01;35:*.ogv=01;35:*.ogx=01;35:*.aac=00;36:*.au=00;36:*.flac=00;36:*.m4a=00;36:*.mid=00;36:*.midi=00;36:*.mka=00;36:*.mp3=00;36:*.mpc=00;36:*.ogg=00;36:*.ra=00;36:*.wav=00;36:*.oga=00;36:*.opus=00;36:*.spx=00;36:*.xspf=00;36:', 'GNOME_TERMINAL_SERVICE': ':1.127', 'SSH_AGENT_LAUNCHER': 'gnome-keyring', 'SSH_AUTH_SOCK': '/run/user/1000/keyring/ssh', 'AMENT_PREFIX_PATH': '/home/donavyn/docker_test/ros2_ws/src/install/learning_tf2_py:/home/donavyn/docker_test/ros2_ws/install/tutorial_interfaces:/home/donavyn/docker_test/ros2_ws/install/turtlesim:/home/donavyn/docker_test/ros2_ws/install/python_parameters:/home/donavyn/docker_test/ros2_ws/install/py_srvcli:/home/donavyn/docker_test/ros2_ws/install/py_pubsub:/home/donavyn/docker_test/ros2_ws/install/my_package:/home/donavyn/docker_test/ros2_ws/install/more_interfaces:/home/donavyn/docker_test/ros2_ws/install/launch_testing_examples:/home/donavyn/docker_test/ros2_ws/install/examples_rclpy_pointcloud_publisher:/home/donavyn/docker_test/ros2_ws/install/examples_rclpy_minimal_subscriber:/home/donavyn/docker_test/ros2_ws/install/examples_rclpy_minimal_service:/home/donavyn/docker_test/ros2_ws/install/examples_rclpy_minimal_publisher:/home/donavyn/docker_test/ros2_ws/install/examples_rclpy_minimal_client:/home/donavyn/docker_test/ros2_ws/install/examples_rclpy_minimal_action_server:/home/donavyn/docker_test/ros2_ws/install/examples_rclpy_minimal_action_client:/home/donavyn/docker_test/ros2_ws/install/examples_rclpy_guard_conditions:/home/donavyn/docker_test/ros2_ws/install/examples_rclpy_executors:/home/donavyn/docker_test/ros2_ws/install/action_tutorials_interfaces:/opt/ros/humble', 'SHELL': '/bin/bash', 'QT_ACCESSIBILITY': '1', 'GDMSESSION': 'ubuntu', 'LESSCLOSE': '/usr/bin/lesspipe %s %s', 'GPG_AGENT_INFO': '/run/user/1000/gnupg/S.gpg-agent:0:1', 'QT_IM_MODULE': 'ibus', 'PWD': '/home/donavyn/docker_test/ros2_ws/src/build/examples_rclpy_minimal_action_server', 'XDG_CONFIG_DIRS': '/etc/xdg/xdg-ubuntu:/etc/xdg', 'XDG_DATA_DIRS': '/usr/share/ubuntu:/usr/share/gnome:/usr/local/share/:/usr/share/:/var/lib/snapd/desktop', 'PYTHONPATH': '/home/donavyn/docker_test/ros2_ws/src/install/learning_tf2_py/lib/python3.10/site-packages:/home/donavyn/docker_test/ros2_ws/install/tutorial_interfaces/local/lib/python3.10/dist-packages:/home/donavyn/docker_test/ros2_ws/install/turtlesim/local/lib/python3.10/dist-packages:/home/donavyn/docker_test/ros2_ws/install/python_parameters/lib/python3.10/site-packages:/home/donavyn/docker_test/ros2_ws/install/py_srvcli/lib/python3.10/site-packages:/home/donavyn/docker_test/ros2_ws/install/py_pubsub/lib/python3.10/site-packages:/home/donavyn/docker_test/ros2_ws/install/my_package/lib/python3.10/site-packages:/home/donavyn/docker_test/ros2_ws/install/more_interfaces/local/lib/python3.10/dist-packages:/home/donavyn/docker_test/ros2_ws/install/launch_testing_examples/lib/python3.10/site-packages:/home/donavyn/docker_test/ros2_ws/install/examples_rclpy_pointcloud_publisher/lib/python3.10/site-packages:/home/donavyn/docker_test/ros2_ws/install/examples_rclpy_minimal_subscriber/lib/python3.10/site-packages:/home/donavyn/docker_test/ros2_ws/install/examples_rclpy_minimal_service/lib/python3.10/site-packages:/home/donavyn/docker_test/ros2_ws/install/examples_rclpy_minimal_publisher/lib/python3.10/site-packages:/home/donavyn/docker_test/ros2_ws/install/examples_rclpy_minimal_client/lib/python3.10/site-packages:/home/donavyn/docker_test/ros2_ws/install/examples_rclpy_minimal_action_server/lib/python3.10/site-packages:/home/donavyn/docker_test/ros2_ws/install/examples_rclpy_minimal_action_client/lib/python3.10/site-packages:/home/donavyn/docker_test/ros2_ws/install/examples_rclpy_guard_conditions/lib/python3.10/site-packages:/home/donavyn/docker_test/ros2_ws/install/examples_rclpy_executors/lib/python3.10/site-packages:/home/donavyn/docker_test/ros2_ws/install/action_tutorials_interfaces/local/lib/python3.10/dist-packages:/opt/ros/humble/lib/python3.10/site-packages:/opt/ros/humble/local/lib/python3.10/dist-packages', 'COLCON': '1', 'VTE_VERSION': '6800', 'CMAKE_PREFIX_PATH': '/home/donavyn/docker_test/ros2_ws/install/tutorial_interfaces:/home/donavyn/docker_test/ros2_ws/install/turtlesim:/home/donavyn/docker_test/ros2_ws/install/more_interfaces:/home/donavyn/docker_test/ros2_ws/install/examples_rclcpp_wait_set:/home/donavyn/docker_test/ros2_ws/install/examples_rclcpp_multithreaded_executor:/home/donavyn/docker_test/ros2_ws/install/examples_rclcpp_minimal_timer:/home/donavyn/docker_test/ros2_ws/install/examples_rclcpp_minimal_subscriber:/home/donavyn/docker_test/ros2_ws/install/examples_rclcpp_minimal_service:/home/donavyn/docker_test/ros2_ws/install/examples_rclcpp_minimal_publisher:/home/donavyn/docker_test/ros2_ws/install/examples_rclcpp_minimal_composition:/home/donavyn/docker_test/ros2_ws/install/examples_rclcpp_minimal_client:/home/donavyn/docker_test/ros2_ws/install/examples_rclcpp_minimal_action_server:/home/donavyn/docker_test/ros2_ws/install/examples_rclcpp_minimal_action_client:/home/donavyn/docker_test/ros2_ws/install/examples_rclcpp_cbg_executor:/home/donavyn/docker_test/ros2_ws/install/examples_rclcpp_async_client:/home/donavyn/docker_test/ros2_ws/install/action_tutorials_interfaces', 'PYTHONDONTWRITEBYTECODE': '1', 'PYTEST_ADDOPTS': '--tb=short --junit-xml=/home/donavyn/docker_test/ros2_ws/src/build/examples_rclpy_minimal_action_server/pytest.xml --junit-prefix=examples_rclpy_minimal_action_server -o cache_dir=/home/donavyn/docker_test/ros2_ws/src/build/examples_rclpy_minimal_action_server/.pytest_cache'}, 'shell': False}
[0.901839] (-) TimerEvent: {}
[1.002318] (-) TimerEvent: {}
[1.015656] (examples_rclpy_minimal_client) Command: {'cmd': ['/usr/bin/python3', '-m', 'pytest'], 'cwd': '/home/donavyn/docker_test/ros2_ws/src/examples/rclpy/services/minimal_client', 'env': {'LESSOPEN': '| /usr/bin/lesspipe %s', 'USER': 'donavyn', 'XDG_SESSION_TYPE': 'x11', 'SHLVL': '1', 'LD_LIBRARY_PATH': '/home/donavyn/docker_test/ros2_ws/install/tutorial_interfaces/lib:/home/donavyn/docker_test/ros2_ws/install/turtlesim/lib:/home/donavyn/docker_test/ros2_ws/install/more_interfaces/lib:/home/donavyn/docker_test/ros2_ws/install/examples_rclcpp_wait_set/lib:/home/donavyn/docker_test/ros2_ws/install/examples_rclcpp_minimal_subscriber/lib:/home/donavyn/docker_test/ros2_ws/install/examples_rclcpp_minimal_composition/lib:/home/donavyn/docker_test/ros2_ws/install/action_tutorials_interfaces/lib:/opt/ros/humble/opt/rviz_ogre_vendor/lib:/opt/ros/humble/lib/x86_64-linux-gnu:/opt/ros/humble/lib', 'HOME': '/home/donavyn', 'OLDPWD': '/home/donavyn/docker_test/ros2_ws', 'DESKTOP_SESSION': 'ubuntu', 'ROS_PYTHON_VERSION': '3', 'GNOME_SHELL_SESSION_MODE': 'ubuntu', 'GTK_MODULES': 'gail:atk-bridge', 'SYSTEMD_EXEC_PID': '2895', 'DBUS_SESSION_BUS_ADDRESS': 'unix:path=/run/user/1000/bus', 'COLORTERM': 'truecolor', '_colcon_cd_root': '/opt/ros/humble/', 'COLCON_PREFIX_PATH': '/home/donavyn/docker_test/ros2_ws/src/install:/home/donavyn/docker_test/ros2_ws/install', 'ROS_DISTRO': 'humble', 'GTK_IM_MODULE': 'ibus', 'LOGNAME': 'donavyn', '_': '/usr/bin/colcon', 'ROS_VERSION': '2', 'XDG_SESSION_CLASS': 'user', 'USERNAME': 'donavyn', 'TERM': 'xterm-256color', 'GNOME_DESKTOP_SESSION_ID': 'this-is-deprecated', 'ROS_LOCALHOST_ONLY': '0', 'WINDOWPATH': '2', 'PATH': '/home/donavyn/.local/bin:/opt/ros/humble/bin:/usr/local/sbin:/usr/local/bin:/usr/sbin:/usr/bin:/sbin:/bin:/usr/games:/usr/local/games:/snap/bin:/snap/bin', 'SESSION_MANAGER': 'local/donavyn:@/tmp/.ICE-unix/2583,unix/donavyn:/tmp/.ICE-unix/2583', 'XDG_MENU_PREFIX': 'gnome-', 'GNOME_TERMINAL_SCREEN': '/org/gnome/Terminal/screen/5b60ada8_6e82_4353_b828_16555c35af22', 'XDG_RUNTIME_DIR': '/run/user/1000', 'DISPLAY': ':0', 'LANG': 'en_US.UTF-8', 'XDG_CURRENT_DESKTOP': 'ubuntu:GNOME', 'XMODIFIERS': '@im=ibus', 'XDG_SESSION_DESKTOP': 'ubuntu', 'XAUTHORITY': '/run/user/1000/gdm/Xauthority', 'LS_COLORS': 'rs=0:di=01;34:ln=01;36:mh=00:pi=40;33:so=01;35:do=01;35:bd=40;33;01:cd=40;33;01:or=40;31;01:mi=00:su=37;41:sg=30;43:ca=30;41:tw=30;42:ow=34;42:st=37;44:ex=01;32:*.tar=01;31:*.tgz=01;31:*.arc=01;31:*.arj=01;31:*.taz=01;31:*.lha=01;31:*.lz4=01;31:*.lzh=01;31:*.lzma=01;31:*.tlz=01;31:*.txz=01;31:*.tzo=01;31:*.t7z=01;31:*.zip=01;31:*.z=01;31:*.dz=01;31:*.gz=01;31:*.lrz=01;31:*.lz=01;31:*.lzo=01;31:*.xz=01;31:*.zst=01;31:*.tzst=01;31:*.bz2=01;31:*.bz=01;31:*.tbz=01;31:*.tbz2=01;31:*.tz=01;31:*.deb=01;31:*.rpm=01;31:*.jar=01;31:*.war=01;31:*.ear=01;31:*.sar=01;31:*.rar=01;31:*.alz=01;31:*.ace=01;31:*.zoo=01;31:*.cpio=01;31:*.7z=01;31:*.rz=01;31:*.cab=01;31:*.wim=01;31:*.swm=01;31:*.dwm=01;31:*.esd=01;31:*.jpg=01;35:*.jpeg=01;35:*.mjpg=01;35:*.mjpeg=01;35:*.gif=01;35:*.bmp=01;35:*.pbm=01;35:*.pgm=01;35:*.ppm=01;35:*.tga=01;35:*.xbm=01;35:*.xpm=01;35:*.tif=01;35:*.tiff=01;35:*.png=01;35:*.svg=01;35:*.svgz=01;35:*.mng=01;35:*.pcx=01;35:*.mov=01;35:*.mpg=01;35:*.mpeg=01;35:*.m2v=01;35:*.mkv=01;35:*.webm=01;35:*.webp=01;35:*.ogm=01;35:*.mp4=01;35:*.m4v=01;35:*.mp4v=01;35:*.vob=01;35:*.qt=01;35:*.nuv=01;35:*.wmv=01;35:*.asf=01;35:*.rm=01;35:*.rmvb=01;35:*.flc=01;35:*.avi=01;35:*.fli=01;35:*.flv=01;35:*.gl=01;35:*.dl=01;35:*.xcf=01;35:*.xwd=01;35:*.yuv=01;35:*.cgm=01;35:*.emf=01;35:*.ogv=01;35:*.ogx=01;35:*.aac=00;36:*.au=00;36:*.flac=00;36:*.m4a=00;36:*.mid=00;36:*.midi=00;36:*.mka=00;36:*.mp3=00;36:*.mpc=00;36:*.ogg=00;36:*.ra=00;36:*.wav=00;36:*.oga=00;36:*.opus=00;36:*.spx=00;36:*.xspf=00;36:', 'GNOME_TERMINAL_SERVICE': ':1.127', 'SSH_AGENT_LAUNCHER': 'gnome-keyring', 'SSH_AUTH_SOCK': '/run/user/1000/keyring/ssh', 'AMENT_PREFIX_PATH': '/home/donavyn/docker_test/ros2_ws/src/install/learning_tf2_py:/home/donavyn/docker_test/ros2_ws/install/tutorial_interfaces:/home/donavyn/docker_test/ros2_ws/install/turtlesim:/home/donavyn/docker_test/ros2_ws/install/python_parameters:/home/donavyn/docker_test/ros2_ws/install/py_srvcli:/home/donavyn/docker_test/ros2_ws/install/py_pubsub:/home/donavyn/docker_test/ros2_ws/install/my_package:/home/donavyn/docker_test/ros2_ws/install/more_interfaces:/home/donavyn/docker_test/ros2_ws/install/launch_testing_examples:/home/donavyn/docker_test/ros2_ws/install/examples_rclpy_pointcloud_publisher:/home/donavyn/docker_test/ros2_ws/install/examples_rclpy_minimal_subscriber:/home/donavyn/docker_test/ros2_ws/install/examples_rclpy_minimal_service:/home/donavyn/docker_test/ros2_ws/install/examples_rclpy_minimal_publisher:/home/donavyn/docker_test/ros2_ws/install/examples_rclpy_minimal_client:/home/donavyn/docker_test/ros2_ws/install/examples_rclpy_minimal_action_server:/home/donavyn/docker_test/ros2_ws/install/examples_rclpy_minimal_action_client:/home/donavyn/docker_test/ros2_ws/install/examples_rclpy_guard_conditions:/home/donavyn/docker_test/ros2_ws/install/examples_rclpy_executors:/home/donavyn/docker_test/ros2_ws/install/action_tutorials_interfaces:/opt/ros/humble', 'SHELL': '/bin/bash', 'QT_ACCESSIBILITY': '1', 'GDMSESSION': 'ubuntu', 'LESSCLOSE': '/usr/bin/lesspipe %s %s', 'GPG_AGENT_INFO': '/run/user/1000/gnupg/S.gpg-agent:0:1', 'QT_IM_MODULE': 'ibus', 'PWD': '/home/donavyn/docker_test/ros2_ws/src/build/examples_rclpy_minimal_client', 'XDG_CONFIG_DIRS': '/etc/xdg/xdg-ubuntu:/etc/xdg', 'XDG_DATA_DIRS': '/usr/share/ubuntu:/usr/share/gnome:/usr/local/share/:/usr/share/:/var/lib/snapd/desktop', 'PYTHONPATH': '/home/donavyn/docker_test/ros2_ws/src/install/learning_tf2_py/lib/python3.10/site-packages:/home/donavyn/docker_test/ros2_ws/install/tutorial_interfaces/local/lib/python3.10/dist-packages:/home/donavyn/docker_test/ros2_ws/install/turtlesim/local/lib/python3.10/dist-packages:/home/donavyn/docker_test/ros2_ws/install/python_parameters/lib/python3.10/site-packages:/home/donavyn/docker_test/ros2_ws/install/py_srvcli/lib/python3.10/site-packages:/home/donavyn/docker_test/ros2_ws/install/py_pubsub/lib/python3.10/site-packages:/home/donavyn/docker_test/ros2_ws/install/my_package/lib/python3.10/site-packages:/home/donavyn/docker_test/ros2_ws/install/more_interfaces/local/lib/python3.10/dist-packages:/home/donavyn/docker_test/ros2_ws/install/launch_testing_examples/lib/python3.10/site-packages:/home/donavyn/docker_test/ros2_ws/install/examples_rclpy_pointcloud_publisher/lib/python3.10/site-packages:/home/donavyn/docker_test/ros2_ws/install/examples_rclpy_minimal_subscriber/lib/python3.10/site-packages:/home/donavyn/docker_test/ros2_ws/install/examples_rclpy_minimal_service/lib/python3.10/site-packages:/home/donavyn/docker_test/ros2_ws/install/examples_rclpy_minimal_publisher/lib/python3.10/site-packages:/home/donavyn/docker_test/ros2_ws/install/examples_rclpy_minimal_client/lib/python3.10/site-packages:/home/donavyn/docker_test/ros2_ws/install/examples_rclpy_minimal_action_server/lib/python3.10/site-packages:/home/donavyn/docker_test/ros2_ws/install/examples_rclpy_minimal_action_client/lib/python3.10/site-packages:/home/donavyn/docker_test/ros2_ws/install/examples_rclpy_guard_conditions/lib/python3.10/site-packages:/home/donavyn/docker_test/ros2_ws/install/examples_rclpy_executors/lib/python3.10/site-packages:/home/donavyn/docker_test/ros2_ws/install/action_tutorials_interfaces/local/lib/python3.10/dist-packages:/opt/ros/humble/lib/python3.10/site-packages:/opt/ros/humble/local/lib/python3.10/dist-packages', 'COLCON': '1', 'VTE_VERSION': '6800', 'CMAKE_PREFIX_PATH': '/home/donavyn/docker_test/ros2_ws/install/tutorial_interfaces:/home/donavyn/docker_test/ros2_ws/install/turtlesim:/home/donavyn/docker_test/ros2_ws/install/more_interfaces:/home/donavyn/docker_test/ros2_ws/install/examples_rclcpp_wait_set:/home/donavyn/docker_test/ros2_ws/install/examples_rclcpp_multithreaded_executor:/home/donavyn/docker_test/ros2_ws/install/examples_rclcpp_minimal_timer:/home/donavyn/docker_test/ros2_ws/install/examples_rclcpp_minimal_subscriber:/home/donavyn/docker_test/ros2_ws/install/examples_rclcpp_minimal_service:/home/donavyn/docker_test/ros2_ws/install/examples_rclcpp_minimal_publisher:/home/donavyn/docker_test/ros2_ws/install/examples_rclcpp_minimal_composition:/home/donavyn/docker_test/ros2_ws/install/examples_rclcpp_minimal_client:/home/donavyn/docker_test/ros2_ws/install/examples_rclcpp_minimal_action_server:/home/donavyn/docker_test/ros2_ws/install/examples_rclcpp_minimal_action_client:/home/donavyn/docker_test/ros2_ws/install/examples_rclcpp_cbg_executor:/home/donavyn/docker_test/ros2_ws/install/examples_rclcpp_async_client:/home/donavyn/docker_test/ros2_ws/install/action_tutorials_interfaces', 'PYTHONDONTWRITEBYTECODE': '1', 'PYTEST_ADDOPTS': '--tb=short --junit-xml=/home/donavyn/docker_test/ros2_ws/src/build/examples_rclpy_minimal_client/pytest.xml --junit-prefix=examples_rclpy_minimal_client -o cache_dir=/home/donavyn/docker_test/ros2_ws/src/build/examples_rclpy_minimal_client/.pytest_cache'}, 'shell': False}
[1.102397] (-) TimerEvent: {}
[1.202695] (-) TimerEvent: {}
[1.227133] (examples_rclpy_minimal_publisher) Command: {'cmd': ['/usr/bin/python3', '-m', 'pytest'], 'cwd': '/home/donavyn/docker_test/ros2_ws/src/examples/rclpy/topics/minimal_publisher', 'env': {'LESSOPEN': '| /usr/bin/lesspipe %s', 'USER': 'donavyn', 'XDG_SESSION_TYPE': 'x11', 'SHLVL': '1', 'LD_LIBRARY_PATH': '/home/donavyn/docker_test/ros2_ws/install/tutorial_interfaces/lib:/home/donavyn/docker_test/ros2_ws/install/turtlesim/lib:/home/donavyn/docker_test/ros2_ws/install/more_interfaces/lib:/home/donavyn/docker_test/ros2_ws/install/examples_rclcpp_wait_set/lib:/home/donavyn/docker_test/ros2_ws/install/examples_rclcpp_minimal_subscriber/lib:/home/donavyn/docker_test/ros2_ws/install/examples_rclcpp_minimal_composition/lib:/home/donavyn/docker_test/ros2_ws/install/action_tutorials_interfaces/lib:/opt/ros/humble/opt/rviz_ogre_vendor/lib:/opt/ros/humble/lib/x86_64-linux-gnu:/opt/ros/humble/lib', 'HOME': '/home/donavyn', 'OLDPWD': '/home/donavyn/docker_test/ros2_ws', 'DESKTOP_SESSION': 'ubuntu', 'ROS_PYTHON_VERSION': '3', 'GNOME_SHELL_SESSION_MODE': 'ubuntu', 'GTK_MODULES': 'gail:atk-bridge', 'SYSTEMD_EXEC_PID': '2895', 'DBUS_SESSION_BUS_ADDRESS': 'unix:path=/run/user/1000/bus', 'COLORTERM': 'truecolor', '_colcon_cd_root': '/opt/ros/humble/', 'COLCON_PREFIX_PATH': '/home/donavyn/docker_test/ros2_ws/src/install:/home/donavyn/docker_test/ros2_ws/install', 'ROS_DISTRO': 'humble', 'GTK_IM_MODULE': 'ibus', 'LOGNAME': 'donavyn', '_': '/usr/bin/colcon', 'ROS_VERSION': '2', 'XDG_SESSION_CLASS': 'user', 'USERNAME': 'donavyn', 'TERM': 'xterm-256color', 'GNOME_DESKTOP_SESSION_ID': 'this-is-deprecated', 'ROS_LOCALHOST_ONLY': '0', 'WINDOWPATH': '2', 'PATH': '/home/donavyn/.local/bin:/opt/ros/humble/bin:/usr/local/sbin:/usr/local/bin:/usr/sbin:/usr/bin:/sbin:/bin:/usr/games:/usr/local/games:/snap/bin:/snap/bin', 'SESSION_MANAGER': 'local/donavyn:@/tmp/.ICE-unix/2583,unix/donavyn:/tmp/.ICE-unix/2583', 'XDG_MENU_PREFIX': 'gnome-', 'GNOME_TERMINAL_SCREEN': '/org/gnome/Terminal/screen/5b60ada8_6e82_4353_b828_16555c35af22', 'XDG_RUNTIME_DIR': '/run/user/1000', 'DISPLAY': ':0', 'LANG': 'en_US.UTF-8', 'XDG_CURRENT_DESKTOP': 'ubuntu:GNOME', 'XMODIFIERS': '@im=ibus', 'XDG_SESSION_DESKTOP': 'ubuntu', 'XAUTHORITY': '/run/user/1000/gdm/Xauthority', 'LS_COLORS': 'rs=0:di=01;34:ln=01;36:mh=00:pi=40;33:so=01;35:do=01;35:bd=40;33;01:cd=40;33;01:or=40;31;01:mi=00:su=37;41:sg=30;43:ca=30;41:tw=30;42:ow=34;42:st=37;44:ex=01;32:*.tar=01;31:*.tgz=01;31:*.arc=01;31:*.arj=01;31:*.taz=01;31:*.lha=01;31:*.lz4=01;31:*.lzh=01;31:*.lzma=01;31:*.tlz=01;31:*.txz=01;31:*.tzo=01;31:*.t7z=01;31:*.zip=01;31:*.z=01;31:*.dz=01;31:*.gz=01;31:*.lrz=01;31:*.lz=01;31:*.lzo=01;31:*.xz=01;31:*.zst=01;31:*.tzst=01;31:*.bz2=01;31:*.bz=01;31:*.tbz=01;31:*.tbz2=01;31:*.tz=01;31:*.deb=01;31:*.rpm=01;31:*.jar=01;31:*.war=01;31:*.ear=01;31:*.sar=01;31:*.rar=01;31:*.alz=01;31:*.ace=01;31:*.zoo=01;31:*.cpio=01;31:*.7z=01;31:*.rz=01;31:*.cab=01;31:*.wim=01;31:*.swm=01;31:*.dwm=01;31:*.esd=01;31:*.jpg=01;35:*.jpeg=01;35:*.mjpg=01;35:*.mjpeg=01;35:*.gif=01;35:*.bmp=01;35:*.pbm=01;35:*.pgm=01;35:*.ppm=01;35:*.tga=01;35:*.xbm=01;35:*.xpm=01;35:*.tif=01;35:*.tiff=01;35:*.png=01;35:*.svg=01;35:*.svgz=01;35:*.mng=01;35:*.pcx=01;35:*.mov=01;35:*.mpg=01;35:*.mpeg=01;35:*.m2v=01;35:*.mkv=01;35:*.webm=01;35:*.webp=01;35:*.ogm=01;35:*.mp4=01;35:*.m4v=01;35:*.mp4v=01;35:*.vob=01;35:*.qt=01;35:*.nuv=01;35:*.wmv=01;35:*.asf=01;35:*.rm=01;35:*.rmvb=01;35:*.flc=01;35:*.avi=01;35:*.fli=01;35:*.flv=01;35:*.gl=01;35:*.dl=01;35:*.xcf=01;35:*.xwd=01;35:*.yuv=01;35:*.cgm=01;35:*.emf=01;35:*.ogv=01;35:*.ogx=01;35:*.aac=00;36:*.au=00;36:*.flac=00;36:*.m4a=00;36:*.mid=00;36:*.midi=00;36:*.mka=00;36:*.mp3=00;36:*.mpc=00;36:*.ogg=00;36:*.ra=00;36:*.wav=00;36:*.oga=00;36:*.opus=00;36:*.spx=00;36:*.xspf=00;36:', 'GNOME_TERMINAL_SERVICE': ':1.127', 'SSH_AGENT_LAUNCHER': 'gnome-keyring', 'SSH_AUTH_SOCK': '/run/user/1000/keyring/ssh', 'AMENT_PREFIX_PATH': '/home/donavyn/docker_test/ros2_ws/src/install/learning_tf2_py:/home/donavyn/docker_test/ros2_ws/install/tutorial_interfaces:/home/donavyn/docker_test/ros2_ws/install/turtlesim:/home/donavyn/docker_test/ros2_ws/install/python_parameters:/home/donavyn/docker_test/ros2_ws/install/py_srvcli:/home/donavyn/docker_test/ros2_ws/install/py_pubsub:/home/donavyn/docker_test/ros2_ws/install/my_package:/home/donavyn/docker_test/ros2_ws/install/more_interfaces:/home/donavyn/docker_test/ros2_ws/install/launch_testing_examples:/home/donavyn/docker_test/ros2_ws/install/examples_rclpy_pointcloud_publisher:/home/donavyn/docker_test/ros2_ws/install/examples_rclpy_minimal_subscriber:/home/donavyn/docker_test/ros2_ws/install/examples_rclpy_minimal_service:/home/donavyn/docker_test/ros2_ws/install/examples_rclpy_minimal_publisher:/home/donavyn/docker_test/ros2_ws/install/examples_rclpy_minimal_client:/home/donavyn/docker_test/ros2_ws/install/examples_rclpy_minimal_action_server:/home/donavyn/docker_test/ros2_ws/install/examples_rclpy_minimal_action_client:/home/donavyn/docker_test/ros2_ws/install/examples_rclpy_guard_conditions:/home/donavyn/docker_test/ros2_ws/install/examples_rclpy_executors:/home/donavyn/docker_test/ros2_ws/install/action_tutorials_interfaces:/opt/ros/humble', 'SHELL': '/bin/bash', 'QT_ACCESSIBILITY': '1', 'GDMSESSION': 'ubuntu', 'LESSCLOSE': '/usr/bin/lesspipe %s %s', 'GPG_AGENT_INFO': '/run/user/1000/gnupg/S.gpg-agent:0:1', 'QT_IM_MODULE': 'ibus', 'PWD': '/home/donavyn/docker_test/ros2_ws/src/build/examples_rclpy_minimal_publisher', 'XDG_CONFIG_DIRS': '/etc/xdg/xdg-ubuntu:/etc/xdg', 'XDG_DATA_DIRS': '/usr/share/ubuntu:/usr/share/gnome:/usr/local/share/:/usr/share/:/var/lib/snapd/desktop', 'PYTHONPATH': '/home/donavyn/docker_test/ros2_ws/src/install/learning_tf2_py/lib/python3.10/site-packages:/home/donavyn/docker_test/ros2_ws/install/tutorial_interfaces/local/lib/python3.10/dist-packages:/home/donavyn/docker_test/ros2_ws/install/turtlesim/local/lib/python3.10/dist-packages:/home/donavyn/docker_test/ros2_ws/install/python_parameters/lib/python3.10/site-packages:/home/donavyn/docker_test/ros2_ws/install/py_srvcli/lib/python3.10/site-packages:/home/donavyn/docker_test/ros2_ws/install/py_pubsub/lib/python3.10/site-packages:/home/donavyn/docker_test/ros2_ws/install/my_package/lib/python3.10/site-packages:/home/donavyn/docker_test/ros2_ws/install/more_interfaces/local/lib/python3.10/dist-packages:/home/donavyn/docker_test/ros2_ws/install/launch_testing_examples/lib/python3.10/site-packages:/home/donavyn/docker_test/ros2_ws/install/examples_rclpy_pointcloud_publisher/lib/python3.10/site-packages:/home/donavyn/docker_test/ros2_ws/install/examples_rclpy_minimal_subscriber/lib/python3.10/site-packages:/home/donavyn/docker_test/ros2_ws/install/examples_rclpy_minimal_service/lib/python3.10/site-packages:/home/donavyn/docker_test/ros2_ws/install/examples_rclpy_minimal_publisher/lib/python3.10/site-packages:/home/donavyn/docker_test/ros2_ws/install/examples_rclpy_minimal_client/lib/python3.10/site-packages:/home/donavyn/docker_test/ros2_ws/install/examples_rclpy_minimal_action_server/lib/python3.10/site-packages:/home/donavyn/docker_test/ros2_ws/install/examples_rclpy_minimal_action_client/lib/python3.10/site-packages:/home/donavyn/docker_test/ros2_ws/install/examples_rclpy_guard_conditions/lib/python3.10/site-packages:/home/donavyn/docker_test/ros2_ws/install/examples_rclpy_executors/lib/python3.10/site-packages:/home/donavyn/docker_test/ros2_ws/install/action_tutorials_interfaces/local/lib/python3.10/dist-packages:/opt/ros/humble/lib/python3.10/site-packages:/opt/ros/humble/local/lib/python3.10/dist-packages', 'COLCON': '1', 'VTE_VERSION': '6800', 'CMAKE_PREFIX_PATH': '/home/donavyn/docker_test/ros2_ws/install/tutorial_interfaces:/home/donavyn/docker_test/ros2_ws/install/turtlesim:/home/donavyn/docker_test/ros2_ws/install/more_interfaces:/home/donavyn/docker_test/ros2_ws/install/examples_rclcpp_wait_set:/home/donavyn/docker_test/ros2_ws/install/examples_rclcpp_multithreaded_executor:/home/donavyn/docker_test/ros2_ws/install/examples_rclcpp_minimal_timer:/home/donavyn/docker_test/ros2_ws/install/examples_rclcpp_minimal_subscriber:/home/donavyn/docker_test/ros2_ws/install/examples_rclcpp_minimal_service:/home/donavyn/docker_test/ros2_ws/install/examples_rclcpp_minimal_publisher:/home/donavyn/docker_test/ros2_ws/install/examples_rclcpp_minimal_composition:/home/donavyn/docker_test/ros2_ws/install/examples_rclcpp_minimal_client:/home/donavyn/docker_test/ros2_ws/install/examples_rclcpp_minimal_action_server:/home/donavyn/docker_test/ros2_ws/install/examples_rclcpp_minimal_action_client:/home/donavyn/docker_test/ros2_ws/install/examples_rclcpp_cbg_executor:/home/donavyn/docker_test/ros2_ws/install/examples_rclcpp_async_client:/home/donavyn/docker_test/ros2_ws/install/action_tutorials_interfaces', 'PYTHONDONTWRITEBYTECODE': '1', 'PYTEST_ADDOPTS': '--tb=short --junit-xml=/home/donavyn/docker_test/ros2_ws/src/build/examples_rclpy_minimal_publisher/pytest.xml --junit-prefix=examples_rclpy_minimal_publisher -o cache_dir=/home/donavyn/docker_test/ros2_ws/src/build/examples_rclpy_minimal_publisher/.pytest_cache'}, 'shell': False}
[1.302911] (-) TimerEvent: {}
[1.403798] (-) TimerEvent: {}
[1.444252] (examples_rclpy_minimal_service) Command: {'cmd': ['/usr/bin/python3', '-m', 'pytest'], 'cwd': '/home/donavyn/docker_test/ros2_ws/src/examples/rclpy/services/minimal_service', 'env': {'LESSOPEN': '| /usr/bin/lesspipe %s', 'USER': 'donavyn', 'XDG_SESSION_TYPE': 'x11', 'SHLVL': '1', 'LD_LIBRARY_PATH': '/home/donavyn/docker_test/ros2_ws/install/tutorial_interfaces/lib:/home/donavyn/docker_test/ros2_ws/install/turtlesim/lib:/home/donavyn/docker_test/ros2_ws/install/more_interfaces/lib:/home/donavyn/docker_test/ros2_ws/install/examples_rclcpp_wait_set/lib:/home/donavyn/docker_test/ros2_ws/install/examples_rclcpp_minimal_subscriber/lib:/home/donavyn/docker_test/ros2_ws/install/examples_rclcpp_minimal_composition/lib:/home/donavyn/docker_test/ros2_ws/install/action_tutorials_interfaces/lib:/opt/ros/humble/opt/rviz_ogre_vendor/lib:/opt/ros/humble/lib/x86_64-linux-gnu:/opt/ros/humble/lib', 'HOME': '/home/donavyn', 'OLDPWD': '/home/donavyn/docker_test/ros2_ws', 'DESKTOP_SESSION': 'ubuntu', 'ROS_PYTHON_VERSION': '3', 'GNOME_SHELL_SESSION_MODE': 'ubuntu', 'GTK_MODULES': 'gail:atk-bridge', 'SYSTEMD_EXEC_PID': '2895', 'DBUS_SESSION_BUS_ADDRESS': 'unix:path=/run/user/1000/bus', 'COLORTERM': 'truecolor', '_colcon_cd_root': '/opt/ros/humble/', 'COLCON_PREFIX_PATH': '/home/donavyn/docker_test/ros2_ws/src/install:/home/donavyn/docker_test/ros2_ws/install', 'ROS_DISTRO': 'humble', 'GTK_IM_MODULE': 'ibus', 'LOGNAME': 'donavyn', '_': '/usr/bin/colcon', 'ROS_VERSION': '2', 'XDG_SESSION_CLASS': 'user', 'USERNAME': 'donavyn', 'TERM': 'xterm-256color', 'GNOME_DESKTOP_SESSION_ID': 'this-is-deprecated', 'ROS_LOCALHOST_ONLY': '0', 'WINDOWPATH': '2', 'PATH': '/home/donavyn/.local/bin:/opt/ros/humble/bin:/usr/local/sbin:/usr/local/bin:/usr/sbin:/usr/bin:/sbin:/bin:/usr/games:/usr/local/games:/snap/bin:/snap/bin', 'SESSION_MANAGER': 'local/donavyn:@/tmp/.ICE-unix/2583,unix/donavyn:/tmp/.ICE-unix/2583', 'XDG_MENU_PREFIX': 'gnome-', 'GNOME_TERMINAL_SCREEN': '/org/gnome/Terminal/screen/5b60ada8_6e82_4353_b828_16555c35af22', 'XDG_RUNTIME_DIR': '/run/user/1000', 'DISPLAY': ':0', 'LANG': 'en_US.UTF-8', 'XDG_CURRENT_DESKTOP': 'ubuntu:GNOME', 'XMODIFIERS': '@im=ibus', 'XDG_SESSION_DESKTOP': 'ubuntu', 'XAUTHORITY': '/run/user/1000/gdm/Xauthority', 'LS_COLORS': 'rs=0:di=01;34:ln=01;36:mh=00:pi=40;33:so=01;35:do=01;35:bd=40;33;01:cd=40;33;01:or=40;31;01:mi=00:su=37;41:sg=30;43:ca=30;41:tw=30;42:ow=34;42:st=37;44:ex=01;32:*.tar=01;31:*.tgz=01;31:*.arc=01;31:*.arj=01;31:*.taz=01;31:*.lha=01;31:*.lz4=01;31:*.lzh=01;31:*.lzma=01;31:*.tlz=01;31:*.txz=01;31:*.tzo=01;31:*.t7z=01;31:*.zip=01;31:*.z=01;31:*.dz=01;31:*.gz=01;31:*.lrz=01;31:*.lz=01;31:*.lzo=01;31:*.xz=01;31:*.zst=01;31:*.tzst=01;31:*.bz2=01;31:*.bz=01;31:*.tbz=01;31:*.tbz2=01;31:*.tz=01;31:*.deb=01;31:*.rpm=01;31:*.jar=01;31:*.war=01;31:*.ear=01;31:*.sar=01;31:*.rar=01;31:*.alz=01;31:*.ace=01;31:*.zoo=01;31:*.cpio=01;31:*.7z=01;31:*.rz=01;31:*.cab=01;31:*.wim=01;31:*.swm=01;31:*.dwm=01;31:*.esd=01;31:*.jpg=01;35:*.jpeg=01;35:*.mjpg=01;35:*.mjpeg=01;35:*.gif=01;35:*.bmp=01;35:*.pbm=01;35:*.pgm=01;35:*.ppm=01;35:*.tga=01;35:*.xbm=01;35:*.xpm=01;35:*.tif=01;35:*.tiff=01;35:*.png=01;35:*.svg=01;35:*.svgz=01;35:*.mng=01;35:*.pcx=01;35:*.mov=01;35:*.mpg=01;35:*.mpeg=01;35:*.m2v=01;35:*.mkv=01;35:*.webm=01;35:*.webp=01;35:*.ogm=01;35:*.mp4=01;35:*.m4v=01;35:*.mp4v=01;35:*.vob=01;35:*.qt=01;35:*.nuv=01;35:*.wmv=01;35:*.asf=01;35:*.rm=01;35:*.rmvb=01;35:*.flc=01;35:*.avi=01;35:*.fli=01;35:*.flv=01;35:*.gl=01;35:*.dl=01;35:*.xcf=01;35:*.xwd=01;35:*.yuv=01;35:*.cgm=01;35:*.emf=01;35:*.ogv=01;35:*.ogx=01;35:*.aac=00;36:*.au=00;36:*.flac=00;36:*.m4a=00;36:*.mid=00;36:*.midi=00;36:*.mka=00;36:*.mp3=00;36:*.mpc=00;36:*.ogg=00;36:*.ra=00;36:*.wav=00;36:*.oga=00;36:*.opus=00;36:*.spx=00;36:*.xspf=00;36:', 'GNOME_TERMINAL_SERVICE': ':1.127', 'SSH_AGENT_LAUNCHER': 'gnome-keyring', 'SSH_AUTH_SOCK': '/run/user/1000/keyring/ssh', 'AMENT_PREFIX_PATH': '/home/donavyn/docker_test/ros2_ws/src/install/learning_tf2_py:/home/donavyn/docker_test/ros2_ws/install/tutorial_interfaces:/home/donavyn/docker_test/ros2_ws/install/turtlesim:/home/donavyn/docker_test/ros2_ws/install/python_parameters:/home/donavyn/docker_test/ros2_ws/install/py_srvcli:/home/donavyn/docker_test/ros2_ws/install/py_pubsub:/home/donavyn/docker_test/ros2_ws/install/my_package:/home/donavyn/docker_test/ros2_ws/install/more_interfaces:/home/donavyn/docker_test/ros2_ws/install/launch_testing_examples:/home/donavyn/docker_test/ros2_ws/install/examples_rclpy_pointcloud_publisher:/home/donavyn/docker_test/ros2_ws/install/examples_rclpy_minimal_subscriber:/home/donavyn/docker_test/ros2_ws/install/examples_rclpy_minimal_service:/home/donavyn/docker_test/ros2_ws/install/examples_rclpy_minimal_publisher:/home/donavyn/docker_test/ros2_ws/install/examples_rclpy_minimal_client:/home/donavyn/docker_test/ros2_ws/install/examples_rclpy_minimal_action_server:/home/donavyn/docker_test/ros2_ws/install/examples_rclpy_minimal_action_client:/home/donavyn/docker_test/ros2_ws/install/examples_rclpy_guard_conditions:/home/donavyn/docker_test/ros2_ws/install/examples_rclpy_executors:/home/donavyn/docker_test/ros2_ws/install/action_tutorials_interfaces:/opt/ros/humble', 'SHELL': '/bin/bash', 'QT_ACCESSIBILITY': '1', 'GDMSESSION': 'ubuntu', 'LESSCLOSE': '/usr/bin/lesspipe %s %s', 'GPG_AGENT_INFO': '/run/user/1000/gnupg/S.gpg-agent:0:1', 'QT_IM_MODULE': 'ibus', 'PWD': '/home/donavyn/docker_test/ros2_ws/src/build/examples_rclpy_minimal_service', 'XDG_CONFIG_DIRS': '/etc/xdg/xdg-ubuntu:/etc/xdg', 'XDG_DATA_DIRS': '/usr/share/ubuntu:/usr/share/gnome:/usr/local/share/:/usr/share/:/var/lib/snapd/desktop', 'PYTHONPATH': '/home/donavyn/docker_test/ros2_ws/src/install/learning_tf2_py/lib/python3.10/site-packages:/home/donavyn/docker_test/ros2_ws/install/tutorial_interfaces/local/lib/python3.10/dist-packages:/home/donavyn/docker_test/ros2_ws/install/turtlesim/local/lib/python3.10/dist-packages:/home/donavyn/docker_test/ros2_ws/install/python_parameters/lib/python3.10/site-packages:/home/donavyn/docker_test/ros2_ws/install/py_srvcli/lib/python3.10/site-packages:/home/donavyn/docker_test/ros2_ws/install/py_pubsub/lib/python3.10/site-packages:/home/donavyn/docker_test/ros2_ws/install/my_package/lib/python3.10/site-packages:/home/donavyn/docker_test/ros2_ws/install/more_interfaces/local/lib/python3.10/dist-packages:/home/donavyn/docker_test/ros2_ws/install/launch_testing_examples/lib/python3.10/site-packages:/home/donavyn/docker_test/ros2_ws/install/examples_rclpy_pointcloud_publisher/lib/python3.10/site-packages:/home/donavyn/docker_test/ros2_ws/install/examples_rclpy_minimal_subscriber/lib/python3.10/site-packages:/home/donavyn/docker_test/ros2_ws/install/examples_rclpy_minimal_service/lib/python3.10/site-packages:/home/donavyn/docker_test/ros2_ws/install/examples_rclpy_minimal_publisher/lib/python3.10/site-packages:/home/donavyn/docker_test/ros2_ws/install/examples_rclpy_minimal_client/lib/python3.10/site-packages:/home/donavyn/docker_test/ros2_ws/install/examples_rclpy_minimal_action_server/lib/python3.10/site-packages:/home/donavyn/docker_test/ros2_ws/install/examples_rclpy_minimal_action_client/lib/python3.10/site-packages:/home/donavyn/docker_test/ros2_ws/install/examples_rclpy_guard_conditions/lib/python3.10/site-packages:/home/donavyn/docker_test/ros2_ws/install/examples_rclpy_executors/lib/python3.10/site-packages:/home/donavyn/docker_test/ros2_ws/install/action_tutorials_interfaces/local/lib/python3.10/dist-packages:/opt/ros/humble/lib/python3.10/site-packages:/opt/ros/humble/local/lib/python3.10/dist-packages', 'COLCON': '1', 'VTE_VERSION': '6800', 'CMAKE_PREFIX_PATH': '/home/donavyn/docker_test/ros2_ws/install/tutorial_interfaces:/home/donavyn/docker_test/ros2_ws/install/turtlesim:/home/donavyn/docker_test/ros2_ws/install/more_interfaces:/home/donavyn/docker_test/ros2_ws/install/examples_rclcpp_wait_set:/home/donavyn/docker_test/ros2_ws/install/examples_rclcpp_multithreaded_executor:/home/donavyn/docker_test/ros2_ws/install/examples_rclcpp_minimal_timer:/home/donavyn/docker_test/ros2_ws/install/examples_rclcpp_minimal_subscriber:/home/donavyn/docker_test/ros2_ws/install/examples_rclcpp_minimal_service:/home/donavyn/docker_test/ros2_ws/install/examples_rclcpp_minimal_publisher:/home/donavyn/docker_test/ros2_ws/install/examples_rclcpp_minimal_composition:/home/donavyn/docker_test/ros2_ws/install/examples_rclcpp_minimal_client:/home/donavyn/docker_test/ros2_ws/install/examples_rclcpp_minimal_action_server:/home/donavyn/docker_test/ros2_ws/install/examples_rclcpp_minimal_action_client:/home/donavyn/docker_test/ros2_ws/install/examples_rclcpp_cbg_executor:/home/donavyn/docker_test/ros2_ws/install/examples_rclcpp_async_client:/home/donavyn/docker_test/ros2_ws/install/action_tutorials_interfaces', 'PYTHONDONTWRITEBYTECODE': '1', 'PYTEST_ADDOPTS': '--tb=short --junit-xml=/home/donavyn/docker_test/ros2_ws/src/build/examples_rclpy_minimal_service/pytest.xml --junit-prefix=examples_rclpy_minimal_service -o cache_dir=/home/donavyn/docker_test/ros2_ws/src/build/examples_rclpy_minimal_service/.pytest_cache'}, 'shell': False}
[1.503951] (-) TimerEvent: {}
[1.604377] (-) TimerEvent: {}
[1.657087] (examples_rclpy_minimal_subscriber) Command: {'cmd': ['/usr/bin/python3', '-m', 'pytest'], 'cwd': '/home/donavyn/docker_test/ros2_ws/src/examples/rclpy/topics/minimal_subscriber', 'env': {'LESSOPEN': '| /usr/bin/lesspipe %s', 'USER': 'donavyn', 'XDG_SESSION_TYPE': 'x11', 'SHLVL': '1', 'LD_LIBRARY_PATH': '/home/donavyn/docker_test/ros2_ws/install/tutorial_interfaces/lib:/home/donavyn/docker_test/ros2_ws/install/turtlesim/lib:/home/donavyn/docker_test/ros2_ws/install/more_interfaces/lib:/home/donavyn/docker_test/ros2_ws/install/examples_rclcpp_wait_set/lib:/home/donavyn/docker_test/ros2_ws/install/examples_rclcpp_minimal_subscriber/lib:/home/donavyn/docker_test/ros2_ws/install/examples_rclcpp_minimal_composition/lib:/home/donavyn/docker_test/ros2_ws/install/action_tutorials_interfaces/lib:/opt/ros/humble/opt/rviz_ogre_vendor/lib:/opt/ros/humble/lib/x86_64-linux-gnu:/opt/ros/humble/lib', 'HOME': '/home/donavyn', 'OLDPWD': '/home/donavyn/docker_test/ros2_ws', 'DESKTOP_SESSION': 'ubuntu', 'ROS_PYTHON_VERSION': '3', 'GNOME_SHELL_SESSION_MODE': 'ubuntu', 'GTK_MODULES': 'gail:atk-bridge', 'SYSTEMD_EXEC_PID': '2895', 'DBUS_SESSION_BUS_ADDRESS': 'unix:path=/run/user/1000/bus', 'COLORTERM': 'truecolor', '_colcon_cd_root': '/opt/ros/humble/', 'COLCON_PREFIX_PATH': '/home/donavyn/docker_test/ros2_ws/src/install:/home/donavyn/docker_test/ros2_ws/install', 'ROS_DISTRO': 'humble', 'GTK_IM_MODULE': 'ibus', 'LOGNAME': 'donavyn', '_': '/usr/bin/colcon', 'ROS_VERSION': '2', 'XDG_SESSION_CLASS': 'user', 'USERNAME': 'donavyn', 'TERM': 'xterm-256color', 'GNOME_DESKTOP_SESSION_ID': 'this-is-deprecated', 'ROS_LOCALHOST_ONLY': '0', 'WINDOWPATH': '2', 'PATH': '/home/donavyn/.local/bin:/opt/ros/humble/bin:/usr/local/sbin:/usr/local/bin:/usr/sbin:/usr/bin:/sbin:/bin:/usr/games:/usr/local/games:/snap/bin:/snap/bin', 'SESSION_MANAGER': 'local/donavyn:@/tmp/.ICE-unix/2583,unix/donavyn:/tmp/.ICE-unix/2583', 'XDG_MENU_PREFIX': 'gnome-', 'GNOME_TERMINAL_SCREEN': '/org/gnome/Terminal/screen/5b60ada8_6e82_4353_b828_16555c35af22', 'XDG_RUNTIME_DIR': '/run/user/1000', 'DISPLAY': ':0', 'LANG': 'en_US.UTF-8', 'XDG_CURRENT_DESKTOP': 'ubuntu:GNOME', 'XMODIFIERS': '@im=ibus', 'XDG_SESSION_DESKTOP': 'ubuntu', 'XAUTHORITY': '/run/user/1000/gdm/Xauthority', 'LS_COLORS': 'rs=0:di=01;34:ln=01;36:mh=00:pi=40;33:so=01;35:do=01;35:bd=40;33;01:cd=40;33;01:or=40;31;01:mi=00:su=37;41:sg=30;43:ca=30;41:tw=30;42:ow=34;42:st=37;44:ex=01;32:*.tar=01;31:*.tgz=01;31:*.arc=01;31:*.arj=01;31:*.taz=01;31:*.lha=01;31:*.lz4=01;31:*.lzh=01;31:*.lzma=01;31:*.tlz=01;31:*.txz=01;31:*.tzo=01;31:*.t7z=01;31:*.zip=01;31:*.z=01;31:*.dz=01;31:*.gz=01;31:*.lrz=01;31:*.lz=01;31:*.lzo=01;31:*.xz=01;31:*.zst=01;31:*.tzst=01;31:*.bz2=01;31:*.bz=01;31:*.tbz=01;31:*.tbz2=01;31:*.tz=01;31:*.deb=01;31:*.rpm=01;31:*.jar=01;31:*.war=01;31:*.ear=01;31:*.sar=01;31:*.rar=01;31:*.alz=01;31:*.ace=01;31:*.zoo=01;31:*.cpio=01;31:*.7z=01;31:*.rz=01;31:*.cab=01;31:*.wim=01;31:*.swm=01;31:*.dwm=01;31:*.esd=01;31:*.jpg=01;35:*.jpeg=01;35:*.mjpg=01;35:*.mjpeg=01;35:*.gif=01;35:*.bmp=01;35:*.pbm=01;35:*.pgm=01;35:*.ppm=01;35:*.tga=01;35:*.xbm=01;35:*.xpm=01;35:*.tif=01;35:*.tiff=01;35:*.png=01;35:*.svg=01;35:*.svgz=01;35:*.mng=01;35:*.pcx=01;35:*.mov=01;35:*.mpg=01;35:*.mpeg=01;35:*.m2v=01;35:*.mkv=01;35:*.webm=01;35:*.webp=01;35:*.ogm=01;35:*.mp4=01;35:*.m4v=01;35:*.mp4v=01;35:*.vob=01;35:*.qt=01;35:*.nuv=01;35:*.wmv=01;35:*.asf=01;35:*.rm=01;35:*.rmvb=01;35:*.flc=01;35:*.avi=01;35:*.fli=01;35:*.flv=01;35:*.gl=01;35:*.dl=01;35:*.xcf=01;35:*.xwd=01;35:*.yuv=01;35:*.cgm=01;35:*.emf=01;35:*.ogv=01;35:*.ogx=01;35:*.aac=00;36:*.au=00;36:*.flac=00;36:*.m4a=00;36:*.mid=00;36:*.midi=00;36:*.mka=00;36:*.mp3=00;36:*.mpc=00;36:*.ogg=00;36:*.ra=00;36:*.wav=00;36:*.oga=00;36:*.opus=00;36:*.spx=00;36:*.xspf=00;36:', 'GNOME_TERMINAL_SERVICE': ':1.127', 'SSH_AGENT_LAUNCHER': 'gnome-keyring', 'SSH_AUTH_SOCK': '/run/user/1000/keyring/ssh', 'AMENT_PREFIX_PATH': '/home/donavyn/docker_test/ros2_ws/src/install/learning_tf2_py:/home/donavyn/docker_test/ros2_ws/install/tutorial_interfaces:/home/donavyn/docker_test/ros2_ws/install/turtlesim:/home/donavyn/docker_test/ros2_ws/install/python_parameters:/home/donavyn/docker_test/ros2_ws/install/py_srvcli:/home/donavyn/docker_test/ros2_ws/install/py_pubsub:/home/donavyn/docker_test/ros2_ws/install/my_package:/home/donavyn/docker_test/ros2_ws/install/more_interfaces:/home/donavyn/docker_test/ros2_ws/install/launch_testing_examples:/home/donavyn/docker_test/ros2_ws/install/examples_rclpy_pointcloud_publisher:/home/donavyn/docker_test/ros2_ws/install/examples_rclpy_minimal_subscriber:/home/donavyn/docker_test/ros2_ws/install/examples_rclpy_minimal_service:/home/donavyn/docker_test/ros2_ws/install/examples_rclpy_minimal_publisher:/home/donavyn/docker_test/ros2_ws/install/examples_rclpy_minimal_client:/home/donavyn/docker_test/ros2_ws/install/examples_rclpy_minimal_action_server:/home/donavyn/docker_test/ros2_ws/install/examples_rclpy_minimal_action_client:/home/donavyn/docker_test/ros2_ws/install/examples_rclpy_guard_conditions:/home/donavyn/docker_test/ros2_ws/install/examples_rclpy_executors:/home/donavyn/docker_test/ros2_ws/install/action_tutorials_interfaces:/opt/ros/humble', 'SHELL': '/bin/bash', 'QT_ACCESSIBILITY': '1', 'GDMSESSION': 'ubuntu', 'LESSCLOSE': '/usr/bin/lesspipe %s %s', 'GPG_AGENT_INFO': '/run/user/1000/gnupg/S.gpg-agent:0:1', 'QT_IM_MODULE': 'ibus', 'PWD': '/home/donavyn/docker_test/ros2_ws/src/build/examples_rclpy_minimal_subscriber', 'XDG_CONFIG_DIRS': '/etc/xdg/xdg-ubuntu:/etc/xdg', 'XDG_DATA_DIRS': '/usr/share/ubuntu:/usr/share/gnome:/usr/local/share/:/usr/share/:/var/lib/snapd/desktop', 'PYTHONPATH': '/home/donavyn/docker_test/ros2_ws/src/install/learning_tf2_py/lib/python3.10/site-packages:/home/donavyn/docker_test/ros2_ws/install/tutorial_interfaces/local/lib/python3.10/dist-packages:/home/donavyn/docker_test/ros2_ws/install/turtlesim/local/lib/python3.10/dist-packages:/home/donavyn/docker_test/ros2_ws/install/python_parameters/lib/python3.10/site-packages:/home/donavyn/docker_test/ros2_ws/install/py_srvcli/lib/python3.10/site-packages:/home/donavyn/docker_test/ros2_ws/install/py_pubsub/lib/python3.10/site-packages:/home/donavyn/docker_test/ros2_ws/install/my_package/lib/python3.10/site-packages:/home/donavyn/docker_test/ros2_ws/install/more_interfaces/local/lib/python3.10/dist-packages:/home/donavyn/docker_test/ros2_ws/install/launch_testing_examples/lib/python3.10/site-packages:/home/donavyn/docker_test/ros2_ws/install/examples_rclpy_pointcloud_publisher/lib/python3.10/site-packages:/home/donavyn/docker_test/ros2_ws/install/examples_rclpy_minimal_subscriber/lib/python3.10/site-packages:/home/donavyn/docker_test/ros2_ws/install/examples_rclpy_minimal_service/lib/python3.10/site-packages:/home/donavyn/docker_test/ros2_ws/install/examples_rclpy_minimal_publisher/lib/python3.10/site-packages:/home/donavyn/docker_test/ros2_ws/install/examples_rclpy_minimal_client/lib/python3.10/site-packages:/home/donavyn/docker_test/ros2_ws/install/examples_rclpy_minimal_action_server/lib/python3.10/site-packages:/home/donavyn/docker_test/ros2_ws/install/examples_rclpy_minimal_action_client/lib/python3.10/site-packages:/home/donavyn/docker_test/ros2_ws/install/examples_rclpy_guard_conditions/lib/python3.10/site-packages:/home/donavyn/docker_test/ros2_ws/install/examples_rclpy_executors/lib/python3.10/site-packages:/home/donavyn/docker_test/ros2_ws/install/action_tutorials_interfaces/local/lib/python3.10/dist-packages:/opt/ros/humble/lib/python3.10/site-packages:/opt/ros/humble/local/lib/python3.10/dist-packages', 'COLCON': '1', 'VTE_VERSION': '6800', 'CMAKE_PREFIX_PATH': '/home/donavyn/docker_test/ros2_ws/install/tutorial_interfaces:/home/donavyn/docker_test/ros2_ws/install/turtlesim:/home/donavyn/docker_test/ros2_ws/install/more_interfaces:/home/donavyn/docker_test/ros2_ws/install/examples_rclcpp_wait_set:/home/donavyn/docker_test/ros2_ws/install/examples_rclcpp_multithreaded_executor:/home/donavyn/docker_test/ros2_ws/install/examples_rclcpp_minimal_timer:/home/donavyn/docker_test/ros2_ws/install/examples_rclcpp_minimal_subscriber:/home/donavyn/docker_test/ros2_ws/install/examples_rclcpp_minimal_service:/home/donavyn/docker_test/ros2_ws/install/examples_rclcpp_minimal_publisher:/home/donavyn/docker_test/ros2_ws/install/examples_rclcpp_minimal_composition:/home/donavyn/docker_test/ros2_ws/install/examples_rclcpp_minimal_client:/home/donavyn/docker_test/ros2_ws/install/examples_rclcpp_minimal_action_server:/home/donavyn/docker_test/ros2_ws/install/examples_rclcpp_minimal_action_client:/home/donavyn/docker_test/ros2_ws/install/examples_rclcpp_cbg_executor:/home/donavyn/docker_test/ros2_ws/install/examples_rclcpp_async_client:/home/donavyn/docker_test/ros2_ws/install/action_tutorials_interfaces', 'PYTHONDONTWRITEBYTECODE': '1', 'PYTEST_ADDOPTS': '--tb=short --junit-xml=/home/donavyn/docker_test/ros2_ws/src/build/examples_rclpy_minimal_subscriber/pytest.xml --junit-prefix=examples_rclpy_minimal_subscriber -o cache_dir=/home/donavyn/docker_test/ros2_ws/src/build/examples_rclpy_minimal_subscriber/.pytest_cache'}, 'shell': False}
[1.704475] (-) TimerEvent: {}
[1.804987] (-) TimerEvent: {}
[1.865357] (examples_rclpy_pointcloud_publisher) Command: {'cmd': ['/usr/bin/python3', '-m', 'pytest'], 'cwd': '/home/donavyn/docker_test/ros2_ws/src/examples/rclpy/topics/pointcloud_publisher', 'env': {'LESSOPEN': '| /usr/bin/lesspipe %s', 'USER': 'donavyn', 'XDG_SESSION_TYPE': 'x11', 'SHLVL': '1', 'LD_LIBRARY_PATH': '/home/donavyn/docker_test/ros2_ws/install/tutorial_interfaces/lib:/home/donavyn/docker_test/ros2_ws/install/turtlesim/lib:/home/donavyn/docker_test/ros2_ws/install/more_interfaces/lib:/home/donavyn/docker_test/ros2_ws/install/examples_rclcpp_wait_set/lib:/home/donavyn/docker_test/ros2_ws/install/examples_rclcpp_minimal_subscriber/lib:/home/donavyn/docker_test/ros2_ws/install/examples_rclcpp_minimal_composition/lib:/home/donavyn/docker_test/ros2_ws/install/action_tutorials_interfaces/lib:/opt/ros/humble/opt/rviz_ogre_vendor/lib:/opt/ros/humble/lib/x86_64-linux-gnu:/opt/ros/humble/lib', 'HOME': '/home/donavyn', 'OLDPWD': '/home/donavyn/docker_test/ros2_ws', 'DESKTOP_SESSION': 'ubuntu', 'ROS_PYTHON_VERSION': '3', 'GNOME_SHELL_SESSION_MODE': 'ubuntu', 'GTK_MODULES': 'gail:atk-bridge', 'SYSTEMD_EXEC_PID': '2895', 'DBUS_SESSION_BUS_ADDRESS': 'unix:path=/run/user/1000/bus', 'COLORTERM': 'truecolor', '_colcon_cd_root': '/opt/ros/humble/', 'COLCON_PREFIX_PATH': '/home/donavyn/docker_test/ros2_ws/src/install:/home/donavyn/docker_test/ros2_ws/install', 'ROS_DISTRO': 'humble', 'GTK_IM_MODULE': 'ibus', 'LOGNAME': 'donavyn', '_': '/usr/bin/colcon', 'ROS_VERSION': '2', 'XDG_SESSION_CLASS': 'user', 'USERNAME': 'donavyn', 'TERM': 'xterm-256color', 'GNOME_DESKTOP_SESSION_ID': 'this-is-deprecated', 'ROS_LOCALHOST_ONLY': '0', 'WINDOWPATH': '2', 'PATH': '/home/donavyn/.local/bin:/opt/ros/humble/bin:/usr/local/sbin:/usr/local/bin:/usr/sbin:/usr/bin:/sbin:/bin:/usr/games:/usr/local/games:/snap/bin:/snap/bin', 'SESSION_MANAGER': 'local/donavyn:@/tmp/.ICE-unix/2583,unix/donavyn:/tmp/.ICE-unix/2583', 'XDG_MENU_PREFIX': 'gnome-', 'GNOME_TERMINAL_SCREEN': '/org/gnome/Terminal/screen/5b60ada8_6e82_4353_b828_16555c35af22', 'XDG_RUNTIME_DIR': '/run/user/1000', 'DISPLAY': ':0', 'LANG': 'en_US.UTF-8', 'XDG_CURRENT_DESKTOP': 'ubuntu:GNOME', 'XMODIFIERS': '@im=ibus', 'XDG_SESSION_DESKTOP': 'ubuntu', 'XAUTHORITY': '/run/user/1000/gdm/Xauthority', 'LS_COLORS': 'rs=0:di=01;34:ln=01;36:mh=00:pi=40;33:so=01;35:do=01;35:bd=40;33;01:cd=40;33;01:or=40;31;01:mi=00:su=37;41:sg=30;43:ca=30;41:tw=30;42:ow=34;42:st=37;44:ex=01;32:*.tar=01;31:*.tgz=01;31:*.arc=01;31:*.arj=01;31:*.taz=01;31:*.lha=01;31:*.lz4=01;31:*.lzh=01;31:*.lzma=01;31:*.tlz=01;31:*.txz=01;31:*.tzo=01;31:*.t7z=01;31:*.zip=01;31:*.z=01;31:*.dz=01;31:*.gz=01;31:*.lrz=01;31:*.lz=01;31:*.lzo=01;31:*.xz=01;31:*.zst=01;31:*.tzst=01;31:*.bz2=01;31:*.bz=01;31:*.tbz=01;31:*.tbz2=01;31:*.tz=01;31:*.deb=01;31:*.rpm=01;31:*.jar=01;31:*.war=01;31:*.ear=01;31:*.sar=01;31:*.rar=01;31:*.alz=01;31:*.ace=01;31:*.zoo=01;31:*.cpio=01;31:*.7z=01;31:*.rz=01;31:*.cab=01;31:*.wim=01;31:*.swm=01;31:*.dwm=01;31:*.esd=01;31:*.jpg=01;35:*.jpeg=01;35:*.mjpg=01;35:*.mjpeg=01;35:*.gif=01;35:*.bmp=01;35:*.pbm=01;35:*.pgm=01;35:*.ppm=01;35:*.tga=01;35:*.xbm=01;35:*.xpm=01;35:*.tif=01;35:*.tiff=01;35:*.png=01;35:*.svg=01;35:*.svgz=01;35:*.mng=01;35:*.pcx=01;35:*.mov=01;35:*.mpg=01;35:*.mpeg=01;35:*.m2v=01;35:*.mkv=01;35:*.webm=01;35:*.webp=01;35:*.ogm=01;35:*.mp4=01;35:*.m4v=01;35:*.mp4v=01;35:*.vob=01;35:*.qt=01;35:*.nuv=01;35:*.wmv=01;35:*.asf=01;35:*.rm=01;35:*.rmvb=01;35:*.flc=01;35:*.avi=01;35:*.fli=01;35:*.flv=01;35:*.gl=01;35:*.dl=01;35:*.xcf=01;35:*.xwd=01;35:*.yuv=01;35:*.cgm=01;35:*.emf=01;35:*.ogv=01;35:*.ogx=01;35:*.aac=00;36:*.au=00;36:*.flac=00;36:*.m4a=00;36:*.mid=00;36:*.midi=00;36:*.mka=00;36:*.mp3=00;36:*.mpc=00;36:*.ogg=00;36:*.ra=00;36:*.wav=00;36:*.oga=00;36:*.opus=00;36:*.spx=00;36:*.xspf=00;36:', 'GNOME_TERMINAL_SERVICE': ':1.127', 'SSH_AGENT_LAUNCHER': 'gnome-keyring', 'SSH_AUTH_SOCK': '/run/user/1000/keyring/ssh', 'AMENT_PREFIX_PATH': '/home/donavyn/docker_test/ros2_ws/src/install/learning_tf2_py:/home/donavyn/docker_test/ros2_ws/install/tutorial_interfaces:/home/donavyn/docker_test/ros2_ws/install/turtlesim:/home/donavyn/docker_test/ros2_ws/install/python_parameters:/home/donavyn/docker_test/ros2_ws/install/py_srvcli:/home/donavyn/docker_test/ros2_ws/install/py_pubsub:/home/donavyn/docker_test/ros2_ws/install/my_package:/home/donavyn/docker_test/ros2_ws/install/more_interfaces:/home/donavyn/docker_test/ros2_ws/install/launch_testing_examples:/home/donavyn/docker_test/ros2_ws/install/examples_rclpy_pointcloud_publisher:/home/donavyn/docker_test/ros2_ws/install/examples_rclpy_minimal_subscriber:/home/donavyn/docker_test/ros2_ws/install/examples_rclpy_minimal_service:/home/donavyn/docker_test/ros2_ws/install/examples_rclpy_minimal_publisher:/home/donavyn/docker_test/ros2_ws/install/examples_rclpy_minimal_client:/home/donavyn/docker_test/ros2_ws/install/examples_rclpy_minimal_action_server:/home/donavyn/docker_test/ros2_ws/install/examples_rclpy_minimal_action_client:/home/donavyn/docker_test/ros2_ws/install/examples_rclpy_guard_conditions:/home/donavyn/docker_test/ros2_ws/install/examples_rclpy_executors:/home/donavyn/docker_test/ros2_ws/install/action_tutorials_interfaces:/opt/ros/humble', 'SHELL': '/bin/bash', 'QT_ACCESSIBILITY': '1', 'GDMSESSION': 'ubuntu', 'LESSCLOSE': '/usr/bin/lesspipe %s %s', 'GPG_AGENT_INFO': '/run/user/1000/gnupg/S.gpg-agent:0:1', 'QT_IM_MODULE': 'ibus', 'PWD': '/home/donavyn/docker_test/ros2_ws/src/build/examples_rclpy_pointcloud_publisher', 'XDG_CONFIG_DIRS': '/etc/xdg/xdg-ubuntu:/etc/xdg', 'XDG_DATA_DIRS': '/usr/share/ubuntu:/usr/share/gnome:/usr/local/share/:/usr/share/:/var/lib/snapd/desktop', 'PYTHONPATH': '/home/donavyn/docker_test/ros2_ws/src/install/learning_tf2_py/lib/python3.10/site-packages:/home/donavyn/docker_test/ros2_ws/install/tutorial_interfaces/local/lib/python3.10/dist-packages:/home/donavyn/docker_test/ros2_ws/install/turtlesim/local/lib/python3.10/dist-packages:/home/donavyn/docker_test/ros2_ws/install/python_parameters/lib/python3.10/site-packages:/home/donavyn/docker_test/ros2_ws/install/py_srvcli/lib/python3.10/site-packages:/home/donavyn/docker_test/ros2_ws/install/py_pubsub/lib/python3.10/site-packages:/home/donavyn/docker_test/ros2_ws/install/my_package/lib/python3.10/site-packages:/home/donavyn/docker_test/ros2_ws/install/more_interfaces/local/lib/python3.10/dist-packages:/home/donavyn/docker_test/ros2_ws/install/launch_testing_examples/lib/python3.10/site-packages:/home/donavyn/docker_test/ros2_ws/install/examples_rclpy_pointcloud_publisher/lib/python3.10/site-packages:/home/donavyn/docker_test/ros2_ws/install/examples_rclpy_minimal_subscriber/lib/python3.10/site-packages:/home/donavyn/docker_test/ros2_ws/install/examples_rclpy_minimal_service/lib/python3.10/site-packages:/home/donavyn/docker_test/ros2_ws/install/examples_rclpy_minimal_publisher/lib/python3.10/site-packages:/home/donavyn/docker_test/ros2_ws/install/examples_rclpy_minimal_client/lib/python3.10/site-packages:/home/donavyn/docker_test/ros2_ws/install/examples_rclpy_minimal_action_server/lib/python3.10/site-packages:/home/donavyn/docker_test/ros2_ws/install/examples_rclpy_minimal_action_client/lib/python3.10/site-packages:/home/donavyn/docker_test/ros2_ws/install/examples_rclpy_guard_conditions/lib/python3.10/site-packages:/home/donavyn/docker_test/ros2_ws/install/examples_rclpy_executors/lib/python3.10/site-packages:/home/donavyn/docker_test/ros2_ws/install/action_tutorials_interfaces/local/lib/python3.10/dist-packages:/opt/ros/humble/lib/python3.10/site-packages:/opt/ros/humble/local/lib/python3.10/dist-packages', 'COLCON': '1', 'VTE_VERSION': '6800', 'CMAKE_PREFIX_PATH': '/home/donavyn/docker_test/ros2_ws/install/tutorial_interfaces:/home/donavyn/docker_test/ros2_ws/install/turtlesim:/home/donavyn/docker_test/ros2_ws/install/more_interfaces:/home/donavyn/docker_test/ros2_ws/install/examples_rclcpp_wait_set:/home/donavyn/docker_test/ros2_ws/install/examples_rclcpp_multithreaded_executor:/home/donavyn/docker_test/ros2_ws/install/examples_rclcpp_minimal_timer:/home/donavyn/docker_test/ros2_ws/install/examples_rclcpp_minimal_subscriber:/home/donavyn/docker_test/ros2_ws/install/examples_rclcpp_minimal_service:/home/donavyn/docker_test/ros2_ws/install/examples_rclcpp_minimal_publisher:/home/donavyn/docker_test/ros2_ws/install/examples_rclcpp_minimal_composition:/home/donavyn/docker_test/ros2_ws/install/examples_rclcpp_minimal_client:/home/donavyn/docker_test/ros2_ws/install/examples_rclcpp_minimal_action_server:/home/donavyn/docker_test/ros2_ws/install/examples_rclcpp_minimal_action_client:/home/donavyn/docker_test/ros2_ws/install/examples_rclcpp_cbg_executor:/home/donavyn/docker_test/ros2_ws/install/examples_rclcpp_async_client:/home/donavyn/docker_test/ros2_ws/install/action_tutorials_interfaces', 'PYTHONDONTWRITEBYTECODE': '1', 'PYTEST_ADDOPTS': '--tb=short --junit-xml=/home/donavyn/docker_test/ros2_ws/src/build/examples_rclpy_pointcloud_publisher/pytest.xml --junit-prefix=examples_rclpy_pointcloud_publisher -o cache_dir=/home/donavyn/docker_test/ros2_ws/src/build/examples_rclpy_pointcloud_publisher/.pytest_cache'}, 'shell': False}
[1.905126] (-) TimerEvent: {}
[2.005586] (-) TimerEvent: {}
[2.077463] (launch_testing_examples) Command: {'cmd': ['/usr/bin/python3', '-m', 'pytest'], 'cwd': '/home/donavyn/docker_test/ros2_ws/src/examples/launch_testing/launch_testing_examples', 'env': {'LESSOPEN': '| /usr/bin/lesspipe %s', 'USER': 'donavyn', 'XDG_SESSION_TYPE': 'x11', 'SHLVL': '1', 'LD_LIBRARY_PATH': '/home/donavyn/docker_test/ros2_ws/install/tutorial_interfaces/lib:/home/donavyn/docker_test/ros2_ws/install/turtlesim/lib:/home/donavyn/docker_test/ros2_ws/install/more_interfaces/lib:/home/donavyn/docker_test/ros2_ws/install/examples_rclcpp_wait_set/lib:/home/donavyn/docker_test/ros2_ws/install/examples_rclcpp_minimal_subscriber/lib:/home/donavyn/docker_test/ros2_ws/install/examples_rclcpp_minimal_composition/lib:/home/donavyn/docker_test/ros2_ws/install/action_tutorials_interfaces/lib:/opt/ros/humble/opt/rviz_ogre_vendor/lib:/opt/ros/humble/lib/x86_64-linux-gnu:/opt/ros/humble/lib', 'HOME': '/home/donavyn', 'OLDPWD': '/home/donavyn/docker_test/ros2_ws', 'DESKTOP_SESSION': 'ubuntu', 'ROS_PYTHON_VERSION': '3', 'GNOME_SHELL_SESSION_MODE': 'ubuntu', 'GTK_MODULES': 'gail:atk-bridge', 'SYSTEMD_EXEC_PID': '2895', 'DBUS_SESSION_BUS_ADDRESS': 'unix:path=/run/user/1000/bus', 'COLORTERM': 'truecolor', '_colcon_cd_root': '/opt/ros/humble/', 'COLCON_PREFIX_PATH': '/home/donavyn/docker_test/ros2_ws/src/install:/home/donavyn/docker_test/ros2_ws/install', 'ROS_DISTRO': 'humble', 'GTK_IM_MODULE': 'ibus', 'LOGNAME': 'donavyn', '_': '/usr/bin/colcon', 'ROS_VERSION': '2', 'XDG_SESSION_CLASS': 'user', 'USERNAME': 'donavyn', 'TERM': 'xterm-256color', 'GNOME_DESKTOP_SESSION_ID': 'this-is-deprecated', 'ROS_LOCALHOST_ONLY': '0', 'WINDOWPATH': '2', 'PATH': '/home/donavyn/.local/bin:/opt/ros/humble/bin:/usr/local/sbin:/usr/local/bin:/usr/sbin:/usr/bin:/sbin:/bin:/usr/games:/usr/local/games:/snap/bin:/snap/bin', 'SESSION_MANAGER': 'local/donavyn:@/tmp/.ICE-unix/2583,unix/donavyn:/tmp/.ICE-unix/2583', 'XDG_MENU_PREFIX': 'gnome-', 'GNOME_TERMINAL_SCREEN': '/org/gnome/Terminal/screen/5b60ada8_6e82_4353_b828_16555c35af22', 'XDG_RUNTIME_DIR': '/run/user/1000', 'DISPLAY': ':0', 'LANG': 'en_US.UTF-8', 'XDG_CURRENT_DESKTOP': 'ubuntu:GNOME', 'XMODIFIERS': '@im=ibus', 'XDG_SESSION_DESKTOP': 'ubuntu', 'XAUTHORITY': '/run/user/1000/gdm/Xauthority', 'LS_COLORS': 'rs=0:di=01;34:ln=01;36:mh=00:pi=40;33:so=01;35:do=01;35:bd=40;33;01:cd=40;33;01:or=40;31;01:mi=00:su=37;41:sg=30;43:ca=30;41:tw=30;42:ow=34;42:st=37;44:ex=01;32:*.tar=01;31:*.tgz=01;31:*.arc=01;31:*.arj=01;31:*.taz=01;31:*.lha=01;31:*.lz4=01;31:*.lzh=01;31:*.lzma=01;31:*.tlz=01;31:*.txz=01;31:*.tzo=01;31:*.t7z=01;31:*.zip=01;31:*.z=01;31:*.dz=01;31:*.gz=01;31:*.lrz=01;31:*.lz=01;31:*.lzo=01;31:*.xz=01;31:*.zst=01;31:*.tzst=01;31:*.bz2=01;31:*.bz=01;31:*.tbz=01;31:*.tbz2=01;31:*.tz=01;31:*.deb=01;31:*.rpm=01;31:*.jar=01;31:*.war=01;31:*.ear=01;31:*.sar=01;31:*.rar=01;31:*.alz=01;31:*.ace=01;31:*.zoo=01;31:*.cpio=01;31:*.7z=01;31:*.rz=01;31:*.cab=01;31:*.wim=01;31:*.swm=01;31:*.dwm=01;31:*.esd=01;31:*.jpg=01;35:*.jpeg=01;35:*.mjpg=01;35:*.mjpeg=01;35:*.gif=01;35:*.bmp=01;35:*.pbm=01;35:*.pgm=01;35:*.ppm=01;35:*.tga=01;35:*.xbm=01;35:*.xpm=01;35:*.tif=01;35:*.tiff=01;35:*.png=01;35:*.svg=01;35:*.svgz=01;35:*.mng=01;35:*.pcx=01;35:*.mov=01;35:*.mpg=01;35:*.mpeg=01;35:*.m2v=01;35:*.mkv=01;35:*.webm=01;35:*.webp=01;35:*.ogm=01;35:*.mp4=01;35:*.m4v=01;35:*.mp4v=01;35:*.vob=01;35:*.qt=01;35:*.nuv=01;35:*.wmv=01;35:*.asf=01;35:*.rm=01;35:*.rmvb=01;35:*.flc=01;35:*.avi=01;35:*.fli=01;35:*.flv=01;35:*.gl=01;35:*.dl=01;35:*.xcf=01;35:*.xwd=01;35:*.yuv=01;35:*.cgm=01;35:*.emf=01;35:*.ogv=01;35:*.ogx=01;35:*.aac=00;36:*.au=00;36:*.flac=00;36:*.m4a=00;36:*.mid=00;36:*.midi=00;36:*.mka=00;36:*.mp3=00;36:*.mpc=00;36:*.ogg=00;36:*.ra=00;36:*.wav=00;36:*.oga=00;36:*.opus=00;36:*.spx=00;36:*.xspf=00;36:', 'GNOME_TERMINAL_SERVICE': ':1.127', 'SSH_AGENT_LAUNCHER': 'gnome-keyring', 'SSH_AUTH_SOCK': '/run/user/1000/keyring/ssh', 'AMENT_PREFIX_PATH': '/home/donavyn/docker_test/ros2_ws/src/install/learning_tf2_py:/home/donavyn/docker_test/ros2_ws/install/tutorial_interfaces:/home/donavyn/docker_test/ros2_ws/install/turtlesim:/home/donavyn/docker_test/ros2_ws/install/python_parameters:/home/donavyn/docker_test/ros2_ws/install/py_srvcli:/home/donavyn/docker_test/ros2_ws/install/py_pubsub:/home/donavyn/docker_test/ros2_ws/install/my_package:/home/donavyn/docker_test/ros2_ws/install/more_interfaces:/home/donavyn/docker_test/ros2_ws/install/launch_testing_examples:/home/donavyn/docker_test/ros2_ws/install/examples_rclpy_pointcloud_publisher:/home/donavyn/docker_test/ros2_ws/install/examples_rclpy_minimal_subscriber:/home/donavyn/docker_test/ros2_ws/install/examples_rclpy_minimal_service:/home/donavyn/docker_test/ros2_ws/install/examples_rclpy_minimal_publisher:/home/donavyn/docker_test/ros2_ws/install/examples_rclpy_minimal_client:/home/donavyn/docker_test/ros2_ws/install/examples_rclpy_minimal_action_server:/home/donavyn/docker_test/ros2_ws/install/examples_rclpy_minimal_action_client:/home/donavyn/docker_test/ros2_ws/install/examples_rclpy_guard_conditions:/home/donavyn/docker_test/ros2_ws/install/examples_rclpy_executors:/home/donavyn/docker_test/ros2_ws/install/action_tutorials_interfaces:/opt/ros/humble', 'SHELL': '/bin/bash', 'QT_ACCESSIBILITY': '1', 'GDMSESSION': 'ubuntu', 'LESSCLOSE': '/usr/bin/lesspipe %s %s', 'GPG_AGENT_INFO': '/run/user/1000/gnupg/S.gpg-agent:0:1', 'QT_IM_MODULE': 'ibus', 'PWD': '/home/donavyn/docker_test/ros2_ws/src/build/launch_testing_examples', 'XDG_CONFIG_DIRS': '/etc/xdg/xdg-ubuntu:/etc/xdg', 'XDG_DATA_DIRS': '/usr/share/ubuntu:/usr/share/gnome:/usr/local/share/:/usr/share/:/var/lib/snapd/desktop', 'PYTHONPATH': '/home/donavyn/docker_test/ros2_ws/src/install/learning_tf2_py/lib/python3.10/site-packages:/home/donavyn/docker_test/ros2_ws/install/tutorial_interfaces/local/lib/python3.10/dist-packages:/home/donavyn/docker_test/ros2_ws/install/turtlesim/local/lib/python3.10/dist-packages:/home/donavyn/docker_test/ros2_ws/install/python_parameters/lib/python3.10/site-packages:/home/donavyn/docker_test/ros2_ws/install/py_srvcli/lib/python3.10/site-packages:/home/donavyn/docker_test/ros2_ws/install/py_pubsub/lib/python3.10/site-packages:/home/donavyn/docker_test/ros2_ws/install/my_package/lib/python3.10/site-packages:/home/donavyn/docker_test/ros2_ws/install/more_interfaces/local/lib/python3.10/dist-packages:/home/donavyn/docker_test/ros2_ws/install/launch_testing_examples/lib/python3.10/site-packages:/home/donavyn/docker_test/ros2_ws/install/examples_rclpy_pointcloud_publisher/lib/python3.10/site-packages:/home/donavyn/docker_test/ros2_ws/install/examples_rclpy_minimal_subscriber/lib/python3.10/site-packages:/home/donavyn/docker_test/ros2_ws/install/examples_rclpy_minimal_service/lib/python3.10/site-packages:/home/donavyn/docker_test/ros2_ws/install/examples_rclpy_minimal_publisher/lib/python3.10/site-packages:/home/donavyn/docker_test/ros2_ws/install/examples_rclpy_minimal_client/lib/python3.10/site-packages:/home/donavyn/docker_test/ros2_ws/install/examples_rclpy_minimal_action_server/lib/python3.10/site-packages:/home/donavyn/docker_test/ros2_ws/install/examples_rclpy_minimal_action_client/lib/python3.10/site-packages:/home/donavyn/docker_test/ros2_ws/install/examples_rclpy_guard_conditions/lib/python3.10/site-packages:/home/donavyn/docker_test/ros2_ws/install/examples_rclpy_executors/lib/python3.10/site-packages:/home/donavyn/docker_test/ros2_ws/install/action_tutorials_interfaces/local/lib/python3.10/dist-packages:/opt/ros/humble/lib/python3.10/site-packages:/opt/ros/humble/local/lib/python3.10/dist-packages', 'COLCON': '1', 'VTE_VERSION': '6800', 'CMAKE_PREFIX_PATH': '/home/donavyn/docker_test/ros2_ws/install/tutorial_interfaces:/home/donavyn/docker_test/ros2_ws/install/turtlesim:/home/donavyn/docker_test/ros2_ws/install/more_interfaces:/home/donavyn/docker_test/ros2_ws/install/examples_rclcpp_wait_set:/home/donavyn/docker_test/ros2_ws/install/examples_rclcpp_multithreaded_executor:/home/donavyn/docker_test/ros2_ws/install/examples_rclcpp_minimal_timer:/home/donavyn/docker_test/ros2_ws/install/examples_rclcpp_minimal_subscriber:/home/donavyn/docker_test/ros2_ws/install/examples_rclcpp_minimal_service:/home/donavyn/docker_test/ros2_ws/install/examples_rclcpp_minimal_publisher:/home/donavyn/docker_test/ros2_ws/install/examples_rclcpp_minimal_composition:/home/donavyn/docker_test/ros2_ws/install/examples_rclcpp_minimal_client:/home/donavyn/docker_test/ros2_ws/install/examples_rclcpp_minimal_action_server:/home/donavyn/docker_test/ros2_ws/install/examples_rclcpp_minimal_action_client:/home/donavyn/docker_test/ros2_ws/install/examples_rclcpp_cbg_executor:/home/donavyn/docker_test/ros2_ws/install/examples_rclcpp_async_client:/home/donavyn/docker_test/ros2_ws/install/action_tutorials_interfaces', 'PYTHONDONTWRITEBYTECODE': '1', 'PYTEST_ADDOPTS': '--tb=short --junit-xml=/home/donavyn/docker_test/ros2_ws/src/build/launch_testing_examples/pytest.xml --junit-prefix=launch_testing_examples -o cache_dir=/home/donavyn/docker_test/ros2_ws/src/build/launch_testing_examples/.pytest_cache'}, 'shell': False}
[2.105723] (-) TimerEvent: {}
[2.206148] (-) TimerEvent: {}
[2.289648] (my_package) Command: {'cmd': ['/usr/bin/python3', '-m', 'pytest'], 'cwd': '/home/donavyn/docker_test/ros2_ws/src/my_package', 'env': {'LESSOPEN': '| /usr/bin/lesspipe %s', 'USER': 'donavyn', 'XDG_SESSION_TYPE': 'x11', 'SHLVL': '1', 'LD_LIBRARY_PATH': '/home/donavyn/docker_test/ros2_ws/install/tutorial_interfaces/lib:/home/donavyn/docker_test/ros2_ws/install/turtlesim/lib:/home/donavyn/docker_test/ros2_ws/install/more_interfaces/lib:/home/donavyn/docker_test/ros2_ws/install/examples_rclcpp_wait_set/lib:/home/donavyn/docker_test/ros2_ws/install/examples_rclcpp_minimal_subscriber/lib:/home/donavyn/docker_test/ros2_ws/install/examples_rclcpp_minimal_composition/lib:/home/donavyn/docker_test/ros2_ws/install/action_tutorials_interfaces/lib:/opt/ros/humble/opt/rviz_ogre_vendor/lib:/opt/ros/humble/lib/x86_64-linux-gnu:/opt/ros/humble/lib', 'HOME': '/home/donavyn', 'OLDPWD': '/home/donavyn/docker_test/ros2_ws', 'DESKTOP_SESSION': 'ubuntu', 'ROS_PYTHON_VERSION': '3', 'GNOME_SHELL_SESSION_MODE': 'ubuntu', 'GTK_MODULES': 'gail:atk-bridge', 'SYSTEMD_EXEC_PID': '2895', 'DBUS_SESSION_BUS_ADDRESS': 'unix:path=/run/user/1000/bus', 'COLORTERM': 'truecolor', '_colcon_cd_root': '/opt/ros/humble/', 'COLCON_PREFIX_PATH': '/home/donavyn/docker_test/ros2_ws/src/install:/home/donavyn/docker_test/ros2_ws/install', 'ROS_DISTRO': 'humble', 'GTK_IM_MODULE': 'ibus', 'LOGNAME': 'donavyn', '_': '/usr/bin/colcon', 'ROS_VERSION': '2', 'XDG_SESSION_CLASS': 'user', 'USERNAME': 'donavyn', 'TERM': 'xterm-256color', 'GNOME_DESKTOP_SESSION_ID': 'this-is-deprecated', 'ROS_LOCALHOST_ONLY': '0', 'WINDOWPATH': '2', 'PATH': '/home/donavyn/.local/bin:/opt/ros/humble/bin:/usr/local/sbin:/usr/local/bin:/usr/sbin:/usr/bin:/sbin:/bin:/usr/games:/usr/local/games:/snap/bin:/snap/bin', 'SESSION_MANAGER': 'local/donavyn:@/tmp/.ICE-unix/2583,unix/donavyn:/tmp/.ICE-unix/2583', 'XDG_MENU_PREFIX': 'gnome-', 'GNOME_TERMINAL_SCREEN': '/org/gnome/Terminal/screen/5b60ada8_6e82_4353_b828_16555c35af22', 'XDG_RUNTIME_DIR': '/run/user/1000', 'DISPLAY': ':0', 'LANG': 'en_US.UTF-8', 'XDG_CURRENT_DESKTOP': 'ubuntu:GNOME', 'XMODIFIERS': '@im=ibus', 'XDG_SESSION_DESKTOP': 'ubuntu', 'XAUTHORITY': '/run/user/1000/gdm/Xauthority', 'LS_COLORS': 'rs=0:di=01;34:ln=01;36:mh=00:pi=40;33:so=01;35:do=01;35:bd=40;33;01:cd=40;33;01:or=40;31;01:mi=00:su=37;41:sg=30;43:ca=30;41:tw=30;42:ow=34;42:st=37;44:ex=01;32:*.tar=01;31:*.tgz=01;31:*.arc=01;31:*.arj=01;31:*.taz=01;31:*.lha=01;31:*.lz4=01;31:*.lzh=01;31:*.lzma=01;31:*.tlz=01;31:*.txz=01;31:*.tzo=01;31:*.t7z=01;31:*.zip=01;31:*.z=01;31:*.dz=01;31:*.gz=01;31:*.lrz=01;31:*.lz=01;31:*.lzo=01;31:*.xz=01;31:*.zst=01;31:*.tzst=01;31:*.bz2=01;31:*.bz=01;31:*.tbz=01;31:*.tbz2=01;31:*.tz=01;31:*.deb=01;31:*.rpm=01;31:*.jar=01;31:*.war=01;31:*.ear=01;31:*.sar=01;31:*.rar=01;31:*.alz=01;31:*.ace=01;31:*.zoo=01;31:*.cpio=01;31:*.7z=01;31:*.rz=01;31:*.cab=01;31:*.wim=01;31:*.swm=01;31:*.dwm=01;31:*.esd=01;31:*.jpg=01;35:*.jpeg=01;35:*.mjpg=01;35:*.mjpeg=01;35:*.gif=01;35:*.bmp=01;35:*.pbm=01;35:*.pgm=01;35:*.ppm=01;35:*.tga=01;35:*.xbm=01;35:*.xpm=01;35:*.tif=01;35:*.tiff=01;35:*.png=01;35:*.svg=01;35:*.svgz=01;35:*.mng=01;35:*.pcx=01;35:*.mov=01;35:*.mpg=01;35:*.mpeg=01;35:*.m2v=01;35:*.mkv=01;35:*.webm=01;35:*.webp=01;35:*.ogm=01;35:*.mp4=01;35:*.m4v=01;35:*.mp4v=01;35:*.vob=01;35:*.qt=01;35:*.nuv=01;35:*.wmv=01;35:*.asf=01;35:*.rm=01;35:*.rmvb=01;35:*.flc=01;35:*.avi=01;35:*.fli=01;35:*.flv=01;35:*.gl=01;35:*.dl=01;35:*.xcf=01;35:*.xwd=01;35:*.yuv=01;35:*.cgm=01;35:*.emf=01;35:*.ogv=01;35:*.ogx=01;35:*.aac=00;36:*.au=00;36:*.flac=00;36:*.m4a=00;36:*.mid=00;36:*.midi=00;36:*.mka=00;36:*.mp3=00;36:*.mpc=00;36:*.ogg=00;36:*.ra=00;36:*.wav=00;36:*.oga=00;36:*.opus=00;36:*.spx=00;36:*.xspf=00;36:', 'GNOME_TERMINAL_SERVICE': ':1.127', 'SSH_AGENT_LAUNCHER': 'gnome-keyring', 'SSH_AUTH_SOCK': '/run/user/1000/keyring/ssh', 'AMENT_PREFIX_PATH': '/home/donavyn/docker_test/ros2_ws/src/install/learning_tf2_py:/home/donavyn/docker_test/ros2_ws/install/tutorial_interfaces:/home/donavyn/docker_test/ros2_ws/install/turtlesim:/home/donavyn/docker_test/ros2_ws/install/python_parameters:/home/donavyn/docker_test/ros2_ws/install/py_srvcli:/home/donavyn/docker_test/ros2_ws/install/py_pubsub:/home/donavyn/docker_test/ros2_ws/install/my_package:/home/donavyn/docker_test/ros2_ws/install/more_interfaces:/home/donavyn/docker_test/ros2_ws/install/launch_testing_examples:/home/donavyn/docker_test/ros2_ws/install/examples_rclpy_pointcloud_publisher:/home/donavyn/docker_test/ros2_ws/install/examples_rclpy_minimal_subscriber:/home/donavyn/docker_test/ros2_ws/install/examples_rclpy_minimal_service:/home/donavyn/docker_test/ros2_ws/install/examples_rclpy_minimal_publisher:/home/donavyn/docker_test/ros2_ws/install/examples_rclpy_minimal_client:/home/donavyn/docker_test/ros2_ws/install/examples_rclpy_minimal_action_server:/home/donavyn/docker_test/ros2_ws/install/examples_rclpy_minimal_action_client:/home/donavyn/docker_test/ros2_ws/install/examples_rclpy_guard_conditions:/home/donavyn/docker_test/ros2_ws/install/examples_rclpy_executors:/home/donavyn/docker_test/ros2_ws/install/action_tutorials_interfaces:/opt/ros/humble', 'SHELL': '/bin/bash', 'QT_ACCESSIBILITY': '1', 'GDMSESSION': 'ubuntu', 'LESSCLOSE': '/usr/bin/lesspipe %s %s', 'GPG_AGENT_INFO': '/run/user/1000/gnupg/S.gpg-agent:0:1', 'QT_IM_MODULE': 'ibus', 'PWD': '/home/donavyn/docker_test/ros2_ws/src/build/my_package', 'XDG_CONFIG_DIRS': '/etc/xdg/xdg-ubuntu:/etc/xdg', 'XDG_DATA_DIRS': '/usr/share/ubuntu:/usr/share/gnome:/usr/local/share/:/usr/share/:/var/lib/snapd/desktop', 'PYTHONPATH': '/home/donavyn/docker_test/ros2_ws/src/install/learning_tf2_py/lib/python3.10/site-packages:/home/donavyn/docker_test/ros2_ws/install/tutorial_interfaces/local/lib/python3.10/dist-packages:/home/donavyn/docker_test/ros2_ws/install/turtlesim/local/lib/python3.10/dist-packages:/home/donavyn/docker_test/ros2_ws/install/python_parameters/lib/python3.10/site-packages:/home/donavyn/docker_test/ros2_ws/install/py_srvcli/lib/python3.10/site-packages:/home/donavyn/docker_test/ros2_ws/install/py_pubsub/lib/python3.10/site-packages:/home/donavyn/docker_test/ros2_ws/install/my_package/lib/python3.10/site-packages:/home/donavyn/docker_test/ros2_ws/install/more_interfaces/local/lib/python3.10/dist-packages:/home/donavyn/docker_test/ros2_ws/install/launch_testing_examples/lib/python3.10/site-packages:/home/donavyn/docker_test/ros2_ws/install/examples_rclpy_pointcloud_publisher/lib/python3.10/site-packages:/home/donavyn/docker_test/ros2_ws/install/examples_rclpy_minimal_subscriber/lib/python3.10/site-packages:/home/donavyn/docker_test/ros2_ws/install/examples_rclpy_minimal_service/lib/python3.10/site-packages:/home/donavyn/docker_test/ros2_ws/install/examples_rclpy_minimal_publisher/lib/python3.10/site-packages:/home/donavyn/docker_test/ros2_ws/install/examples_rclpy_minimal_client/lib/python3.10/site-packages:/home/donavyn/docker_test/ros2_ws/install/examples_rclpy_minimal_action_server/lib/python3.10/site-packages:/home/donavyn/docker_test/ros2_ws/install/examples_rclpy_minimal_action_client/lib/python3.10/site-packages:/home/donavyn/docker_test/ros2_ws/install/examples_rclpy_guard_conditions/lib/python3.10/site-packages:/home/donavyn/docker_test/ros2_ws/install/examples_rclpy_executors/lib/python3.10/site-packages:/home/donavyn/docker_test/ros2_ws/install/action_tutorials_interfaces/local/lib/python3.10/dist-packages:/opt/ros/humble/lib/python3.10/site-packages:/opt/ros/humble/local/lib/python3.10/dist-packages', 'COLCON': '1', 'VTE_VERSION': '6800', 'CMAKE_PREFIX_PATH': '/home/donavyn/docker_test/ros2_ws/install/tutorial_interfaces:/home/donavyn/docker_test/ros2_ws/install/turtlesim:/home/donavyn/docker_test/ros2_ws/install/more_interfaces:/home/donavyn/docker_test/ros2_ws/install/examples_rclcpp_wait_set:/home/donavyn/docker_test/ros2_ws/install/examples_rclcpp_multithreaded_executor:/home/donavyn/docker_test/ros2_ws/install/examples_rclcpp_minimal_timer:/home/donavyn/docker_test/ros2_ws/install/examples_rclcpp_minimal_subscriber:/home/donavyn/docker_test/ros2_ws/install/examples_rclcpp_minimal_service:/home/donavyn/docker_test/ros2_ws/install/examples_rclcpp_minimal_publisher:/home/donavyn/docker_test/ros2_ws/install/examples_rclcpp_minimal_composition:/home/donavyn/docker_test/ros2_ws/install/examples_rclcpp_minimal_client:/home/donavyn/docker_test/ros2_ws/install/examples_rclcpp_minimal_action_server:/home/donavyn/docker_test/ros2_ws/install/examples_rclcpp_minimal_action_client:/home/donavyn/docker_test/ros2_ws/install/examples_rclcpp_cbg_executor:/home/donavyn/docker_test/ros2_ws/install/examples_rclcpp_async_client:/home/donavyn/docker_test/ros2_ws/install/action_tutorials_interfaces', 'PYTHONDONTWRITEBYTECODE': '1', 'PYTEST_ADDOPTS': '--tb=short --junit-xml=/home/donavyn/docker_test/ros2_ws/src/build/my_package/pytest.xml --junit-prefix=my_package -o cache_dir=/home/donavyn/docker_test/ros2_ws/src/build/my_package/.pytest_cache'}, 'shell': False}
[2.306237] (-) TimerEvent: {}
[2.406583] (-) TimerEvent: {}
[2.487380] (py_pubsub) Command: {'cmd': ['/usr/bin/python3', '-m', 'pytest'], 'cwd': '/home/donavyn/docker_test/ros2_ws/src/py_pubsub', 'env': {'LESSOPEN': '| /usr/bin/lesspipe %s', 'USER': 'donavyn', 'XDG_SESSION_TYPE': 'x11', 'SHLVL': '1', 'LD_LIBRARY_PATH': '/home/donavyn/docker_test/ros2_ws/install/tutorial_interfaces/lib:/home/donavyn/docker_test/ros2_ws/install/turtlesim/lib:/home/donavyn/docker_test/ros2_ws/install/more_interfaces/lib:/home/donavyn/docker_test/ros2_ws/install/examples_rclcpp_wait_set/lib:/home/donavyn/docker_test/ros2_ws/install/examples_rclcpp_minimal_subscriber/lib:/home/donavyn/docker_test/ros2_ws/install/examples_rclcpp_minimal_composition/lib:/home/donavyn/docker_test/ros2_ws/install/action_tutorials_interfaces/lib:/opt/ros/humble/opt/rviz_ogre_vendor/lib:/opt/ros/humble/lib/x86_64-linux-gnu:/opt/ros/humble/lib', 'HOME': '/home/donavyn', 'OLDPWD': '/home/donavyn/docker_test/ros2_ws', 'DESKTOP_SESSION': 'ubuntu', 'ROS_PYTHON_VERSION': '3', 'GNOME_SHELL_SESSION_MODE': 'ubuntu', 'GTK_MODULES': 'gail:atk-bridge', 'SYSTEMD_EXEC_PID': '2895', 'DBUS_SESSION_BUS_ADDRESS': 'unix:path=/run/user/1000/bus', 'COLORTERM': 'truecolor', '_colcon_cd_root': '/opt/ros/humble/', 'COLCON_PREFIX_PATH': '/home/donavyn/docker_test/ros2_ws/src/install:/home/donavyn/docker_test/ros2_ws/install', 'ROS_DISTRO': 'humble', 'GTK_IM_MODULE': 'ibus', 'LOGNAME': 'donavyn', '_': '/usr/bin/colcon', 'ROS_VERSION': '2', 'XDG_SESSION_CLASS': 'user', 'USERNAME': 'donavyn', 'TERM': 'xterm-256color', 'GNOME_DESKTOP_SESSION_ID': 'this-is-deprecated', 'ROS_LOCALHOST_ONLY': '0', 'WINDOWPATH': '2', 'PATH': '/home/donavyn/.local/bin:/opt/ros/humble/bin:/usr/local/sbin:/usr/local/bin:/usr/sbin:/usr/bin:/sbin:/bin:/usr/games:/usr/local/games:/snap/bin:/snap/bin', 'SESSION_MANAGER': 'local/donavyn:@/tmp/.ICE-unix/2583,unix/donavyn:/tmp/.ICE-unix/2583', 'XDG_MENU_PREFIX': 'gnome-', 'GNOME_TERMINAL_SCREEN': '/org/gnome/Terminal/screen/5b60ada8_6e82_4353_b828_16555c35af22', 'XDG_RUNTIME_DIR': '/run/user/1000', 'DISPLAY': ':0', 'LANG': 'en_US.UTF-8', 'XDG_CURRENT_DESKTOP': 'ubuntu:GNOME', 'XMODIFIERS': '@im=ibus', 'XDG_SESSION_DESKTOP': 'ubuntu', 'XAUTHORITY': '/run/user/1000/gdm/Xauthority', 'LS_COLORS': 'rs=0:di=01;34:ln=01;36:mh=00:pi=40;33:so=01;35:do=01;35:bd=40;33;01:cd=40;33;01:or=40;31;01:mi=00:su=37;41:sg=30;43:ca=30;41:tw=30;42:ow=34;42:st=37;44:ex=01;32:*.tar=01;31:*.tgz=01;31:*.arc=01;31:*.arj=01;31:*.taz=01;31:*.lha=01;31:*.lz4=01;31:*.lzh=01;31:*.lzma=01;31:*.tlz=01;31:*.txz=01;31:*.tzo=01;31:*.t7z=01;31:*.zip=01;31:*.z=01;31:*.dz=01;31:*.gz=01;31:*.lrz=01;31:*.lz=01;31:*.lzo=01;31:*.xz=01;31:*.zst=01;31:*.tzst=01;31:*.bz2=01;31:*.bz=01;31:*.tbz=01;31:*.tbz2=01;31:*.tz=01;31:*.deb=01;31:*.rpm=01;31:*.jar=01;31:*.war=01;31:*.ear=01;31:*.sar=01;31:*.rar=01;31:*.alz=01;31:*.ace=01;31:*.zoo=01;31:*.cpio=01;31:*.7z=01;31:*.rz=01;31:*.cab=01;31:*.wim=01;31:*.swm=01;31:*.dwm=01;31:*.esd=01;31:*.jpg=01;35:*.jpeg=01;35:*.mjpg=01;35:*.mjpeg=01;35:*.gif=01;35:*.bmp=01;35:*.pbm=01;35:*.pgm=01;35:*.ppm=01;35:*.tga=01;35:*.xbm=01;35:*.xpm=01;35:*.tif=01;35:*.tiff=01;35:*.png=01;35:*.svg=01;35:*.svgz=01;35:*.mng=01;35:*.pcx=01;35:*.mov=01;35:*.mpg=01;35:*.mpeg=01;35:*.m2v=01;35:*.mkv=01;35:*.webm=01;35:*.webp=01;35:*.ogm=01;35:*.mp4=01;35:*.m4v=01;35:*.mp4v=01;35:*.vob=01;35:*.qt=01;35:*.nuv=01;35:*.wmv=01;35:*.asf=01;35:*.rm=01;35:*.rmvb=01;35:*.flc=01;35:*.avi=01;35:*.fli=01;35:*.flv=01;35:*.gl=01;35:*.dl=01;35:*.xcf=01;35:*.xwd=01;35:*.yuv=01;35:*.cgm=01;35:*.emf=01;35:*.ogv=01;35:*.ogx=01;35:*.aac=00;36:*.au=00;36:*.flac=00;36:*.m4a=00;36:*.mid=00;36:*.midi=00;36:*.mka=00;36:*.mp3=00;36:*.mpc=00;36:*.ogg=00;36:*.ra=00;36:*.wav=00;36:*.oga=00;36:*.opus=00;36:*.spx=00;36:*.xspf=00;36:', 'GNOME_TERMINAL_SERVICE': ':1.127', 'SSH_AGENT_LAUNCHER': 'gnome-keyring', 'SSH_AUTH_SOCK': '/run/user/1000/keyring/ssh', 'AMENT_PREFIX_PATH': '/home/donavyn/docker_test/ros2_ws/src/install/learning_tf2_py:/home/donavyn/docker_test/ros2_ws/install/tutorial_interfaces:/home/donavyn/docker_test/ros2_ws/install/turtlesim:/home/donavyn/docker_test/ros2_ws/install/python_parameters:/home/donavyn/docker_test/ros2_ws/install/py_srvcli:/home/donavyn/docker_test/ros2_ws/install/py_pubsub:/home/donavyn/docker_test/ros2_ws/install/my_package:/home/donavyn/docker_test/ros2_ws/install/more_interfaces:/home/donavyn/docker_test/ros2_ws/install/launch_testing_examples:/home/donavyn/docker_test/ros2_ws/install/examples_rclpy_pointcloud_publisher:/home/donavyn/docker_test/ros2_ws/install/examples_rclpy_minimal_subscriber:/home/donavyn/docker_test/ros2_ws/install/examples_rclpy_minimal_service:/home/donavyn/docker_test/ros2_ws/install/examples_rclpy_minimal_publisher:/home/donavyn/docker_test/ros2_ws/install/examples_rclpy_minimal_client:/home/donavyn/docker_test/ros2_ws/install/examples_rclpy_minimal_action_server:/home/donavyn/docker_test/ros2_ws/install/examples_rclpy_minimal_action_client:/home/donavyn/docker_test/ros2_ws/install/examples_rclpy_guard_conditions:/home/donavyn/docker_test/ros2_ws/install/examples_rclpy_executors:/home/donavyn/docker_test/ros2_ws/install/action_tutorials_interfaces:/opt/ros/humble', 'SHELL': '/bin/bash', 'QT_ACCESSIBILITY': '1', 'GDMSESSION': 'ubuntu', 'LESSCLOSE': '/usr/bin/lesspipe %s %s', 'GPG_AGENT_INFO': '/run/user/1000/gnupg/S.gpg-agent:0:1', 'QT_IM_MODULE': 'ibus', 'PWD': '/home/donavyn/docker_test/ros2_ws/src/build/py_pubsub', 'XDG_CONFIG_DIRS': '/etc/xdg/xdg-ubuntu:/etc/xdg', 'XDG_DATA_DIRS': '/usr/share/ubuntu:/usr/share/gnome:/usr/local/share/:/usr/share/:/var/lib/snapd/desktop', 'PYTHONPATH': '/home/donavyn/docker_test/ros2_ws/src/install/learning_tf2_py/lib/python3.10/site-packages:/home/donavyn/docker_test/ros2_ws/install/tutorial_interfaces/local/lib/python3.10/dist-packages:/home/donavyn/docker_test/ros2_ws/install/turtlesim/local/lib/python3.10/dist-packages:/home/donavyn/docker_test/ros2_ws/install/python_parameters/lib/python3.10/site-packages:/home/donavyn/docker_test/ros2_ws/install/py_srvcli/lib/python3.10/site-packages:/home/donavyn/docker_test/ros2_ws/install/py_pubsub/lib/python3.10/site-packages:/home/donavyn/docker_test/ros2_ws/install/my_package/lib/python3.10/site-packages:/home/donavyn/docker_test/ros2_ws/install/more_interfaces/local/lib/python3.10/dist-packages:/home/donavyn/docker_test/ros2_ws/install/launch_testing_examples/lib/python3.10/site-packages:/home/donavyn/docker_test/ros2_ws/install/examples_rclpy_pointcloud_publisher/lib/python3.10/site-packages:/home/donavyn/docker_test/ros2_ws/install/examples_rclpy_minimal_subscriber/lib/python3.10/site-packages:/home/donavyn/docker_test/ros2_ws/install/examples_rclpy_minimal_service/lib/python3.10/site-packages:/home/donavyn/docker_test/ros2_ws/install/examples_rclpy_minimal_publisher/lib/python3.10/site-packages:/home/donavyn/docker_test/ros2_ws/install/examples_rclpy_minimal_client/lib/python3.10/site-packages:/home/donavyn/docker_test/ros2_ws/install/examples_rclpy_minimal_action_server/lib/python3.10/site-packages:/home/donavyn/docker_test/ros2_ws/install/examples_rclpy_minimal_action_client/lib/python3.10/site-packages:/home/donavyn/docker_test/ros2_ws/install/examples_rclpy_guard_conditions/lib/python3.10/site-packages:/home/donavyn/docker_test/ros2_ws/install/examples_rclpy_executors/lib/python3.10/site-packages:/home/donavyn/docker_test/ros2_ws/install/action_tutorials_interfaces/local/lib/python3.10/dist-packages:/opt/ros/humble/lib/python3.10/site-packages:/opt/ros/humble/local/lib/python3.10/dist-packages', 'COLCON': '1', 'VTE_VERSION': '6800', 'CMAKE_PREFIX_PATH': '/home/donavyn/docker_test/ros2_ws/install/tutorial_interfaces:/home/donavyn/docker_test/ros2_ws/install/turtlesim:/home/donavyn/docker_test/ros2_ws/install/more_interfaces:/home/donavyn/docker_test/ros2_ws/install/examples_rclcpp_wait_set:/home/donavyn/docker_test/ros2_ws/install/examples_rclcpp_multithreaded_executor:/home/donavyn/docker_test/ros2_ws/install/examples_rclcpp_minimal_timer:/home/donavyn/docker_test/ros2_ws/install/examples_rclcpp_minimal_subscriber:/home/donavyn/docker_test/ros2_ws/install/examples_rclcpp_minimal_service:/home/donavyn/docker_test/ros2_ws/install/examples_rclcpp_minimal_publisher:/home/donavyn/docker_test/ros2_ws/install/examples_rclcpp_minimal_composition:/home/donavyn/docker_test/ros2_ws/install/examples_rclcpp_minimal_client:/home/donavyn/docker_test/ros2_ws/install/examples_rclcpp_minimal_action_server:/home/donavyn/docker_test/ros2_ws/install/examples_rclcpp_minimal_action_client:/home/donavyn/docker_test/ros2_ws/install/examples_rclcpp_cbg_executor:/home/donavyn/docker_test/ros2_ws/install/examples_rclcpp_async_client:/home/donavyn/docker_test/ros2_ws/install/action_tutorials_interfaces', 'PYTHONDONTWRITEBYTECODE': '1', 'PYTEST_ADDOPTS': '--tb=short --junit-xml=/home/donavyn/docker_test/ros2_ws/src/build/py_pubsub/pytest.xml --junit-prefix=py_pubsub -o cache_dir=/home/donavyn/docker_test/ros2_ws/src/build/py_pubsub/.pytest_cache'}, 'shell': False}
[2.506705] (-) TimerEvent: {}
[2.607156] (-) TimerEvent: {}
[2.684821] (py_srvcli) Command: {'cmd': ['/usr/bin/python3', '-m', 'pytest'], 'cwd': '/home/donavyn/docker_test/ros2_ws/src/py_srvcli', 'env': {'LESSOPEN': '| /usr/bin/lesspipe %s', 'USER': 'donavyn', 'XDG_SESSION_TYPE': 'x11', 'SHLVL': '1', 'LD_LIBRARY_PATH': '/home/donavyn/docker_test/ros2_ws/install/tutorial_interfaces/lib:/home/donavyn/docker_test/ros2_ws/install/turtlesim/lib:/home/donavyn/docker_test/ros2_ws/install/more_interfaces/lib:/home/donavyn/docker_test/ros2_ws/install/examples_rclcpp_wait_set/lib:/home/donavyn/docker_test/ros2_ws/install/examples_rclcpp_minimal_subscriber/lib:/home/donavyn/docker_test/ros2_ws/install/examples_rclcpp_minimal_composition/lib:/home/donavyn/docker_test/ros2_ws/install/action_tutorials_interfaces/lib:/opt/ros/humble/opt/rviz_ogre_vendor/lib:/opt/ros/humble/lib/x86_64-linux-gnu:/opt/ros/humble/lib', 'HOME': '/home/donavyn', 'OLDPWD': '/home/donavyn/docker_test/ros2_ws', 'DESKTOP_SESSION': 'ubuntu', 'ROS_PYTHON_VERSION': '3', 'GNOME_SHELL_SESSION_MODE': 'ubuntu', 'GTK_MODULES': 'gail:atk-bridge', 'SYSTEMD_EXEC_PID': '2895', 'DBUS_SESSION_BUS_ADDRESS': 'unix:path=/run/user/1000/bus', 'COLORTERM': 'truecolor', '_colcon_cd_root': '/opt/ros/humble/', 'COLCON_PREFIX_PATH': '/home/donavyn/docker_test/ros2_ws/src/install:/home/donavyn/docker_test/ros2_ws/install', 'ROS_DISTRO': 'humble', 'GTK_IM_MODULE': 'ibus', 'LOGNAME': 'donavyn', '_': '/usr/bin/colcon', 'ROS_VERSION': '2', 'XDG_SESSION_CLASS': 'user', 'USERNAME': 'donavyn', 'TERM': 'xterm-256color', 'GNOME_DESKTOP_SESSION_ID': 'this-is-deprecated', 'ROS_LOCALHOST_ONLY': '0', 'WINDOWPATH': '2', 'PATH': '/home/donavyn/.local/bin:/opt/ros/humble/bin:/usr/local/sbin:/usr/local/bin:/usr/sbin:/usr/bin:/sbin:/bin:/usr/games:/usr/local/games:/snap/bin:/snap/bin', 'SESSION_MANAGER': 'local/donavyn:@/tmp/.ICE-unix/2583,unix/donavyn:/tmp/.ICE-unix/2583', 'XDG_MENU_PREFIX': 'gnome-', 'GNOME_TERMINAL_SCREEN': '/org/gnome/Terminal/screen/5b60ada8_6e82_4353_b828_16555c35af22', 'XDG_RUNTIME_DIR': '/run/user/1000', 'DISPLAY': ':0', 'LANG': 'en_US.UTF-8', 'XDG_CURRENT_DESKTOP': 'ubuntu:GNOME', 'XMODIFIERS': '@im=ibus', 'XDG_SESSION_DESKTOP': 'ubuntu', 'XAUTHORITY': '/run/user/1000/gdm/Xauthority', 'LS_COLORS': 'rs=0:di=01;34:ln=01;36:mh=00:pi=40;33:so=01;35:do=01;35:bd=40;33;01:cd=40;33;01:or=40;31;01:mi=00:su=37;41:sg=30;43:ca=30;41:tw=30;42:ow=34;42:st=37;44:ex=01;32:*.tar=01;31:*.tgz=01;31:*.arc=01;31:*.arj=01;31:*.taz=01;31:*.lha=01;31:*.lz4=01;31:*.lzh=01;31:*.lzma=01;31:*.tlz=01;31:*.txz=01;31:*.tzo=01;31:*.t7z=01;31:*.zip=01;31:*.z=01;31:*.dz=01;31:*.gz=01;31:*.lrz=01;31:*.lz=01;31:*.lzo=01;31:*.xz=01;31:*.zst=01;31:*.tzst=01;31:*.bz2=01;31:*.bz=01;31:*.tbz=01;31:*.tbz2=01;31:*.tz=01;31:*.deb=01;31:*.rpm=01;31:*.jar=01;31:*.war=01;31:*.ear=01;31:*.sar=01;31:*.rar=01;31:*.alz=01;31:*.ace=01;31:*.zoo=01;31:*.cpio=01;31:*.7z=01;31:*.rz=01;31:*.cab=01;31:*.wim=01;31:*.swm=01;31:*.dwm=01;31:*.esd=01;31:*.jpg=01;35:*.jpeg=01;35:*.mjpg=01;35:*.mjpeg=01;35:*.gif=01;35:*.bmp=01;35:*.pbm=01;35:*.pgm=01;35:*.ppm=01;35:*.tga=01;35:*.xbm=01;35:*.xpm=01;35:*.tif=01;35:*.tiff=01;35:*.png=01;35:*.svg=01;35:*.svgz=01;35:*.mng=01;35:*.pcx=01;35:*.mov=01;35:*.mpg=01;35:*.mpeg=01;35:*.m2v=01;35:*.mkv=01;35:*.webm=01;35:*.webp=01;35:*.ogm=01;35:*.mp4=01;35:*.m4v=01;35:*.mp4v=01;35:*.vob=01;35:*.qt=01;35:*.nuv=01;35:*.wmv=01;35:*.asf=01;35:*.rm=01;35:*.rmvb=01;35:*.flc=01;35:*.avi=01;35:*.fli=01;35:*.flv=01;35:*.gl=01;35:*.dl=01;35:*.xcf=01;35:*.xwd=01;35:*.yuv=01;35:*.cgm=01;35:*.emf=01;35:*.ogv=01;35:*.ogx=01;35:*.aac=00;36:*.au=00;36:*.flac=00;36:*.m4a=00;36:*.mid=00;36:*.midi=00;36:*.mka=00;36:*.mp3=00;36:*.mpc=00;36:*.ogg=00;36:*.ra=00;36:*.wav=00;36:*.oga=00;36:*.opus=00;36:*.spx=00;36:*.xspf=00;36:', 'GNOME_TERMINAL_SERVICE': ':1.127', 'SSH_AGENT_LAUNCHER': 'gnome-keyring', 'SSH_AUTH_SOCK': '/run/user/1000/keyring/ssh', 'AMENT_PREFIX_PATH': '/home/donavyn/docker_test/ros2_ws/src/install/learning_tf2_py:/home/donavyn/docker_test/ros2_ws/install/tutorial_interfaces:/home/donavyn/docker_test/ros2_ws/install/turtlesim:/home/donavyn/docker_test/ros2_ws/install/python_parameters:/home/donavyn/docker_test/ros2_ws/install/py_srvcli:/home/donavyn/docker_test/ros2_ws/install/py_pubsub:/home/donavyn/docker_test/ros2_ws/install/my_package:/home/donavyn/docker_test/ros2_ws/install/more_interfaces:/home/donavyn/docker_test/ros2_ws/install/launch_testing_examples:/home/donavyn/docker_test/ros2_ws/install/examples_rclpy_pointcloud_publisher:/home/donavyn/docker_test/ros2_ws/install/examples_rclpy_minimal_subscriber:/home/donavyn/docker_test/ros2_ws/install/examples_rclpy_minimal_service:/home/donavyn/docker_test/ros2_ws/install/examples_rclpy_minimal_publisher:/home/donavyn/docker_test/ros2_ws/install/examples_rclpy_minimal_client:/home/donavyn/docker_test/ros2_ws/install/examples_rclpy_minimal_action_server:/home/donavyn/docker_test/ros2_ws/install/examples_rclpy_minimal_action_client:/home/donavyn/docker_test/ros2_ws/install/examples_rclpy_guard_conditions:/home/donavyn/docker_test/ros2_ws/install/examples_rclpy_executors:/home/donavyn/docker_test/ros2_ws/install/action_tutorials_interfaces:/opt/ros/humble', 'SHELL': '/bin/bash', 'QT_ACCESSIBILITY': '1', 'GDMSESSION': 'ubuntu', 'LESSCLOSE': '/usr/bin/lesspipe %s %s', 'GPG_AGENT_INFO': '/run/user/1000/gnupg/S.gpg-agent:0:1', 'QT_IM_MODULE': 'ibus', 'PWD': '/home/donavyn/docker_test/ros2_ws/src/build/py_srvcli', 'XDG_CONFIG_DIRS': '/etc/xdg/xdg-ubuntu:/etc/xdg', 'XDG_DATA_DIRS': '/usr/share/ubuntu:/usr/share/gnome:/usr/local/share/:/usr/share/:/var/lib/snapd/desktop', 'PYTHONPATH': '/home/donavyn/docker_test/ros2_ws/src/install/learning_tf2_py/lib/python3.10/site-packages:/home/donavyn/docker_test/ros2_ws/install/tutorial_interfaces/local/lib/python3.10/dist-packages:/home/donavyn/docker_test/ros2_ws/install/turtlesim/local/lib/python3.10/dist-packages:/home/donavyn/docker_test/ros2_ws/install/python_parameters/lib/python3.10/site-packages:/home/donavyn/docker_test/ros2_ws/install/py_srvcli/lib/python3.10/site-packages:/home/donavyn/docker_test/ros2_ws/install/py_pubsub/lib/python3.10/site-packages:/home/donavyn/docker_test/ros2_ws/install/my_package/lib/python3.10/site-packages:/home/donavyn/docker_test/ros2_ws/install/more_interfaces/local/lib/python3.10/dist-packages:/home/donavyn/docker_test/ros2_ws/install/launch_testing_examples/lib/python3.10/site-packages:/home/donavyn/docker_test/ros2_ws/install/examples_rclpy_pointcloud_publisher/lib/python3.10/site-packages:/home/donavyn/docker_test/ros2_ws/install/examples_rclpy_minimal_subscriber/lib/python3.10/site-packages:/home/donavyn/docker_test/ros2_ws/install/examples_rclpy_minimal_service/lib/python3.10/site-packages:/home/donavyn/docker_test/ros2_ws/install/examples_rclpy_minimal_publisher/lib/python3.10/site-packages:/home/donavyn/docker_test/ros2_ws/install/examples_rclpy_minimal_client/lib/python3.10/site-packages:/home/donavyn/docker_test/ros2_ws/install/examples_rclpy_minimal_action_server/lib/python3.10/site-packages:/home/donavyn/docker_test/ros2_ws/install/examples_rclpy_minimal_action_client/lib/python3.10/site-packages:/home/donavyn/docker_test/ros2_ws/install/examples_rclpy_guard_conditions/lib/python3.10/site-packages:/home/donavyn/docker_test/ros2_ws/install/examples_rclpy_executors/lib/python3.10/site-packages:/home/donavyn/docker_test/ros2_ws/install/action_tutorials_interfaces/local/lib/python3.10/dist-packages:/opt/ros/humble/lib/python3.10/site-packages:/opt/ros/humble/local/lib/python3.10/dist-packages', 'COLCON': '1', 'VTE_VERSION': '6800', 'CMAKE_PREFIX_PATH': '/home/donavyn/docker_test/ros2_ws/install/tutorial_interfaces:/home/donavyn/docker_test/ros2_ws/install/turtlesim:/home/donavyn/docker_test/ros2_ws/install/more_interfaces:/home/donavyn/docker_test/ros2_ws/install/examples_rclcpp_wait_set:/home/donavyn/docker_test/ros2_ws/install/examples_rclcpp_multithreaded_executor:/home/donavyn/docker_test/ros2_ws/install/examples_rclcpp_minimal_timer:/home/donavyn/docker_test/ros2_ws/install/examples_rclcpp_minimal_subscriber:/home/donavyn/docker_test/ros2_ws/install/examples_rclcpp_minimal_service:/home/donavyn/docker_test/ros2_ws/install/examples_rclcpp_minimal_publisher:/home/donavyn/docker_test/ros2_ws/install/examples_rclcpp_minimal_composition:/home/donavyn/docker_test/ros2_ws/install/examples_rclcpp_minimal_client:/home/donavyn/docker_test/ros2_ws/install/examples_rclcpp_minimal_action_server:/home/donavyn/docker_test/ros2_ws/install/examples_rclcpp_minimal_action_client:/home/donavyn/docker_test/ros2_ws/install/examples_rclcpp_cbg_executor:/home/donavyn/docker_test/ros2_ws/install/examples_rclcpp_async_client:/home/donavyn/docker_test/ros2_ws/install/action_tutorials_interfaces', 'PYTHONDONTWRITEBYTECODE': '1', 'PYTEST_ADDOPTS': '--tb=short --junit-xml=/home/donavyn/docker_test/ros2_ws/src/build/py_srvcli/pytest.xml --junit-prefix=py_srvcli -o cache_dir=/home/donavyn/docker_test/ros2_ws/src/build/py_srvcli/.pytest_cache'}, 'shell': False}
[2.707295] (-) TimerEvent: {}
[2.807770] (-) TimerEvent: {}
[2.880810] (python_parameters) Command: {'cmd': ['/usr/bin/python3', '-m', 'pytest'], 'cwd': '/home/donavyn/docker_test/ros2_ws/src/python_parameters', 'env': {'LESSOPEN': '| /usr/bin/lesspipe %s', 'USER': 'donavyn', 'XDG_SESSION_TYPE': 'x11', 'SHLVL': '1', 'LD_LIBRARY_PATH': '/home/donavyn/docker_test/ros2_ws/install/tutorial_interfaces/lib:/home/donavyn/docker_test/ros2_ws/install/turtlesim/lib:/home/donavyn/docker_test/ros2_ws/install/more_interfaces/lib:/home/donavyn/docker_test/ros2_ws/install/examples_rclcpp_wait_set/lib:/home/donavyn/docker_test/ros2_ws/install/examples_rclcpp_minimal_subscriber/lib:/home/donavyn/docker_test/ros2_ws/install/examples_rclcpp_minimal_composition/lib:/home/donavyn/docker_test/ros2_ws/install/action_tutorials_interfaces/lib:/opt/ros/humble/opt/rviz_ogre_vendor/lib:/opt/ros/humble/lib/x86_64-linux-gnu:/opt/ros/humble/lib', 'HOME': '/home/donavyn', 'OLDPWD': '/home/donavyn/docker_test/ros2_ws', 'DESKTOP_SESSION': 'ubuntu', 'ROS_PYTHON_VERSION': '3', 'GNOME_SHELL_SESSION_MODE': 'ubuntu', 'GTK_MODULES': 'gail:atk-bridge', 'SYSTEMD_EXEC_PID': '2895', 'DBUS_SESSION_BUS_ADDRESS': 'unix:path=/run/user/1000/bus', 'COLORTERM': 'truecolor', '_colcon_cd_root': '/opt/ros/humble/', 'COLCON_PREFIX_PATH': '/home/donavyn/docker_test/ros2_ws/src/install:/home/donavyn/docker_test/ros2_ws/install', 'ROS_DISTRO': 'humble', 'GTK_IM_MODULE': 'ibus', 'LOGNAME': 'donavyn', '_': '/usr/bin/colcon', 'ROS_VERSION': '2', 'XDG_SESSION_CLASS': 'user', 'USERNAME': 'donavyn', 'TERM': 'xterm-256color', 'GNOME_DESKTOP_SESSION_ID': 'this-is-deprecated', 'ROS_LOCALHOST_ONLY': '0', 'WINDOWPATH': '2', 'PATH': '/home/donavyn/.local/bin:/opt/ros/humble/bin:/usr/local/sbin:/usr/local/bin:/usr/sbin:/usr/bin:/sbin:/bin:/usr/games:/usr/local/games:/snap/bin:/snap/bin', 'SESSION_MANAGER': 'local/donavyn:@/tmp/.ICE-unix/2583,unix/donavyn:/tmp/.ICE-unix/2583', 'XDG_MENU_PREFIX': 'gnome-', 'GNOME_TERMINAL_SCREEN': '/org/gnome/Terminal/screen/5b60ada8_6e82_4353_b828_16555c35af22', 'XDG_RUNTIME_DIR': '/run/user/1000', 'DISPLAY': ':0', 'LANG': 'en_US.UTF-8', 'XDG_CURRENT_DESKTOP': 'ubuntu:GNOME', 'XMODIFIERS': '@im=ibus', 'XDG_SESSION_DESKTOP': 'ubuntu', 'XAUTHORITY': '/run/user/1000/gdm/Xauthority', 'LS_COLORS': 'rs=0:di=01;34:ln=01;36:mh=00:pi=40;33:so=01;35:do=01;35:bd=40;33;01:cd=40;33;01:or=40;31;01:mi=00:su=37;41:sg=30;43:ca=30;41:tw=30;42:ow=34;42:st=37;44:ex=01;32:*.tar=01;31:*.tgz=01;31:*.arc=01;31:*.arj=01;31:*.taz=01;31:*.lha=01;31:*.lz4=01;31:*.lzh=01;31:*.lzma=01;31:*.tlz=01;31:*.txz=01;31:*.tzo=01;31:*.t7z=01;31:*.zip=01;31:*.z=01;31:*.dz=01;31:*.gz=01;31:*.lrz=01;31:*.lz=01;31:*.lzo=01;31:*.xz=01;31:*.zst=01;31:*.tzst=01;31:*.bz2=01;31:*.bz=01;31:*.tbz=01;31:*.tbz2=01;31:*.tz=01;31:*.deb=01;31:*.rpm=01;31:*.jar=01;31:*.war=01;31:*.ear=01;31:*.sar=01;31:*.rar=01;31:*.alz=01;31:*.ace=01;31:*.zoo=01;31:*.cpio=01;31:*.7z=01;31:*.rz=01;31:*.cab=01;31:*.wim=01;31:*.swm=01;31:*.dwm=01;31:*.esd=01;31:*.jpg=01;35:*.jpeg=01;35:*.mjpg=01;35:*.mjpeg=01;35:*.gif=01;35:*.bmp=01;35:*.pbm=01;35:*.pgm=01;35:*.ppm=01;35:*.tga=01;35:*.xbm=01;35:*.xpm=01;35:*.tif=01;35:*.tiff=01;35:*.png=01;35:*.svg=01;35:*.svgz=01;35:*.mng=01;35:*.pcx=01;35:*.mov=01;35:*.mpg=01;35:*.mpeg=01;35:*.m2v=01;35:*.mkv=01;35:*.webm=01;35:*.webp=01;35:*.ogm=01;35:*.mp4=01;35:*.m4v=01;35:*.mp4v=01;35:*.vob=01;35:*.qt=01;35:*.nuv=01;35:*.wmv=01;35:*.asf=01;35:*.rm=01;35:*.rmvb=01;35:*.flc=01;35:*.avi=01;35:*.fli=01;35:*.flv=01;35:*.gl=01;35:*.dl=01;35:*.xcf=01;35:*.xwd=01;35:*.yuv=01;35:*.cgm=01;35:*.emf=01;35:*.ogv=01;35:*.ogx=01;35:*.aac=00;36:*.au=00;36:*.flac=00;36:*.m4a=00;36:*.mid=00;36:*.midi=00;36:*.mka=00;36:*.mp3=00;36:*.mpc=00;36:*.ogg=00;36:*.ra=00;36:*.wav=00;36:*.oga=00;36:*.opus=00;36:*.spx=00;36:*.xspf=00;36:', 'GNOME_TERMINAL_SERVICE': ':1.127', 'SSH_AGENT_LAUNCHER': 'gnome-keyring', 'SSH_AUTH_SOCK': '/run/user/1000/keyring/ssh', 'AMENT_PREFIX_PATH': '/home/donavyn/docker_test/ros2_ws/src/install/learning_tf2_py:/home/donavyn/docker_test/ros2_ws/install/tutorial_interfaces:/home/donavyn/docker_test/ros2_ws/install/turtlesim:/home/donavyn/docker_test/ros2_ws/install/python_parameters:/home/donavyn/docker_test/ros2_ws/install/py_srvcli:/home/donavyn/docker_test/ros2_ws/install/py_pubsub:/home/donavyn/docker_test/ros2_ws/install/my_package:/home/donavyn/docker_test/ros2_ws/install/more_interfaces:/home/donavyn/docker_test/ros2_ws/install/launch_testing_examples:/home/donavyn/docker_test/ros2_ws/install/examples_rclpy_pointcloud_publisher:/home/donavyn/docker_test/ros2_ws/install/examples_rclpy_minimal_subscriber:/home/donavyn/docker_test/ros2_ws/install/examples_rclpy_minimal_service:/home/donavyn/docker_test/ros2_ws/install/examples_rclpy_minimal_publisher:/home/donavyn/docker_test/ros2_ws/install/examples_rclpy_minimal_client:/home/donavyn/docker_test/ros2_ws/install/examples_rclpy_minimal_action_server:/home/donavyn/docker_test/ros2_ws/install/examples_rclpy_minimal_action_client:/home/donavyn/docker_test/ros2_ws/install/examples_rclpy_guard_conditions:/home/donavyn/docker_test/ros2_ws/install/examples_rclpy_executors:/home/donavyn/docker_test/ros2_ws/install/action_tutorials_interfaces:/opt/ros/humble', 'SHELL': '/bin/bash', 'QT_ACCESSIBILITY': '1', 'GDMSESSION': 'ubuntu', 'LESSCLOSE': '/usr/bin/lesspipe %s %s', 'GPG_AGENT_INFO': '/run/user/1000/gnupg/S.gpg-agent:0:1', 'QT_IM_MODULE': 'ibus', 'PWD': '/home/donavyn/docker_test/ros2_ws/src/build/python_parameters', 'XDG_CONFIG_DIRS': '/etc/xdg/xdg-ubuntu:/etc/xdg', 'XDG_DATA_DIRS': '/usr/share/ubuntu:/usr/share/gnome:/usr/local/share/:/usr/share/:/var/lib/snapd/desktop', 'PYTHONPATH': '/home/donavyn/docker_test/ros2_ws/src/install/learning_tf2_py/lib/python3.10/site-packages:/home/donavyn/docker_test/ros2_ws/install/tutorial_interfaces/local/lib/python3.10/dist-packages:/home/donavyn/docker_test/ros2_ws/install/turtlesim/local/lib/python3.10/dist-packages:/home/donavyn/docker_test/ros2_ws/install/python_parameters/lib/python3.10/site-packages:/home/donavyn/docker_test/ros2_ws/install/py_srvcli/lib/python3.10/site-packages:/home/donavyn/docker_test/ros2_ws/install/py_pubsub/lib/python3.10/site-packages:/home/donavyn/docker_test/ros2_ws/install/my_package/lib/python3.10/site-packages:/home/donavyn/docker_test/ros2_ws/install/more_interfaces/local/lib/python3.10/dist-packages:/home/donavyn/docker_test/ros2_ws/install/launch_testing_examples/lib/python3.10/site-packages:/home/donavyn/docker_test/ros2_ws/install/examples_rclpy_pointcloud_publisher/lib/python3.10/site-packages:/home/donavyn/docker_test/ros2_ws/install/examples_rclpy_minimal_subscriber/lib/python3.10/site-packages:/home/donavyn/docker_test/ros2_ws/install/examples_rclpy_minimal_service/lib/python3.10/site-packages:/home/donavyn/docker_test/ros2_ws/install/examples_rclpy_minimal_publisher/lib/python3.10/site-packages:/home/donavyn/docker_test/ros2_ws/install/examples_rclpy_minimal_client/lib/python3.10/site-packages:/home/donavyn/docker_test/ros2_ws/install/examples_rclpy_minimal_action_server/lib/python3.10/site-packages:/home/donavyn/docker_test/ros2_ws/install/examples_rclpy_minimal_action_client/lib/python3.10/site-packages:/home/donavyn/docker_test/ros2_ws/install/examples_rclpy_guard_conditions/lib/python3.10/site-packages:/home/donavyn/docker_test/ros2_ws/install/examples_rclpy_executors/lib/python3.10/site-packages:/home/donavyn/docker_test/ros2_ws/install/action_tutorials_interfaces/local/lib/python3.10/dist-packages:/opt/ros/humble/lib/python3.10/site-packages:/opt/ros/humble/local/lib/python3.10/dist-packages', 'COLCON': '1', 'VTE_VERSION': '6800', 'CMAKE_PREFIX_PATH': '/home/donavyn/docker_test/ros2_ws/install/tutorial_interfaces:/home/donavyn/docker_test/ros2_ws/install/turtlesim:/home/donavyn/docker_test/ros2_ws/install/more_interfaces:/home/donavyn/docker_test/ros2_ws/install/examples_rclcpp_wait_set:/home/donavyn/docker_test/ros2_ws/install/examples_rclcpp_multithreaded_executor:/home/donavyn/docker_test/ros2_ws/install/examples_rclcpp_minimal_timer:/home/donavyn/docker_test/ros2_ws/install/examples_rclcpp_minimal_subscriber:/home/donavyn/docker_test/ros2_ws/install/examples_rclcpp_minimal_service:/home/donavyn/docker_test/ros2_ws/install/examples_rclcpp_minimal_publisher:/home/donavyn/docker_test/ros2_ws/install/examples_rclcpp_minimal_composition:/home/donavyn/docker_test/ros2_ws/install/examples_rclcpp_minimal_client:/home/donavyn/docker_test/ros2_ws/install/examples_rclcpp_minimal_action_server:/home/donavyn/docker_test/ros2_ws/install/examples_rclcpp_minimal_action_client:/home/donavyn/docker_test/ros2_ws/install/examples_rclcpp_cbg_executor:/home/donavyn/docker_test/ros2_ws/install/examples_rclcpp_async_client:/home/donavyn/docker_test/ros2_ws/install/action_tutorials_interfaces', 'PYTHONDONTWRITEBYTECODE': '1', 'PYTEST_ADDOPTS': '--tb=short --junit-xml=/home/donavyn/docker_test/ros2_ws/src/build/python_parameters/pytest.xml --junit-prefix=python_parameters -o cache_dir=/home/donavyn/docker_test/ros2_ws/src/build/python_parameters/.pytest_cache'}, 'shell': False}
[2.885499] (examples_rclpy_executors) StdoutLine: {'line': b'\x1b[1m============================= test session starts ==============================\x1b[0m\n'}
[2.886372] (examples_rclpy_executors) StdoutLine: {'line': b'platform linux -- Python 3.10.12, pytest-6.2.5, py-1.10.0, pluggy-0.13.0\n'}
[2.886462] (examples_rclpy_executors) StdoutLine: {'line': b'cachedir: /home/donavyn/docker_test/ros2_ws/src/build/examples_rclpy_executors/.pytest_cache\n'}
[2.886530] (examples_rclpy_executors) StdoutLine: {'line': b'rootdir: /home/donavyn/docker_test/ros2_ws/src/examples/rclpy, configfile: pytest.ini\n'}
[2.886595] (examples_rclpy_executors) StdoutLine: {'line': b'plugins: ament-pep257-0.12.11, ament-lint-0.12.11, ament-xmllint-0.12.11, ament-flake8-0.12.11, launch-testing-ros-0.19.7, ament-copyright-0.12.11, launch-testing-1.0.6, cov-3.0.0, colcon-core-0.17.0\n'}
[2.886671] (examples_rclpy_executors) StdoutLine: {'line': b'\x1b[1mcollecting ... \x1b[0m\x1b[1m\n'}
[2.886732] (examples_rclpy_executors) StdoutLine: {'line': b'collected 3 items                                                              \x1b[0m\n'}
[2.886812] (examples_rclpy_executors) StdoutLine: {'line': b'\n'}
[2.886875] (examples_rclpy_executors) StdoutLine: {'line': b'test/test_copyright.py \x1b[32m.\x1b[0m\x1b[32m                                                 [ 33%]\x1b[0m\n'}
[2.886934] (examples_rclpy_executors) StdoutLine: {'line': b'test/test_flake8.py \x1b[32m.\x1b[0m\x1b[33m                                                    [ 66%]\x1b[0m\n'}
[2.886994] (examples_rclpy_executors) StdoutLine: {'line': b'test/test_pep257.py \x1b[32m.\x1b[0m\x1b[33m                                                    [100%]\x1b[0m\n'}
[2.887300] (examples_rclpy_executors) StdoutLine: {'line': b'- generated xml file: /home/donavyn/docker_test/ros2_ws/src/build/examples_rclpy_executors/pytest.xml -\n'}
[2.887382] (examples_rclpy_executors) StdoutLine: {'line': b'\x1b[33m======================== \x1b[32m3 passed\x1b[0m, \x1b[33m\x1b[1m2 warnings\x1b[0m\x1b[33m in 0.35s\x1b[0m\x1b[33m =========================\x1b[0m\n'}
[2.887428] (examples_rclpy_executors) StderrLine: {'line': b'\n'}
[2.887506] (examples_rclpy_executors) StderrLine: {'line': b'\x1b[33m=============================== warnings summary ===============================\x1b[0m\n'}
[2.887549] (examples_rclpy_executors) StderrLine: {'line': b'executors/test/test_flake8.py::test_flake8\n'}
[2.887718] (examples_rclpy_executors) StderrLine: {'line': b'executors/test/test_flake8.py::test_flake8\n'}
[2.888033] (examples_rclpy_executors) StderrLine: {'line': b'  Warning: SelectableGroups dict interface is deprecated. Use select.\n'}
[2.888087] (examples_rclpy_executors) StderrLine: {'line': b'\n'}
[2.888129] (examples_rclpy_executors) StderrLine: {'line': b'-- Docs: https://docs.pytest.org/en/stable/warnings.html\n'}
[2.888176] (examples_rclpy_guard_conditions) StdoutLine: {'line': b'\x1b[1m============================= test session starts ==============================\x1b[0m\n'}
[2.889014] (examples_rclpy_guard_conditions) StdoutLine: {'line': b'platform linux -- Python 3.10.12, pytest-6.2.5, py-1.10.0, pluggy-0.13.0\n'}
[2.889683] (examples_rclpy_guard_conditions) StdoutLine: {'line': b'cachedir: /home/donavyn/docker_test/ros2_ws/src/build/examples_rclpy_guard_conditions/.pytest_cache\n'}
[2.889746] (examples_rclpy_guard_conditions) StdoutLine: {'line': b'rootdir: /home/donavyn/docker_test/ros2_ws/src/examples/rclpy, configfile: pytest.ini\n'}
[2.890318] (examples_rclpy_guard_conditions) StdoutLine: {'line': b'plugins: ament-pep257-0.12.11, ament-lint-0.12.11, ament-xmllint-0.12.11, ament-flake8-0.12.11, launch-testing-ros-0.19.7, ament-copyright-0.12.11, launch-testing-1.0.6, cov-3.0.0, colcon-core-0.17.0\n'}
[2.890377] (examples_rclpy_guard_conditions) StdoutLine: {'line': b'\x1b[1mcollecting ... \x1b[0m\x1b[1m\n'}
[2.890423] (examples_rclpy_guard_conditions) StdoutLine: {'line': b'collected 3 items                                                              \x1b[0m\n'}
[2.890726] (examples_rclpy_guard_conditions) StdoutLine: {'line': b'\n'}
[2.890833] (examples_rclpy_guard_conditions) StdoutLine: {'line': b'test/test_copyright.py \x1b[32m.\x1b[0m\x1b[32m                                                 [ 33%]\x1b[0m\n'}
[2.890883] (examples_rclpy_guard_conditions) StdoutLine: {'line': b'test/test_flake8.py \x1b[32m.\x1b[0m\x1b[33m                                                    [ 66%]\x1b[0m\n'}
[2.890925] (examples_rclpy_guard_conditions) StdoutLine: {'line': b'test/test_pep257.py \x1b[32m.\x1b[0m\x1b[33m                                                    [100%]\x1b[0m\n'}
[2.890965] (examples_rclpy_guard_conditions) StdoutLine: {'line': b'- generated xml file: /home/donavyn/docker_test/ros2_ws/src/build/examples_rclpy_guard_conditions/pytest.xml -\n'}
[2.891004] (examples_rclpy_guard_conditions) StdoutLine: {'line': b'\x1b[33m======================== \x1b[32m3 passed\x1b[0m, \x1b[33m\x1b[1m2 warnings\x1b[0m\x1b[33m in 0.26s\x1b[0m\x1b[33m =========================\x1b[0m\n'}
[2.891043] (examples_rclpy_guard_conditions) StderrLine: {'line': b'\n'}
[2.891544] (examples_rclpy_guard_conditions) StderrLine: {'line': b'\x1b[33m=============================== warnings summary ===============================\x1b[0m\n'}
[2.891626] (examples_rclpy_guard_conditions) StderrLine: {'line': b'guard_conditions/test/test_flake8.py::test_flake8\n'}
[2.891696] (examples_rclpy_guard_conditions) StderrLine: {'line': b'guard_conditions/test/test_flake8.py::test_flake8\n'}
[2.891979] (examples_rclpy_guard_conditions) StderrLine: {'line': b'  Warning: SelectableGroups dict interface is deprecated. Use select.\n'}
[2.892587] (examples_rclpy_guard_conditions) StderrLine: {'line': b'\n'}
[2.892636] (examples_rclpy_guard_conditions) StderrLine: {'line': b'-- Docs: https://docs.pytest.org/en/stable/warnings.html\n'}
[2.892678] (examples_rclpy_minimal_action_client) StdoutLine: {'line': b'\x1b[1m============================= test session starts ==============================\x1b[0m\n'}
[2.893228] (examples_rclpy_minimal_action_client) StdoutLine: {'line': b'platform linux -- Python 3.10.12, pytest-6.2.5, py-1.10.0, pluggy-0.13.0\n'}
[2.893279] (examples_rclpy_minimal_action_client) StdoutLine: {'line': b'cachedir: /home/donavyn/docker_test/ros2_ws/src/build/examples_rclpy_minimal_action_client/.pytest_cache\n'}
[2.893319] (examples_rclpy_minimal_action_client) StdoutLine: {'line': b'rootdir: /home/donavyn/docker_test/ros2_ws/src/examples/rclpy, configfile: pytest.ini\n'}
[2.893357] (examples_rclpy_minimal_action_client) StdoutLine: {'line': b'plugins: ament-pep257-0.12.11, ament-lint-0.12.11, ament-xmllint-0.12.11, ament-flake8-0.12.11, launch-testing-ros-0.19.7, ament-copyright-0.12.11, launch-testing-1.0.6, cov-3.0.0, colcon-core-0.17.0\n'}
[2.893395] (examples_rclpy_minimal_action_client) StdoutLine: {'line': b'\x1b[1mcollecting ... \x1b[0m\x1b[1m\n'}
[2.893432] (examples_rclpy_minimal_action_client) StdoutLine: {'line': b'collected 3 items                                                              \x1b[0m\n'}
[2.893468] (examples_rclpy_minimal_action_client) StdoutLine: {'line': b'\n'}
[2.893505] (examples_rclpy_minimal_action_client) StdoutLine: {'line': b'test/test_copyright.py \x1b[32m.\x1b[0m\x1b[32m                                                 [ 33%]\x1b[0m\n'}
[2.893541] (examples_rclpy_minimal_action_client) StdoutLine: {'line': b'test/test_flake8.py \x1b[32m.\x1b[0m\x1b[33m                                                    [ 66%]\x1b[0m\n'}
[2.893577] (examples_rclpy_minimal_action_client) StdoutLine: {'line': b'test/test_pep257.py \x1b[32m.\x1b[0m\x1b[33m                                                    [100%]\x1b[0m\n'}
[2.893622] (examples_rclpy_minimal_action_client) StdoutLine: {'line': b'- generated xml file: /home/donavyn/docker_test/ros2_ws/src/build/examples_rclpy_minimal_action_client/pytest.xml -\n'}
[2.893658] (examples_rclpy_minimal_action_client) StdoutLine: {'line': b'\x1b[33m======================== \x1b[32m3 passed\x1b[0m, \x1b[33m\x1b[1m2 warnings\x1b[0m\x1b[33m in 0.32s\x1b[0m\x1b[33m =========================\x1b[0m\n'}
[2.893807] (examples_rclpy_minimal_action_client) StderrLine: {'line': b'\n'}
[2.893869] (examples_rclpy_minimal_action_client) StderrLine: {'line': b'\x1b[33m=============================== warnings summary ===============================\x1b[0m\n'}
[2.893908] (examples_rclpy_minimal_action_client) StderrLine: {'line': b'actions/minimal_action_client/test/test_flake8.py::test_flake8\n'}
[2.893945] (examples_rclpy_minimal_action_client) StderrLine: {'line': b'actions/minimal_action_client/test/test_flake8.py::test_flake8\n'}
[2.893981] (examples_rclpy_minimal_action_client) StderrLine: {'line': b'  Warning: SelectableGroups dict interface is deprecated. Use select.\n'}
[2.894017] (examples_rclpy_minimal_action_client) StderrLine: {'line': b'\n'}
[2.894052] (examples_rclpy_minimal_action_client) StderrLine: {'line': b'-- Docs: https://docs.pytest.org/en/stable/warnings.html\n'}
[2.894088] (examples_rclpy_minimal_action_server) StdoutLine: {'line': b'\x1b[1m============================= test session starts ==============================\x1b[0m\n'}
[2.894727] (examples_rclpy_minimal_action_server) StdoutLine: {'line': b'platform linux -- Python 3.10.12, pytest-6.2.5, py-1.10.0, pluggy-0.13.0\n'}
[2.894773] (examples_rclpy_minimal_action_server) StdoutLine: {'line': b'cachedir: /home/donavyn/docker_test/ros2_ws/src/build/examples_rclpy_minimal_action_server/.pytest_cache\n'}
[2.894810] (examples_rclpy_minimal_action_server) StdoutLine: {'line': b'rootdir: /home/donavyn/docker_test/ros2_ws/src/examples/rclpy, configfile: pytest.ini\n'}
[2.894844] (examples_rclpy_minimal_action_server) StdoutLine: {'line': b'plugins: ament-pep257-0.12.11, ament-lint-0.12.11, ament-xmllint-0.12.11, ament-flake8-0.12.11, launch-testing-ros-0.19.7, ament-copyright-0.12.11, launch-testing-1.0.6, cov-3.0.0, colcon-core-0.17.0\n'}
[2.894879] (examples_rclpy_minimal_action_server) StdoutLine: {'line': b'\x1b[1mcollecting ... \x1b[0m\x1b[1m\n'}
[2.894917] (examples_rclpy_minimal_action_server) StdoutLine: {'line': b'collected 3 items                                                              \x1b[0m\n'}
[2.894952] (examples_rclpy_minimal_action_server) StdoutLine: {'line': b'\n'}
[2.894986] (examples_rclpy_minimal_action_server) StdoutLine: {'line': b'test/test_copyright.py \x1b[32m.\x1b[0m\x1b[32m                                                 [ 33%]\x1b[0m\n'}
[2.895019] (examples_rclpy_minimal_action_server) StdoutLine: {'line': b'test/test_flake8.py \x1b[32m.\x1b[0m\x1b[33m                                                    [ 66%]\x1b[0m\n'}
[2.895052] (examples_rclpy_minimal_action_server) StdoutLine: {'line': b'test/test_pep257.py \x1b[32m.\x1b[0m\x1b[33m                                                    [100%]\x1b[0m\n'}
[2.895085] (examples_rclpy_minimal_action_server) StdoutLine: {'line': b'- generated xml file: /home/donavyn/docker_test/ros2_ws/src/build/examples_rclpy_minimal_action_server/pytest.xml -\n'}
[2.895119] (examples_rclpy_minimal_action_server) StdoutLine: {'line': b'\x1b[33m======================== \x1b[32m3 passed\x1b[0m, \x1b[33m\x1b[1m2 warnings\x1b[0m\x1b[33m in 0.39s\x1b[0m\x1b[33m =========================\x1b[0m\n'}
[2.895152] (examples_rclpy_minimal_action_server) StderrLine: {'line': b'\n'}
[2.895192] (examples_rclpy_minimal_action_server) StderrLine: {'line': b'\x1b[33m=============================== warnings summary ===============================\x1b[0m\n'}
[2.895225] (examples_rclpy_minimal_action_server) StderrLine: {'line': b'actions/minimal_action_server/test/test_flake8.py::test_flake8\n'}
[2.895257] (examples_rclpy_minimal_action_server) StderrLine: {'line': b'actions/minimal_action_server/test/test_flake8.py::test_flake8\n'}
[2.895289] (examples_rclpy_minimal_action_server) StderrLine: {'line': b'  Warning: SelectableGroups dict interface is deprecated. Use select.\n'}
[2.895322] (examples_rclpy_minimal_action_server) StderrLine: {'line': b'\n'}
[2.895353] (examples_rclpy_minimal_action_server) StderrLine: {'line': b'-- Docs: https://docs.pytest.org/en/stable/warnings.html\n'}
[2.895390] (examples_rclpy_minimal_client) StdoutLine: {'line': b'\x1b[1m============================= test session starts ==============================\x1b[0m\n'}
[2.895438] (examples_rclpy_minimal_client) StdoutLine: {'line': b'platform linux -- Python 3.10.12, pytest-6.2.5, py-1.10.0, pluggy-0.13.0\n'}
[2.895471] (examples_rclpy_minimal_client) StdoutLine: {'line': b'cachedir: /home/donavyn/docker_test/ros2_ws/src/build/examples_rclpy_minimal_client/.pytest_cache\n'}
[2.895504] (examples_rclpy_minimal_client) StdoutLine: {'line': b'rootdir: /home/donavyn/docker_test/ros2_ws/src/examples/rclpy, configfile: pytest.ini\n'}
[2.895541] (examples_rclpy_minimal_client) StdoutLine: {'line': b'plugins: ament-pep257-0.12.11, ament-lint-0.12.11, ament-xmllint-0.12.11, ament-flake8-0.12.11, launch-testing-ros-0.19.7, ament-copyright-0.12.11, launch-testing-1.0.6, cov-3.0.0, colcon-core-0.17.0\n'}
[2.895573] (examples_rclpy_minimal_client) StdoutLine: {'line': b'\x1b[1mcollecting ... \x1b[0m\x1b[1m\n'}
[2.895614] (examples_rclpy_minimal_client) StdoutLine: {'line': b'collected 3 items                                                              \x1b[0m\n'}
[2.895647] (examples_rclpy_minimal_client) StdoutLine: {'line': b'\n'}
[2.895681] (examples_rclpy_minimal_client) StdoutLine: {'line': b'test/test_copyright.py \x1b[32m.\x1b[0m\x1b[32m                                                 [ 33%]\x1b[0m\n'}
[2.895715] (examples_rclpy_minimal_client) StdoutLine: {'line': b'test/test_flake8.py \x1b[32m.\x1b[0m\x1b[33m                                                    [ 66%]\x1b[0m\n'}
[2.895748] (examples_rclpy_minimal_client) StdoutLine: {'line': b'test/test_pep257.py \x1b[32m.\x1b[0m\x1b[33m                                                    [100%]\x1b[0m\n'}
[2.895791] (examples_rclpy_minimal_client) StdoutLine: {'line': b'- generated xml file: /home/donavyn/docker_test/ros2_ws/src/build/examples_rclpy_minimal_client/pytest.xml -\n'}
[2.895825] (examples_rclpy_minimal_client) StdoutLine: {'line': b'\x1b[33m======================== \x1b[32m3 passed\x1b[0m, \x1b[33m\x1b[1m2 warnings\x1b[0m\x1b[33m in 0.35s\x1b[0m\x1b[33m =========================\x1b[0m\n'}
[2.895858] (examples_rclpy_minimal_client) StderrLine: {'line': b'\n'}
[2.895900] (examples_rclpy_minimal_client) StderrLine: {'line': b'\x1b[33m=============================== warnings summary ===============================\x1b[0m\n'}
[2.895932] (examples_rclpy_minimal_client) StderrLine: {'line': b'services/minimal_client/test/test_flake8.py::test_flake8\n'}
[2.895964] (examples_rclpy_minimal_client) StderrLine: {'line': b'services/minimal_client/test/test_flake8.py::test_flake8\n'}
[2.895996] (examples_rclpy_minimal_client) StderrLine: {'line': b'  Warning: SelectableGroups dict interface is deprecated. Use select.\n'}
[2.896027] (examples_rclpy_minimal_client) StderrLine: {'line': b'\n'}
[2.896059] (examples_rclpy_minimal_client) StderrLine: {'line': b'-- Docs: https://docs.pytest.org/en/stable/warnings.html\n'}
[2.896090] (examples_rclpy_minimal_publisher) StderrLine: {'line': b'\n'}
[2.896135] (examples_rclpy_minimal_publisher) StderrLine: {'line': b'\x1b[33m=============================== warnings summary ===============================\x1b[0m\n'}
[2.896167] (examples_rclpy_minimal_publisher) StderrLine: {'line': b'topics/minimal_publisher/test/test_flake8.py::test_flake8\n'}
[2.896199] (examples_rclpy_minimal_publisher) StderrLine: {'line': b'topics/minimal_publisher/test/test_flake8.py::test_flake8\n'}
[2.896230] (examples_rclpy_minimal_publisher) StderrLine: {'line': b'  Warning: SelectableGroups dict interface is deprecated. Use select.\n'}
[2.896262] (examples_rclpy_minimal_publisher) StderrLine: {'line': b'\n'}
[2.896293] (examples_rclpy_minimal_publisher) StderrLine: {'line': b'-- Docs: https://docs.pytest.org/en/stable/warnings.html\n'}
[2.896325] (examples_rclpy_minimal_publisher) StdoutLine: {'line': b'\x1b[1m============================= test session starts ==============================\x1b[0m\n'}
[2.896365] (examples_rclpy_minimal_publisher) StdoutLine: {'line': b'platform linux -- Python 3.10.12, pytest-6.2.5, py-1.10.0, pluggy-0.13.0\n'}
[2.896400] (examples_rclpy_minimal_publisher) StdoutLine: {'line': b'cachedir: /home/donavyn/docker_test/ros2_ws/src/build/examples_rclpy_minimal_publisher/.pytest_cache\n'}
[2.896433] (examples_rclpy_minimal_publisher) StdoutLine: {'line': b'rootdir: /home/donavyn/docker_test/ros2_ws/src/examples/rclpy, configfile: pytest.ini\n'}
[2.896470] (examples_rclpy_minimal_publisher) StdoutLine: {'line': b'plugins: ament-pep257-0.12.11, ament-lint-0.12.11, ament-xmllint-0.12.11, ament-flake8-0.12.11, launch-testing-ros-0.19.7, ament-copyright-0.12.11, launch-testing-1.0.6, cov-3.0.0, colcon-core-0.17.0\n'}
[2.896516] (examples_rclpy_minimal_publisher) StdoutLine: {'line': b'\x1b[1mcollecting ... \x1b[0m\x1b[1m\n'}
[2.896561] (examples_rclpy_minimal_publisher) StdoutLine: {'line': b'collected 3 items                                                              \x1b[0m\n'}
[2.896594] (examples_rclpy_minimal_publisher) StdoutLine: {'line': b'\n'}
[2.896644] (examples_rclpy_minimal_publisher) StdoutLine: {'line': b'test/test_copyright.py \x1b[32m.\x1b[0m\x1b[32m                                                 [ 33%]\x1b[0m\n'}
[2.896676] (examples_rclpy_minimal_publisher) StdoutLine: {'line': b'test/test_flake8.py \x1b[32m.\x1b[0m\x1b[33m                                                    [ 66%]\x1b[0m\n'}
[2.896708] (examples_rclpy_minimal_publisher) StdoutLine: {'line': b'test/test_pep257.py \x1b[32m.\x1b[0m\x1b[33m                                                    [100%]\x1b[0m\n'}
[2.896740] (examples_rclpy_minimal_publisher) StdoutLine: {'line': b'- generated xml file: /home/donavyn/docker_test/ros2_ws/src/build/examples_rclpy_minimal_publisher/pytest.xml -\n'}
[2.896792] (examples_rclpy_minimal_publisher) StdoutLine: {'line': b'\x1b[33m======================== \x1b[32m3 passed\x1b[0m, \x1b[33m\x1b[1m2 warnings\x1b[0m\x1b[33m in 0.30s\x1b[0m\x1b[33m =========================\x1b[0m\n'}
[2.896828] (examples_rclpy_minimal_service) StderrLine: {'line': b'\n'}
[2.896877] (examples_rclpy_minimal_service) StderrLine: {'line': b'\x1b[33m=============================== warnings summary ===============================\x1b[0m\n'}
[2.896910] (examples_rclpy_minimal_service) StderrLine: {'line': b'services/minimal_service/test/test_flake8.py::test_flake8\n'}
[2.896942] (examples_rclpy_minimal_service) StderrLine: {'line': b'services/minimal_service/test/test_flake8.py::test_flake8\n'}
[2.896974] (examples_rclpy_minimal_service) StderrLine: {'line': b'  Warning: SelectableGroups dict interface is deprecated. Use select.\n'}
[2.897006] (examples_rclpy_minimal_service) StderrLine: {'line': b'\n'}
[2.897038] (examples_rclpy_minimal_service) StderrLine: {'line': b'-- Docs: https://docs.pytest.org/en/stable/warnings.html\n'}
[2.897070] (examples_rclpy_minimal_service) StdoutLine: {'line': b'\x1b[1m============================= test session starts ==============================\x1b[0m\n'}
[2.897109] (examples_rclpy_minimal_service) StdoutLine: {'line': b'platform linux -- Python 3.10.12, pytest-6.2.5, py-1.10.0, pluggy-0.13.0\n'}
[2.897142] (examples_rclpy_minimal_service) StdoutLine: {'line': b'cachedir: /home/donavyn/docker_test/ros2_ws/src/build/examples_rclpy_minimal_service/.pytest_cache\n'}
[2.897174] (examples_rclpy_minimal_service) StdoutLine: {'line': b'rootdir: /home/donavyn/docker_test/ros2_ws/src/examples/rclpy, configfile: pytest.ini\n'}
[2.897207] (examples_rclpy_minimal_service) StdoutLine: {'line': b'plugins: ament-pep257-0.12.11, ament-lint-0.12.11, ament-xmllint-0.12.11, ament-flake8-0.12.11, launch-testing-ros-0.19.7, ament-copyright-0.12.11, launch-testing-1.0.6, cov-3.0.0, colcon-core-0.17.0\n'}
[2.897255] (examples_rclpy_minimal_service) StdoutLine: {'line': b'\x1b[1mcollecting ... \x1b[0m\x1b[1m\n'}
[2.897287] (examples_rclpy_minimal_service) StdoutLine: {'line': b'collected 3 items                                                              \x1b[0m\n'}
[2.897318] (examples_rclpy_minimal_service) StdoutLine: {'line': b'\n'}
[2.897354] (examples_rclpy_minimal_service) StdoutLine: {'line': b'test/test_copyright.py \x1b[32m.\x1b[0m\x1b[32m                                                 [ 33%]\x1b[0m\n'}
[2.897387] (examples_rclpy_minimal_service) StdoutLine: {'line': b'test/test_flake8.py \x1b[32m.\x1b[0m\x1b[33m                                                    [ 66%]\x1b[0m\n'}
[2.897419] (examples_rclpy_minimal_service) StdoutLine: {'line': b'test/test_pep257.py \x1b[32m.\x1b[0m\x1b[33m                                                    [100%]\x1b[0m\n'}
[2.897451] (examples_rclpy_minimal_service) StdoutLine: {'line': b'- generated xml file: /home/donavyn/docker_test/ros2_ws/src/build/examples_rclpy_minimal_service/pytest.xml -\n'}
[2.897491] (examples_rclpy_minimal_service) StdoutLine: {'line': b'\x1b[33m======================== \x1b[32m3 passed\x1b[0m, \x1b[33m\x1b[1m2 warnings\x1b[0m\x1b[33m in 0.28s\x1b[0m\x1b[33m =========================\x1b[0m\n'}
[2.897526] (examples_rclpy_minimal_subscriber) StdoutLine: {'line': b'\x1b[1m============================= test session starts ==============================\x1b[0m\n'}
[2.897577] (examples_rclpy_minimal_subscriber) StdoutLine: {'line': b'platform linux -- Python 3.10.12, pytest-6.2.5, py-1.10.0, pluggy-0.13.0\n'}
[2.897611] (examples_rclpy_minimal_subscriber) StdoutLine: {'line': b'cachedir: /home/donavyn/docker_test/ros2_ws/src/build/examples_rclpy_minimal_subscriber/.pytest_cache\n'}
[2.897643] (examples_rclpy_minimal_subscriber) StdoutLine: {'line': b'rootdir: /home/donavyn/docker_test/ros2_ws/src/examples/rclpy, configfile: pytest.ini\n'}
[2.897676] (examples_rclpy_minimal_subscriber) StdoutLine: {'line': b'plugins: ament-pep257-0.12.11, ament-lint-0.12.11, ament-xmllint-0.12.11, ament-flake8-0.12.11, launch-testing-ros-0.19.7, ament-copyright-0.12.11, launch-testing-1.0.6, cov-3.0.0, colcon-core-0.17.0\n'}
[2.897713] (examples_rclpy_minimal_subscriber) StdoutLine: {'line': b'\x1b[1mcollecting ... \x1b[0m\x1b[1m\n'}
[2.897771] (examples_rclpy_minimal_subscriber) StdoutLine: {'line': b'collected 3 items                                                              \x1b[0m\n'}
[2.897814] (examples_rclpy_minimal_subscriber) StdoutLine: {'line': b'\n'}
[2.897848] (examples_rclpy_minimal_subscriber) StdoutLine: {'line': b'test/test_copyright.py \x1b[32m.\x1b[0m\x1b[32m                                                 [ 33%]\x1b[0m\n'}
[2.897880] (examples_rclpy_minimal_subscriber) StdoutLine: {'line': b'test/test_flake8.py \x1b[32m.\x1b[0m\x1b[33m                                                    [ 66%]\x1b[0m\n'}
[2.897917] (examples_rclpy_minimal_subscriber) StdoutLine: {'line': b'test/test_pep257.py \x1b[32m.\x1b[0m\x1b[33m                                                    [100%]\x1b[0m\n'}
[2.897950] (examples_rclpy_minimal_subscriber) StdoutLine: {'line': b'- generated xml file: /home/donavyn/docker_test/ros2_ws/src/build/examples_rclpy_minimal_subscriber/pytest.xml -\n'}
[2.897983] (examples_rclpy_minimal_subscriber) StdoutLine: {'line': b'\x1b[33m======================== \x1b[32m3 passed\x1b[0m, \x1b[33m\x1b[1m2 warnings\x1b[0m\x1b[33m in 0.30s\x1b[0m\x1b[33m =========================\x1b[0m\n'}
[2.898017] (examples_rclpy_minimal_subscriber) StderrLine: {'line': b'\n'}
[2.898060] (examples_rclpy_minimal_subscriber) StderrLine: {'line': b'\x1b[33m=============================== warnings summary ===============================\x1b[0m\n'}
[2.898094] (examples_rclpy_minimal_subscriber) StderrLine: {'line': b'topics/minimal_subscriber/test/test_flake8.py::test_flake8\n'}
[2.898127] (examples_rclpy_minimal_subscriber) StderrLine: {'line': b'topics/minimal_subscriber/test/test_flake8.py::test_flake8\n'}
[2.898160] (examples_rclpy_minimal_subscriber) StderrLine: {'line': b'  Warning: SelectableGroups dict interface is deprecated. Use select.\n'}
[2.898193] (examples_rclpy_minimal_subscriber) StderrLine: {'line': b'\n'}
[2.898227] (examples_rclpy_minimal_subscriber) StderrLine: {'line': b'-- Docs: https://docs.pytest.org/en/stable/warnings.html\n'}
[2.898261] (examples_rclpy_pointcloud_publisher) StderrLine: {'line': b'\n'}
[2.898317] (examples_rclpy_pointcloud_publisher) StderrLine: {'line': b'\x1b[33m=============================== warnings summary ===============================\x1b[0m\n'}
[2.898352] (examples_rclpy_pointcloud_publisher) StderrLine: {'line': b'topics/pointcloud_publisher/test/test_flake8.py::test_flake8\n'}
[2.898385] (examples_rclpy_pointcloud_publisher) StderrLine: {'line': b'topics/pointcloud_publisher/test/test_flake8.py::test_flake8\n'}
[2.898417] (examples_rclpy_pointcloud_publisher) StderrLine: {'line': b'  Warning: SelectableGroups dict interface is deprecated. Use select.\n'}
[2.898450] (examples_rclpy_pointcloud_publisher) StderrLine: {'line': b'\n'}
[2.898483] (examples_rclpy_pointcloud_publisher) StderrLine: {'line': b'-- Docs: https://docs.pytest.org/en/stable/warnings.html\n'}
[2.898516] (examples_rclpy_pointcloud_publisher) StdoutLine: {'line': b'\x1b[1m============================= test session starts ==============================\x1b[0m\n'}
[2.898556] (examples_rclpy_pointcloud_publisher) StdoutLine: {'line': b'platform linux -- Python 3.10.12, pytest-6.2.5, py-1.10.0, pluggy-0.13.0\n'}
[2.898590] (examples_rclpy_pointcloud_publisher) StdoutLine: {'line': b'cachedir: /home/donavyn/docker_test/ros2_ws/src/build/examples_rclpy_pointcloud_publisher/.pytest_cache\n'}
[2.898633] (examples_rclpy_pointcloud_publisher) StdoutLine: {'line': b'rootdir: /home/donavyn/docker_test/ros2_ws/src/examples/rclpy, configfile: pytest.ini\n'}
[2.898666] (examples_rclpy_pointcloud_publisher) StdoutLine: {'line': b'plugins: ament-pep257-0.12.11, ament-lint-0.12.11, ament-xmllint-0.12.11, ament-flake8-0.12.11, launch-testing-ros-0.19.7, ament-copyright-0.12.11, launch-testing-1.0.6, cov-3.0.0, colcon-core-0.17.0\n'}
[2.898700] (examples_rclpy_pointcloud_publisher) StdoutLine: {'line': b'\x1b[1mcollecting ... \x1b[0m\x1b[1m\n'}
[2.898733] (examples_rclpy_pointcloud_publisher) StdoutLine: {'line': b'collected 3 items                                                              \x1b[0m\n'}
[2.898778] (examples_rclpy_pointcloud_publisher) StdoutLine: {'line': b'\n'}
[2.898814] (examples_rclpy_pointcloud_publisher) StdoutLine: {'line': b'test/test_copyright.py \x1b[32m.\x1b[0m\x1b[32m                                                 [ 33%]\x1b[0m\n'}
[2.898847] (examples_rclpy_pointcloud_publisher) StdoutLine: {'line': b'test/test_flake8.py \x1b[32m.\x1b[0m\x1b[33m                                                    [ 66%]\x1b[0m\n'}
[2.898879] (examples_rclpy_pointcloud_publisher) StdoutLine: {'line': b'test/test_pep257.py \x1b[32m.\x1b[0m\x1b[33m                                                    [100%]\x1b[0m\n'}
[2.898913] (examples_rclpy_pointcloud_publisher) StdoutLine: {'line': b'- generated xml file: /home/donavyn/docker_test/ros2_ws/src/build/examples_rclpy_pointcloud_publisher/pytest.xml -\n'}
[2.898946] (examples_rclpy_pointcloud_publisher) StdoutLine: {'line': b'\x1b[33m======================== \x1b[32m3 passed\x1b[0m, \x1b[33m\x1b[1m2 warnings\x1b[0m\x1b[33m in 0.27s\x1b[0m\x1b[33m =========================\x1b[0m\n'}
[2.898980] (launch_testing_examples) StdoutLine: {'line': b'\x1b[1m============================= test session starts ==============================\x1b[0m\n'}
[2.899029] (launch_testing_examples) StdoutLine: {'line': b'platform linux -- Python 3.10.12, pytest-6.2.5, py-1.10.0, pluggy-0.13.0\n'}
[2.899063] (launch_testing_examples) StdoutLine: {'line': b'cachedir: /home/donavyn/docker_test/ros2_ws/src/build/launch_testing_examples/.pytest_cache\n'}
[2.899096] (launch_testing_examples) StdoutLine: {'line': b'rootdir: /home/donavyn/docker_test/ros2_ws/src/examples/launch_testing/launch_testing_examples\n'}
[2.899134] (launch_testing_examples) StdoutLine: {'line': b'plugins: ament-pep257-0.12.11, ament-lint-0.12.11, ament-xmllint-0.12.11, ament-flake8-0.12.11, launch-testing-ros-0.19.7, ament-copyright-0.12.11, launch-testing-1.0.6, cov-3.0.0, colcon-core-0.17.0\n'}
[2.899168] (launch_testing_examples) StdoutLine: {'line': b'\x1b[1mcollecting ... \x1b[0m\x1b[1m\n'}
[2.899202] (launch_testing_examples) StdoutLine: {'line': b'collected 9 items                                                              \x1b[0m\n'}
[2.899239] (launch_testing_examples) StdoutLine: {'line': b'\n'}
[2.899273] (my_package) StdoutLine: {'line': b'\x1b[1m============================= test session starts ==============================\x1b[0m\n'}
[2.899323] (my_package) StdoutLine: {'line': b'platform linux -- Python 3.10.12, pytest-6.2.5, py-1.10.0, pluggy-0.13.0\n'}
[2.899357] (my_package) StdoutLine: {'line': b'cachedir: /home/donavyn/docker_test/ros2_ws/src/build/my_package/.pytest_cache\n'}
[2.899391] (my_package) StdoutLine: {'line': b'rootdir: /home/donavyn/docker_test/ros2_ws/src/my_package\n'}
[2.899426] (my_package) StdoutLine: {'line': b'plugins: ament-pep257-0.12.11, ament-lint-0.12.11, ament-xmllint-0.12.11, ament-flake8-0.12.11, launch-testing-ros-0.19.7, ament-copyright-0.12.11, launch-testing-1.0.6, cov-3.0.0, colcon-core-0.17.0\n'}
[2.899460] (my_package) StdoutLine: {'line': b'\x1b[1mcollecting ... \x1b[0m\x1b[1m\n'}
[2.899503] (my_package) StdoutLine: {'line': b'collected 3 items                                                              \x1b[0m\n'}
[2.899536] (my_package) StdoutLine: {'line': b'\n'}
[2.899570] (my_package) StdoutLine: {'line': b'test/test_copyright.py \x1b[33ms\x1b[0m\x1b[32m                                                 [ 33%]\x1b[0m\n'}
[2.899603] (my_package) StdoutLine: {'line': b'test/test_flake8.py \x1b[32m.\x1b[0m\x1b[33m                                                    [ 66%]\x1b[0m\n'}
[2.899638] (my_package) StdoutLine: {'line': b'test/test_pep257.py \x1b[32m.\x1b[0m\x1b[33m                                                    [100%]\x1b[0m\n'}
[2.899683] (my_package) StdoutLine: {'line': b'- generated xml file: /home/donavyn/docker_test/ros2_ws/src/build/my_package/pytest.xml -\n'}
[2.899719] (my_package) StdoutLine: {'line': b'\x1b[33m=================== \x1b[32m2 passed\x1b[0m, \x1b[33m\x1b[1m1 skipped\x1b[0m, \x1b[33m\x1b[1m2 warnings\x1b[0m\x1b[33m in 0.14s\x1b[0m\x1b[33m ===================\x1b[0m\n'}
[2.899759] (my_package) StderrLine: {'line': b'\n'}
[2.899806] (my_package) StderrLine: {'line': b'\x1b[33m=============================== warnings summary ===============================\x1b[0m\n'}
[2.899840] (my_package) StderrLine: {'line': b'test/test_flake8.py::test_flake8\n'}
[2.899873] (my_package) StderrLine: {'line': b'test/test_flake8.py::test_flake8\n'}
[2.899905] (my_package) StderrLine: {'line': b'  Warning: SelectableGroups dict interface is deprecated. Use select.\n'}
[2.899939] (my_package) StderrLine: {'line': b'\n'}
[2.899971] (my_package) StderrLine: {'line': b'-- Docs: https://docs.pytest.org/en/stable/warnings.html\n'}
[2.900005] (py_pubsub) StdoutLine: {'line': b'\x1b[1m============================= test session starts ==============================\x1b[0m\n'}
[2.900054] (py_pubsub) StdoutLine: {'line': b'platform linux -- Python 3.10.12, pytest-6.2.5, py-1.10.0, pluggy-0.13.0\n'}
[2.900088] (py_pubsub) StdoutLine: {'line': b'cachedir: /home/donavyn/docker_test/ros2_ws/src/build/py_pubsub/.pytest_cache\n'}
[2.900122] (py_pubsub) StdoutLine: {'line': b'rootdir: /home/donavyn/docker_test/ros2_ws/src/py_pubsub\n'}
[2.900155] (py_pubsub) StdoutLine: {'line': b'plugins: ament-pep257-0.12.11, ament-lint-0.12.11, ament-xmllint-0.12.11, ament-flake8-0.12.11, launch-testing-ros-0.19.7, ament-copyright-0.12.11, launch-testing-1.0.6, cov-3.0.0, colcon-core-0.17.0\n'}
[2.900190] (py_pubsub) StdoutLine: {'line': b'\x1b[1mcollecting ... \x1b[0m\x1b[1m\n'}
[2.900223] (py_pubsub) StdoutLine: {'line': b'collected 3 items                                                              \x1b[0m\n'}
[2.900255] (py_pubsub) StdoutLine: {'line': b'\n'}
[2.900289] (py_pubsub) StdoutLine: {'line': b'test/test_copyright.py \x1b[33ms\x1b[0m\x1b[32m                                                 [ 33%]\x1b[0m\n'}
[2.900326] (py_pubsub) StdoutLine: {'line': b'test/test_flake8.py \x1b[31mF\x1b[0m\x1b[31m                                                    [ 66%]\x1b[0m\n'}
[2.900368] (py_pubsub) StdoutLine: {'line': b'test/test_pep257.py \x1b[32m.\x1b[0m\x1b[31m                                                    [100%]\x1b[0m\n'}
[2.900401] (py_pubsub) StdoutLine: {'line': b'\n'}
[2.900434] (py_pubsub) StdoutLine: {'line': b'=================================== FAILURES ===================================\n'}
[2.900468] (py_pubsub) StdoutLine: {'line': b'\x1b[31m\x1b[1m_________________________________ test_flake8 __________________________________\x1b[0m\n'}
[2.900503] (py_pubsub) StdoutLine: {'line': b'\x1b[1m\x1b[31mtest/test_flake8.py\x1b[0m:23: in test_flake8\n'}
[2.907544] (py_pubsub) StdoutLine: {'line': b'    \x1b[94massert\x1b[39;49;00m rc == \x1b[94m0\x1b[39;49;00m, \\\n'}
[2.908257] (-) TimerEvent: {}
[2.908618] (py_pubsub) StdoutLine: {'line': b'\x1b[1m\x1b[31mE   AssertionError: Found 2 code style errors / warnings:\x1b[0m\n'}
[2.908679] (py_pubsub) StdoutLine: {'line': b'\x1b[1m\x1b[31mE     ./setup.py:22:5: W191 indentation contains tabs\x1b[0m\n'}
[2.908726] (py_pubsub) StdoutLine: {'line': b'\x1b[1m\x1b[31mE     ./setup.py:22:5: E101 indentation contains mixed spaces and tabs\x1b[0m\n'}
[2.908770] (py_pubsub) StdoutLine: {'line': b'\x1b[1m\x1b[31mE   assert 1 == 0\x1b[0m\n'}
[2.908830] (py_pubsub) StdoutLine: {'line': b'----------------------------- Captured stdout call -----------------------------\n'}
[2.908865] (py_pubsub) StdoutLine: {'line': b'\n'}
[2.908898] (py_pubsub) StdoutLine: {'line': b'./setup.py:22:5: W191 indentation contains tabs\n'}
[2.908930] (py_pubsub) StdoutLine: {'line': b"    \t'console_scripts': [\n"}
[2.908962] (py_pubsub) StdoutLine: {'line': b'    ^\n'}
[2.908994] (py_pubsub) StdoutLine: {'line': b'\n'}
[2.909026] (py_pubsub) StdoutLine: {'line': b'./setup.py:22:5: E101 indentation contains mixed spaces and tabs\n'}
[2.909058] (py_pubsub) StdoutLine: {'line': b"    \t'console_scripts': [\n"}
[2.909089] (py_pubsub) StdoutLine: {'line': b'    ^\n'}
[2.909120] (py_pubsub) StdoutLine: {'line': b'\n'}
[2.909152] (py_pubsub) StdoutLine: {'line': b'1     E101 indentation contains mixed spaces and tabs\n'}
[2.909184] (py_pubsub) StdoutLine: {'line': b'1     W191 indentation contains tabs\n'}
[2.909217] (py_pubsub) StdoutLine: {'line': b'\n'}
[2.909251] (py_pubsub) StdoutLine: {'line': b'7 files checked\n'}
[2.909284] (py_pubsub) StdoutLine: {'line': b'2 errors\n'}
[2.909317] (py_pubsub) StdoutLine: {'line': b'\n'}
[2.909349] (py_pubsub) StdoutLine: {'line': b"'E'-type errors: 1\n"}
[2.909381] (py_pubsub) StdoutLine: {'line': b"'W'-type errors: 1\n"}
[2.909411] (py_pubsub) StdoutLine: {'line': b'\n'}
[2.909443] (py_pubsub) StdoutLine: {'line': b'Checked files:\n'}
[2.909474] (py_pubsub) StdoutLine: {'line': b'\n'}
[2.909505] (py_pubsub) StdoutLine: {'line': b'* ./setup.py\n'}
[2.909536] (py_pubsub) StdoutLine: {'line': b'* ./py_pubsub/publisher_member_function.py\n'}
[2.909571] (py_pubsub) StdoutLine: {'line': b'* ./py_pubsub/__init__.py\n'}
[2.909602] (py_pubsub) StdoutLine: {'line': b'* ./py_pubsub/subscriber_member_function.py\n'}
[2.909634] (py_pubsub) StdoutLine: {'line': b'* ./test/test_flake8.py\n'}
[2.909664] (py_pubsub) StdoutLine: {'line': b'* ./test/test_copyright.py\n'}
[2.909695] (py_pubsub) StdoutLine: {'line': b'* ./test/test_pep257.py\n'}
[2.909727] (py_pubsub) StdoutLine: {'line': b'----------------------------- Captured stderr call -----------------------------\n'}
[2.909768] (py_pubsub) StdoutLine: {'line': b'option --max-complexity: please update from optparse string `type=` to argparse callable `type=` -- this will be an error in the future\n'}
[2.909808] (py_pubsub) StderrLine: {'line': b'\x1b[33m=============================== warnings summary ===============================\x1b[0m\n'}
[2.909861] (py_pubsub) StderrLine: {'line': b'test/test_flake8.py::test_flake8\n'}
[2.909895] (py_pubsub) StderrLine: {'line': b'test/test_flake8.py::test_flake8\n'}
[2.909927] (py_pubsub) StderrLine: {'line': b'  Warning: SelectableGroups dict interface is deprecated. Use select.\n'}
[2.909958] (py_pubsub) StderrLine: {'line': b'\n'}
[2.909990] (py_pubsub) StderrLine: {'line': b'-- Docs: https://docs.pytest.org/en/stable/warnings.html\n'}
[2.910025] (py_pubsub) StdoutLine: {'line': b'- generated xml file: /home/donavyn/docker_test/ros2_ws/src/build/py_pubsub/pytest.xml -\n'}
[2.910057] (py_pubsub) StdoutLine: {'line': b'=========================== short test summary info ============================\n'}
[2.910090] (py_pubsub) StdoutLine: {'line': b'FAILED test/test_flake8.py::test_flake8 - AssertionError: Found 2 code style ...\n'}
[2.910122] (py_pubsub) StdoutLine: {'line': b'\x1b[31m============== \x1b[31m\x1b[1m1 failed\x1b[0m, \x1b[32m1 passed\x1b[0m, \x1b[33m1 skipped\x1b[0m, \x1b[33m2 warnings\x1b[0m\x1b[31m in 0.20s\x1b[0m\x1b[31m ==============\x1b[0m\n'}
[2.910840] (py_srvcli) StdoutLine: {'line': b'\x1b[1m============================= test session starts ==============================\x1b[0m\n'}
[2.910928] (py_srvcli) StdoutLine: {'line': b'platform linux -- Python 3.10.12, pytest-6.2.5, py-1.10.0, pluggy-0.13.0\n'}
[2.914460] (py_srvcli) StdoutLine: {'line': b'cachedir: /home/donavyn/docker_test/ros2_ws/src/build/py_srvcli/.pytest_cache\n'}
[2.914598] (py_srvcli) StdoutLine: {'line': b'rootdir: /home/donavyn/docker_test/ros2_ws/src/py_srvcli\n'}
[2.914646] (py_srvcli) StdoutLine: {'line': b'plugins: ament-pep257-0.12.11, ament-lint-0.12.11, ament-xmllint-0.12.11, ament-flake8-0.12.11, launch-testing-ros-0.19.7, ament-copyright-0.12.11, launch-testing-1.0.6, cov-3.0.0, colcon-core-0.17.0\n'}
[2.972438] (py_srvcli) StdoutLine: {'line': b'\x1b[1mcollecting ... \x1b[0m\x1b[1m\n'}
[2.972684] (py_srvcli) StdoutLine: {'line': b'collected 3 items                                                              \x1b[0m\n'}
[2.972802] (py_srvcli) StdoutLine: {'line': b'\n'}
[2.977032] (py_srvcli) StdoutLine: {'line': b'test/test_copyright.py \x1b[33ms\x1b[0m\x1b[32m                                                 [ 33%]\x1b[0m\n'}
[3.008384] (-) TimerEvent: {}
[3.082592] (py_srvcli) StdoutLine: {'line': b'test/test_flake8.py \x1b[31mF\x1b[0m\x1b[31m                                                    [ 66%]\x1b[0m\n'}
[3.097212] (py_srvcli) StdoutLine: {'line': b'test/test_pep257.py \x1b[32m.\x1b[0m\x1b[31m                                                    [100%]\x1b[0m\n'}
[3.097481] (py_srvcli) StdoutLine: {'line': b'\n'}
[3.097617] (py_srvcli) StdoutLine: {'line': b'=================================== FAILURES ===================================\n'}
[3.097734] (py_srvcli) StdoutLine: {'line': b'\x1b[31m\x1b[1m_________________________________ test_flake8 __________________________________\x1b[0m\n'}
[3.097883] (py_srvcli) StdoutLine: {'line': b'\x1b[1m\x1b[31mtest/test_flake8.py\x1b[0m:23: in test_flake8\n'}
[3.100895] (learning_tf2_py) Command: {'cmd': ['/usr/bin/python3', '-m', 'pytest'], 'cwd': '/home/donavyn/docker_test/ros2_ws/src/learning_tf2_py', 'env': {'LESSOPEN': '| /usr/bin/lesspipe %s', 'USER': 'donavyn', 'XDG_SESSION_TYPE': 'x11', 'SHLVL': '1', 'LD_LIBRARY_PATH': '/home/donavyn/docker_test/ros2_ws/install/tutorial_interfaces/lib:/home/donavyn/docker_test/ros2_ws/install/turtlesim/lib:/home/donavyn/docker_test/ros2_ws/install/more_interfaces/lib:/home/donavyn/docker_test/ros2_ws/install/examples_rclcpp_wait_set/lib:/home/donavyn/docker_test/ros2_ws/install/examples_rclcpp_minimal_subscriber/lib:/home/donavyn/docker_test/ros2_ws/install/examples_rclcpp_minimal_composition/lib:/home/donavyn/docker_test/ros2_ws/install/action_tutorials_interfaces/lib:/opt/ros/humble/opt/rviz_ogre_vendor/lib:/opt/ros/humble/lib/x86_64-linux-gnu:/opt/ros/humble/lib', 'HOME': '/home/donavyn', 'OLDPWD': '/home/donavyn/docker_test/ros2_ws', 'DESKTOP_SESSION': 'ubuntu', 'ROS_PYTHON_VERSION': '3', 'GNOME_SHELL_SESSION_MODE': 'ubuntu', 'GTK_MODULES': 'gail:atk-bridge', 'SYSTEMD_EXEC_PID': '2895', 'DBUS_SESSION_BUS_ADDRESS': 'unix:path=/run/user/1000/bus', 'COLORTERM': 'truecolor', '_colcon_cd_root': '/opt/ros/humble/', 'COLCON_PREFIX_PATH': '/home/donavyn/docker_test/ros2_ws/src/install:/home/donavyn/docker_test/ros2_ws/install', 'ROS_DISTRO': 'humble', 'GTK_IM_MODULE': 'ibus', 'LOGNAME': 'donavyn', '_': '/usr/bin/colcon', 'ROS_VERSION': '2', 'XDG_SESSION_CLASS': 'user', 'USERNAME': 'donavyn', 'TERM': 'xterm-256color', 'GNOME_DESKTOP_SESSION_ID': 'this-is-deprecated', 'ROS_LOCALHOST_ONLY': '0', 'WINDOWPATH': '2', 'PATH': '/home/donavyn/.local/bin:/opt/ros/humble/bin:/usr/local/sbin:/usr/local/bin:/usr/sbin:/usr/bin:/sbin:/bin:/usr/games:/usr/local/games:/snap/bin:/snap/bin', 'SESSION_MANAGER': 'local/donavyn:@/tmp/.ICE-unix/2583,unix/donavyn:/tmp/.ICE-unix/2583', 'XDG_MENU_PREFIX': 'gnome-', 'GNOME_TERMINAL_SCREEN': '/org/gnome/Terminal/screen/5b60ada8_6e82_4353_b828_16555c35af22', 'XDG_RUNTIME_DIR': '/run/user/1000', 'DISPLAY': ':0', 'LANG': 'en_US.UTF-8', 'XDG_CURRENT_DESKTOP': 'ubuntu:GNOME', 'XMODIFIERS': '@im=ibus', 'XDG_SESSION_DESKTOP': 'ubuntu', 'XAUTHORITY': '/run/user/1000/gdm/Xauthority', 'LS_COLORS': 'rs=0:di=01;34:ln=01;36:mh=00:pi=40;33:so=01;35:do=01;35:bd=40;33;01:cd=40;33;01:or=40;31;01:mi=00:su=37;41:sg=30;43:ca=30;41:tw=30;42:ow=34;42:st=37;44:ex=01;32:*.tar=01;31:*.tgz=01;31:*.arc=01;31:*.arj=01;31:*.taz=01;31:*.lha=01;31:*.lz4=01;31:*.lzh=01;31:*.lzma=01;31:*.tlz=01;31:*.txz=01;31:*.tzo=01;31:*.t7z=01;31:*.zip=01;31:*.z=01;31:*.dz=01;31:*.gz=01;31:*.lrz=01;31:*.lz=01;31:*.lzo=01;31:*.xz=01;31:*.zst=01;31:*.tzst=01;31:*.bz2=01;31:*.bz=01;31:*.tbz=01;31:*.tbz2=01;31:*.tz=01;31:*.deb=01;31:*.rpm=01;31:*.jar=01;31:*.war=01;31:*.ear=01;31:*.sar=01;31:*.rar=01;31:*.alz=01;31:*.ace=01;31:*.zoo=01;31:*.cpio=01;31:*.7z=01;31:*.rz=01;31:*.cab=01;31:*.wim=01;31:*.swm=01;31:*.dwm=01;31:*.esd=01;31:*.jpg=01;35:*.jpeg=01;35:*.mjpg=01;35:*.mjpeg=01;35:*.gif=01;35:*.bmp=01;35:*.pbm=01;35:*.pgm=01;35:*.ppm=01;35:*.tga=01;35:*.xbm=01;35:*.xpm=01;35:*.tif=01;35:*.tiff=01;35:*.png=01;35:*.svg=01;35:*.svgz=01;35:*.mng=01;35:*.pcx=01;35:*.mov=01;35:*.mpg=01;35:*.mpeg=01;35:*.m2v=01;35:*.mkv=01;35:*.webm=01;35:*.webp=01;35:*.ogm=01;35:*.mp4=01;35:*.m4v=01;35:*.mp4v=01;35:*.vob=01;35:*.qt=01;35:*.nuv=01;35:*.wmv=01;35:*.asf=01;35:*.rm=01;35:*.rmvb=01;35:*.flc=01;35:*.avi=01;35:*.fli=01;35:*.flv=01;35:*.gl=01;35:*.dl=01;35:*.xcf=01;35:*.xwd=01;35:*.yuv=01;35:*.cgm=01;35:*.emf=01;35:*.ogv=01;35:*.ogx=01;35:*.aac=00;36:*.au=00;36:*.flac=00;36:*.m4a=00;36:*.mid=00;36:*.midi=00;36:*.mka=00;36:*.mp3=00;36:*.mpc=00;36:*.ogg=00;36:*.ra=00;36:*.wav=00;36:*.oga=00;36:*.opus=00;36:*.spx=00;36:*.xspf=00;36:', 'GNOME_TERMINAL_SERVICE': ':1.127', 'SSH_AGENT_LAUNCHER': 'gnome-keyring', 'SSH_AUTH_SOCK': '/run/user/1000/keyring/ssh', 'AMENT_PREFIX_PATH': '/home/donavyn/docker_test/ros2_ws/src/install/learning_tf2_py:/home/donavyn/docker_test/ros2_ws/install/tutorial_interfaces:/home/donavyn/docker_test/ros2_ws/install/turtlesim:/home/donavyn/docker_test/ros2_ws/install/python_parameters:/home/donavyn/docker_test/ros2_ws/install/py_srvcli:/home/donavyn/docker_test/ros2_ws/install/py_pubsub:/home/donavyn/docker_test/ros2_ws/install/my_package:/home/donavyn/docker_test/ros2_ws/install/more_interfaces:/home/donavyn/docker_test/ros2_ws/install/launch_testing_examples:/home/donavyn/docker_test/ros2_ws/install/examples_rclpy_pointcloud_publisher:/home/donavyn/docker_test/ros2_ws/install/examples_rclpy_minimal_subscriber:/home/donavyn/docker_test/ros2_ws/install/examples_rclpy_minimal_service:/home/donavyn/docker_test/ros2_ws/install/examples_rclpy_minimal_publisher:/home/donavyn/docker_test/ros2_ws/install/examples_rclpy_minimal_client:/home/donavyn/docker_test/ros2_ws/install/examples_rclpy_minimal_action_server:/home/donavyn/docker_test/ros2_ws/install/examples_rclpy_minimal_action_client:/home/donavyn/docker_test/ros2_ws/install/examples_rclpy_guard_conditions:/home/donavyn/docker_test/ros2_ws/install/examples_rclpy_executors:/home/donavyn/docker_test/ros2_ws/install/action_tutorials_interfaces:/opt/ros/humble', 'SHELL': '/bin/bash', 'QT_ACCESSIBILITY': '1', 'GDMSESSION': 'ubuntu', 'LESSCLOSE': '/usr/bin/lesspipe %s %s', 'GPG_AGENT_INFO': '/run/user/1000/gnupg/S.gpg-agent:0:1', 'QT_IM_MODULE': 'ibus', 'PWD': '/home/donavyn/docker_test/ros2_ws/src/build/learning_tf2_py', 'XDG_CONFIG_DIRS': '/etc/xdg/xdg-ubuntu:/etc/xdg', 'XDG_DATA_DIRS': '/usr/share/ubuntu:/usr/share/gnome:/usr/local/share/:/usr/share/:/var/lib/snapd/desktop', 'PYTHONPATH': '/home/donavyn/docker_test/ros2_ws/src/install/learning_tf2_py/lib/python3.10/site-packages:/home/donavyn/docker_test/ros2_ws/install/tutorial_interfaces/local/lib/python3.10/dist-packages:/home/donavyn/docker_test/ros2_ws/install/turtlesim/local/lib/python3.10/dist-packages:/home/donavyn/docker_test/ros2_ws/install/python_parameters/lib/python3.10/site-packages:/home/donavyn/docker_test/ros2_ws/install/py_srvcli/lib/python3.10/site-packages:/home/donavyn/docker_test/ros2_ws/install/py_pubsub/lib/python3.10/site-packages:/home/donavyn/docker_test/ros2_ws/install/my_package/lib/python3.10/site-packages:/home/donavyn/docker_test/ros2_ws/install/more_interfaces/local/lib/python3.10/dist-packages:/home/donavyn/docker_test/ros2_ws/install/launch_testing_examples/lib/python3.10/site-packages:/home/donavyn/docker_test/ros2_ws/install/examples_rclpy_pointcloud_publisher/lib/python3.10/site-packages:/home/donavyn/docker_test/ros2_ws/install/examples_rclpy_minimal_subscriber/lib/python3.10/site-packages:/home/donavyn/docker_test/ros2_ws/install/examples_rclpy_minimal_service/lib/python3.10/site-packages:/home/donavyn/docker_test/ros2_ws/install/examples_rclpy_minimal_publisher/lib/python3.10/site-packages:/home/donavyn/docker_test/ros2_ws/install/examples_rclpy_minimal_client/lib/python3.10/site-packages:/home/donavyn/docker_test/ros2_ws/install/examples_rclpy_minimal_action_server/lib/python3.10/site-packages:/home/donavyn/docker_test/ros2_ws/install/examples_rclpy_minimal_action_client/lib/python3.10/site-packages:/home/donavyn/docker_test/ros2_ws/install/examples_rclpy_guard_conditions/lib/python3.10/site-packages:/home/donavyn/docker_test/ros2_ws/install/examples_rclpy_executors/lib/python3.10/site-packages:/home/donavyn/docker_test/ros2_ws/install/action_tutorials_interfaces/local/lib/python3.10/dist-packages:/opt/ros/humble/lib/python3.10/site-packages:/opt/ros/humble/local/lib/python3.10/dist-packages', 'COLCON': '1', 'VTE_VERSION': '6800', 'CMAKE_PREFIX_PATH': '/home/donavyn/docker_test/ros2_ws/install/tutorial_interfaces:/home/donavyn/docker_test/ros2_ws/install/turtlesim:/home/donavyn/docker_test/ros2_ws/install/more_interfaces:/home/donavyn/docker_test/ros2_ws/install/examples_rclcpp_wait_set:/home/donavyn/docker_test/ros2_ws/install/examples_rclcpp_multithreaded_executor:/home/donavyn/docker_test/ros2_ws/install/examples_rclcpp_minimal_timer:/home/donavyn/docker_test/ros2_ws/install/examples_rclcpp_minimal_subscriber:/home/donavyn/docker_test/ros2_ws/install/examples_rclcpp_minimal_service:/home/donavyn/docker_test/ros2_ws/install/examples_rclcpp_minimal_publisher:/home/donavyn/docker_test/ros2_ws/install/examples_rclcpp_minimal_composition:/home/donavyn/docker_test/ros2_ws/install/examples_rclcpp_minimal_client:/home/donavyn/docker_test/ros2_ws/install/examples_rclcpp_minimal_action_server:/home/donavyn/docker_test/ros2_ws/install/examples_rclcpp_minimal_action_client:/home/donavyn/docker_test/ros2_ws/install/examples_rclcpp_cbg_executor:/home/donavyn/docker_test/ros2_ws/install/examples_rclcpp_async_client:/home/donavyn/docker_test/ros2_ws/install/action_tutorials_interfaces', 'PYTHONDONTWRITEBYTECODE': '1', 'PYTEST_ADDOPTS': '--tb=short --junit-xml=/home/donavyn/docker_test/ros2_ws/src/build/learning_tf2_py/pytest.xml --junit-prefix=learning_tf2_py -o cache_dir=/home/donavyn/docker_test/ros2_ws/src/build/learning_tf2_py/.pytest_cache'}, 'shell': False}
[3.103446] (examples_rclpy_minimal_action_client) CommandEnded: {'returncode': 0}
[3.103695] (examples_rclpy_minimal_action_client) JobEnded: {'identifier': 'examples_rclpy_minimal_action_client', 'rc': 0}
[3.103966] (examples_rclpy_minimal_publisher) CommandEnded: {'returncode': 0}
[3.104203] (examples_rclpy_minimal_publisher) JobEnded: {'identifier': 'examples_rclpy_minimal_publisher', 'rc': 0}
[3.104420] (examples_rclpy_executors) CommandEnded: {'returncode': 0}
[3.104646] (examples_rclpy_executors) JobEnded: {'identifier': 'examples_rclpy_executors', 'rc': 0}
[3.104869] (examples_rclpy_guard_conditions) CommandEnded: {'returncode': 0}
[3.105102] (examples_rclpy_guard_conditions) JobEnded: {'identifier': 'examples_rclpy_guard_conditions', 'rc': 0}
[3.105298] (examples_rclpy_minimal_action_server) CommandEnded: {'returncode': 0}
[3.105530] (examples_rclpy_minimal_action_server) JobEnded: {'identifier': 'examples_rclpy_minimal_action_server', 'rc': 0}
[3.105747] (examples_rclpy_minimal_client) CommandEnded: {'returncode': 0}
[3.105981] (examples_rclpy_minimal_client) JobEnded: {'identifier': 'examples_rclpy_minimal_client', 'rc': 0}
[3.106188] (examples_rclpy_minimal_subscriber) CommandEnded: {'returncode': 0}
[3.106419] (examples_rclpy_minimal_subscriber) JobEnded: {'identifier': 'examples_rclpy_minimal_subscriber', 'rc': 0}
[3.106633] (examples_rclpy_pointcloud_publisher) CommandEnded: {'returncode': 0}
[3.106878] (examples_rclpy_pointcloud_publisher) JobEnded: {'identifier': 'examples_rclpy_pointcloud_publisher', 'rc': 0}
[3.107095] (examples_rclpy_minimal_service) CommandEnded: {'returncode': 0}
[3.107348] (examples_rclpy_minimal_service) JobEnded: {'identifier': 'examples_rclpy_minimal_service', 'rc': 0}
[3.107576] (my_package) CommandEnded: {'returncode': 0}
[3.107825] (my_package) JobEnded: {'identifier': 'my_package', 'rc': 0}
[3.108051] (py_pubsub) CommandEnded: {'returncode': 1}
[3.108301] (py_pubsub) TestFailure: {'identifier': 'py_pubsub'}
[3.108325] (py_pubsub) JobEnded: {'identifier': 'py_pubsub', 'rc': 0}
[3.108545] (-) TimerEvent: {}
[3.118685] (python_parameters) StdoutLine: {'line': b'\x1b[1m============================= test session starts ==============================\x1b[0m\n'}
[3.118878] (python_parameters) StdoutLine: {'line': b'platform linux -- Python 3.10.12, pytest-6.2.5, py-1.10.0, pluggy-0.13.0\n'}
[3.121698] (python_parameters) StdoutLine: {'line': b'cachedir: /home/donavyn/docker_test/ros2_ws/src/build/python_parameters/.pytest_cache\n'}
[3.121843] (python_parameters) StdoutLine: {'line': b'rootdir: /home/donavyn/docker_test/ros2_ws/src/python_parameters\n'}
[3.121920] (python_parameters) StdoutLine: {'line': b'plugins: ament-pep257-0.12.11, ament-lint-0.12.11, ament-xmllint-0.12.11, ament-flake8-0.12.11, launch-testing-ros-0.19.7, ament-copyright-0.12.11, launch-testing-1.0.6, cov-3.0.0, colcon-core-0.17.0\n'}
[3.128144] (py_srvcli) StdoutLine: {'line': b'    \x1b[94massert\x1b[39;49;00m rc == \x1b[94m0\x1b[39;49;00m, \\\n'}
[3.128278] (py_srvcli) StdoutLine: {'line': b'\x1b[1m\x1b[31mE   AssertionError: Found 4 code style errors / warnings:\x1b[0m\n'}
[3.128462] (py_srvcli) StderrLine: {'line': b'\x1b[33m=============================== warnings summary ===============================\x1b[0m\n'}
[3.128598] (py_srvcli) StderrLine: {'line': b'test/test_flake8.py::test_flake8\n'}
[3.128882] (py_srvcli) StderrLine: {'line': b'test/test_flake8.py::test_flake8\n'}
[3.128947] (py_srvcli) StderrLine: {'line': b'  Warning: SelectableGroups dict interface is deprecated. Use select.\n'}
[3.129000] (py_srvcli) StderrLine: {'line': b'\n'}
[3.129048] (py_srvcli) StderrLine: {'line': b'-- Docs: https://docs.pytest.org/en/stable/warnings.html\n'}
[3.129095] (py_srvcli) StdoutLine: {'line': b'\x1b[1m\x1b[31mE     ./setup.py:23:9: W191 indentation contains tabs\x1b[0m\n'}
[3.129147] (py_srvcli) StdoutLine: {'line': b'\x1b[1m\x1b[31mE     ./setup.py:23:9: E101 indentation contains mixed spaces and tabs\x1b[0m\n'}
[3.129192] (py_srvcli) StdoutLine: {'line': b'\x1b[1m\x1b[31mE     ./setup.py:24:9: W191 indentation contains tabs\x1b[0m\n'}
[3.129233] (py_srvcli) StdoutLine: {'line': b'\x1b[1m\x1b[31mE     ./setup.py:24:9: E101 indentation contains mixed spaces and tabs\x1b[0m\n'}
[3.129274] (py_srvcli) StdoutLine: {'line': b'\x1b[1m\x1b[31mE   assert 1 == 0\x1b[0m\n'}
[3.129315] (py_srvcli) StdoutLine: {'line': b'----------------------------- Captured stdout call -----------------------------\n'}
[3.129357] (py_srvcli) StdoutLine: {'line': b'\n'}
[3.129399] (py_srvcli) StdoutLine: {'line': b'./setup.py:23:9: W191 indentation contains tabs\n'}
[3.129441] (py_srvcli) StdoutLine: {'line': b"        \t'service = py_srvcli.service_member_function:main',\n"}
[3.129491] (py_srvcli) StdoutLine: {'line': b'        ^\n'}
[3.129534] (py_srvcli) StdoutLine: {'line': b'\n'}
[3.129574] (py_srvcli) StdoutLine: {'line': b'./setup.py:23:9: E101 indentation contains mixed spaces and tabs\n'}
[3.129632] (py_srvcli) StdoutLine: {'line': b"        \t'service = py_srvcli.service_member_function:main',\n"}
[3.129674] (py_srvcli) StdoutLine: {'line': b'        ^\n'}
[3.129717] (py_srvcli) StdoutLine: {'line': b'\n'}
[3.129760] (py_srvcli) StdoutLine: {'line': b'./setup.py:24:9: W191 indentation contains tabs\n'}
[3.129816] (py_srvcli) StdoutLine: {'line': b"        \t'client = py_srvcli.client_member_function:main',\n"}
[3.129859] (py_srvcli) StdoutLine: {'line': b'        ^\n'}
[3.129901] (py_srvcli) StdoutLine: {'line': b'\n'}
[3.129943] (py_srvcli) StdoutLine: {'line': b'./setup.py:24:9: E101 indentation contains mixed spaces and tabs\n'}
[3.129985] (py_srvcli) StdoutLine: {'line': b"        \t'client = py_srvcli.client_member_function:main',\n"}
[3.130027] (py_srvcli) StdoutLine: {'line': b'        ^\n'}
[3.130069] (py_srvcli) StdoutLine: {'line': b'\n'}
[3.130110] (py_srvcli) StdoutLine: {'line': b'2     E101 indentation contains mixed spaces and tabs\n'}
[3.130151] (py_srvcli) StdoutLine: {'line': b'2     W191 indentation contains tabs\n'}
[3.130192] (py_srvcli) StdoutLine: {'line': b'\n'}
[3.130234] (py_srvcli) StdoutLine: {'line': b'7 files checked\n'}
[3.130275] (py_srvcli) StdoutLine: {'line': b'4 errors\n'}
[3.130318] (py_srvcli) StdoutLine: {'line': b'\n'}
[3.130359] (py_srvcli) StdoutLine: {'line': b"'E'-type errors: 2\n"}
[3.130400] (py_srvcli) StdoutLine: {'line': b"'W'-type errors: 2\n"}
[3.130441] (py_srvcli) StdoutLine: {'line': b'\n'}
[3.130483] (py_srvcli) StdoutLine: {'line': b'Checked files:\n'}
[3.130524] (py_srvcli) StdoutLine: {'line': b'\n'}
[3.130564] (py_srvcli) StdoutLine: {'line': b'* ./setup.py\n'}
[3.130614] (py_srvcli) StdoutLine: {'line': b'* ./test/test_flake8.py\n'}
[3.130655] (py_srvcli) StdoutLine: {'line': b'* ./test/test_copyright.py\n'}
[3.130697] (py_srvcli) StdoutLine: {'line': b'* ./test/test_pep257.py\n'}
[3.130739] (py_srvcli) StdoutLine: {'line': b'* ./py_srvcli/__init__.py\n'}
[3.130793] (py_srvcli) StdoutLine: {'line': b'* ./py_srvcli/service_member_function.py\n'}
[3.130836] (py_srvcli) StdoutLine: {'line': b'* ./py_srvcli/client_member_function.py\n'}
[3.130895] (py_srvcli) StdoutLine: {'line': b'----------------------------- Captured stderr call -----------------------------\n'}
[3.130937] (py_srvcli) StdoutLine: {'line': b'option --max-complexity: please update from optparse string `type=` to argparse callable `type=` -- this will be an error in the future\n'}
[3.130985] (py_srvcli) StdoutLine: {'line': b'- generated xml file: /home/donavyn/docker_test/ros2_ws/src/build/py_srvcli/pytest.xml -\n'}
[3.131029] (py_srvcli) StdoutLine: {'line': b'=========================== short test summary info ============================\n'}
[3.131120] (py_srvcli) StdoutLine: {'line': b'FAILED test/test_flake8.py::test_flake8 - AssertionError: Found 4 code style ...\n'}
[3.131168] (py_srvcli) StdoutLine: {'line': b'\x1b[31m============== \x1b[31m\x1b[1m1 failed\x1b[0m, \x1b[32m1 passed\x1b[0m, \x1b[33m1 skipped\x1b[0m, \x1b[33m2 warnings\x1b[0m\x1b[31m in 0.22s\x1b[0m\x1b[31m ==============\x1b[0m\n'}
[3.188967] (python_parameters) StdoutLine: {'line': b'\x1b[1mcollecting ... \x1b[0m\x1b[1m\n'}
[3.189137] (python_parameters) StdoutLine: {'line': b'collected 3 items                                                              \x1b[0m\n'}
[3.189263] (python_parameters) StdoutLine: {'line': b'\n'}
[3.193313] (python_parameters) StdoutLine: {'line': b'test/test_copyright.py \x1b[33ms\x1b[0m\x1b[32m                                                 [ 33%]\x1b[0m\n'}
[3.201745] (py_srvcli) CommandEnded: {'returncode': 1}
[3.202023] (py_srvcli) TestFailure: {'identifier': 'py_srvcli'}
[3.202041] (py_srvcli) JobEnded: {'identifier': 'py_srvcli', 'rc': 0}
[3.208630] (-) TimerEvent: {}
[3.309241] (-) TimerEvent: {}
[3.323820] (learning_tf2_py) StdoutLine: {'line': b'\x1b[1m============================= test session starts ==============================\x1b[0m\n'}
[3.323992] (learning_tf2_py) StdoutLine: {'line': b'platform linux -- Python 3.10.12, pytest-6.2.5, py-1.10.0, pluggy-0.13.0\n'}
[3.325716] (learning_tf2_py) StdoutLine: {'line': b'cachedir: /home/donavyn/docker_test/ros2_ws/src/build/learning_tf2_py/.pytest_cache\n'}
[3.325803] (learning_tf2_py) StdoutLine: {'line': b'rootdir: /home/donavyn/docker_test/ros2_ws/src/learning_tf2_py\n'}
[3.325853] (learning_tf2_py) StdoutLine: {'line': b'plugins: ament-pep257-0.12.11, ament-lint-0.12.11, ament-xmllint-0.12.11, ament-flake8-0.12.11, launch-testing-ros-0.19.7, ament-copyright-0.12.11, launch-testing-1.0.6, cov-3.0.0, colcon-core-0.17.0\n'}
[3.353397] (python_parameters) StdoutLine: {'line': b'test/test_flake8.py \x1b[31mF\x1b[0m\x1b[31m                                                    [ 66%]\x1b[0m\n'}
[3.374631] (learning_tf2_py) StdoutLine: {'line': b'\x1b[1mcollecting ... \x1b[0m\x1b[1m\n'}
[3.374858] (learning_tf2_py) StdoutLine: {'line': b'collected 3 items                                                              \x1b[0m\n'}
[3.375042] (learning_tf2_py) StdoutLine: {'line': b'\n'}
[3.378749] (learning_tf2_py) StdoutLine: {'line': b'test/test_copyright.py \x1b[33ms\x1b[0m\x1b[32m                                                 [ 33%]\x1b[0m\n'}
[3.401476] (python_parameters) StdoutLine: {'line': b'test/test_pep257.py \x1b[32m.\x1b[0m\x1b[31m                                                    [100%]\x1b[0m\n'}
[3.401689] (python_parameters) StdoutLine: {'line': b'\n'}
[3.401798] (python_parameters) StdoutLine: {'line': b'=================================== FAILURES ===================================\n'}
[3.401883] (python_parameters) StdoutLine: {'line': b'\x1b[31m\x1b[1m_________________________________ test_flake8 __________________________________\x1b[0m\n'}
[3.401952] (python_parameters) StdoutLine: {'line': b'\x1b[1m\x1b[31mtest/test_flake8.py\x1b[0m:23: in test_flake8\n'}
[3.409280] (-) TimerEvent: {}
[3.426150] (python_parameters) StdoutLine: {'line': b'    \x1b[94massert\x1b[39;49;00m rc == \x1b[94m0\x1b[39;49;00m, \\\n'}
[3.426548] (python_parameters) StdoutLine: {'line': b'\x1b[1m\x1b[31mE   AssertionError: Found 13 code style errors / warnings:\x1b[0m\n'}
[3.426595] (python_parameters) StdoutLine: {'line': b'\x1b[1m\x1b[31mE     ./setup.py:25:9: E122 continuation line missing indentation or outdented\x1b[0m\n'}
[3.426638] (python_parameters) StdoutLine: {'line': b'\x1b[1m\x1b[31mE     ./launch/python_parameters_launch.py:4:1: E302 expected 2 blank lines, found 1\x1b[0m\n'}
[3.426675] (python_parameters) StdoutLine: {'line': b'\x1b[1m\x1b[31mE     ./install/python_parameters/lib/python3.10/site-packages/python_parameters/python_parameters_node.py:4:1: E302 expected 2 blank lines, found 1\x1b[0m\n'}
[3.426710] (python_parameters) StdoutLine: {'line': b'\x1b[1m\x1b[31mE     ./install/python_parameters/lib/python3.10/site-packages/python_parameters/python_parameters_node.py:25:1: E302 expected 2 blank lines, found 1\x1b[0m\n'}
[3.426742] (python_parameters) StdoutLine: {'line': b'\x1b[1m\x1b[31mE     ./install/python_parameters/lib/python3.10/site-packages/python_parameters/python_parameters_node.py:30:1: E305 expected 2 blank lines after class or function definition, found 1\x1b[0m\n'}
[3.426788] (python_parameters) StdoutLine: {'line': b'\x1b[1m\x1b[31mE     ./install/python_parameters/share/python_parameters/python_parameters_launch.py:4:1: E302 expected 2 blank lines, found 1\x1b[0m\n'}
[3.426822] (python_parameters) StdoutLine: {'line': b'\x1b[1m\x1b[31mE     ./build/python_parameters/prefix_override/sitecustomize.py:4:100: E501 line too long (106 > 99 characters)\x1b[0m\n'}
[3.426854] (python_parameters) StdoutLine: {'line': b'\x1b[1m\x1b[31mE     ./build/python_parameters/build/lib/python_parameters/python_parameters_node.py:4:1: E302 expected 2 blank lines, found 1\x1b[0m\n'}
[3.426887] (python_parameters) StdoutLine: {'line': b'\x1b[1m\x1b[31mE     ./build/python_parameters/build/lib/python_parameters/python_parameters_node.py:25:1: E302 expected 2 blank lines, found 1\x1b[0m\n'}
[3.426932] (python_parameters) StdoutLine: {'line': b'\x1b[1m\x1b[31mE     ./build/python_parameters/build/lib/python_parameters/python_parameters_node.py:30:1: E305 expected 2 blank lines after class or function definition, found 1\x1b[0m\n'}
[3.426966] (python_parameters) StdoutLine: {'line': b'\x1b[1m\x1b[31mE     ./python_parameters/python_parameters_node.py:4:1: E302 expected 2 blank lines, found 1\x1b[0m\n'}
[3.426998] (python_parameters) StdoutLine: {'line': b'\x1b[1m\x1b[31mE     ./python_parameters/python_parameters_node.py:25:1: E302 expected 2 blank lines, found 1\x1b[0m\n'}
[3.427030] (python_parameters) StdoutLine: {'line': b'\x1b[1m\x1b[31mE     ./python_parameters/python_parameters_node.py:30:1: E305 expected 2 blank lines after class or function definition, found 1\x1b[0m\n'}
[3.427062] (python_parameters) StdoutLine: {'line': b'\x1b[1m\x1b[31mE   assert 1 == 0\x1b[0m\n'}
[3.427097] (python_parameters) StdoutLine: {'line': b'----------------------------- Captured stdout call -----------------------------\n'}
[3.427136] (python_parameters) StdoutLine: {'line': b'\n'}
[3.427169] (python_parameters) StdoutLine: {'line': b'./setup.py:25:9: E122 continuation line missing indentation or outdented\n'}
[3.427202] (python_parameters) StdoutLine: {'line': b"        'minimal_param_node = python_parameters.python_parameters_node:main',\n"}
[3.427236] (python_parameters) StdoutLine: {'line': b'        ^\n'}
[3.427267] (python_parameters) StdoutLine: {'line': b'\n'}
[3.427299] (python_parameters) StdoutLine: {'line': b'./launch/python_parameters_launch.py:4:1: E302 expected 2 blank lines, found 1\n'}
[3.427348] (python_parameters) StdoutLine: {'line': b'def generate_launch_description():\n'}
[3.427379] (python_parameters) StdoutLine: {'line': b'^\n'}
[3.427408] (python_parameters) StdoutLine: {'line': b'\n'}
[3.427437] (python_parameters) StdoutLine: {'line': b'./install/python_parameters/lib/python3.10/site-packages/python_parameters/python_parameters_node.py:4:1: E302 expected 2 blank lines, found 1\n'}
[3.427467] (python_parameters) StdoutLine: {'line': b'class MinimalParam(rclpy.node.Node):\n'}
[3.427497] (python_parameters) StdoutLine: {'line': b'^\n'}
[3.427527] (python_parameters) StdoutLine: {'line': b'\n'}
[3.427556] (python_parameters) StdoutLine: {'line': b'./install/python_parameters/lib/python3.10/site-packages/python_parameters/python_parameters_node.py:25:1: E302 expected 2 blank lines, found 1\n'}
[3.427585] (python_parameters) StdoutLine: {'line': b'def main():\n'}
[3.427614] (python_parameters) StdoutLine: {'line': b'^\n'}
[3.427642] (python_parameters) StdoutLine: {'line': b'\n'}
[3.427671] (python_parameters) StdoutLine: {'line': b'./install/python_parameters/lib/python3.10/site-packages/python_parameters/python_parameters_node.py:30:1: E305 expected 2 blank lines after class or function definition, found 1\n'}
[3.427701] (python_parameters) StdoutLine: {'line': b"if __name__ == '__main__':\n"}
[3.427729] (python_parameters) StdoutLine: {'line': b'^\n'}
[3.427765] (python_parameters) StdoutLine: {'line': b'\n'}
[3.427797] (python_parameters) StdoutLine: {'line': b'./install/python_parameters/share/python_parameters/python_parameters_launch.py:4:1: E302 expected 2 blank lines, found 1\n'}
[3.427834] (python_parameters) StdoutLine: {'line': b'def generate_launch_description():\n'}
[3.427862] (python_parameters) StdoutLine: {'line': b'^\n'}
[3.427890] (python_parameters) StdoutLine: {'line': b'\n'}
[3.427919] (python_parameters) StdoutLine: {'line': b'./build/python_parameters/prefix_override/sitecustomize.py:4:100: E501 line too long (106 > 99 characters)\n'}
[3.427948] (python_parameters) StdoutLine: {'line': b"    sys.prefix = sys.exec_prefix = '/home/donavyn/ros2_ws/src/python_parameters/install/python_parameters'\n"}
[3.427976] (python_parameters) StdoutLine: {'line': b'                                                                                                   ^\n'}
[3.428008] (python_parameters) StdoutLine: {'line': b'\n'}
[3.428035] (python_parameters) StdoutLine: {'line': b'./build/python_parameters/build/lib/python_parameters/python_parameters_node.py:4:1: E302 expected 2 blank lines, found 1\n'}
[3.428064] (python_parameters) StdoutLine: {'line': b'class MinimalParam(rclpy.node.Node):\n'}
[3.428092] (python_parameters) StdoutLine: {'line': b'^\n'}
[3.428121] (python_parameters) StdoutLine: {'line': b'\n'}
[3.428149] (python_parameters) StdoutLine: {'line': b'./build/python_parameters/build/lib/python_parameters/python_parameters_node.py:25:1: E302 expected 2 blank lines, found 1\n'}
[3.428177] (python_parameters) StdoutLine: {'line': b'def main():\n'}
[3.428206] (python_parameters) StdoutLine: {'line': b'^\n'}
[3.428234] (python_parameters) StdoutLine: {'line': b'\n'}
[3.428261] (python_parameters) StdoutLine: {'line': b'./build/python_parameters/build/lib/python_parameters/python_parameters_node.py:30:1: E305 expected 2 blank lines after class or function definition, found 1\n'}
[3.428290] (python_parameters) StdoutLine: {'line': b"if __name__ == '__main__':\n"}
[3.428318] (python_parameters) StdoutLine: {'line': b'^\n'}
[3.428353] (python_parameters) StdoutLine: {'line': b'\n'}
[3.428383] (python_parameters) StdoutLine: {'line': b'./python_parameters/python_parameters_node.py:4:1: E302 expected 2 blank lines, found 1\n'}
[3.428413] (python_parameters) StdoutLine: {'line': b'class MinimalParam(rclpy.node.Node):\n'}
[3.428443] (python_parameters) StdoutLine: {'line': b'^\n'}
[3.428474] (python_parameters) StdoutLine: {'line': b'\n'}
[3.428504] (python_parameters) StdoutLine: {'line': b'./python_parameters/python_parameters_node.py:25:1: E302 expected 2 blank lines, found 1\n'}
[3.428535] (python_parameters) StdoutLine: {'line': b'def main():\n'}
[3.428565] (python_parameters) StdoutLine: {'line': b'^\n'}
[3.428596] (python_parameters) StdoutLine: {'line': b'\n'}
[3.428626] (python_parameters) StdoutLine: {'line': b'./python_parameters/python_parameters_node.py:30:1: E305 expected 2 blank lines after class or function definition, found 1\n'}
[3.428657] (python_parameters) StdoutLine: {'line': b"if __name__ == '__main__':\n"}
[3.428688] (python_parameters) StdoutLine: {'line': b'^\n'}
[3.428718] (python_parameters) StdoutLine: {'line': b'\n'}
[3.428748] (python_parameters) StdoutLine: {'line': b'1     E122 continuation line missing indentation or outdented\n'}
[3.428788] (python_parameters) StdoutLine: {'line': b'8     E302 expected 2 blank lines, found 1\n'}
[3.428821] (python_parameters) StdoutLine: {'line': b'3     E305 expected 2 blank lines after class or function definition, found 1\n'}
[3.428852] (python_parameters) StdoutLine: {'line': b'1     E501 line too long (106 > 99 characters)\n'}
[3.428883] (python_parameters) StdoutLine: {'line': b'\n'}
[3.428914] (python_parameters) StdoutLine: {'line': b'15 files checked\n'}
[3.428945] (python_parameters) StdoutLine: {'line': b'13 errors\n'}
[3.428976] (python_parameters) StdoutLine: {'line': b'\n'}
[3.429007] (python_parameters) StdoutLine: {'line': b"'E'-type errors: 13\n"}
[3.429037] (python_parameters) StdoutLine: {'line': b'\n'}
[3.429067] (python_parameters) StdoutLine: {'line': b'Checked files:\n'}
[3.429098] (python_parameters) StdoutLine: {'line': b'\n'}
[3.429129] (python_parameters) StdoutLine: {'line': b'* ./setup.py\n'}
[3.429159] (python_parameters) StdoutLine: {'line': b'* ./launch/python_parameters_launch.py\n'}
[3.429191] (python_parameters) StdoutLine: {'line': b'* ./install/_local_setup_util_ps1.py\n'}
[3.429221] (python_parameters) StdoutLine: {'line': b'* ./install/_local_setup_util_sh.py\n'}
[3.429252] (python_parameters) StdoutLine: {'line': b'* ./install/python_parameters/lib/python3.10/site-packages/python_parameters/__init__.py\n'}
[3.429283] (python_parameters) StdoutLine: {'line': b'* ./install/python_parameters/lib/python3.10/site-packages/python_parameters/python_parameters_node.py\n'}
[3.429314] (python_parameters) StdoutLine: {'line': b'* ./install/python_parameters/share/python_parameters/python_parameters_launch.py\n'}
[3.429348] (python_parameters) StdoutLine: {'line': b'* ./test/test_flake8.py\n'}
[3.429378] (python_parameters) StdoutLine: {'line': b'* ./test/test_copyright.py\n'}
[3.429409] (python_parameters) StdoutLine: {'line': b'* ./test/test_pep257.py\n'}
[3.429439] (python_parameters) StdoutLine: {'line': b'* ./build/python_parameters/prefix_override/sitecustomize.py\n'}
[3.429470] (python_parameters) StdoutLine: {'line': b'* ./build/python_parameters/build/lib/python_parameters/__init__.py\n'}
[3.429501] (python_parameters) StdoutLine: {'line': b'* ./build/python_parameters/build/lib/python_parameters/python_parameters_node.py\n'}
[3.429536] (python_parameters) StdoutLine: {'line': b'* ./python_parameters/__init__.py\n'}
[3.429568] (python_parameters) StdoutLine: {'line': b'* ./python_parameters/python_parameters_node.py\n'}
[3.429601] (python_parameters) StdoutLine: {'line': b'----------------------------- Captured stderr call -----------------------------\n'}
[3.429634] (python_parameters) StdoutLine: {'line': b'option --max-complexity: please update from optparse string `type=` to argparse callable `type=` -- this will be an error in the future\n'}
[3.429667] (python_parameters) StderrLine: {'line': b'\x1b[33m=============================== warnings summary ===============================\x1b[0m\n'}
[3.429716] (python_parameters) StderrLine: {'line': b'test/test_flake8.py::test_flake8\n'}
[3.429750] (python_parameters) StderrLine: {'line': b'test/test_flake8.py::test_flake8\n'}
[3.429796] (python_parameters) StderrLine: {'line': b'  Warning: SelectableGroups dict interface is deprecated. Use select.\n'}
[3.429830] (python_parameters) StderrLine: {'line': b'\n'}
[3.429863] (python_parameters) StderrLine: {'line': b'-- Docs: https://docs.pytest.org/en/stable/warnings.html\n'}
[3.429895] (python_parameters) StdoutLine: {'line': b'- generated xml file: /home/donavyn/docker_test/ros2_ws/src/build/python_parameters/pytest.xml -\n'}
[3.429930] (python_parameters) StdoutLine: {'line': b'=========================== short test summary info ============================\n'}
[3.429963] (python_parameters) StdoutLine: {'line': b'FAILED test/test_flake8.py::test_flake8 - AssertionError: Found 13 code style...\n'}
[3.429997] (python_parameters) StdoutLine: {'line': b'\x1b[31m============== \x1b[31m\x1b[1m1 failed\x1b[0m, \x1b[32m1 passed\x1b[0m, \x1b[33m1 skipped\x1b[0m, \x1b[33m2 warnings\x1b[0m\x1b[31m in 0.31s\x1b[0m\x1b[31m ==============\x1b[0m\n'}
[3.452636] (learning_tf2_py) StdoutLine: {'line': b'test/test_flake8.py \x1b[32m.\x1b[0m\x1b[33m                                                    [ 66%]\x1b[0m\n'}
[3.468525] (learning_tf2_py) StdoutLine: {'line': b'test/test_pep257.py \x1b[32m.\x1b[0m\x1b[33m                                                    [100%]\x1b[0m\n'}
[3.468707] (learning_tf2_py) StdoutLine: {'line': b'- generated xml file: /home/donavyn/docker_test/ros2_ws/src/build/learning_tf2_py/pytest.xml -\n'}
[3.468859] (learning_tf2_py) StderrLine: {'line': b'\n'}
[3.468946] (learning_tf2_py) StderrLine: {'line': b'\x1b[33m=============================== warnings summary ===============================\x1b[0m\n'}
[3.468990] (learning_tf2_py) StderrLine: {'line': b'test/test_flake8.py::test_flake8\n'}
[3.469031] (learning_tf2_py) StderrLine: {'line': b'test/test_flake8.py::test_flake8\n'}
[3.469070] (learning_tf2_py) StderrLine: {'line': b'  Warning: SelectableGroups dict interface is deprecated. Use select.\n'}
[3.469113] (learning_tf2_py) StderrLine: {'line': b'\n'}
[3.469153] (learning_tf2_py) StderrLine: {'line': b'-- Docs: https://docs.pytest.org/en/stable/warnings.html\n'}
[3.469190] (learning_tf2_py) StdoutLine: {'line': b'\x1b[33m=================== \x1b[32m2 passed\x1b[0m, \x1b[33m\x1b[1m1 skipped\x1b[0m, \x1b[33m\x1b[1m2 warnings\x1b[0m\x1b[33m in 0.15s\x1b[0m\x1b[33m ===================\x1b[0m\n'}
[3.487533] (python_parameters) CommandEnded: {'returncode': 1}
[3.487860] (python_parameters) TestFailure: {'identifier': 'python_parameters'}
[3.487916] (python_parameters) JobEnded: {'identifier': 'python_parameters', 'rc': 0}
[3.509375] (-) TimerEvent: {}
[3.520926] (learning_tf2_py) CommandEnded: {'returncode': 0}
[3.521191] (learning_tf2_py) JobEnded: {'identifier': 'learning_tf2_py', 'rc': 0}
[3.609498] (-) TimerEvent: {}
[3.709836] (-) TimerEvent: {}
[3.810256] (-) TimerEvent: {}
[3.910750] (-) TimerEvent: {}
[4.011185] (-) TimerEvent: {}
[4.111610] (-) TimerEvent: {}
[4.212043] (-) TimerEvent: {}
[4.312977] (-) TimerEvent: {}
[4.413492] (-) TimerEvent: {}
[4.513869] (-) TimerEvent: {}
[4.614254] (-) TimerEvent: {}
[4.655509] (launch_testing_examples) StdoutLine: {'line': b'launch_testing_examples/check_msgs_launch_test.py \x1b[32m.\x1b[0m\x1b[32m                      [ 11%]\x1b[0m\n'}
[4.714340] (-) TimerEvent: {}
[4.814698] (-) TimerEvent: {}
[4.915228] (-) TimerEvent: {}
[5.015625] (-) TimerEvent: {}
[5.115976] (-) TimerEvent: {}
[5.216286] (-) TimerEvent: {}
[5.316628] (-) TimerEvent: {}
[5.417029] (-) TimerEvent: {}
[5.517466] (-) TimerEvent: {}
[5.617976] (-) TimerEvent: {}
[5.718368] (-) TimerEvent: {}
[5.818677] (-) TimerEvent: {}
[5.919039] (-) TimerEvent: {}
[6.019335] (-) TimerEvent: {}
[6.119805] (-) TimerEvent: {}
[6.220143] (-) TimerEvent: {}
[6.320549] (-) TimerEvent: {}
[6.420990] (-) TimerEvent: {}
[6.521461] (-) TimerEvent: {}
[6.621896] (-) TimerEvent: {}
[6.722394] (-) TimerEvent: {}
[6.822825] (-) TimerEvent: {}
[6.923238] (-) TimerEvent: {}
[7.023548] (-) TimerEvent: {}
[7.123804] (-) TimerEvent: {}
[7.224114] (-) TimerEvent: {}
[7.324543] (-) TimerEvent: {}
[7.424873] (-) TimerEvent: {}
[7.525321] (-) TimerEvent: {}
[7.625737] (-) TimerEvent: {}
[7.726236] (-) TimerEvent: {}
[7.826632] (-) TimerEvent: {}
[7.927037] (-) TimerEvent: {}
[8.027310] (-) TimerEvent: {}
[8.127630] (-) TimerEvent: {}
[8.228045] (-) TimerEvent: {}
[8.328399] (-) TimerEvent: {}
[8.428672] (-) TimerEvent: {}
[8.467850] (launch_testing_examples) StdoutLine: {'line': b'launch_testing_examples/check_multiple_nodes_launch_test.py \x1b[32m.\x1b[0m\x1b[32m            [ 22%]\x1b[0m\n'}
[8.528805] (-) TimerEvent: {}
[8.629171] (-) TimerEvent: {}
[8.729444] (-) TimerEvent: {}
[8.829793] (-) TimerEvent: {}
[8.930163] (-) TimerEvent: {}
[9.030490] (-) TimerEvent: {}
[9.130937] (-) TimerEvent: {}
[9.231364] (-) TimerEvent: {}
[9.331837] (-) TimerEvent: {}
[9.432204] (-) TimerEvent: {}
[9.532563] (-) TimerEvent: {}
[9.632998] (-) TimerEvent: {}
[9.733373] (-) TimerEvent: {}
[9.833751] (-) TimerEvent: {}
[9.934108] (-) TimerEvent: {}
[10.034744] (-) TimerEvent: {}
[10.135071] (-) TimerEvent: {}
[10.235382] (-) TimerEvent: {}
[10.335787] (-) TimerEvent: {}
[10.436215] (-) TimerEvent: {}
[10.536600] (-) TimerEvent: {}
[10.637020] (-) TimerEvent: {}
[10.737347] (-) TimerEvent: {}
[10.837629] (-) TimerEvent: {}
[10.937958] (-) TimerEvent: {}
[11.038415] (-) TimerEvent: {}
[11.138716] (-) TimerEvent: {}
[11.239377] (-) TimerEvent: {}
[11.340062] (-) TimerEvent: {}
[11.440441] (-) TimerEvent: {}
[11.540784] (-) TimerEvent: {}
[11.641122] (-) TimerEvent: {}
[11.741438] (-) TimerEvent: {}
[11.841946] (-) TimerEvent: {}
[11.942356] (-) TimerEvent: {}
[12.042640] (-) TimerEvent: {}
[12.142934] (-) TimerEvent: {}
[12.243259] (-) TimerEvent: {}
[12.343842] (-) TimerEvent: {}
[12.444178] (-) TimerEvent: {}
[12.544520] (-) TimerEvent: {}
[12.644826] (-) TimerEvent: {}
[12.745182] (-) TimerEvent: {}
[12.845548] (-) TimerEvent: {}
[12.945811] (-) TimerEvent: {}
[13.046287] (-) TimerEvent: {}
[13.146810] (-) TimerEvent: {}
[13.247102] (-) TimerEvent: {}
[13.347426] (-) TimerEvent: {}
[13.447775] (-) TimerEvent: {}
[13.548184] (-) TimerEvent: {}
[13.648585] (-) TimerEvent: {}
[13.749037] (-) TimerEvent: {}
[13.849507] (-) TimerEvent: {}
[13.950040] (-) TimerEvent: {}
[14.050512] (-) TimerEvent: {}
[14.120747] (launch_testing_examples) StdoutLine: {'line': b'launch_testing_examples/check_node_launch_test.py \x1b[32m.\x1b[0m\x1b[32m                      [ 33%]\x1b[0m\n'}
[14.129621] (launch_testing_examples) StdoutLine: {'line': b'launch_testing_examples/hello_world_launch_test.py \x1b[32m.\x1b[0m\x1b[32m                     [ 44%]\x1b[0m\n'}
[14.150596] (-) TimerEvent: {}
[14.251011] (-) TimerEvent: {}
[14.351388] (-) TimerEvent: {}
[14.451692] (-) TimerEvent: {}
[14.552014] (-) TimerEvent: {}
[14.652321] (-) TimerEvent: {}
[14.752669] (-) TimerEvent: {}
[14.853087] (-) TimerEvent: {}
[14.953431] (-) TimerEvent: {}
[15.053833] (-) TimerEvent: {}
[15.154263] (-) TimerEvent: {}
[15.254720] (-) TimerEvent: {}
[15.355175] (-) TimerEvent: {}
[15.455663] (-) TimerEvent: {}
[15.556137] (-) TimerEvent: {}
[15.656582] (-) TimerEvent: {}
[15.757013] (-) TimerEvent: {}
[15.857420] (-) TimerEvent: {}
[15.957928] (-) TimerEvent: {}
[16.058342] (-) TimerEvent: {}
[16.159003] (-) TimerEvent: {}
[16.259854] (-) TimerEvent: {}
[16.360291] (-) TimerEvent: {}
[16.460696] (-) TimerEvent: {}
[16.561202] (-) TimerEvent: {}
[16.661567] (-) TimerEvent: {}
[16.761979] (-) TimerEvent: {}
[16.862473] (-) TimerEvent: {}
[16.962891] (-) TimerEvent: {}
[17.063410] (-) TimerEvent: {}
[17.163845] (-) TimerEvent: {}
[17.264214] (-) TimerEvent: {}
[17.364504] (-) TimerEvent: {}
[17.369325] (launch_testing_examples) StdoutLine: {'line': b'launch_testing_examples/record_rosbag_launch_test.py \x1b[32m.\x1b[0m\x1b[32m                   [ 55%]\x1b[0m\n'}
[17.464639] (-) TimerEvent: {}
[17.565153] (-) TimerEvent: {}
[17.665614] (-) TimerEvent: {}
[17.755608] (launch_testing_examples) StdoutLine: {'line': b'launch_testing_examples/set_param_launch_test.py \x1b[32m.\x1b[0m\x1b[32m                       [ 66%]\x1b[0m\n'}
[17.765686] (-) TimerEvent: {}
[17.865983] (-) TimerEvent: {}
[17.897667] (launch_testing_examples) StdoutLine: {'line': b'test/test_copyright.py \x1b[32m.\x1b[0m\x1b[32m                                                 [ 77%]\x1b[0m\n'}
[17.966078] (-) TimerEvent: {}
[18.009084] (launch_testing_examples) StdoutLine: {'line': b'test/test_flake8.py \x1b[32m.\x1b[0m\x1b[33m                                                    [ 88%]\x1b[0m\n'}
[18.039799] (launch_testing_examples) StdoutLine: {'line': b'test/test_pep257.py \x1b[32m.\x1b[0m\x1b[33m                                                    [100%]\x1b[0m\n'}
[18.040154] (launch_testing_examples) StderrLine: {'line': b'\n'}
[18.040300] (launch_testing_examples) StderrLine: {'line': b'\x1b[33m=============================== warnings summary ===============================\x1b[0m\n'}
[18.040399] (launch_testing_examples) StderrLine: {'line': b'test/test_flake8.py::test_flake8\n'}
[18.040493] (launch_testing_examples) StderrLine: {'line': b'test/test_flake8.py::test_flake8\n'}
[18.040582] (launch_testing_examples) StderrLine: {'line': b'  Warning: SelectableGroups dict interface is deprecated. Use select.\n'}
[18.040670] (launch_testing_examples) StderrLine: {'line': b'\n'}
[18.040771] (launch_testing_examples) StderrLine: {'line': b'-- Docs: https://docs.pytest.org/en/stable/warnings.html\n'}
[18.040873] (launch_testing_examples) StdoutLine: {'line': b'- generated xml file: /home/donavyn/docker_test/ros2_ws/src/build/launch_testing_examples/pytest.xml -\n'}
[18.040966] (launch_testing_examples) StdoutLine: {'line': b'\x1b[33m======================== \x1b[32m9 passed\x1b[0m, \x1b[33m\x1b[1m2 warnings\x1b[0m\x1b[33m in 15.73s\x1b[0m\x1b[33m ========================\x1b[0m\n'}
[18.066216] (-) TimerEvent: {}
[18.166579] (-) TimerEvent: {}
[18.234289] (launch_testing_examples) CommandEnded: {'returncode': 0}
[18.234790] (launch_testing_examples) JobEnded: {'identifier': 'launch_testing_examples', 'rc': 0}
[18.245067] (-) EventReactorShutdown: {}
