<?xml version="1.0" encoding="utf-8"?><testsuites><testsuite name="pytest" errors="0" failures="1" skipped="1" tests="3" time="0.285" timestamp="2024-10-10T19:58:02.172001" hostname="donavyn"><testcase classname="python_parameters.test.test_copyright" name="test_copyright" time="0.000"><skipped type="pytest.skip" message="No copyright header has been placed in the generated source file.">/home/donavyn/docker_test/ros2_ws/src/python_parameters/test/test_copyright.py:20: No copyright header has been placed in the generated source file.</skipped></testcase><testcase classname="python_parameters.test.test_flake8" name="test_flake8" time="0.134"><failure message="AssertionError: Found 13 code style errors / warnings:&#10;  ./setup.py:25:9: E122 continuation line missing indentation or outdented&#10;  ./launch/python_parameters_launch.py:4:1: E302 expected 2 blank lines, found 1&#10;  ./install/python_parameters/lib/python3.10/site-packages/python_parameters/python_parameters_node.py:4:1: E302 expected 2 blank lines, found 1&#10;  ./install/python_parameters/lib/python3.10/site-packages/python_parameters/python_parameters_node.py:25:1: E302 expected 2 blank lines, found 1&#10;  ./install/python_parameters/lib/python3.10/site-packages/python_parameters/python_parameters_node.py:30:1: E305 expected 2 blank lines after class or function definition, found 1&#10;  ./install/python_parameters/share/python_parameters/python_parameters_launch.py:4:1: E302 expected 2 blank lines, found 1&#10;  ./build/python_parameters/prefix_override/sitecustomize.py:4:100: E501 line too long (106 &gt; 99 characters)&#10;  ./build/python_parameters/build/lib/python_parameters/python_parameters_node.py:4:1: E302 expected 2 blank lines, found 1&#10;  ./build/python_parameters/build/lib/python_parameters/python_parameters_node.py:25:1: E302 expected 2 blank lines, found 1&#10;  ./build/python_parameters/build/lib/python_parameters/python_parameters_node.py:30:1: E305 expected 2 blank lines after class or function definition, found 1&#10;  ./python_parameters/python_parameters_node.py:4:1: E302 expected 2 blank lines, found 1&#10;  ./python_parameters/python_parameters_node.py:25:1: E302 expected 2 blank lines, found 1&#10;  ./python_parameters/python_parameters_node.py:30:1: E305 expected 2 blank lines after class or function definition, found 1&#10;assert 1 == 0">test/test_flake8.py:23: in test_flake8
    assert rc == 0, \
E   AssertionError: Found 13 code style errors / warnings:
E     ./setup.py:25:9: E122 continuation line missing indentation or outdented
E     ./launch/python_parameters_launch.py:4:1: E302 expected 2 blank lines, found 1
E     ./install/python_parameters/lib/python3.10/site-packages/python_parameters/python_parameters_node.py:4:1: E302 expected 2 blank lines, found 1
E     ./install/python_parameters/lib/python3.10/site-packages/python_parameters/python_parameters_node.py:25:1: E302 expected 2 blank lines, found 1
E     ./install/python_parameters/lib/python3.10/site-packages/python_parameters/python_parameters_node.py:30:1: E305 expected 2 blank lines after class or function definition, found 1
E     ./install/python_parameters/share/python_parameters/python_parameters_launch.py:4:1: E302 expected 2 blank lines, found 1
E     ./build/python_parameters/prefix_override/sitecustomize.py:4:100: E501 line too long (106 &gt; 99 characters)
E     ./build/python_parameters/build/lib/python_parameters/python_parameters_node.py:4:1: E302 expected 2 blank lines, found 1
E     ./build/python_parameters/build/lib/python_parameters/python_parameters_node.py:25:1: E302 expected 2 blank lines, found 1
E     ./build/python_parameters/build/lib/python_parameters/python_parameters_node.py:30:1: E305 expected 2 blank lines after class or function definition, found 1
E     ./python_parameters/python_parameters_node.py:4:1: E302 expected 2 blank lines, found 1
E     ./python_parameters/python_parameters_node.py:25:1: E302 expected 2 blank lines, found 1
E     ./python_parameters/python_parameters_node.py:30:1: E305 expected 2 blank lines after class or function definition, found 1
E   assert 1 == 0</failure></testcase><testcase classname="python_parameters.test.test_pep257" name="test_pep257" time="0.047" /></testsuite></testsuites>