[0.013s] Invoking command in '/home/donavyn/ros2_ws/build/tutorial_interfaces': /usr/bin/cmake --build /home/donavyn/ros2_ws/build/tutorial_interfaces -- -j16 -l16
[0.055s] -- Found ament_cmake: 1.3.10 (/opt/ros/humble/share/ament_cmake/cmake)
[0.141s] -- Found ament_lint_auto: 0.12.11 (/opt/ros/humble/share/ament_lint_auto/cmake)
[0.170s] Error parsing '/home/donavyn/ros2_ws/src/tutorial_interfaces/package.xml':
[0.194s] Traceback (most recent call last):
[0.194s]   File "/opt/ros/humble/share/ament_cmake_core/cmake/core/package_xml_2_cmake.py", line 150, in <module>
[0.194s]     main()
[0.194s]   File "/opt/ros/humble/share/ament_cmake_core/cmake/core/package_xml_2_cmake.py", line 53, in main
[0.194s]     raise e
[0.194s]   File "/opt/ros/humble/share/ament_cmake_core/cmake/core/package_xml_2_cmake.py", line 49, in main
[0.194s]     package = parse_package_string(
[0.194s]   File "/usr/lib/python3/dist-packages/catkin_pkg/package.py", line 788, in parse_package_string
[0.195s]     pkg.validate(warnings=warnings)
[0.195s]   File "/usr/lib/python3/dist-packages/catkin_pkg/package.py", line 330, in validate
[0.195s]     raise InvalidPackage('\n'.join(errors), self.filename)
[0.195s] catkin_pkg.package.InvalidPackage: Error(s) in package '/home/donavyn/ros2_ws/src/tutorial_interfaces/package.xml':
[0.195s] The package "tutorial_interfaces" must not "exec_depend" on a package with the same name as this package
[0.204s] [31mCMake Error at /opt/ros/humble/share/ament_cmake_core/cmake/core/ament_package_xml.cmake:95 (message):
[0.204s]   execute_process(/usr/bin/python3
[0.204s]   /opt/ros/humble/share/ament_cmake_core/cmake/core/package_xml_2_cmake.py
[0.204s]   /home/donavyn/ros2_ws/src/tutorial_interfaces/package.xml
[0.204s]   /home/donavyn/ros2_ws/build/tutorial_interfaces/ament_cmake_core/package.cmake)
[0.205s]   returned error code 1
[0.205s] Call Stack (most recent call first):
[0.205s]   /opt/ros/humble/share/ament_cmake_core/cmake/core/ament_package_xml.cmake:49 (_ament_package_xml)
[0.205s]   /opt/ros/humble/share/ament_lint_auto/cmake/ament_lint_auto_find_test_dependencies.cmake:31 (ament_package_xml)
[0.205s]   CMakeLists.txt:23 (ament_lint_auto_find_test_dependencies)
[0.205s] 
[0.205s] [0m
[0.205s] -- Configuring incomplete, errors occurred!
[0.205s] See also "/home/donavyn/ros2_ws/build/tutorial_interfaces/CMakeFiles/CMakeOutput.log".
[0.210s] gmake: *** [Makefile:1179: cmake_check_build_system] Error 1
[0.213s] Invoked command in '/home/donavyn/ros2_ws/build/tutorial_interfaces' returned '2': /usr/bin/cmake --build /home/donavyn/ros2_ws/build/tutorial_interfaces -- -j16 -l16
