<?xml version="1.0" encoding="utf-8"?><testsuites><testsuite name="pytest" errors="0" failures="0" skipped="0" tests="3" time="0.352" timestamp="2024-10-10T19:57:59.464813" hostname="donavyn"><testcase classname="examples_rclpy_executors.executors.test.test_copyright" name="test_copyright" time="0.168" /><testcase classname="examples_rclpy_executors.executors.test.test_flake8" name="test_flake8" time="0.087" /><testcase classname="examples_rclpy_executors.executors.test.test_pep257" name="test_pep257" time="0.031" /></testsuite></testsuites>