<?xml version="1.0" encoding="utf-8"?><testsuites><testsuite name="pytest" errors="0" failures="0" skipped="0" tests="9" time="15.731" timestamp="2024-10-10T19:58:01.364877" hostname="donavyn"><testcase classname="launch_testing_examples.launch_testing_examples.check_msgs_launch_test" name="launch_testing_examples.check_msgs_launch_test" time="2.152" /><testcase classname="launch_testing_examples.launch_testing_examples.check_multiple_nodes_launch_test" name="launch_testing_examples.check_multiple_nodes_launch_test" time="3.811" /><testcase classname="launch_testing_examples.launch_testing_examples.check_node_launch_test" name="launch_testing_examples.check_node_launch_test" time="5.652" /><testcase classname="launch_testing_examples.launch_testing_examples.hello_world_launch_test" name="launch_testing_examples.hello_world_launch_test" time="0.008" /><testcase classname="launch_testing_examples.launch_testing_examples.record_rosbag_launch_test" name="launch_testing_examples.record_rosbag_launch_test" time="3.239" /><testcase classname="launch_testing_examples.launch_testing_examples.set_param_launch_test" name="launch_testing_examples.set_param_launch_test" time="0.385" /><testcase classname="launch_testing_examples.test.test_copyright" name="test_copyright" time="0.141" /><testcase classname="launch_testing_examples.test.test_flake8" name="test_flake8" time="0.110" /><testcase classname="launch_testing_examples.test.test_pep257" name="test_pep257" time="0.029" /></testsuite></testsuites>