<?xml version="1.0" encoding="utf-8"?><testsuites><testsuite name="pytest" errors="0" failures="0" skipped="1" tests="3" time="0.146" timestamp="2024-10-10T19:58:01.592529" hostname="donavyn"><testcase classname="my_package.test.test_copyright" name="test_copyright" time="0.000"><skipped type="pytest.skip" message="No copyright header has been placed in the generated source file.">/home/donavyn/docker_test/ros2_ws/src/my_package/test/test_copyright.py:20: No copyright header has been placed in the generated source file.</skipped></testcase><testcase classname="my_package.test.test_flake8" name="test_flake8" time="0.069" /><testcase classname="my_package.test.test_pep257" name="test_pep257" time="0.013" /></testsuite></testsuites>