<?xml version="1.0" encoding="utf-8"?><testsuites><testsuite name="pytest" errors="0" failures="1" skipped="1" tests="3" time="0.188" timestamp="2024-10-10T19:58:01.964711" hostname="donavyn"><testcase classname="py_srvcli.test.test_copyright" name="test_copyright" time="0.000"><skipped type="pytest.skip" message="No copyright header has been placed in the generated source file.">/home/donavyn/docker_test/ros2_ws/src/py_srvcli/test/test_copyright.py:20: No copyright header has been placed in the generated source file.</skipped></testcase><testcase classname="py_srvcli.test.test_flake8" name="test_flake8" time="0.081"><failure message="AssertionError: Found 4 code style errors / warnings:&#10;  ./setup.py:23:9: W191 indentation contains tabs&#10;  ./setup.py:23:9: E101 indentation contains mixed spaces and tabs&#10;  ./setup.py:24:9: W191 indentation contains tabs&#10;  ./setup.py:24:9: E101 indentation contains mixed spaces and tabs&#10;assert 1 == 0">test/test_flake8.py:23: in test_flake8
    assert rc == 0, \
E   AssertionError: Found 4 code style errors / warnings:
E     ./setup.py:23:9: W191 indentation contains tabs
E     ./setup.py:23:9: E101 indentation contains mixed spaces and tabs
E     ./setup.py:24:9: W191 indentation contains tabs
E     ./setup.py:24:9: E101 indentation contains mixed spaces and tabs
E   assert 1 == 0</failure></testcase><testcase classname="py_srvcli.test.test_pep257" name="test_pep257" time="0.013" /></testsuite></testsuites>