[0.000000] (-) TimerEvent: {}
[0.000133] (action_tutorials_interfaces) JobQueued: {'identifier': 'action_tutorials_interfaces', 'dependencies': OrderedDict([('action_tutorials_interfaces', '/home/donavyn/docker_test/ros2_ws/install/action_tutorials_interfaces')])}
[0.000155] (examples_rclcpp_async_client) JobQueued: {'identifier': 'examples_rclcpp_async_client', 'dependencies': OrderedDict([('examples_rclcpp_async_client', '/home/donavyn/docker_test/ros2_ws/install/examples_rclcpp_async_client')])}
[0.000166] (examples_rclcpp_cbg_executor) JobQueued: {'identifier': 'examples_rclcpp_cbg_executor', 'dependencies': OrderedDict([('examples_rclcpp_cbg_executor', '/home/donavyn/docker_test/ros2_ws/install/examples_rclcpp_cbg_executor')])}
[0.000176] (examples_rclcpp_minimal_action_client) JobQueued: {'identifier': 'examples_rclcpp_minimal_action_client', 'dependencies': OrderedDict([('examples_rclcpp_minimal_action_client', '/home/donavyn/docker_test/ros2_ws/install/examples_rclcpp_minimal_action_client')])}
[0.000185] (examples_rclcpp_minimal_action_server) JobQueued: {'identifier': 'examples_rclcpp_minimal_action_server', 'dependencies': OrderedDict([('examples_rclcpp_minimal_action_server', '/home/donavyn/docker_test/ros2_ws/install/examples_rclcpp_minimal_action_server')])}
[0.000194] (examples_rclcpp_minimal_client) JobQueued: {'identifier': 'examples_rclcpp_minimal_client', 'dependencies': OrderedDict([('examples_rclcpp_minimal_client', '/home/donavyn/docker_test/ros2_ws/install/examples_rclcpp_minimal_client')])}
[0.000207] (examples_rclcpp_minimal_composition) JobQueued: {'identifier': 'examples_rclcpp_minimal_composition', 'dependencies': OrderedDict([('examples_rclcpp_minimal_composition', '/home/donavyn/docker_test/ros2_ws/install/examples_rclcpp_minimal_composition')])}
[0.000217] (examples_rclcpp_minimal_publisher) JobQueued: {'identifier': 'examples_rclcpp_minimal_publisher', 'dependencies': OrderedDict([('examples_rclcpp_minimal_publisher', '/home/donavyn/docker_test/ros2_ws/install/examples_rclcpp_minimal_publisher')])}
[0.000226] (examples_rclcpp_minimal_service) JobQueued: {'identifier': 'examples_rclcpp_minimal_service', 'dependencies': OrderedDict([('examples_rclcpp_minimal_service', '/home/donavyn/docker_test/ros2_ws/install/examples_rclcpp_minimal_service')])}
[0.000234] (examples_rclcpp_minimal_subscriber) JobQueued: {'identifier': 'examples_rclcpp_minimal_subscriber', 'dependencies': OrderedDict([('examples_rclcpp_minimal_subscriber', '/home/donavyn/docker_test/ros2_ws/install/examples_rclcpp_minimal_subscriber')])}
[0.000242] (examples_rclcpp_minimal_timer) JobQueued: {'identifier': 'examples_rclcpp_minimal_timer', 'dependencies': OrderedDict([('examples_rclcpp_minimal_timer', '/home/donavyn/docker_test/ros2_ws/install/examples_rclcpp_minimal_timer')])}
[0.000250] (examples_rclcpp_multithreaded_executor) JobQueued: {'identifier': 'examples_rclcpp_multithreaded_executor', 'dependencies': OrderedDict([('examples_rclcpp_multithreaded_executor', '/home/donavyn/docker_test/ros2_ws/install/examples_rclcpp_multithreaded_executor')])}
[0.000257] (examples_rclcpp_wait_set) JobQueued: {'identifier': 'examples_rclcpp_wait_set', 'dependencies': OrderedDict([('examples_rclcpp_wait_set', '/home/donavyn/docker_test/ros2_ws/install/examples_rclcpp_wait_set')])}
[0.000265] (examples_rclpy_executors) JobQueued: {'identifier': 'examples_rclpy_executors', 'dependencies': OrderedDict([('examples_rclpy_executors', '/home/donavyn/docker_test/ros2_ws/install/examples_rclpy_executors')])}
[0.000273] (examples_rclpy_guard_conditions) JobQueued: {'identifier': 'examples_rclpy_guard_conditions', 'dependencies': OrderedDict([('examples_rclpy_guard_conditions', '/home/donavyn/docker_test/ros2_ws/install/examples_rclpy_guard_conditions')])}
[0.000283] (examples_rclpy_minimal_action_client) JobQueued: {'identifier': 'examples_rclpy_minimal_action_client', 'dependencies': OrderedDict([('examples_rclpy_minimal_action_client', '/home/donavyn/docker_test/ros2_ws/install/examples_rclpy_minimal_action_client')])}
[0.000292] (examples_rclpy_minimal_action_server) JobQueued: {'identifier': 'examples_rclpy_minimal_action_server', 'dependencies': OrderedDict([('examples_rclpy_minimal_action_server', '/home/donavyn/docker_test/ros2_ws/install/examples_rclpy_minimal_action_server')])}
[0.000320] (examples_rclpy_minimal_client) JobQueued: {'identifier': 'examples_rclpy_minimal_client', 'dependencies': OrderedDict([('examples_rclpy_minimal_client', '/home/donavyn/docker_test/ros2_ws/install/examples_rclpy_minimal_client')])}
[0.000328] (examples_rclpy_minimal_publisher) JobQueued: {'identifier': 'examples_rclpy_minimal_publisher', 'dependencies': OrderedDict([('examples_rclpy_minimal_publisher', '/home/donavyn/docker_test/ros2_ws/install/examples_rclpy_minimal_publisher')])}
[0.000338] (examples_rclpy_minimal_service) JobQueued: {'identifier': 'examples_rclpy_minimal_service', 'dependencies': OrderedDict([('examples_rclpy_minimal_service', '/home/donavyn/docker_test/ros2_ws/install/examples_rclpy_minimal_service')])}
[0.000346] (examples_rclpy_minimal_subscriber) JobQueued: {'identifier': 'examples_rclpy_minimal_subscriber', 'dependencies': OrderedDict([('examples_rclpy_minimal_subscriber', '/home/donavyn/docker_test/ros2_ws/install/examples_rclpy_minimal_subscriber')])}
[0.000354] (examples_rclpy_pointcloud_publisher) JobQueued: {'identifier': 'examples_rclpy_pointcloud_publisher', 'dependencies': OrderedDict([('examples_rclpy_pointcloud_publisher', '/home/donavyn/docker_test/ros2_ws/install/examples_rclpy_pointcloud_publisher')])}
[0.000362] (launch_testing_examples) JobQueued: {'identifier': 'launch_testing_examples', 'dependencies': OrderedDict([('launch_testing_examples', '/home/donavyn/docker_test/ros2_ws/install/launch_testing_examples')])}
[0.000370] (more_interfaces) JobQueued: {'identifier': 'more_interfaces', 'dependencies': OrderedDict([('more_interfaces', '/home/donavyn/docker_test/ros2_ws/install/more_interfaces')])}
[0.000378] (my_package) JobQueued: {'identifier': 'my_package', 'dependencies': OrderedDict([('my_package', '/home/donavyn/docker_test/ros2_ws/install/my_package')])}
[0.000385] (py_pubsub) JobQueued: {'identifier': 'py_pubsub', 'dependencies': OrderedDict([('py_pubsub', '/home/donavyn/docker_test/ros2_ws/install/py_pubsub')])}
[0.000394] (py_srvcli) JobQueued: {'identifier': 'py_srvcli', 'dependencies': OrderedDict([('py_srvcli', '/home/donavyn/docker_test/ros2_ws/install/py_srvcli')])}
[0.000401] (python_parameters) JobQueued: {'identifier': 'python_parameters', 'dependencies': OrderedDict([('python_parameters', '/home/donavyn/docker_test/ros2_ws/install/python_parameters')])}
[0.000409] (turtlesim) JobQueued: {'identifier': 'turtlesim', 'dependencies': OrderedDict([('turtlesim', '/home/donavyn/docker_test/ros2_ws/install/turtlesim')])}
[0.000416] (tutorial_interfaces) JobQueued: {'identifier': 'tutorial_interfaces', 'dependencies': OrderedDict([('tutorial_interfaces', '/home/donavyn/docker_test/ros2_ws/install/tutorial_interfaces')])}
[0.000424] (learning_tf2_py) JobQueued: {'identifier': 'learning_tf2_py', 'dependencies': OrderedDict([('turtlesim', '/home/donavyn/docker_test/ros2_ws/install/turtlesim'), ('learning_tf2_py', '/home/donavyn/docker_test/ros2_ws/install/learning_tf2_py')])}
[0.000433] (turtlesim) JobStarted: {'identifier': 'turtlesim'}
[0.007115] (action_tutorials_interfaces) JobStarted: {'identifier': 'action_tutorials_interfaces'}
[0.010292] (examples_rclcpp_async_client) JobStarted: {'identifier': 'examples_rclcpp_async_client'}
[0.014664] (examples_rclcpp_cbg_executor) JobStarted: {'identifier': 'examples_rclcpp_cbg_executor'}
[0.018255] (examples_rclcpp_minimal_action_client) JobStarted: {'identifier': 'examples_rclcpp_minimal_action_client'}
[0.021707] (examples_rclcpp_minimal_action_server) JobStarted: {'identifier': 'examples_rclcpp_minimal_action_server'}
[0.025314] (examples_rclcpp_minimal_client) JobStarted: {'identifier': 'examples_rclcpp_minimal_client'}
[0.028501] (examples_rclcpp_minimal_composition) JobStarted: {'identifier': 'examples_rclcpp_minimal_composition'}
[0.031956] (examples_rclcpp_minimal_publisher) JobStarted: {'identifier': 'examples_rclcpp_minimal_publisher'}
[0.035393] (examples_rclcpp_minimal_service) JobStarted: {'identifier': 'examples_rclcpp_minimal_service'}
[0.038569] (examples_rclcpp_minimal_subscriber) JobStarted: {'identifier': 'examples_rclcpp_minimal_subscriber'}
[0.041920] (examples_rclcpp_minimal_timer) JobStarted: {'identifier': 'examples_rclcpp_minimal_timer'}
[0.044992] (examples_rclcpp_multithreaded_executor) JobStarted: {'identifier': 'examples_rclcpp_multithreaded_executor'}
[0.048080] (examples_rclcpp_wait_set) JobStarted: {'identifier': 'examples_rclcpp_wait_set'}
[0.051458] (examples_rclpy_executors) JobStarted: {'identifier': 'examples_rclpy_executors'}
[0.054734] (examples_rclpy_guard_conditions) JobStarted: {'identifier': 'examples_rclpy_guard_conditions'}
[0.060722] (turtlesim) JobEnded: {'identifier': 'turtlesim', 'rc': 1}
[0.061463] (action_tutorials_interfaces) JobEnded: {'identifier': 'action_tutorials_interfaces', 'rc': 1}
[0.062826] (examples_rclcpp_cbg_executor) JobEnded: {'identifier': 'examples_rclcpp_cbg_executor', 'rc': 1}
[0.063516] (examples_rclcpp_minimal_action_client) JobEnded: {'identifier': 'examples_rclcpp_minimal_action_client', 'rc': 1}
[0.063954] (examples_rclcpp_minimal_action_server) JobEnded: {'identifier': 'examples_rclcpp_minimal_action_server', 'rc': 1}
[0.064714] (examples_rclcpp_minimal_client) JobEnded: {'identifier': 'examples_rclcpp_minimal_client', 'rc': 1}
[0.065130] (examples_rclcpp_minimal_composition) JobEnded: {'identifier': 'examples_rclcpp_minimal_composition', 'rc': 1}
[0.065529] (examples_rclcpp_minimal_publisher) JobEnded: {'identifier': 'examples_rclcpp_minimal_publisher', 'rc': 1}
[0.066037] (examples_rclcpp_minimal_service) JobEnded: {'identifier': 'examples_rclcpp_minimal_service', 'rc': 1}
[0.066967] (examples_rclcpp_minimal_subscriber) JobEnded: {'identifier': 'examples_rclcpp_minimal_subscriber', 'rc': 1}
[0.067161] (examples_rclcpp_minimal_timer) JobEnded: {'identifier': 'examples_rclcpp_minimal_timer', 'rc': 1}
[0.067333] (examples_rclcpp_multithreaded_executor) JobEnded: {'identifier': 'examples_rclcpp_multithreaded_executor', 'rc': 1}
[0.067543] (examples_rclcpp_wait_set) JobEnded: {'identifier': 'examples_rclcpp_wait_set', 'rc': 1}
[0.067720] (examples_rclpy_executors) JobEnded: {'identifier': 'examples_rclpy_executors', 'rc': 1}
[0.067911] (examples_rclpy_guard_conditions) JobEnded: {'identifier': 'examples_rclpy_guard_conditions', 'rc': 1}
[0.068093] (examples_rclpy_minimal_action_client) JobStarted: {'identifier': 'examples_rclpy_minimal_action_client'}
[0.071491] (examples_rclpy_minimal_action_server) JobStarted: {'identifier': 'examples_rclpy_minimal_action_server'}
[0.075622] (examples_rclpy_minimal_client) JobStarted: {'identifier': 'examples_rclpy_minimal_client'}
[0.079152] (examples_rclpy_minimal_publisher) JobStarted: {'identifier': 'examples_rclpy_minimal_publisher'}
[0.083261] (examples_rclpy_minimal_service) JobStarted: {'identifier': 'examples_rclpy_minimal_service'}
[0.087127] (examples_rclpy_minimal_subscriber) JobStarted: {'identifier': 'examples_rclpy_minimal_subscriber'}
[0.090988] (examples_rclpy_pointcloud_publisher) JobStarted: {'identifier': 'examples_rclpy_pointcloud_publisher'}
[0.095044] (launch_testing_examples) JobStarted: {'identifier': 'launch_testing_examples'}
[0.098403] (more_interfaces) JobStarted: {'identifier': 'more_interfaces'}
[0.099083] (-) TimerEvent: {}
[0.102428] (my_package) JobStarted: {'identifier': 'my_package'}
[0.105904] (py_pubsub) JobStarted: {'identifier': 'py_pubsub'}
[0.109295] (py_srvcli) JobStarted: {'identifier': 'py_srvcli'}
[0.112522] (python_parameters) JobStarted: {'identifier': 'python_parameters'}
[0.116088] (tutorial_interfaces) JobStarted: {'identifier': 'tutorial_interfaces'}
[0.119655] (learning_tf2_py) JobStarted: {'identifier': 'learning_tf2_py'}
[0.126294] (examples_rclcpp_async_client) Command: {'cmd': ['/usr/bin/ctest', '-C', 'Release', '-D', 'ExperimentalTest', '--no-compress-output', '-V', '--force-new-ctest-process'], 'cwd': '/home/donavyn/docker_test/ros2_ws/build/examples_rclcpp_async_client', 'env': OrderedDict([('LESSOPEN', '| /usr/bin/lesspipe %s'), ('USER', 'donavyn'), ('XDG_SESSION_TYPE', 'x11'), ('SHLVL', '1'), ('LD_LIBRARY_PATH', '/home/donavyn/docker_test/ros2_ws/install/tutorial_interfaces/lib:/home/donavyn/docker_test/ros2_ws/install/turtlesim/lib:/home/donavyn/docker_test/ros2_ws/install/more_interfaces/lib:/home/donavyn/docker_test/ros2_ws/install/examples_rclcpp_wait_set/lib:/home/donavyn/docker_test/ros2_ws/install/examples_rclcpp_minimal_subscriber/lib:/home/donavyn/docker_test/ros2_ws/install/examples_rclcpp_minimal_composition/lib:/home/donavyn/docker_test/ros2_ws/install/action_tutorials_interfaces/lib:/opt/ros/humble/opt/rviz_ogre_vendor/lib:/opt/ros/humble/lib/x86_64-linux-gnu:/opt/ros/humble/lib'), ('HOME', '/home/donavyn'), ('OLDPWD', '/home/donavyn/docker_test/ros2_ws/src'), ('DESKTOP_SESSION', 'ubuntu'), ('ROS_PYTHON_VERSION', '3'), ('GNOME_SHELL_SESSION_MODE', 'ubuntu'), ('GTK_MODULES', 'gail:atk-bridge'), ('SYSTEMD_EXEC_PID', '2895'), ('DBUS_SESSION_BUS_ADDRESS', 'unix:path=/run/user/1000/bus'), ('COLORTERM', 'truecolor'), ('_colcon_cd_root', '/opt/ros/humble/'), ('COLCON_PREFIX_PATH', '/home/donavyn/docker_test/ros2_ws/src/install:/home/donavyn/docker_test/ros2_ws/install'), ('ROS_DISTRO', 'humble'), ('GTK_IM_MODULE', 'ibus'), ('LOGNAME', 'donavyn'), ('_', '/usr/bin/colcon'), ('ROS_VERSION', '2'), ('XDG_SESSION_CLASS', 'user'), ('USERNAME', 'donavyn'), ('TERM', 'xterm-256color'), ('GNOME_DESKTOP_SESSION_ID', 'this-is-deprecated'), ('ROS_LOCALHOST_ONLY', '0'), ('WINDOWPATH', '2'), ('PATH', '/home/donavyn/.local/bin:/opt/ros/humble/bin:/usr/local/sbin:/usr/local/bin:/usr/sbin:/usr/bin:/sbin:/bin:/usr/games:/usr/local/games:/snap/bin:/snap/bin'), ('SESSION_MANAGER', 'local/donavyn:@/tmp/.ICE-unix/2583,unix/donavyn:/tmp/.ICE-unix/2583'), ('XDG_MENU_PREFIX', 'gnome-'), ('GNOME_TERMINAL_SCREEN', '/org/gnome/Terminal/screen/5b60ada8_6e82_4353_b828_16555c35af22'), ('XDG_RUNTIME_DIR', '/run/user/1000'), ('DISPLAY', ':0'), ('LANG', 'en_US.UTF-8'), ('XDG_CURRENT_DESKTOP', 'ubuntu:GNOME'), ('XMODIFIERS', '@im=ibus'), ('XDG_SESSION_DESKTOP', 'ubuntu'), ('XAUTHORITY', '/run/user/1000/gdm/Xauthority'), ('LS_COLORS', 'rs=0:di=01;34:ln=01;36:mh=00:pi=40;33:so=01;35:do=01;35:bd=40;33;01:cd=40;33;01:or=40;31;01:mi=00:su=37;41:sg=30;43:ca=30;41:tw=30;42:ow=34;42:st=37;44:ex=01;32:*.tar=01;31:*.tgz=01;31:*.arc=01;31:*.arj=01;31:*.taz=01;31:*.lha=01;31:*.lz4=01;31:*.lzh=01;31:*.lzma=01;31:*.tlz=01;31:*.txz=01;31:*.tzo=01;31:*.t7z=01;31:*.zip=01;31:*.z=01;31:*.dz=01;31:*.gz=01;31:*.lrz=01;31:*.lz=01;31:*.lzo=01;31:*.xz=01;31:*.zst=01;31:*.tzst=01;31:*.bz2=01;31:*.bz=01;31:*.tbz=01;31:*.tbz2=01;31:*.tz=01;31:*.deb=01;31:*.rpm=01;31:*.jar=01;31:*.war=01;31:*.ear=01;31:*.sar=01;31:*.rar=01;31:*.alz=01;31:*.ace=01;31:*.zoo=01;31:*.cpio=01;31:*.7z=01;31:*.rz=01;31:*.cab=01;31:*.wim=01;31:*.swm=01;31:*.dwm=01;31:*.esd=01;31:*.jpg=01;35:*.jpeg=01;35:*.mjpg=01;35:*.mjpeg=01;35:*.gif=01;35:*.bmp=01;35:*.pbm=01;35:*.pgm=01;35:*.ppm=01;35:*.tga=01;35:*.xbm=01;35:*.xpm=01;35:*.tif=01;35:*.tiff=01;35:*.png=01;35:*.svg=01;35:*.svgz=01;35:*.mng=01;35:*.pcx=01;35:*.mov=01;35:*.mpg=01;35:*.mpeg=01;35:*.m2v=01;35:*.mkv=01;35:*.webm=01;35:*.webp=01;35:*.ogm=01;35:*.mp4=01;35:*.m4v=01;35:*.mp4v=01;35:*.vob=01;35:*.qt=01;35:*.nuv=01;35:*.wmv=01;35:*.asf=01;35:*.rm=01;35:*.rmvb=01;35:*.flc=01;35:*.avi=01;35:*.fli=01;35:*.flv=01;35:*.gl=01;35:*.dl=01;35:*.xcf=01;35:*.xwd=01;35:*.yuv=01;35:*.cgm=01;35:*.emf=01;35:*.ogv=01;35:*.ogx=01;35:*.aac=00;36:*.au=00;36:*.flac=00;36:*.m4a=00;36:*.mid=00;36:*.midi=00;36:*.mka=00;36:*.mp3=00;36:*.mpc=00;36:*.ogg=00;36:*.ra=00;36:*.wav=00;36:*.oga=00;36:*.opus=00;36:*.spx=00;36:*.xspf=00;36:'), ('GNOME_TERMINAL_SERVICE', ':1.127'), ('SSH_AGENT_LAUNCHER', 'gnome-keyring'), ('SSH_AUTH_SOCK', '/run/user/1000/keyring/ssh'), ('AMENT_PREFIX_PATH', '/home/donavyn/docker_test/ros2_ws/src/install/learning_tf2_py:/home/donavyn/docker_test/ros2_ws/install/tutorial_interfaces:/home/donavyn/docker_test/ros2_ws/install/turtlesim:/home/donavyn/docker_test/ros2_ws/install/python_parameters:/home/donavyn/docker_test/ros2_ws/install/py_srvcli:/home/donavyn/docker_test/ros2_ws/install/py_pubsub:/home/donavyn/docker_test/ros2_ws/install/my_package:/home/donavyn/docker_test/ros2_ws/install/more_interfaces:/home/donavyn/docker_test/ros2_ws/install/launch_testing_examples:/home/donavyn/docker_test/ros2_ws/install/examples_rclpy_pointcloud_publisher:/home/donavyn/docker_test/ros2_ws/install/examples_rclpy_minimal_subscriber:/home/donavyn/docker_test/ros2_ws/install/examples_rclpy_minimal_service:/home/donavyn/docker_test/ros2_ws/install/examples_rclpy_minimal_publisher:/home/donavyn/docker_test/ros2_ws/install/examples_rclpy_minimal_client:/home/donavyn/docker_test/ros2_ws/install/examples_rclpy_minimal_action_server:/home/donavyn/docker_test/ros2_ws/install/examples_rclpy_minimal_action_client:/home/donavyn/docker_test/ros2_ws/install/examples_rclpy_guard_conditions:/home/donavyn/docker_test/ros2_ws/install/examples_rclpy_executors:/home/donavyn/docker_test/ros2_ws/install/action_tutorials_interfaces:/opt/ros/humble'), ('SHELL', '/bin/bash'), ('QT_ACCESSIBILITY', '1'), ('GDMSESSION', 'ubuntu'), ('LESSCLOSE', '/usr/bin/lesspipe %s %s'), ('GPG_AGENT_INFO', '/run/user/1000/gnupg/S.gpg-agent:0:1'), ('QT_IM_MODULE', 'ibus'), ('PWD', '/home/donavyn/docker_test/ros2_ws/build/examples_rclcpp_async_client'), ('XDG_CONFIG_DIRS', '/etc/xdg/xdg-ubuntu:/etc/xdg'), ('XDG_DATA_DIRS', '/usr/share/ubuntu:/usr/share/gnome:/usr/local/share/:/usr/share/:/var/lib/snapd/desktop'), ('PYTHONPATH', '/home/donavyn/docker_test/ros2_ws/src/install/learning_tf2_py/lib/python3.10/site-packages:/home/donavyn/docker_test/ros2_ws/install/tutorial_interfaces/local/lib/python3.10/dist-packages:/home/donavyn/docker_test/ros2_ws/install/turtlesim/local/lib/python3.10/dist-packages:/home/donavyn/docker_test/ros2_ws/install/python_parameters/lib/python3.10/site-packages:/home/donavyn/docker_test/ros2_ws/install/py_srvcli/lib/python3.10/site-packages:/home/donavyn/docker_test/ros2_ws/install/py_pubsub/lib/python3.10/site-packages:/home/donavyn/docker_test/ros2_ws/install/my_package/lib/python3.10/site-packages:/home/donavyn/docker_test/ros2_ws/install/more_interfaces/local/lib/python3.10/dist-packages:/home/donavyn/docker_test/ros2_ws/install/launch_testing_examples/lib/python3.10/site-packages:/home/donavyn/docker_test/ros2_ws/install/examples_rclpy_pointcloud_publisher/lib/python3.10/site-packages:/home/donavyn/docker_test/ros2_ws/install/examples_rclpy_minimal_subscriber/lib/python3.10/site-packages:/home/donavyn/docker_test/ros2_ws/install/examples_rclpy_minimal_service/lib/python3.10/site-packages:/home/donavyn/docker_test/ros2_ws/install/examples_rclpy_minimal_publisher/lib/python3.10/site-packages:/home/donavyn/docker_test/ros2_ws/install/examples_rclpy_minimal_client/lib/python3.10/site-packages:/home/donavyn/docker_test/ros2_ws/install/examples_rclpy_minimal_action_server/lib/python3.10/site-packages:/home/donavyn/docker_test/ros2_ws/install/examples_rclpy_minimal_action_client/lib/python3.10/site-packages:/home/donavyn/docker_test/ros2_ws/install/examples_rclpy_guard_conditions/lib/python3.10/site-packages:/home/donavyn/docker_test/ros2_ws/install/examples_rclpy_executors/lib/python3.10/site-packages:/home/donavyn/docker_test/ros2_ws/install/action_tutorials_interfaces/local/lib/python3.10/dist-packages:/opt/ros/humble/lib/python3.10/site-packages:/opt/ros/humble/local/lib/python3.10/dist-packages'), ('COLCON', '1'), ('VTE_VERSION', '6800'), ('CMAKE_PREFIX_PATH', '/home/donavyn/docker_test/ros2_ws/install/examples_rclcpp_async_client:/home/donavyn/docker_test/ros2_ws/install/tutorial_interfaces:/home/donavyn/docker_test/ros2_ws/install/turtlesim:/home/donavyn/docker_test/ros2_ws/install/more_interfaces:/home/donavyn/docker_test/ros2_ws/install/examples_rclcpp_wait_set:/home/donavyn/docker_test/ros2_ws/install/examples_rclcpp_multithreaded_executor:/home/donavyn/docker_test/ros2_ws/install/examples_rclcpp_minimal_timer:/home/donavyn/docker_test/ros2_ws/install/examples_rclcpp_minimal_subscriber:/home/donavyn/docker_test/ros2_ws/install/examples_rclcpp_minimal_service:/home/donavyn/docker_test/ros2_ws/install/examples_rclcpp_minimal_publisher:/home/donavyn/docker_test/ros2_ws/install/examples_rclcpp_minimal_composition:/home/donavyn/docker_test/ros2_ws/install/examples_rclcpp_minimal_client:/home/donavyn/docker_test/ros2_ws/install/examples_rclcpp_minimal_action_server:/home/donavyn/docker_test/ros2_ws/install/examples_rclcpp_minimal_action_client:/home/donavyn/docker_test/ros2_ws/install/examples_rclcpp_cbg_executor:/home/donavyn/docker_test/ros2_ws/install/action_tutorials_interfaces')]), 'shell': False}
[0.199219] (-) TimerEvent: {}
[0.281221] (py_pubsub) Command: {'cmd': ['/usr/bin/python3', '-m', 'pytest'], 'cwd': '/home/donavyn/docker_test/ros2_ws/src/py_pubsub', 'env': {'LESSOPEN': '| /usr/bin/lesspipe %s', 'USER': 'donavyn', 'XDG_SESSION_TYPE': 'x11', 'SHLVL': '1', 'LD_LIBRARY_PATH': '/home/donavyn/docker_test/ros2_ws/install/tutorial_interfaces/lib:/home/donavyn/docker_test/ros2_ws/install/turtlesim/lib:/home/donavyn/docker_test/ros2_ws/install/more_interfaces/lib:/home/donavyn/docker_test/ros2_ws/install/examples_rclcpp_wait_set/lib:/home/donavyn/docker_test/ros2_ws/install/examples_rclcpp_minimal_subscriber/lib:/home/donavyn/docker_test/ros2_ws/install/examples_rclcpp_minimal_composition/lib:/home/donavyn/docker_test/ros2_ws/install/action_tutorials_interfaces/lib:/opt/ros/humble/opt/rviz_ogre_vendor/lib:/opt/ros/humble/lib/x86_64-linux-gnu:/opt/ros/humble/lib', 'HOME': '/home/donavyn', 'OLDPWD': '/home/donavyn/docker_test/ros2_ws/src', 'DESKTOP_SESSION': 'ubuntu', 'ROS_PYTHON_VERSION': '3', 'GNOME_SHELL_SESSION_MODE': 'ubuntu', 'GTK_MODULES': 'gail:atk-bridge', 'SYSTEMD_EXEC_PID': '2895', 'DBUS_SESSION_BUS_ADDRESS': 'unix:path=/run/user/1000/bus', 'COLORTERM': 'truecolor', '_colcon_cd_root': '/opt/ros/humble/', 'COLCON_PREFIX_PATH': '/home/donavyn/docker_test/ros2_ws/src/install:/home/donavyn/docker_test/ros2_ws/install', 'ROS_DISTRO': 'humble', 'GTK_IM_MODULE': 'ibus', 'LOGNAME': 'donavyn', '_': '/usr/bin/colcon', 'ROS_VERSION': '2', 'XDG_SESSION_CLASS': 'user', 'USERNAME': 'donavyn', 'TERM': 'xterm-256color', 'GNOME_DESKTOP_SESSION_ID': 'this-is-deprecated', 'ROS_LOCALHOST_ONLY': '0', 'WINDOWPATH': '2', 'PATH': '/home/donavyn/.local/bin:/opt/ros/humble/bin:/usr/local/sbin:/usr/local/bin:/usr/sbin:/usr/bin:/sbin:/bin:/usr/games:/usr/local/games:/snap/bin:/snap/bin', 'SESSION_MANAGER': 'local/donavyn:@/tmp/.ICE-unix/2583,unix/donavyn:/tmp/.ICE-unix/2583', 'XDG_MENU_PREFIX': 'gnome-', 'GNOME_TERMINAL_SCREEN': '/org/gnome/Terminal/screen/5b60ada8_6e82_4353_b828_16555c35af22', 'XDG_RUNTIME_DIR': '/run/user/1000', 'DISPLAY': ':0', 'LANG': 'en_US.UTF-8', 'XDG_CURRENT_DESKTOP': 'ubuntu:GNOME', 'XMODIFIERS': '@im=ibus', 'XDG_SESSION_DESKTOP': 'ubuntu', 'XAUTHORITY': '/run/user/1000/gdm/Xauthority', 'LS_COLORS': 'rs=0:di=01;34:ln=01;36:mh=00:pi=40;33:so=01;35:do=01;35:bd=40;33;01:cd=40;33;01:or=40;31;01:mi=00:su=37;41:sg=30;43:ca=30;41:tw=30;42:ow=34;42:st=37;44:ex=01;32:*.tar=01;31:*.tgz=01;31:*.arc=01;31:*.arj=01;31:*.taz=01;31:*.lha=01;31:*.lz4=01;31:*.lzh=01;31:*.lzma=01;31:*.tlz=01;31:*.txz=01;31:*.tzo=01;31:*.t7z=01;31:*.zip=01;31:*.z=01;31:*.dz=01;31:*.gz=01;31:*.lrz=01;31:*.lz=01;31:*.lzo=01;31:*.xz=01;31:*.zst=01;31:*.tzst=01;31:*.bz2=01;31:*.bz=01;31:*.tbz=01;31:*.tbz2=01;31:*.tz=01;31:*.deb=01;31:*.rpm=01;31:*.jar=01;31:*.war=01;31:*.ear=01;31:*.sar=01;31:*.rar=01;31:*.alz=01;31:*.ace=01;31:*.zoo=01;31:*.cpio=01;31:*.7z=01;31:*.rz=01;31:*.cab=01;31:*.wim=01;31:*.swm=01;31:*.dwm=01;31:*.esd=01;31:*.jpg=01;35:*.jpeg=01;35:*.mjpg=01;35:*.mjpeg=01;35:*.gif=01;35:*.bmp=01;35:*.pbm=01;35:*.pgm=01;35:*.ppm=01;35:*.tga=01;35:*.xbm=01;35:*.xpm=01;35:*.tif=01;35:*.tiff=01;35:*.png=01;35:*.svg=01;35:*.svgz=01;35:*.mng=01;35:*.pcx=01;35:*.mov=01;35:*.mpg=01;35:*.mpeg=01;35:*.m2v=01;35:*.mkv=01;35:*.webm=01;35:*.webp=01;35:*.ogm=01;35:*.mp4=01;35:*.m4v=01;35:*.mp4v=01;35:*.vob=01;35:*.qt=01;35:*.nuv=01;35:*.wmv=01;35:*.asf=01;35:*.rm=01;35:*.rmvb=01;35:*.flc=01;35:*.avi=01;35:*.fli=01;35:*.flv=01;35:*.gl=01;35:*.dl=01;35:*.xcf=01;35:*.xwd=01;35:*.yuv=01;35:*.cgm=01;35:*.emf=01;35:*.ogv=01;35:*.ogx=01;35:*.aac=00;36:*.au=00;36:*.flac=00;36:*.m4a=00;36:*.mid=00;36:*.midi=00;36:*.mka=00;36:*.mp3=00;36:*.mpc=00;36:*.ogg=00;36:*.ra=00;36:*.wav=00;36:*.oga=00;36:*.opus=00;36:*.spx=00;36:*.xspf=00;36:', 'GNOME_TERMINAL_SERVICE': ':1.127', 'SSH_AGENT_LAUNCHER': 'gnome-keyring', 'SSH_AUTH_SOCK': '/run/user/1000/keyring/ssh', 'AMENT_PREFIX_PATH': '/home/donavyn/docker_test/ros2_ws/install/py_pubsub:/home/donavyn/docker_test/ros2_ws/src/install/learning_tf2_py:/home/donavyn/docker_test/ros2_ws/install/tutorial_interfaces:/home/donavyn/docker_test/ros2_ws/install/turtlesim:/home/donavyn/docker_test/ros2_ws/install/python_parameters:/home/donavyn/docker_test/ros2_ws/install/py_srvcli:/home/donavyn/docker_test/ros2_ws/install/my_package:/home/donavyn/docker_test/ros2_ws/install/more_interfaces:/home/donavyn/docker_test/ros2_ws/install/launch_testing_examples:/home/donavyn/docker_test/ros2_ws/install/examples_rclpy_pointcloud_publisher:/home/donavyn/docker_test/ros2_ws/install/examples_rclpy_minimal_subscriber:/home/donavyn/docker_test/ros2_ws/install/examples_rclpy_minimal_service:/home/donavyn/docker_test/ros2_ws/install/examples_rclpy_minimal_publisher:/home/donavyn/docker_test/ros2_ws/install/examples_rclpy_minimal_client:/home/donavyn/docker_test/ros2_ws/install/examples_rclpy_minimal_action_server:/home/donavyn/docker_test/ros2_ws/install/examples_rclpy_minimal_action_client:/home/donavyn/docker_test/ros2_ws/install/examples_rclpy_guard_conditions:/home/donavyn/docker_test/ros2_ws/install/examples_rclpy_executors:/home/donavyn/docker_test/ros2_ws/install/action_tutorials_interfaces:/opt/ros/humble', 'SHELL': '/bin/bash', 'QT_ACCESSIBILITY': '1', 'GDMSESSION': 'ubuntu', 'LESSCLOSE': '/usr/bin/lesspipe %s %s', 'GPG_AGENT_INFO': '/run/user/1000/gnupg/S.gpg-agent:0:1', 'QT_IM_MODULE': 'ibus', 'PWD': '/home/donavyn/docker_test/ros2_ws/build/py_pubsub', 'XDG_CONFIG_DIRS': '/etc/xdg/xdg-ubuntu:/etc/xdg', 'XDG_DATA_DIRS': '/usr/share/ubuntu:/usr/share/gnome:/usr/local/share/:/usr/share/:/var/lib/snapd/desktop', 'PYTHONPATH': '/home/donavyn/docker_test/ros2_ws/install/py_pubsub/lib/python3.10/site-packages:/home/donavyn/docker_test/ros2_ws/src/install/learning_tf2_py/lib/python3.10/site-packages:/home/donavyn/docker_test/ros2_ws/install/tutorial_interfaces/local/lib/python3.10/dist-packages:/home/donavyn/docker_test/ros2_ws/install/turtlesim/local/lib/python3.10/dist-packages:/home/donavyn/docker_test/ros2_ws/install/python_parameters/lib/python3.10/site-packages:/home/donavyn/docker_test/ros2_ws/install/py_srvcli/lib/python3.10/site-packages:/home/donavyn/docker_test/ros2_ws/install/my_package/lib/python3.10/site-packages:/home/donavyn/docker_test/ros2_ws/install/more_interfaces/local/lib/python3.10/dist-packages:/home/donavyn/docker_test/ros2_ws/install/launch_testing_examples/lib/python3.10/site-packages:/home/donavyn/docker_test/ros2_ws/install/examples_rclpy_pointcloud_publisher/lib/python3.10/site-packages:/home/donavyn/docker_test/ros2_ws/install/examples_rclpy_minimal_subscriber/lib/python3.10/site-packages:/home/donavyn/docker_test/ros2_ws/install/examples_rclpy_minimal_service/lib/python3.10/site-packages:/home/donavyn/docker_test/ros2_ws/install/examples_rclpy_minimal_publisher/lib/python3.10/site-packages:/home/donavyn/docker_test/ros2_ws/install/examples_rclpy_minimal_client/lib/python3.10/site-packages:/home/donavyn/docker_test/ros2_ws/install/examples_rclpy_minimal_action_server/lib/python3.10/site-packages:/home/donavyn/docker_test/ros2_ws/install/examples_rclpy_minimal_action_client/lib/python3.10/site-packages:/home/donavyn/docker_test/ros2_ws/install/examples_rclpy_guard_conditions/lib/python3.10/site-packages:/home/donavyn/docker_test/ros2_ws/install/examples_rclpy_executors/lib/python3.10/site-packages:/home/donavyn/docker_test/ros2_ws/install/action_tutorials_interfaces/local/lib/python3.10/dist-packages:/opt/ros/humble/lib/python3.10/site-packages:/opt/ros/humble/local/lib/python3.10/dist-packages', 'COLCON': '1', 'VTE_VERSION': '6800', 'CMAKE_PREFIX_PATH': '/home/donavyn/docker_test/ros2_ws/install/tutorial_interfaces:/home/donavyn/docker_test/ros2_ws/install/turtlesim:/home/donavyn/docker_test/ros2_ws/install/more_interfaces:/home/donavyn/docker_test/ros2_ws/install/examples_rclcpp_wait_set:/home/donavyn/docker_test/ros2_ws/install/examples_rclcpp_multithreaded_executor:/home/donavyn/docker_test/ros2_ws/install/examples_rclcpp_minimal_timer:/home/donavyn/docker_test/ros2_ws/install/examples_rclcpp_minimal_subscriber:/home/donavyn/docker_test/ros2_ws/install/examples_rclcpp_minimal_service:/home/donavyn/docker_test/ros2_ws/install/examples_rclcpp_minimal_publisher:/home/donavyn/docker_test/ros2_ws/install/examples_rclcpp_minimal_composition:/home/donavyn/docker_test/ros2_ws/install/examples_rclcpp_minimal_client:/home/donavyn/docker_test/ros2_ws/install/examples_rclcpp_minimal_action_server:/home/donavyn/docker_test/ros2_ws/install/examples_rclcpp_minimal_action_client:/home/donavyn/docker_test/ros2_ws/install/examples_rclcpp_cbg_executor:/home/donavyn/docker_test/ros2_ws/install/examples_rclcpp_async_client:/home/donavyn/docker_test/ros2_ws/install/action_tutorials_interfaces', 'PYTHONDONTWRITEBYTECODE': '1', 'PYTEST_ADDOPTS': '--tb=short --junit-xml=/home/donavyn/docker_test/ros2_ws/build/py_pubsub/pytest.xml --junit-prefix=py_pubsub -o cache_dir=/home/donavyn/docker_test/ros2_ws/build/py_pubsub/.pytest_cache'}, 'shell': False}
[0.285122] (examples_rclcpp_async_client) StdoutLine: {'line': b'UpdateCTestConfiguration  from :/home/donavyn/docker_test/ros2_ws/build/examples_rclcpp_async_client/CTestConfiguration.ini\n'}
[0.285400] (examples_rclcpp_async_client) StdoutLine: {'line': b'Parse Config file:/home/donavyn/docker_test/ros2_ws/build/examples_rclcpp_async_client/CTestConfiguration.ini\n'}
[0.285619] (examples_rclcpp_async_client) StdoutLine: {'line': b'   Site: donavyn\n'}
[0.285826] (examples_rclcpp_async_client) StdoutLine: {'line': b'   Build name: (empty)\n'}
[0.286002] (examples_rclcpp_async_client) StdoutLine: {'line': b'Create new tag: 20241011-0055 - Experimental\n'}
[0.286601] (examples_rclcpp_async_client) StdoutLine: {'line': b'UpdateCTestConfiguration  from :/home/donavyn/ros2_ws/build/examples_rclcpp_async_client/DartConfiguration.tcl\n'}
[0.286715] (examples_rclcpp_async_client) StdoutLine: {'line': b'Test project /home/donavyn/ros2_ws/build/examples_rclcpp_async_client\n'}
[0.286771] (examples_rclcpp_async_client) StdoutLine: {'line': b'Constructing a list of tests\n'}
[0.286817] (examples_rclcpp_async_client) StdoutLine: {'line': b'Updating test list for fixtures\n'}
[0.286858] (examples_rclcpp_async_client) StdoutLine: {'line': b'Added 0 tests to meet fixture requirements\n'}
[0.286900] (examples_rclcpp_async_client) StdoutLine: {'line': b'Checking test dependency graph...\n'}
[0.286940] (examples_rclcpp_async_client) StdoutLine: {'line': b'Checking test dependency graph end\n'}
[0.286983] (examples_rclcpp_async_client) StderrLine: {'line': b'Cannot find file: /home/donavyn/ros2_ws/build/examples_rclcpp_async_client/DartConfiguration.tcl\n'}
[0.287119] (examples_rclcpp_async_client) StderrLine: {'line': b'No tests were found!!!\n'}
[0.287171] (examples_rclpy_minimal_action_client) JobEnded: {'identifier': 'examples_rclpy_minimal_action_client', 'rc': 1}
[0.287898] (examples_rclpy_minimal_action_server) JobEnded: {'identifier': 'examples_rclpy_minimal_action_server', 'rc': 1}
[0.288384] (examples_rclpy_minimal_client) JobEnded: {'identifier': 'examples_rclpy_minimal_client', 'rc': 1}
[0.289210] (examples_rclpy_minimal_publisher) JobEnded: {'identifier': 'examples_rclpy_minimal_publisher', 'rc': 1}
[0.289740] (examples_rclpy_minimal_service) JobEnded: {'identifier': 'examples_rclpy_minimal_service', 'rc': 1}
[0.289953] (examples_rclpy_minimal_subscriber) JobEnded: {'identifier': 'examples_rclpy_minimal_subscriber', 'rc': 1}
[0.290154] (examples_rclpy_pointcloud_publisher) JobEnded: {'identifier': 'examples_rclpy_pointcloud_publisher', 'rc': 1}
[0.290347] (launch_testing_examples) JobEnded: {'identifier': 'launch_testing_examples', 'rc': 1}
[0.290541] (more_interfaces) JobEnded: {'identifier': 'more_interfaces', 'rc': 1}
[0.290710] (my_package) JobEnded: {'identifier': 'my_package', 'rc': 1}
[0.290866] (py_srvcli) JobEnded: {'identifier': 'py_srvcli', 'rc': 1}
[0.291057] (python_parameters) JobEnded: {'identifier': 'python_parameters', 'rc': 1}
[0.291297] (tutorial_interfaces) JobEnded: {'identifier': 'tutorial_interfaces', 'rc': 1}
[0.291503] (learning_tf2_py) JobEnded: {'identifier': 'learning_tf2_py', 'rc': 1}
[0.291699] (examples_rclcpp_async_client) CommandEnded: {'returncode': 0}
[0.291983] (examples_rclcpp_async_client) JobEnded: {'identifier': 'examples_rclcpp_async_client', 'rc': 0}
[0.299274] (-) TimerEvent: {}
[0.399470] (-) TimerEvent: {}
[0.476096] (py_pubsub) StdoutLine: {'line': b'\x1b[1m============================= test session starts ==============================\x1b[0m\n'}
[0.476274] (py_pubsub) StdoutLine: {'line': b'platform linux -- Python 3.10.12, pytest-6.2.5, py-1.10.0, pluggy-0.13.0\n'}
[0.478374] (py_pubsub) StdoutLine: {'line': b'cachedir: /home/donavyn/docker_test/ros2_ws/build/py_pubsub/.pytest_cache\n'}
[0.478464] (py_pubsub) StdoutLine: {'line': b'rootdir: /home/donavyn/docker_test/ros2_ws/src/py_pubsub\n'}
[0.478511] (py_pubsub) StdoutLine: {'line': b'plugins: ament-pep257-0.12.11, ament-lint-0.12.11, ament-xmllint-0.12.11, ament-flake8-0.12.11, launch-testing-ros-0.19.7, ament-copyright-0.12.11, launch-testing-1.0.6, cov-3.0.0, colcon-core-0.17.0\n'}
[0.499600] (-) TimerEvent: {}
[0.538756] (py_pubsub) StdoutLine: {'line': b'\x1b[1mcollecting ... \x1b[0m\x1b[1m\n'}
[0.538998] (py_pubsub) StdoutLine: {'line': b'collected 3 items                                                              \x1b[0m\n'}
[0.539126] (py_pubsub) StdoutLine: {'line': b'\n'}
[0.542566] (py_pubsub) StdoutLine: {'line': b'test/test_copyright.py \x1b[33ms\x1b[0m\x1b[32m                                                 [ 33%]\x1b[0m\n'}
[0.599679] (-) TimerEvent: {}
[0.624847] (py_pubsub) StdoutLine: {'line': b'test/test_flake8.py \x1b[31mF\x1b[0m\x1b[31m                                                    [ 66%]\x1b[0m\n'}
[0.639572] (py_pubsub) StdoutLine: {'line': b'test/test_pep257.py \x1b[32m.\x1b[0m\x1b[31m                                                    [100%]\x1b[0m\n'}
[0.639761] (py_pubsub) StdoutLine: {'line': b'\n'}
[0.639842] (py_pubsub) StdoutLine: {'line': b'=================================== FAILURES ===================================\n'}
[0.639909] (py_pubsub) StdoutLine: {'line': b'\x1b[31m\x1b[1m_________________________________ test_flake8 __________________________________\x1b[0m\n'}
[0.639970] (py_pubsub) StdoutLine: {'line': b'\x1b[1m\x1b[31mtest/test_flake8.py\x1b[0m:23: in test_flake8\n'}
[0.662460] (py_pubsub) StdoutLine: {'line': b'    \x1b[94massert\x1b[39;49;00m rc == \x1b[94m0\x1b[39;49;00m, \\\n'}
[0.662839] (py_pubsub) StdoutLine: {'line': b'\x1b[1m\x1b[31mE   AssertionError: Found 2 code style errors / warnings:\x1b[0m\n'}
[0.662996] (py_pubsub) StdoutLine: {'line': b'\x1b[1m\x1b[31mE     ./setup.py:22:5: W191 indentation contains tabs\x1b[0m\n'}
[0.663083] (py_pubsub) StdoutLine: {'line': b'\x1b[1m\x1b[31mE     ./setup.py:22:5: E101 indentation contains mixed spaces and tabs\x1b[0m\n'}
[0.663154] (py_pubsub) StdoutLine: {'line': b'\x1b[1m\x1b[31mE   assert 1 == 0\x1b[0m\n'}
[0.663231] (py_pubsub) StdoutLine: {'line': b'----------------------------- Captured stdout call -----------------------------\n'}
[0.663307] (py_pubsub) StdoutLine: {'line': b'\n'}
[0.663366] (py_pubsub) StdoutLine: {'line': b'./setup.py:22:5: W191 indentation contains tabs\n'}
[0.663422] (py_pubsub) StdoutLine: {'line': b"    \t'console_scripts': [\n"}
[0.663478] (py_pubsub) StdoutLine: {'line': b'    ^\n'}
[0.663535] (py_pubsub) StdoutLine: {'line': b'\n'}
[0.663590] (py_pubsub) StdoutLine: {'line': b'./setup.py:22:5: E101 indentation contains mixed spaces and tabs\n'}
[0.663646] (py_pubsub) StdoutLine: {'line': b"    \t'console_scripts': [\n"}
[0.663701] (py_pubsub) StdoutLine: {'line': b'    ^\n'}
[0.663757] (py_pubsub) StdoutLine: {'line': b'\n'}
[0.663829] (py_pubsub) StdoutLine: {'line': b'1     E101 indentation contains mixed spaces and tabs\n'}
[0.663886] (py_pubsub) StdoutLine: {'line': b'1     W191 indentation contains tabs\n'}
[0.663940] (py_pubsub) StdoutLine: {'line': b'\n'}
[0.663994] (py_pubsub) StdoutLine: {'line': b'7 files checked\n'}
[0.664048] (py_pubsub) StdoutLine: {'line': b'2 errors\n'}
[0.664102] (py_pubsub) StdoutLine: {'line': b'\n'}
[0.664156] (py_pubsub) StdoutLine: {'line': b"'E'-type errors: 1\n"}
[0.664227] (py_pubsub) StdoutLine: {'line': b"'W'-type errors: 1\n"}
[0.664296] (py_pubsub) StdoutLine: {'line': b'\n'}
[0.664351] (py_pubsub) StdoutLine: {'line': b'Checked files:\n'}
[0.664408] (py_pubsub) StdoutLine: {'line': b'\n'}
[0.664463] (py_pubsub) StdoutLine: {'line': b'* ./setup.py\n'}
[0.664522] (py_pubsub) StdoutLine: {'line': b'* ./py_pubsub/publisher_member_function.py\n'}
[0.664577] (py_pubsub) StdoutLine: {'line': b'* ./py_pubsub/__init__.py\n'}
[0.664633] (py_pubsub) StdoutLine: {'line': b'* ./py_pubsub/subscriber_member_function.py\n'}
[0.664689] (py_pubsub) StdoutLine: {'line': b'* ./test/test_flake8.py\n'}
[0.664746] (py_pubsub) StdoutLine: {'line': b'* ./test/test_copyright.py\n'}
[0.664801] (py_pubsub) StdoutLine: {'line': b'* ./test/test_pep257.py\n'}
[0.664859] (py_pubsub) StdoutLine: {'line': b'----------------------------- Captured stderr call -----------------------------\n'}
[0.664918] (py_pubsub) StdoutLine: {'line': b'option --max-complexity: please update from optparse string `type=` to argparse callable `type=` -- this will be an error in the future\n'}
[0.664976] (py_pubsub) StdoutLine: {'line': b'- generated xml file: /home/donavyn/docker_test/ros2_ws/build/py_pubsub/pytest.xml -\n'}
[0.665035] (py_pubsub) StderrLine: {'line': b'\x1b[33m=============================== warnings summary ===============================\x1b[0m\n'}
[0.665117] (py_pubsub) StderrLine: {'line': b'test/test_flake8.py::test_flake8\n'}
[0.665175] (py_pubsub) StderrLine: {'line': b'test/test_flake8.py::test_flake8\n'}
[0.665243] (py_pubsub) StderrLine: {'line': b'  Warning: SelectableGroups dict interface is deprecated. Use select.\n'}
[0.665304] (py_pubsub) StderrLine: {'line': b'\n'}
[0.665360] (py_pubsub) StderrLine: {'line': b'-- Docs: https://docs.pytest.org/en/stable/warnings.html\n'}
[0.665422] (py_pubsub) StdoutLine: {'line': b'=========================== short test summary info ============================\n'}
[0.665485] (py_pubsub) StdoutLine: {'line': b'FAILED test/test_flake8.py::test_flake8 - AssertionError: Found 2 code style ...\n'}
[0.665541] (py_pubsub) StdoutLine: {'line': b'\x1b[31m============== \x1b[31m\x1b[1m1 failed\x1b[0m, \x1b[32m1 passed\x1b[0m, \x1b[33m1 skipped\x1b[0m, \x1b[33m2 warnings\x1b[0m\x1b[31m in 0.19s\x1b[0m\x1b[31m ==============\x1b[0m\n'}
[0.699838] (-) TimerEvent: {}
[0.722468] (py_pubsub) CommandEnded: {'returncode': 1}
[0.722954] (py_pubsub) TestFailure: {'identifier': 'py_pubsub'}
[0.722987] (py_pubsub) JobEnded: {'identifier': 'py_pubsub', 'rc': 0}
[0.732988] (-) EventReactorShutdown: {}
