[0.127s] DEBUG:colcon:Command line arguments: ['/usr/bin/colcon', 'test']
[0.127s] DEBUG:colcon:Parsed command line arguments: Namespace(log_base=None, log_level=None, verb_name='test', build_base='build', install_base='install', merge_install=False, test_result_base=None, retest_until_fail=0, retest_until_pass=0, abort_on_error=False, return_code_on_test_failure=False, executor='parallel', parallel_workers=16, event_handlers=None, ignore_user_meta=False, metas=['./colcon.meta'], base_paths=['.'], packages_ignore=None, packages_ignore_regex=None, paths=None, packages_up_to=None, packages_up_to_regex=None, packages_above=None, packages_above_and_dependencies=None, packages_above_depth=None, packages_select_by_dep=None, packages_skip_by_dep=None, packages_skip_up_to=None, packages_select_build_failed=False, packages_skip_build_finished=False, packages_select_test_failures=False, packages_skip_test_passed=False, packages_select=None, packages_skip=None, packages_select_regex=None, packages_skip_regex=None, packages_start=None, packages_end=None, allow_overriding=[], ctest_args=None, python_testing=None, pytest_args=None, pytest_with_coverage=False, unittest_args=None, verb_parser=<colcon_defaults.argument_parser.defaults.DefaultArgumentsDecorator object at 0x77feb35cb0a0>, verb_extension=<colcon_core.verb.test.TestVerb object at 0x77feb35c9cf0>, main=<bound method TestVerb.main of <colcon_core.verb.test.TestVerb object at 0x77feb35c9cf0>>)
[0.224s] Level 1:colcon.colcon_core.package_discovery:discover_packages(colcon_meta) check parameters
[0.225s] Level 1:colcon.colcon_core.package_discovery:discover_packages(recursive) check parameters
[0.225s] Level 1:colcon.colcon_core.package_discovery:discover_packages(ignore) check parameters
[0.225s] Level 1:colcon.colcon_core.package_discovery:discover_packages(path) check parameters
[0.225s] Level 1:colcon.colcon_core.package_discovery:discover_packages(colcon_meta) discover
[0.225s] Level 1:colcon.colcon_core.package_discovery:discover_packages(recursive) discover
[0.225s] INFO:colcon.colcon_core.package_discovery:Crawling recursively for packages in '/home/donavyn/docker_test/ros2_ws'
[0.225s] Level 1:colcon.colcon_core.package_identification:_identify(.) by extensions ['ignore', 'ignore_ament_install']
[0.225s] Level 1:colcon.colcon_core.package_identification:_identify(.) by extension 'ignore'
[0.225s] Level 1:colcon.colcon_core.package_identification:_identify(.) by extension 'ignore_ament_install'
[0.225s] Level 1:colcon.colcon_core.package_identification:_identify(.) by extensions ['colcon_pkg']
[0.225s] Level 1:colcon.colcon_core.package_identification:_identify(.) by extension 'colcon_pkg'
[0.225s] Level 1:colcon.colcon_core.package_identification:_identify(.) by extensions ['colcon_meta']
[0.225s] Level 1:colcon.colcon_core.package_identification:_identify(.) by extension 'colcon_meta'
[0.225s] Level 1:colcon.colcon_core.package_identification:_identify(.) by extensions ['ros']
[0.225s] Level 1:colcon.colcon_core.package_identification:_identify(.) by extension 'ros'
[0.232s] Level 1:colcon.colcon_core.package_identification:_identify(.) by extensions ['cmake', 'python']
[0.232s] Level 1:colcon.colcon_core.package_identification:_identify(.) by extension 'cmake'
[0.232s] Level 1:colcon.colcon_core.package_identification:_identify(.) by extension 'python'
[0.232s] Level 1:colcon.colcon_core.package_identification:_identify(.) by extensions ['python_setup_py']
[0.232s] Level 1:colcon.colcon_core.package_identification:_identify(.) by extension 'python_setup_py'
[0.232s] Level 1:colcon.colcon_core.package_identification:_identify(build) by extensions ['ignore', 'ignore_ament_install']
[0.232s] Level 1:colcon.colcon_core.package_identification:_identify(build) by extension 'ignore'
[0.232s] Level 1:colcon.colcon_core.package_identification:_identify(build) ignored
[0.232s] Level 1:colcon.colcon_core.package_identification:_identify(install) by extensions ['ignore', 'ignore_ament_install']
[0.232s] Level 1:colcon.colcon_core.package_identification:_identify(install) by extension 'ignore'
[0.232s] Level 1:colcon.colcon_core.package_identification:_identify(install) ignored
[0.232s] Level 1:colcon.colcon_core.package_identification:_identify(launch) by extensions ['ignore', 'ignore_ament_install']
[0.232s] Level 1:colcon.colcon_core.package_identification:_identify(launch) by extension 'ignore'
[0.232s] Level 1:colcon.colcon_core.package_identification:_identify(launch) by extension 'ignore_ament_install'
[0.232s] Level 1:colcon.colcon_core.package_identification:_identify(launch) by extensions ['colcon_pkg']
[0.232s] Level 1:colcon.colcon_core.package_identification:_identify(launch) by extension 'colcon_pkg'
[0.232s] Level 1:colcon.colcon_core.package_identification:_identify(launch) by extensions ['colcon_meta']
[0.232s] Level 1:colcon.colcon_core.package_identification:_identify(launch) by extension 'colcon_meta'
[0.232s] Level 1:colcon.colcon_core.package_identification:_identify(launch) by extensions ['ros']
[0.232s] Level 1:colcon.colcon_core.package_identification:_identify(launch) by extension 'ros'
[0.232s] Level 1:colcon.colcon_core.package_identification:_identify(launch) by extensions ['cmake', 'python']
[0.232s] Level 1:colcon.colcon_core.package_identification:_identify(launch) by extension 'cmake'
[0.232s] Level 1:colcon.colcon_core.package_identification:_identify(launch) by extension 'python'
[0.232s] Level 1:colcon.colcon_core.package_identification:_identify(launch) by extensions ['python_setup_py']
[0.232s] Level 1:colcon.colcon_core.package_identification:_identify(launch) by extension 'python_setup_py'
[0.233s] Level 1:colcon.colcon_core.package_identification:_identify(log) by extensions ['ignore', 'ignore_ament_install']
[0.233s] Level 1:colcon.colcon_core.package_identification:_identify(log) by extension 'ignore'
[0.233s] Level 1:colcon.colcon_core.package_identification:_identify(log) ignored
[0.233s] Level 1:colcon.colcon_core.package_identification:_identify(my_code) by extensions ['ignore', 'ignore_ament_install']
[0.233s] Level 1:colcon.colcon_core.package_identification:_identify(my_code) by extension 'ignore'
[0.233s] Level 1:colcon.colcon_core.package_identification:_identify(my_code) by extension 'ignore_ament_install'
[0.233s] Level 1:colcon.colcon_core.package_identification:_identify(my_code) by extensions ['colcon_pkg']
[0.233s] Level 1:colcon.colcon_core.package_identification:_identify(my_code) by extension 'colcon_pkg'
[0.233s] Level 1:colcon.colcon_core.package_identification:_identify(my_code) by extensions ['colcon_meta']
[0.233s] Level 1:colcon.colcon_core.package_identification:_identify(my_code) by extension 'colcon_meta'
[0.233s] Level 1:colcon.colcon_core.package_identification:_identify(my_code) by extensions ['ros']
[0.233s] Level 1:colcon.colcon_core.package_identification:_identify(my_code) by extension 'ros'
[0.233s] Level 1:colcon.colcon_core.package_identification:_identify(my_code) by extensions ['cmake', 'python']
[0.233s] Level 1:colcon.colcon_core.package_identification:_identify(my_code) by extension 'cmake'
[0.233s] Level 1:colcon.colcon_core.package_identification:_identify(my_code) by extension 'python'
[0.233s] Level 1:colcon.colcon_core.package_identification:_identify(my_code) by extensions ['python_setup_py']
[0.233s] Level 1:colcon.colcon_core.package_identification:_identify(my_code) by extension 'python_setup_py'
[0.233s] Level 1:colcon.colcon_core.package_identification:_identify(my_code/source) by extensions ['ignore', 'ignore_ament_install']
[0.233s] Level 1:colcon.colcon_core.package_identification:_identify(my_code/source) by extension 'ignore'
[0.233s] Level 1:colcon.colcon_core.package_identification:_identify(my_code/source) by extension 'ignore_ament_install'
[0.233s] Level 1:colcon.colcon_core.package_identification:_identify(my_code/source) by extensions ['colcon_pkg']
[0.233s] Level 1:colcon.colcon_core.package_identification:_identify(my_code/source) by extension 'colcon_pkg'
[0.233s] Level 1:colcon.colcon_core.package_identification:_identify(my_code/source) by extensions ['colcon_meta']
[0.233s] Level 1:colcon.colcon_core.package_identification:_identify(my_code/source) by extension 'colcon_meta'
[0.233s] Level 1:colcon.colcon_core.package_identification:_identify(my_code/source) by extensions ['ros']
[0.233s] Level 1:colcon.colcon_core.package_identification:_identify(my_code/source) by extension 'ros'
[0.233s] Level 1:colcon.colcon_core.package_identification:_identify(my_code/source) by extensions ['cmake', 'python']
[0.233s] Level 1:colcon.colcon_core.package_identification:_identify(my_code/source) by extension 'cmake'
[0.233s] Level 1:colcon.colcon_core.package_identification:_identify(my_code/source) by extension 'python'
[0.233s] Level 1:colcon.colcon_core.package_identification:_identify(my_code/source) by extensions ['python_setup_py']
[0.233s] Level 1:colcon.colcon_core.package_identification:_identify(my_code/source) by extension 'python_setup_py'
[0.233s] Level 1:colcon.colcon_core.package_identification:_identify(src) by extensions ['ignore', 'ignore_ament_install']
[0.233s] Level 1:colcon.colcon_core.package_identification:_identify(src) by extension 'ignore'
[0.233s] Level 1:colcon.colcon_core.package_identification:_identify(src) by extension 'ignore_ament_install'
[0.233s] Level 1:colcon.colcon_core.package_identification:_identify(src) by extensions ['colcon_pkg']
[0.233s] Level 1:colcon.colcon_core.package_identification:_identify(src) by extension 'colcon_pkg'
[0.233s] Level 1:colcon.colcon_core.package_identification:_identify(src) by extensions ['colcon_meta']
[0.233s] Level 1:colcon.colcon_core.package_identification:_identify(src) by extension 'colcon_meta'
[0.233s] Level 1:colcon.colcon_core.package_identification:_identify(src) by extensions ['ros']
[0.233s] Level 1:colcon.colcon_core.package_identification:_identify(src) by extension 'ros'
[0.233s] Level 1:colcon.colcon_core.package_identification:_identify(src) by extensions ['cmake', 'python']
[0.233s] Level 1:colcon.colcon_core.package_identification:_identify(src) by extension 'cmake'
[0.233s] Level 1:colcon.colcon_core.package_identification:_identify(src) by extension 'python'
[0.233s] Level 1:colcon.colcon_core.package_identification:_identify(src) by extensions ['python_setup_py']
[0.233s] Level 1:colcon.colcon_core.package_identification:_identify(src) by extension 'python_setup_py'
[0.233s] Level 1:colcon.colcon_core.package_identification:_identify(src/action_tutorials_interfaces) by extensions ['ignore', 'ignore_ament_install']
[0.233s] Level 1:colcon.colcon_core.package_identification:_identify(src/action_tutorials_interfaces) by extension 'ignore'
[0.233s] Level 1:colcon.colcon_core.package_identification:_identify(src/action_tutorials_interfaces) by extension 'ignore_ament_install'
[0.233s] Level 1:colcon.colcon_core.package_identification:_identify(src/action_tutorials_interfaces) by extensions ['colcon_pkg']
[0.233s] Level 1:colcon.colcon_core.package_identification:_identify(src/action_tutorials_interfaces) by extension 'colcon_pkg'
[0.233s] Level 1:colcon.colcon_core.package_identification:_identify(src/action_tutorials_interfaces) by extensions ['colcon_meta']
[0.234s] Level 1:colcon.colcon_core.package_identification:_identify(src/action_tutorials_interfaces) by extension 'colcon_meta'
[0.234s] Level 1:colcon.colcon_core.package_identification:_identify(src/action_tutorials_interfaces) by extensions ['ros']
[0.234s] Level 1:colcon.colcon_core.package_identification:_identify(src/action_tutorials_interfaces) by extension 'ros'
[0.235s] DEBUG:colcon.colcon_core.package_identification:Package 'src/action_tutorials_interfaces' with type 'ros.ament_cmake' and name 'action_tutorials_interfaces'
[0.235s] Level 1:colcon.colcon_core.package_identification:_identify(src/build) by extensions ['ignore', 'ignore_ament_install']
[0.235s] Level 1:colcon.colcon_core.package_identification:_identify(src/build) by extension 'ignore'
[0.235s] Level 1:colcon.colcon_core.package_identification:_identify(src/build) ignored
[0.235s] Level 1:colcon.colcon_core.package_identification:_identify(src/examples) by extensions ['ignore', 'ignore_ament_install']
[0.235s] Level 1:colcon.colcon_core.package_identification:_identify(src/examples) by extension 'ignore'
[0.235s] Level 1:colcon.colcon_core.package_identification:_identify(src/examples) by extension 'ignore_ament_install'
[0.235s] Level 1:colcon.colcon_core.package_identification:_identify(src/examples) by extensions ['colcon_pkg']
[0.235s] Level 1:colcon.colcon_core.package_identification:_identify(src/examples) by extension 'colcon_pkg'
[0.235s] Level 1:colcon.colcon_core.package_identification:_identify(src/examples) by extensions ['colcon_meta']
[0.235s] Level 1:colcon.colcon_core.package_identification:_identify(src/examples) by extension 'colcon_meta'
[0.235s] Level 1:colcon.colcon_core.package_identification:_identify(src/examples) by extensions ['ros']
[0.235s] Level 1:colcon.colcon_core.package_identification:_identify(src/examples) by extension 'ros'
[0.235s] Level 1:colcon.colcon_core.package_identification:_identify(src/examples) by extensions ['cmake', 'python']
[0.235s] Level 1:colcon.colcon_core.package_identification:_identify(src/examples) by extension 'cmake'
[0.235s] Level 1:colcon.colcon_core.package_identification:_identify(src/examples) by extension 'python'
[0.235s] Level 1:colcon.colcon_core.package_identification:_identify(src/examples) by extensions ['python_setup_py']
[0.235s] Level 1:colcon.colcon_core.package_identification:_identify(src/examples) by extension 'python_setup_py'
[0.235s] Level 1:colcon.colcon_core.package_identification:_identify(src/examples/launch_testing) by extensions ['ignore', 'ignore_ament_install']
[0.235s] Level 1:colcon.colcon_core.package_identification:_identify(src/examples/launch_testing) by extension 'ignore'
[0.235s] Level 1:colcon.colcon_core.package_identification:_identify(src/examples/launch_testing) by extension 'ignore_ament_install'
[0.235s] Level 1:colcon.colcon_core.package_identification:_identify(src/examples/launch_testing) by extensions ['colcon_pkg']
[0.235s] Level 1:colcon.colcon_core.package_identification:_identify(src/examples/launch_testing) by extension 'colcon_pkg'
[0.235s] Level 1:colcon.colcon_core.package_identification:_identify(src/examples/launch_testing) by extensions ['colcon_meta']
[0.235s] Level 1:colcon.colcon_core.package_identification:_identify(src/examples/launch_testing) by extension 'colcon_meta'
[0.235s] Level 1:colcon.colcon_core.package_identification:_identify(src/examples/launch_testing) by extensions ['ros']
[0.235s] Level 1:colcon.colcon_core.package_identification:_identify(src/examples/launch_testing) by extension 'ros'
[0.236s] Level 1:colcon.colcon_core.package_identification:_identify(src/examples/launch_testing) by extensions ['cmake', 'python']
[0.236s] Level 1:colcon.colcon_core.package_identification:_identify(src/examples/launch_testing) by extension 'cmake'
[0.236s] Level 1:colcon.colcon_core.package_identification:_identify(src/examples/launch_testing) by extension 'python'
[0.236s] Level 1:colcon.colcon_core.package_identification:_identify(src/examples/launch_testing) by extensions ['python_setup_py']
[0.236s] Level 1:colcon.colcon_core.package_identification:_identify(src/examples/launch_testing) by extension 'python_setup_py'
[0.236s] Level 1:colcon.colcon_core.package_identification:_identify(src/examples/launch_testing/launch_testing_examples) by extensions ['ignore', 'ignore_ament_install']
[0.236s] Level 1:colcon.colcon_core.package_identification:_identify(src/examples/launch_testing/launch_testing_examples) by extension 'ignore'
[0.236s] Level 1:colcon.colcon_core.package_identification:_identify(src/examples/launch_testing/launch_testing_examples) by extension 'ignore_ament_install'
[0.236s] Level 1:colcon.colcon_core.package_identification:_identify(src/examples/launch_testing/launch_testing_examples) by extensions ['colcon_pkg']
[0.236s] Level 1:colcon.colcon_core.package_identification:_identify(src/examples/launch_testing/launch_testing_examples) by extension 'colcon_pkg'
[0.236s] Level 1:colcon.colcon_core.package_identification:_identify(src/examples/launch_testing/launch_testing_examples) by extensions ['colcon_meta']
[0.236s] Level 1:colcon.colcon_core.package_identification:_identify(src/examples/launch_testing/launch_testing_examples) by extension 'colcon_meta'
[0.236s] Level 1:colcon.colcon_core.package_identification:_identify(src/examples/launch_testing/launch_testing_examples) by extensions ['ros']
[0.236s] Level 1:colcon.colcon_core.package_identification:_identify(src/examples/launch_testing/launch_testing_examples) by extension 'ros'
[0.236s] DEBUG:colcon.colcon_core.package_identification:Package 'src/examples/launch_testing/launch_testing_examples' with type 'ros.ament_python' and name 'launch_testing_examples'
[0.236s] Level 1:colcon.colcon_core.package_identification:_identify(src/examples/rclcpp) by extensions ['ignore', 'ignore_ament_install']
[0.236s] Level 1:colcon.colcon_core.package_identification:_identify(src/examples/rclcpp) by extension 'ignore'
[0.236s] Level 1:colcon.colcon_core.package_identification:_identify(src/examples/rclcpp) by extension 'ignore_ament_install'
[0.236s] Level 1:colcon.colcon_core.package_identification:_identify(src/examples/rclcpp) by extensions ['colcon_pkg']
[0.236s] Level 1:colcon.colcon_core.package_identification:_identify(src/examples/rclcpp) by extension 'colcon_pkg'
[0.236s] Level 1:colcon.colcon_core.package_identification:_identify(src/examples/rclcpp) by extensions ['colcon_meta']
[0.236s] Level 1:colcon.colcon_core.package_identification:_identify(src/examples/rclcpp) by extension 'colcon_meta'
[0.236s] Level 1:colcon.colcon_core.package_identification:_identify(src/examples/rclcpp) by extensions ['ros']
[0.236s] Level 1:colcon.colcon_core.package_identification:_identify(src/examples/rclcpp) by extension 'ros'
[0.236s] Level 1:colcon.colcon_core.package_identification:_identify(src/examples/rclcpp) by extensions ['cmake', 'python']
[0.236s] Level 1:colcon.colcon_core.package_identification:_identify(src/examples/rclcpp) by extension 'cmake'
[0.236s] Level 1:colcon.colcon_core.package_identification:_identify(src/examples/rclcpp) by extension 'python'
[0.236s] Level 1:colcon.colcon_core.package_identification:_identify(src/examples/rclcpp) by extensions ['python_setup_py']
[0.236s] Level 1:colcon.colcon_core.package_identification:_identify(src/examples/rclcpp) by extension 'python_setup_py'
[0.236s] Level 1:colcon.colcon_core.package_identification:_identify(src/examples/rclcpp/actions) by extensions ['ignore', 'ignore_ament_install']
[0.236s] Level 1:colcon.colcon_core.package_identification:_identify(src/examples/rclcpp/actions) by extension 'ignore'
[0.237s] Level 1:colcon.colcon_core.package_identification:_identify(src/examples/rclcpp/actions) by extension 'ignore_ament_install'
[0.237s] Level 1:colcon.colcon_core.package_identification:_identify(src/examples/rclcpp/actions) by extensions ['colcon_pkg']
[0.237s] Level 1:colcon.colcon_core.package_identification:_identify(src/examples/rclcpp/actions) by extension 'colcon_pkg'
[0.237s] Level 1:colcon.colcon_core.package_identification:_identify(src/examples/rclcpp/actions) by extensions ['colcon_meta']
[0.237s] Level 1:colcon.colcon_core.package_identification:_identify(src/examples/rclcpp/actions) by extension 'colcon_meta'
[0.237s] Level 1:colcon.colcon_core.package_identification:_identify(src/examples/rclcpp/actions) by extensions ['ros']
[0.237s] Level 1:colcon.colcon_core.package_identification:_identify(src/examples/rclcpp/actions) by extension 'ros'
[0.237s] Level 1:colcon.colcon_core.package_identification:_identify(src/examples/rclcpp/actions) by extensions ['cmake', 'python']
[0.237s] Level 1:colcon.colcon_core.package_identification:_identify(src/examples/rclcpp/actions) by extension 'cmake'
[0.237s] Level 1:colcon.colcon_core.package_identification:_identify(src/examples/rclcpp/actions) by extension 'python'
[0.237s] Level 1:colcon.colcon_core.package_identification:_identify(src/examples/rclcpp/actions) by extensions ['python_setup_py']
[0.237s] Level 1:colcon.colcon_core.package_identification:_identify(src/examples/rclcpp/actions) by extension 'python_setup_py'
[0.237s] Level 1:colcon.colcon_core.package_identification:_identify(src/examples/rclcpp/actions/minimal_action_client) by extensions ['ignore', 'ignore_ament_install']
[0.237s] Level 1:colcon.colcon_core.package_identification:_identify(src/examples/rclcpp/actions/minimal_action_client) by extension 'ignore'
[0.237s] Level 1:colcon.colcon_core.package_identification:_identify(src/examples/rclcpp/actions/minimal_action_client) by extension 'ignore_ament_install'
[0.237s] Level 1:colcon.colcon_core.package_identification:_identify(src/examples/rclcpp/actions/minimal_action_client) by extensions ['colcon_pkg']
[0.237s] Level 1:colcon.colcon_core.package_identification:_identify(src/examples/rclcpp/actions/minimal_action_client) by extension 'colcon_pkg'
[0.237s] Level 1:colcon.colcon_core.package_identification:_identify(src/examples/rclcpp/actions/minimal_action_client) by extensions ['colcon_meta']
[0.237s] Level 1:colcon.colcon_core.package_identification:_identify(src/examples/rclcpp/actions/minimal_action_client) by extension 'colcon_meta'
[0.237s] Level 1:colcon.colcon_core.package_identification:_identify(src/examples/rclcpp/actions/minimal_action_client) by extensions ['ros']
[0.237s] Level 1:colcon.colcon_core.package_identification:_identify(src/examples/rclcpp/actions/minimal_action_client) by extension 'ros'
[0.237s] DEBUG:colcon.colcon_core.package_identification:Package 'src/examples/rclcpp/actions/minimal_action_client' with type 'ros.ament_cmake' and name 'examples_rclcpp_minimal_action_client'
[0.237s] Level 1:colcon.colcon_core.package_identification:_identify(src/examples/rclcpp/actions/minimal_action_server) by extensions ['ignore', 'ignore_ament_install']
[0.237s] Level 1:colcon.colcon_core.package_identification:_identify(src/examples/rclcpp/actions/minimal_action_server) by extension 'ignore'
[0.237s] Level 1:colcon.colcon_core.package_identification:_identify(src/examples/rclcpp/actions/minimal_action_server) by extension 'ignore_ament_install'
[0.237s] Level 1:colcon.colcon_core.package_identification:_identify(src/examples/rclcpp/actions/minimal_action_server) by extensions ['colcon_pkg']
[0.237s] Level 1:colcon.colcon_core.package_identification:_identify(src/examples/rclcpp/actions/minimal_action_server) by extension 'colcon_pkg'
[0.237s] Level 1:colcon.colcon_core.package_identification:_identify(src/examples/rclcpp/actions/minimal_action_server) by extensions ['colcon_meta']
[0.237s] Level 1:colcon.colcon_core.package_identification:_identify(src/examples/rclcpp/actions/minimal_action_server) by extension 'colcon_meta'
[0.237s] Level 1:colcon.colcon_core.package_identification:_identify(src/examples/rclcpp/actions/minimal_action_server) by extensions ['ros']
[0.238s] Level 1:colcon.colcon_core.package_identification:_identify(src/examples/rclcpp/actions/minimal_action_server) by extension 'ros'
[0.238s] DEBUG:colcon.colcon_core.package_identification:Package 'src/examples/rclcpp/actions/minimal_action_server' with type 'ros.ament_cmake' and name 'examples_rclcpp_minimal_action_server'
[0.238s] Level 1:colcon.colcon_core.package_identification:_identify(src/examples/rclcpp/composition) by extensions ['ignore', 'ignore_ament_install']
[0.238s] Level 1:colcon.colcon_core.package_identification:_identify(src/examples/rclcpp/composition) by extension 'ignore'
[0.238s] Level 1:colcon.colcon_core.package_identification:_identify(src/examples/rclcpp/composition) by extension 'ignore_ament_install'
[0.238s] Level 1:colcon.colcon_core.package_identification:_identify(src/examples/rclcpp/composition) by extensions ['colcon_pkg']
[0.238s] Level 1:colcon.colcon_core.package_identification:_identify(src/examples/rclcpp/composition) by extension 'colcon_pkg'
[0.238s] Level 1:colcon.colcon_core.package_identification:_identify(src/examples/rclcpp/composition) by extensions ['colcon_meta']
[0.238s] Level 1:colcon.colcon_core.package_identification:_identify(src/examples/rclcpp/composition) by extension 'colcon_meta'
[0.238s] Level 1:colcon.colcon_core.package_identification:_identify(src/examples/rclcpp/composition) by extensions ['ros']
[0.238s] Level 1:colcon.colcon_core.package_identification:_identify(src/examples/rclcpp/composition) by extension 'ros'
[0.238s] Level 1:colcon.colcon_core.package_identification:_identify(src/examples/rclcpp/composition) by extensions ['cmake', 'python']
[0.238s] Level 1:colcon.colcon_core.package_identification:_identify(src/examples/rclcpp/composition) by extension 'cmake'
[0.238s] Level 1:colcon.colcon_core.package_identification:_identify(src/examples/rclcpp/composition) by extension 'python'
[0.238s] Level 1:colcon.colcon_core.package_identification:_identify(src/examples/rclcpp/composition) by extensions ['python_setup_py']
[0.238s] Level 1:colcon.colcon_core.package_identification:_identify(src/examples/rclcpp/composition) by extension 'python_setup_py'
[0.238s] Level 1:colcon.colcon_core.package_identification:_identify(src/examples/rclcpp/composition/minimal_composition) by extensions ['ignore', 'ignore_ament_install']
[0.238s] Level 1:colcon.colcon_core.package_identification:_identify(src/examples/rclcpp/composition/minimal_composition) by extension 'ignore'
[0.238s] Level 1:colcon.colcon_core.package_identification:_identify(src/examples/rclcpp/composition/minimal_composition) by extension 'ignore_ament_install'
[0.238s] Level 1:colcon.colcon_core.package_identification:_identify(src/examples/rclcpp/composition/minimal_composition) by extensions ['colcon_pkg']
[0.238s] Level 1:colcon.colcon_core.package_identification:_identify(src/examples/rclcpp/composition/minimal_composition) by extension 'colcon_pkg'
[0.238s] Level 1:colcon.colcon_core.package_identification:_identify(src/examples/rclcpp/composition/minimal_composition) by extensions ['colcon_meta']
[0.238s] Level 1:colcon.colcon_core.package_identification:_identify(src/examples/rclcpp/composition/minimal_composition) by extension 'colcon_meta'
[0.238s] Level 1:colcon.colcon_core.package_identification:_identify(src/examples/rclcpp/composition/minimal_composition) by extensions ['ros']
[0.238s] Level 1:colcon.colcon_core.package_identification:_identify(src/examples/rclcpp/composition/minimal_composition) by extension 'ros'
[0.239s] DEBUG:colcon.colcon_core.package_identification:Package 'src/examples/rclcpp/composition/minimal_composition' with type 'ros.ament_cmake' and name 'examples_rclcpp_minimal_composition'
[0.239s] Level 1:colcon.colcon_core.package_identification:_identify(src/examples/rclcpp/executors) by extensions ['ignore', 'ignore_ament_install']
[0.239s] Level 1:colcon.colcon_core.package_identification:_identify(src/examples/rclcpp/executors) by extension 'ignore'
[0.239s] Level 1:colcon.colcon_core.package_identification:_identify(src/examples/rclcpp/executors) by extension 'ignore_ament_install'
[0.239s] Level 1:colcon.colcon_core.package_identification:_identify(src/examples/rclcpp/executors) by extensions ['colcon_pkg']
[0.239s] Level 1:colcon.colcon_core.package_identification:_identify(src/examples/rclcpp/executors) by extension 'colcon_pkg'
[0.239s] Level 1:colcon.colcon_core.package_identification:_identify(src/examples/rclcpp/executors) by extensions ['colcon_meta']
[0.239s] Level 1:colcon.colcon_core.package_identification:_identify(src/examples/rclcpp/executors) by extension 'colcon_meta'
[0.239s] Level 1:colcon.colcon_core.package_identification:_identify(src/examples/rclcpp/executors) by extensions ['ros']
[0.239s] Level 1:colcon.colcon_core.package_identification:_identify(src/examples/rclcpp/executors) by extension 'ros'
[0.239s] Level 1:colcon.colcon_core.package_identification:_identify(src/examples/rclcpp/executors) by extensions ['cmake', 'python']
[0.239s] Level 1:colcon.colcon_core.package_identification:_identify(src/examples/rclcpp/executors) by extension 'cmake'
[0.239s] Level 1:colcon.colcon_core.package_identification:_identify(src/examples/rclcpp/executors) by extension 'python'
[0.239s] Level 1:colcon.colcon_core.package_identification:_identify(src/examples/rclcpp/executors) by extensions ['python_setup_py']
[0.239s] Level 1:colcon.colcon_core.package_identification:_identify(src/examples/rclcpp/executors) by extension 'python_setup_py'
[0.239s] Level 1:colcon.colcon_core.package_identification:_identify(src/examples/rclcpp/executors/cbg_executor) by extensions ['ignore', 'ignore_ament_install']
[0.239s] Level 1:colcon.colcon_core.package_identification:_identify(src/examples/rclcpp/executors/cbg_executor) by extension 'ignore'
[0.239s] Level 1:colcon.colcon_core.package_identification:_identify(src/examples/rclcpp/executors/cbg_executor) by extension 'ignore_ament_install'
[0.239s] Level 1:colcon.colcon_core.package_identification:_identify(src/examples/rclcpp/executors/cbg_executor) by extensions ['colcon_pkg']
[0.239s] Level 1:colcon.colcon_core.package_identification:_identify(src/examples/rclcpp/executors/cbg_executor) by extension 'colcon_pkg'
[0.239s] Level 1:colcon.colcon_core.package_identification:_identify(src/examples/rclcpp/executors/cbg_executor) by extensions ['colcon_meta']
[0.239s] Level 1:colcon.colcon_core.package_identification:_identify(src/examples/rclcpp/executors/cbg_executor) by extension 'colcon_meta'
[0.239s] Level 1:colcon.colcon_core.package_identification:_identify(src/examples/rclcpp/executors/cbg_executor) by extensions ['ros']
[0.239s] Level 1:colcon.colcon_core.package_identification:_identify(src/examples/rclcpp/executors/cbg_executor) by extension 'ros'
[0.240s] DEBUG:colcon.colcon_core.package_identification:Package 'src/examples/rclcpp/executors/cbg_executor' with type 'ros.ament_cmake' and name 'examples_rclcpp_cbg_executor'
[0.240s] Level 1:colcon.colcon_core.package_identification:_identify(src/examples/rclcpp/executors/multithreaded_executor) by extensions ['ignore', 'ignore_ament_install']
[0.240s] Level 1:colcon.colcon_core.package_identification:_identify(src/examples/rclcpp/executors/multithreaded_executor) by extension 'ignore'
[0.240s] Level 1:colcon.colcon_core.package_identification:_identify(src/examples/rclcpp/executors/multithreaded_executor) by extension 'ignore_ament_install'
[0.240s] Level 1:colcon.colcon_core.package_identification:_identify(src/examples/rclcpp/executors/multithreaded_executor) by extensions ['colcon_pkg']
[0.240s] Level 1:colcon.colcon_core.package_identification:_identify(src/examples/rclcpp/executors/multithreaded_executor) by extension 'colcon_pkg'
[0.240s] Level 1:colcon.colcon_core.package_identification:_identify(src/examples/rclcpp/executors/multithreaded_executor) by extensions ['colcon_meta']
[0.240s] Level 1:colcon.colcon_core.package_identification:_identify(src/examples/rclcpp/executors/multithreaded_executor) by extension 'colcon_meta'
[0.240s] Level 1:colcon.colcon_core.package_identification:_identify(src/examples/rclcpp/executors/multithreaded_executor) by extensions ['ros']
[0.240s] Level 1:colcon.colcon_core.package_identification:_identify(src/examples/rclcpp/executors/multithreaded_executor) by extension 'ros'
[0.240s] DEBUG:colcon.colcon_core.package_identification:Package 'src/examples/rclcpp/executors/multithreaded_executor' with type 'ros.ament_cmake' and name 'examples_rclcpp_multithreaded_executor'
[0.240s] Level 1:colcon.colcon_core.package_identification:_identify(src/examples/rclcpp/services) by extensions ['ignore', 'ignore_ament_install']
[0.240s] Level 1:colcon.colcon_core.package_identification:_identify(src/examples/rclcpp/services) by extension 'ignore'
[0.240s] Level 1:colcon.colcon_core.package_identification:_identify(src/examples/rclcpp/services) by extension 'ignore_ament_install'
[0.240s] Level 1:colcon.colcon_core.package_identification:_identify(src/examples/rclcpp/services) by extensions ['colcon_pkg']
[0.240s] Level 1:colcon.colcon_core.package_identification:_identify(src/examples/rclcpp/services) by extension 'colcon_pkg'
[0.240s] Level 1:colcon.colcon_core.package_identification:_identify(src/examples/rclcpp/services) by extensions ['colcon_meta']
[0.240s] Level 1:colcon.colcon_core.package_identification:_identify(src/examples/rclcpp/services) by extension 'colcon_meta'
[0.240s] Level 1:colcon.colcon_core.package_identification:_identify(src/examples/rclcpp/services) by extensions ['ros']
[0.240s] Level 1:colcon.colcon_core.package_identification:_identify(src/examples/rclcpp/services) by extension 'ros'
[0.240s] Level 1:colcon.colcon_core.package_identification:_identify(src/examples/rclcpp/services) by extensions ['cmake', 'python']
[0.240s] Level 1:colcon.colcon_core.package_identification:_identify(src/examples/rclcpp/services) by extension 'cmake'
[0.240s] Level 1:colcon.colcon_core.package_identification:_identify(src/examples/rclcpp/services) by extension 'python'
[0.240s] Level 1:colcon.colcon_core.package_identification:_identify(src/examples/rclcpp/services) by extensions ['python_setup_py']
[0.240s] Level 1:colcon.colcon_core.package_identification:_identify(src/examples/rclcpp/services) by extension 'python_setup_py'
[0.240s] Level 1:colcon.colcon_core.package_identification:_identify(src/examples/rclcpp/services/async_client) by extensions ['ignore', 'ignore_ament_install']
[0.240s] Level 1:colcon.colcon_core.package_identification:_identify(src/examples/rclcpp/services/async_client) by extension 'ignore'
[0.241s] Level 1:colcon.colcon_core.package_identification:_identify(src/examples/rclcpp/services/async_client) by extension 'ignore_ament_install'
[0.241s] Level 1:colcon.colcon_core.package_identification:_identify(src/examples/rclcpp/services/async_client) by extensions ['colcon_pkg']
[0.241s] Level 1:colcon.colcon_core.package_identification:_identify(src/examples/rclcpp/services/async_client) by extension 'colcon_pkg'
[0.241s] Level 1:colcon.colcon_core.package_identification:_identify(src/examples/rclcpp/services/async_client) by extensions ['colcon_meta']
[0.241s] Level 1:colcon.colcon_core.package_identification:_identify(src/examples/rclcpp/services/async_client) by extension 'colcon_meta'
[0.241s] Level 1:colcon.colcon_core.package_identification:_identify(src/examples/rclcpp/services/async_client) by extensions ['ros']
[0.241s] Level 1:colcon.colcon_core.package_identification:_identify(src/examples/rclcpp/services/async_client) by extension 'ros'
[0.241s] DEBUG:colcon.colcon_core.package_identification:Package 'src/examples/rclcpp/services/async_client' with type 'ros.ament_cmake' and name 'examples_rclcpp_async_client'
[0.241s] Level 1:colcon.colcon_core.package_identification:_identify(src/examples/rclcpp/services/minimal_client) by extensions ['ignore', 'ignore_ament_install']
[0.241s] Level 1:colcon.colcon_core.package_identification:_identify(src/examples/rclcpp/services/minimal_client) by extension 'ignore'
[0.241s] Level 1:colcon.colcon_core.package_identification:_identify(src/examples/rclcpp/services/minimal_client) by extension 'ignore_ament_install'
[0.241s] Level 1:colcon.colcon_core.package_identification:_identify(src/examples/rclcpp/services/minimal_client) by extensions ['colcon_pkg']
[0.241s] Level 1:colcon.colcon_core.package_identification:_identify(src/examples/rclcpp/services/minimal_client) by extension 'colcon_pkg'
[0.241s] Level 1:colcon.colcon_core.package_identification:_identify(src/examples/rclcpp/services/minimal_client) by extensions ['colcon_meta']
[0.241s] Level 1:colcon.colcon_core.package_identification:_identify(src/examples/rclcpp/services/minimal_client) by extension 'colcon_meta'
[0.241s] Level 1:colcon.colcon_core.package_identification:_identify(src/examples/rclcpp/services/minimal_client) by extensions ['ros']
[0.241s] Level 1:colcon.colcon_core.package_identification:_identify(src/examples/rclcpp/services/minimal_client) by extension 'ros'
[0.242s] DEBUG:colcon.colcon_core.package_identification:Package 'src/examples/rclcpp/services/minimal_client' with type 'ros.ament_cmake' and name 'examples_rclcpp_minimal_client'
[0.242s] Level 1:colcon.colcon_core.package_identification:_identify(src/examples/rclcpp/services/minimal_service) by extensions ['ignore', 'ignore_ament_install']
[0.242s] Level 1:colcon.colcon_core.package_identification:_identify(src/examples/rclcpp/services/minimal_service) by extension 'ignore'
[0.242s] Level 1:colcon.colcon_core.package_identification:_identify(src/examples/rclcpp/services/minimal_service) by extension 'ignore_ament_install'
[0.242s] Level 1:colcon.colcon_core.package_identification:_identify(src/examples/rclcpp/services/minimal_service) by extensions ['colcon_pkg']
[0.242s] Level 1:colcon.colcon_core.package_identification:_identify(src/examples/rclcpp/services/minimal_service) by extension 'colcon_pkg'
[0.242s] Level 1:colcon.colcon_core.package_identification:_identify(src/examples/rclcpp/services/minimal_service) by extensions ['colcon_meta']
[0.242s] Level 1:colcon.colcon_core.package_identification:_identify(src/examples/rclcpp/services/minimal_service) by extension 'colcon_meta'
[0.242s] Level 1:colcon.colcon_core.package_identification:_identify(src/examples/rclcpp/services/minimal_service) by extensions ['ros']
[0.242s] Level 1:colcon.colcon_core.package_identification:_identify(src/examples/rclcpp/services/minimal_service) by extension 'ros'
[0.242s] DEBUG:colcon.colcon_core.package_identification:Package 'src/examples/rclcpp/services/minimal_service' with type 'ros.ament_cmake' and name 'examples_rclcpp_minimal_service'
[0.243s] Level 1:colcon.colcon_core.package_identification:_identify(src/examples/rclcpp/timers) by extensions ['ignore', 'ignore_ament_install']
[0.243s] Level 1:colcon.colcon_core.package_identification:_identify(src/examples/rclcpp/timers) by extension 'ignore'
[0.243s] Level 1:colcon.colcon_core.package_identification:_identify(src/examples/rclcpp/timers) by extension 'ignore_ament_install'
[0.243s] Level 1:colcon.colcon_core.package_identification:_identify(src/examples/rclcpp/timers) by extensions ['colcon_pkg']
[0.243s] Level 1:colcon.colcon_core.package_identification:_identify(src/examples/rclcpp/timers) by extension 'colcon_pkg'
[0.243s] Level 1:colcon.colcon_core.package_identification:_identify(src/examples/rclcpp/timers) by extensions ['colcon_meta']
[0.243s] Level 1:colcon.colcon_core.package_identification:_identify(src/examples/rclcpp/timers) by extension 'colcon_meta'
[0.243s] Level 1:colcon.colcon_core.package_identification:_identify(src/examples/rclcpp/timers) by extensions ['ros']
[0.243s] Level 1:colcon.colcon_core.package_identification:_identify(src/examples/rclcpp/timers) by extension 'ros'
[0.243s] Level 1:colcon.colcon_core.package_identification:_identify(src/examples/rclcpp/timers) by extensions ['cmake', 'python']
[0.243s] Level 1:colcon.colcon_core.package_identification:_identify(src/examples/rclcpp/timers) by extension 'cmake'
[0.243s] Level 1:colcon.colcon_core.package_identification:_identify(src/examples/rclcpp/timers) by extension 'python'
[0.243s] Level 1:colcon.colcon_core.package_identification:_identify(src/examples/rclcpp/timers) by extensions ['python_setup_py']
[0.243s] Level 1:colcon.colcon_core.package_identification:_identify(src/examples/rclcpp/timers) by extension 'python_setup_py'
[0.243s] Level 1:colcon.colcon_core.package_identification:_identify(src/examples/rclcpp/timers/minimal_timer) by extensions ['ignore', 'ignore_ament_install']
[0.243s] Level 1:colcon.colcon_core.package_identification:_identify(src/examples/rclcpp/timers/minimal_timer) by extension 'ignore'
[0.243s] Level 1:colcon.colcon_core.package_identification:_identify(src/examples/rclcpp/timers/minimal_timer) by extension 'ignore_ament_install'
[0.243s] Level 1:colcon.colcon_core.package_identification:_identify(src/examples/rclcpp/timers/minimal_timer) by extensions ['colcon_pkg']
[0.243s] Level 1:colcon.colcon_core.package_identification:_identify(src/examples/rclcpp/timers/minimal_timer) by extension 'colcon_pkg'
[0.243s] Level 1:colcon.colcon_core.package_identification:_identify(src/examples/rclcpp/timers/minimal_timer) by extensions ['colcon_meta']
[0.243s] Level 1:colcon.colcon_core.package_identification:_identify(src/examples/rclcpp/timers/minimal_timer) by extension 'colcon_meta'
[0.243s] Level 1:colcon.colcon_core.package_identification:_identify(src/examples/rclcpp/timers/minimal_timer) by extensions ['ros']
[0.243s] Level 1:colcon.colcon_core.package_identification:_identify(src/examples/rclcpp/timers/minimal_timer) by extension 'ros'
[0.243s] DEBUG:colcon.colcon_core.package_identification:Package 'src/examples/rclcpp/timers/minimal_timer' with type 'ros.ament_cmake' and name 'examples_rclcpp_minimal_timer'
[0.243s] Level 1:colcon.colcon_core.package_identification:_identify(src/examples/rclcpp/topics) by extensions ['ignore', 'ignore_ament_install']
[0.243s] Level 1:colcon.colcon_core.package_identification:_identify(src/examples/rclcpp/topics) by extension 'ignore'
[0.243s] Level 1:colcon.colcon_core.package_identification:_identify(src/examples/rclcpp/topics) by extension 'ignore_ament_install'
[0.243s] Level 1:colcon.colcon_core.package_identification:_identify(src/examples/rclcpp/topics) by extensions ['colcon_pkg']
[0.243s] Level 1:colcon.colcon_core.package_identification:_identify(src/examples/rclcpp/topics) by extension 'colcon_pkg'
[0.243s] Level 1:colcon.colcon_core.package_identification:_identify(src/examples/rclcpp/topics) by extensions ['colcon_meta']
[0.243s] Level 1:colcon.colcon_core.package_identification:_identify(src/examples/rclcpp/topics) by extension 'colcon_meta'
[0.243s] Level 1:colcon.colcon_core.package_identification:_identify(src/examples/rclcpp/topics) by extensions ['ros']
[0.243s] Level 1:colcon.colcon_core.package_identification:_identify(src/examples/rclcpp/topics) by extension 'ros'
[0.244s] Level 1:colcon.colcon_core.package_identification:_identify(src/examples/rclcpp/topics) by extensions ['cmake', 'python']
[0.244s] Level 1:colcon.colcon_core.package_identification:_identify(src/examples/rclcpp/topics) by extension 'cmake'
[0.244s] Level 1:colcon.colcon_core.package_identification:_identify(src/examples/rclcpp/topics) by extension 'python'
[0.244s] Level 1:colcon.colcon_core.package_identification:_identify(src/examples/rclcpp/topics) by extensions ['python_setup_py']
[0.244s] Level 1:colcon.colcon_core.package_identification:_identify(src/examples/rclcpp/topics) by extension 'python_setup_py'
[0.244s] Level 1:colcon.colcon_core.package_identification:_identify(src/examples/rclcpp/topics/minimal_publisher) by extensions ['ignore', 'ignore_ament_install']
[0.244s] Level 1:colcon.colcon_core.package_identification:_identify(src/examples/rclcpp/topics/minimal_publisher) by extension 'ignore'
[0.244s] Level 1:colcon.colcon_core.package_identification:_identify(src/examples/rclcpp/topics/minimal_publisher) by extension 'ignore_ament_install'
[0.244s] Level 1:colcon.colcon_core.package_identification:_identify(src/examples/rclcpp/topics/minimal_publisher) by extensions ['colcon_pkg']
[0.244s] Level 1:colcon.colcon_core.package_identification:_identify(src/examples/rclcpp/topics/minimal_publisher) by extension 'colcon_pkg'
[0.244s] Level 1:colcon.colcon_core.package_identification:_identify(src/examples/rclcpp/topics/minimal_publisher) by extensions ['colcon_meta']
[0.244s] Level 1:colcon.colcon_core.package_identification:_identify(src/examples/rclcpp/topics/minimal_publisher) by extension 'colcon_meta'
[0.244s] Level 1:colcon.colcon_core.package_identification:_identify(src/examples/rclcpp/topics/minimal_publisher) by extensions ['ros']
[0.244s] Level 1:colcon.colcon_core.package_identification:_identify(src/examples/rclcpp/topics/minimal_publisher) by extension 'ros'
[0.244s] DEBUG:colcon.colcon_core.package_identification:Package 'src/examples/rclcpp/topics/minimal_publisher' with type 'ros.ament_cmake' and name 'examples_rclcpp_minimal_publisher'
[0.244s] Level 1:colcon.colcon_core.package_identification:_identify(src/examples/rclcpp/topics/minimal_subscriber) by extensions ['ignore', 'ignore_ament_install']
[0.244s] Level 1:colcon.colcon_core.package_identification:_identify(src/examples/rclcpp/topics/minimal_subscriber) by extension 'ignore'
[0.244s] Level 1:colcon.colcon_core.package_identification:_identify(src/examples/rclcpp/topics/minimal_subscriber) by extension 'ignore_ament_install'
[0.244s] Level 1:colcon.colcon_core.package_identification:_identify(src/examples/rclcpp/topics/minimal_subscriber) by extensions ['colcon_pkg']
[0.244s] Level 1:colcon.colcon_core.package_identification:_identify(src/examples/rclcpp/topics/minimal_subscriber) by extension 'colcon_pkg'
[0.244s] Level 1:colcon.colcon_core.package_identification:_identify(src/examples/rclcpp/topics/minimal_subscriber) by extensions ['colcon_meta']
[0.244s] Level 1:colcon.colcon_core.package_identification:_identify(src/examples/rclcpp/topics/minimal_subscriber) by extension 'colcon_meta'
[0.244s] Level 1:colcon.colcon_core.package_identification:_identify(src/examples/rclcpp/topics/minimal_subscriber) by extensions ['ros']
[0.244s] Level 1:colcon.colcon_core.package_identification:_identify(src/examples/rclcpp/topics/minimal_subscriber) by extension 'ros'
[0.245s] DEBUG:colcon.colcon_core.package_identification:Package 'src/examples/rclcpp/topics/minimal_subscriber' with type 'ros.ament_cmake' and name 'examples_rclcpp_minimal_subscriber'
[0.245s] Level 1:colcon.colcon_core.package_identification:_identify(src/examples/rclcpp/wait_set) by extensions ['ignore', 'ignore_ament_install']
[0.245s] Level 1:colcon.colcon_core.package_identification:_identify(src/examples/rclcpp/wait_set) by extension 'ignore'
[0.245s] Level 1:colcon.colcon_core.package_identification:_identify(src/examples/rclcpp/wait_set) by extension 'ignore_ament_install'
[0.245s] Level 1:colcon.colcon_core.package_identification:_identify(src/examples/rclcpp/wait_set) by extensions ['colcon_pkg']
[0.245s] Level 1:colcon.colcon_core.package_identification:_identify(src/examples/rclcpp/wait_set) by extension 'colcon_pkg'
[0.245s] Level 1:colcon.colcon_core.package_identification:_identify(src/examples/rclcpp/wait_set) by extensions ['colcon_meta']
[0.245s] Level 1:colcon.colcon_core.package_identification:_identify(src/examples/rclcpp/wait_set) by extension 'colcon_meta'
[0.245s] Level 1:colcon.colcon_core.package_identification:_identify(src/examples/rclcpp/wait_set) by extensions ['ros']
[0.245s] Level 1:colcon.colcon_core.package_identification:_identify(src/examples/rclcpp/wait_set) by extension 'ros'
[0.245s] DEBUG:colcon.colcon_core.package_identification:Package 'src/examples/rclcpp/wait_set' with type 'ros.ament_cmake' and name 'examples_rclcpp_wait_set'
[0.245s] Level 1:colcon.colcon_core.package_identification:_identify(src/examples/rclpy) by extensions ['ignore', 'ignore_ament_install']
[0.245s] Level 1:colcon.colcon_core.package_identification:_identify(src/examples/rclpy) by extension 'ignore'
[0.245s] Level 1:colcon.colcon_core.package_identification:_identify(src/examples/rclpy) by extension 'ignore_ament_install'
[0.245s] Level 1:colcon.colcon_core.package_identification:_identify(src/examples/rclpy) by extensions ['colcon_pkg']
[0.245s] Level 1:colcon.colcon_core.package_identification:_identify(src/examples/rclpy) by extension 'colcon_pkg'
[0.245s] Level 1:colcon.colcon_core.package_identification:_identify(src/examples/rclpy) by extensions ['colcon_meta']
[0.245s] Level 1:colcon.colcon_core.package_identification:_identify(src/examples/rclpy) by extension 'colcon_meta'
[0.245s] Level 1:colcon.colcon_core.package_identification:_identify(src/examples/rclpy) by extensions ['ros']
[0.245s] Level 1:colcon.colcon_core.package_identification:_identify(src/examples/rclpy) by extension 'ros'
[0.245s] Level 1:colcon.colcon_core.package_identification:_identify(src/examples/rclpy) by extensions ['cmake', 'python']
[0.245s] Level 1:colcon.colcon_core.package_identification:_identify(src/examples/rclpy) by extension 'cmake'
[0.245s] Level 1:colcon.colcon_core.package_identification:_identify(src/examples/rclpy) by extension 'python'
[0.245s] Level 1:colcon.colcon_core.package_identification:_identify(src/examples/rclpy) by extensions ['python_setup_py']
[0.245s] Level 1:colcon.colcon_core.package_identification:_identify(src/examples/rclpy) by extension 'python_setup_py'
[0.245s] Level 1:colcon.colcon_core.package_identification:_identify(src/examples/rclpy/actions) by extensions ['ignore', 'ignore_ament_install']
[0.245s] Level 1:colcon.colcon_core.package_identification:_identify(src/examples/rclpy/actions) by extension 'ignore'
[0.245s] Level 1:colcon.colcon_core.package_identification:_identify(src/examples/rclpy/actions) by extension 'ignore_ament_install'
[0.246s] Level 1:colcon.colcon_core.package_identification:_identify(src/examples/rclpy/actions) by extensions ['colcon_pkg']
[0.246s] Level 1:colcon.colcon_core.package_identification:_identify(src/examples/rclpy/actions) by extension 'colcon_pkg'
[0.246s] Level 1:colcon.colcon_core.package_identification:_identify(src/examples/rclpy/actions) by extensions ['colcon_meta']
[0.246s] Level 1:colcon.colcon_core.package_identification:_identify(src/examples/rclpy/actions) by extension 'colcon_meta'
[0.246s] Level 1:colcon.colcon_core.package_identification:_identify(src/examples/rclpy/actions) by extensions ['ros']
[0.246s] Level 1:colcon.colcon_core.package_identification:_identify(src/examples/rclpy/actions) by extension 'ros'
[0.246s] Level 1:colcon.colcon_core.package_identification:_identify(src/examples/rclpy/actions) by extensions ['cmake', 'python']
[0.246s] Level 1:colcon.colcon_core.package_identification:_identify(src/examples/rclpy/actions) by extension 'cmake'
[0.246s] Level 1:colcon.colcon_core.package_identification:_identify(src/examples/rclpy/actions) by extension 'python'
[0.246s] Level 1:colcon.colcon_core.package_identification:_identify(src/examples/rclpy/actions) by extensions ['python_setup_py']
[0.246s] Level 1:colcon.colcon_core.package_identification:_identify(src/examples/rclpy/actions) by extension 'python_setup_py'
[0.246s] Level 1:colcon.colcon_core.package_identification:_identify(src/examples/rclpy/actions/minimal_action_client) by extensions ['ignore', 'ignore_ament_install']
[0.246s] Level 1:colcon.colcon_core.package_identification:_identify(src/examples/rclpy/actions/minimal_action_client) by extension 'ignore'
[0.246s] Level 1:colcon.colcon_core.package_identification:_identify(src/examples/rclpy/actions/minimal_action_client) by extension 'ignore_ament_install'
[0.246s] Level 1:colcon.colcon_core.package_identification:_identify(src/examples/rclpy/actions/minimal_action_client) by extensions ['colcon_pkg']
[0.246s] Level 1:colcon.colcon_core.package_identification:_identify(src/examples/rclpy/actions/minimal_action_client) by extension 'colcon_pkg'
[0.246s] Level 1:colcon.colcon_core.package_identification:_identify(src/examples/rclpy/actions/minimal_action_client) by extensions ['colcon_meta']
[0.246s] Level 1:colcon.colcon_core.package_identification:_identify(src/examples/rclpy/actions/minimal_action_client) by extension 'colcon_meta'
[0.246s] Level 1:colcon.colcon_core.package_identification:_identify(src/examples/rclpy/actions/minimal_action_client) by extensions ['ros']
[0.246s] Level 1:colcon.colcon_core.package_identification:_identify(src/examples/rclpy/actions/minimal_action_client) by extension 'ros'
[0.246s] DEBUG:colcon.colcon_core.package_identification:Package 'src/examples/rclpy/actions/minimal_action_client' with type 'ros.ament_python' and name 'examples_rclpy_minimal_action_client'
[0.246s] Level 1:colcon.colcon_core.package_identification:_identify(src/examples/rclpy/actions/minimal_action_server) by extensions ['ignore', 'ignore_ament_install']
[0.246s] Level 1:colcon.colcon_core.package_identification:_identify(src/examples/rclpy/actions/minimal_action_server) by extension 'ignore'
[0.246s] Level 1:colcon.colcon_core.package_identification:_identify(src/examples/rclpy/actions/minimal_action_server) by extension 'ignore_ament_install'
[0.246s] Level 1:colcon.colcon_core.package_identification:_identify(src/examples/rclpy/actions/minimal_action_server) by extensions ['colcon_pkg']
[0.246s] Level 1:colcon.colcon_core.package_identification:_identify(src/examples/rclpy/actions/minimal_action_server) by extension 'colcon_pkg'
[0.246s] Level 1:colcon.colcon_core.package_identification:_identify(src/examples/rclpy/actions/minimal_action_server) by extensions ['colcon_meta']
[0.246s] Level 1:colcon.colcon_core.package_identification:_identify(src/examples/rclpy/actions/minimal_action_server) by extension 'colcon_meta'
[0.246s] Level 1:colcon.colcon_core.package_identification:_identify(src/examples/rclpy/actions/minimal_action_server) by extensions ['ros']
[0.246s] Level 1:colcon.colcon_core.package_identification:_identify(src/examples/rclpy/actions/minimal_action_server) by extension 'ros'
[0.247s] DEBUG:colcon.colcon_core.package_identification:Package 'src/examples/rclpy/actions/minimal_action_server' with type 'ros.ament_python' and name 'examples_rclpy_minimal_action_server'
[0.247s] Level 1:colcon.colcon_core.package_identification:_identify(src/examples/rclpy/executors) by extensions ['ignore', 'ignore_ament_install']
[0.247s] Level 1:colcon.colcon_core.package_identification:_identify(src/examples/rclpy/executors) by extension 'ignore'
[0.247s] Level 1:colcon.colcon_core.package_identification:_identify(src/examples/rclpy/executors) by extension 'ignore_ament_install'
[0.247s] Level 1:colcon.colcon_core.package_identification:_identify(src/examples/rclpy/executors) by extensions ['colcon_pkg']
[0.247s] Level 1:colcon.colcon_core.package_identification:_identify(src/examples/rclpy/executors) by extension 'colcon_pkg'
[0.247s] Level 1:colcon.colcon_core.package_identification:_identify(src/examples/rclpy/executors) by extensions ['colcon_meta']
[0.247s] Level 1:colcon.colcon_core.package_identification:_identify(src/examples/rclpy/executors) by extension 'colcon_meta'
[0.247s] Level 1:colcon.colcon_core.package_identification:_identify(src/examples/rclpy/executors) by extensions ['ros']
[0.247s] Level 1:colcon.colcon_core.package_identification:_identify(src/examples/rclpy/executors) by extension 'ros'
[0.247s] DEBUG:colcon.colcon_core.package_identification:Package 'src/examples/rclpy/executors' with type 'ros.ament_python' and name 'examples_rclpy_executors'
[0.247s] Level 1:colcon.colcon_core.package_identification:_identify(src/examples/rclpy/guard_conditions) by extensions ['ignore', 'ignore_ament_install']
[0.247s] Level 1:colcon.colcon_core.package_identification:_identify(src/examples/rclpy/guard_conditions) by extension 'ignore'
[0.247s] Level 1:colcon.colcon_core.package_identification:_identify(src/examples/rclpy/guard_conditions) by extension 'ignore_ament_install'
[0.247s] Level 1:colcon.colcon_core.package_identification:_identify(src/examples/rclpy/guard_conditions) by extensions ['colcon_pkg']
[0.247s] Level 1:colcon.colcon_core.package_identification:_identify(src/examples/rclpy/guard_conditions) by extension 'colcon_pkg'
[0.247s] Level 1:colcon.colcon_core.package_identification:_identify(src/examples/rclpy/guard_conditions) by extensions ['colcon_meta']
[0.247s] Level 1:colcon.colcon_core.package_identification:_identify(src/examples/rclpy/guard_conditions) by extension 'colcon_meta'
[0.247s] Level 1:colcon.colcon_core.package_identification:_identify(src/examples/rclpy/guard_conditions) by extensions ['ros']
[0.247s] Level 1:colcon.colcon_core.package_identification:_identify(src/examples/rclpy/guard_conditions) by extension 'ros'
[0.248s] DEBUG:colcon.colcon_core.package_identification:Package 'src/examples/rclpy/guard_conditions' with type 'ros.ament_python' and name 'examples_rclpy_guard_conditions'
[0.248s] Level 1:colcon.colcon_core.package_identification:_identify(src/examples/rclpy/services) by extensions ['ignore', 'ignore_ament_install']
[0.248s] Level 1:colcon.colcon_core.package_identification:_identify(src/examples/rclpy/services) by extension 'ignore'
[0.248s] Level 1:colcon.colcon_core.package_identification:_identify(src/examples/rclpy/services) by extension 'ignore_ament_install'
[0.248s] Level 1:colcon.colcon_core.package_identification:_identify(src/examples/rclpy/services) by extensions ['colcon_pkg']
[0.248s] Level 1:colcon.colcon_core.package_identification:_identify(src/examples/rclpy/services) by extension 'colcon_pkg'
[0.248s] Level 1:colcon.colcon_core.package_identification:_identify(src/examples/rclpy/services) by extensions ['colcon_meta']
[0.248s] Level 1:colcon.colcon_core.package_identification:_identify(src/examples/rclpy/services) by extension 'colcon_meta'
[0.248s] Level 1:colcon.colcon_core.package_identification:_identify(src/examples/rclpy/services) by extensions ['ros']
[0.248s] Level 1:colcon.colcon_core.package_identification:_identify(src/examples/rclpy/services) by extension 'ros'
[0.248s] Level 1:colcon.colcon_core.package_identification:_identify(src/examples/rclpy/services) by extensions ['cmake', 'python']
[0.248s] Level 1:colcon.colcon_core.package_identification:_identify(src/examples/rclpy/services) by extension 'cmake'
[0.248s] Level 1:colcon.colcon_core.package_identification:_identify(src/examples/rclpy/services) by extension 'python'
[0.248s] Level 1:colcon.colcon_core.package_identification:_identify(src/examples/rclpy/services) by extensions ['python_setup_py']
[0.248s] Level 1:colcon.colcon_core.package_identification:_identify(src/examples/rclpy/services) by extension 'python_setup_py'
[0.248s] Level 1:colcon.colcon_core.package_identification:_identify(src/examples/rclpy/services/minimal_client) by extensions ['ignore', 'ignore_ament_install']
[0.248s] Level 1:colcon.colcon_core.package_identification:_identify(src/examples/rclpy/services/minimal_client) by extension 'ignore'
[0.248s] Level 1:colcon.colcon_core.package_identification:_identify(src/examples/rclpy/services/minimal_client) by extension 'ignore_ament_install'
[0.248s] Level 1:colcon.colcon_core.package_identification:_identify(src/examples/rclpy/services/minimal_client) by extensions ['colcon_pkg']
[0.248s] Level 1:colcon.colcon_core.package_identification:_identify(src/examples/rclpy/services/minimal_client) by extension 'colcon_pkg'
[0.248s] Level 1:colcon.colcon_core.package_identification:_identify(src/examples/rclpy/services/minimal_client) by extensions ['colcon_meta']
[0.248s] Level 1:colcon.colcon_core.package_identification:_identify(src/examples/rclpy/services/minimal_client) by extension 'colcon_meta'
[0.248s] Level 1:colcon.colcon_core.package_identification:_identify(src/examples/rclpy/services/minimal_client) by extensions ['ros']
[0.248s] Level 1:colcon.colcon_core.package_identification:_identify(src/examples/rclpy/services/minimal_client) by extension 'ros'
[0.248s] DEBUG:colcon.colcon_core.package_identification:Package 'src/examples/rclpy/services/minimal_client' with type 'ros.ament_python' and name 'examples_rclpy_minimal_client'
[0.248s] Level 1:colcon.colcon_core.package_identification:_identify(src/examples/rclpy/services/minimal_service) by extensions ['ignore', 'ignore_ament_install']
[0.248s] Level 1:colcon.colcon_core.package_identification:_identify(src/examples/rclpy/services/minimal_service) by extension 'ignore'
[0.248s] Level 1:colcon.colcon_core.package_identification:_identify(src/examples/rclpy/services/minimal_service) by extension 'ignore_ament_install'
[0.248s] Level 1:colcon.colcon_core.package_identification:_identify(src/examples/rclpy/services/minimal_service) by extensions ['colcon_pkg']
[0.248s] Level 1:colcon.colcon_core.package_identification:_identify(src/examples/rclpy/services/minimal_service) by extension 'colcon_pkg'
[0.249s] Level 1:colcon.colcon_core.package_identification:_identify(src/examples/rclpy/services/minimal_service) by extensions ['colcon_meta']
[0.249s] Level 1:colcon.colcon_core.package_identification:_identify(src/examples/rclpy/services/minimal_service) by extension 'colcon_meta'
[0.249s] Level 1:colcon.colcon_core.package_identification:_identify(src/examples/rclpy/services/minimal_service) by extensions ['ros']
[0.249s] Level 1:colcon.colcon_core.package_identification:_identify(src/examples/rclpy/services/minimal_service) by extension 'ros'
[0.249s] DEBUG:colcon.colcon_core.package_identification:Package 'src/examples/rclpy/services/minimal_service' with type 'ros.ament_python' and name 'examples_rclpy_minimal_service'
[0.249s] Level 1:colcon.colcon_core.package_identification:_identify(src/examples/rclpy/topics) by extensions ['ignore', 'ignore_ament_install']
[0.249s] Level 1:colcon.colcon_core.package_identification:_identify(src/examples/rclpy/topics) by extension 'ignore'
[0.249s] Level 1:colcon.colcon_core.package_identification:_identify(src/examples/rclpy/topics) by extension 'ignore_ament_install'
[0.249s] Level 1:colcon.colcon_core.package_identification:_identify(src/examples/rclpy/topics) by extensions ['colcon_pkg']
[0.249s] Level 1:colcon.colcon_core.package_identification:_identify(src/examples/rclpy/topics) by extension 'colcon_pkg'
[0.249s] Level 1:colcon.colcon_core.package_identification:_identify(src/examples/rclpy/topics) by extensions ['colcon_meta']
[0.249s] Level 1:colcon.colcon_core.package_identification:_identify(src/examples/rclpy/topics) by extension 'colcon_meta'
[0.249s] Level 1:colcon.colcon_core.package_identification:_identify(src/examples/rclpy/topics) by extensions ['ros']
[0.249s] Level 1:colcon.colcon_core.package_identification:_identify(src/examples/rclpy/topics) by extension 'ros'
[0.249s] Level 1:colcon.colcon_core.package_identification:_identify(src/examples/rclpy/topics) by extensions ['cmake', 'python']
[0.249s] Level 1:colcon.colcon_core.package_identification:_identify(src/examples/rclpy/topics) by extension 'cmake'
[0.249s] Level 1:colcon.colcon_core.package_identification:_identify(src/examples/rclpy/topics) by extension 'python'
[0.249s] Level 1:colcon.colcon_core.package_identification:_identify(src/examples/rclpy/topics) by extensions ['python_setup_py']
[0.249s] Level 1:colcon.colcon_core.package_identification:_identify(src/examples/rclpy/topics) by extension 'python_setup_py'
[0.249s] Level 1:colcon.colcon_core.package_identification:_identify(src/examples/rclpy/topics/minimal_publisher) by extensions ['ignore', 'ignore_ament_install']
[0.249s] Level 1:colcon.colcon_core.package_identification:_identify(src/examples/rclpy/topics/minimal_publisher) by extension 'ignore'
[0.249s] Level 1:colcon.colcon_core.package_identification:_identify(src/examples/rclpy/topics/minimal_publisher) by extension 'ignore_ament_install'
[0.249s] Level 1:colcon.colcon_core.package_identification:_identify(src/examples/rclpy/topics/minimal_publisher) by extensions ['colcon_pkg']
[0.249s] Level 1:colcon.colcon_core.package_identification:_identify(src/examples/rclpy/topics/minimal_publisher) by extension 'colcon_pkg'
[0.249s] Level 1:colcon.colcon_core.package_identification:_identify(src/examples/rclpy/topics/minimal_publisher) by extensions ['colcon_meta']
[0.249s] Level 1:colcon.colcon_core.package_identification:_identify(src/examples/rclpy/topics/minimal_publisher) by extension 'colcon_meta'
[0.249s] Level 1:colcon.colcon_core.package_identification:_identify(src/examples/rclpy/topics/minimal_publisher) by extensions ['ros']
[0.249s] Level 1:colcon.colcon_core.package_identification:_identify(src/examples/rclpy/topics/minimal_publisher) by extension 'ros'
[0.250s] DEBUG:colcon.colcon_core.package_identification:Package 'src/examples/rclpy/topics/minimal_publisher' with type 'ros.ament_python' and name 'examples_rclpy_minimal_publisher'
[0.250s] Level 1:colcon.colcon_core.package_identification:_identify(src/examples/rclpy/topics/minimal_subscriber) by extensions ['ignore', 'ignore_ament_install']
[0.250s] Level 1:colcon.colcon_core.package_identification:_identify(src/examples/rclpy/topics/minimal_subscriber) by extension 'ignore'
[0.250s] Level 1:colcon.colcon_core.package_identification:_identify(src/examples/rclpy/topics/minimal_subscriber) by extension 'ignore_ament_install'
[0.250s] Level 1:colcon.colcon_core.package_identification:_identify(src/examples/rclpy/topics/minimal_subscriber) by extensions ['colcon_pkg']
[0.250s] Level 1:colcon.colcon_core.package_identification:_identify(src/examples/rclpy/topics/minimal_subscriber) by extension 'colcon_pkg'
[0.250s] Level 1:colcon.colcon_core.package_identification:_identify(src/examples/rclpy/topics/minimal_subscriber) by extensions ['colcon_meta']
[0.250s] Level 1:colcon.colcon_core.package_identification:_identify(src/examples/rclpy/topics/minimal_subscriber) by extension 'colcon_meta'
[0.250s] Level 1:colcon.colcon_core.package_identification:_identify(src/examples/rclpy/topics/minimal_subscriber) by extensions ['ros']
[0.250s] Level 1:colcon.colcon_core.package_identification:_identify(src/examples/rclpy/topics/minimal_subscriber) by extension 'ros'
[0.250s] DEBUG:colcon.colcon_core.package_identification:Package 'src/examples/rclpy/topics/minimal_subscriber' with type 'ros.ament_python' and name 'examples_rclpy_minimal_subscriber'
[0.250s] Level 1:colcon.colcon_core.package_identification:_identify(src/examples/rclpy/topics/pointcloud_publisher) by extensions ['ignore', 'ignore_ament_install']
[0.250s] Level 1:colcon.colcon_core.package_identification:_identify(src/examples/rclpy/topics/pointcloud_publisher) by extension 'ignore'
[0.250s] Level 1:colcon.colcon_core.package_identification:_identify(src/examples/rclpy/topics/pointcloud_publisher) by extension 'ignore_ament_install'
[0.250s] Level 1:colcon.colcon_core.package_identification:_identify(src/examples/rclpy/topics/pointcloud_publisher) by extensions ['colcon_pkg']
[0.250s] Level 1:colcon.colcon_core.package_identification:_identify(src/examples/rclpy/topics/pointcloud_publisher) by extension 'colcon_pkg'
[0.250s] Level 1:colcon.colcon_core.package_identification:_identify(src/examples/rclpy/topics/pointcloud_publisher) by extensions ['colcon_meta']
[0.250s] Level 1:colcon.colcon_core.package_identification:_identify(src/examples/rclpy/topics/pointcloud_publisher) by extension 'colcon_meta'
[0.250s] Level 1:colcon.colcon_core.package_identification:_identify(src/examples/rclpy/topics/pointcloud_publisher) by extensions ['ros']
[0.250s] Level 1:colcon.colcon_core.package_identification:_identify(src/examples/rclpy/topics/pointcloud_publisher) by extension 'ros'
[0.251s] DEBUG:colcon.colcon_core.package_identification:Package 'src/examples/rclpy/topics/pointcloud_publisher' with type 'ros.ament_python' and name 'examples_rclpy_pointcloud_publisher'
[0.251s] Level 1:colcon.colcon_core.package_identification:_identify(src/install) by extensions ['ignore', 'ignore_ament_install']
[0.251s] Level 1:colcon.colcon_core.package_identification:_identify(src/install) by extension 'ignore'
[0.251s] Level 1:colcon.colcon_core.package_identification:_identify(src/install) ignored
[0.251s] Level 1:colcon.colcon_core.package_identification:_identify(src/learning_tf2_py) by extensions ['ignore', 'ignore_ament_install']
[0.251s] Level 1:colcon.colcon_core.package_identification:_identify(src/learning_tf2_py) by extension 'ignore'
[0.251s] Level 1:colcon.colcon_core.package_identification:_identify(src/learning_tf2_py) by extension 'ignore_ament_install'
[0.251s] Level 1:colcon.colcon_core.package_identification:_identify(src/learning_tf2_py) by extensions ['colcon_pkg']
[0.251s] Level 1:colcon.colcon_core.package_identification:_identify(src/learning_tf2_py) by extension 'colcon_pkg'
[0.251s] Level 1:colcon.colcon_core.package_identification:_identify(src/learning_tf2_py) by extensions ['colcon_meta']
[0.251s] Level 1:colcon.colcon_core.package_identification:_identify(src/learning_tf2_py) by extension 'colcon_meta'
[0.251s] Level 1:colcon.colcon_core.package_identification:_identify(src/learning_tf2_py) by extensions ['ros']
[0.251s] Level 1:colcon.colcon_core.package_identification:_identify(src/learning_tf2_py) by extension 'ros'
[0.251s] DEBUG:colcon.colcon_core.package_identification:Package 'src/learning_tf2_py' with type 'ros.ament_python' and name 'learning_tf2_py'
[0.251s] Level 1:colcon.colcon_core.package_identification:_identify(src/log) by extensions ['ignore', 'ignore_ament_install']
[0.251s] Level 1:colcon.colcon_core.package_identification:_identify(src/log) by extension 'ignore'
[0.251s] Level 1:colcon.colcon_core.package_identification:_identify(src/log) ignored
[0.251s] Level 1:colcon.colcon_core.package_identification:_identify(src/more_interfaces) by extensions ['ignore', 'ignore_ament_install']
[0.251s] Level 1:colcon.colcon_core.package_identification:_identify(src/more_interfaces) by extension 'ignore'
[0.252s] Level 1:colcon.colcon_core.package_identification:_identify(src/more_interfaces) by extension 'ignore_ament_install'
[0.252s] Level 1:colcon.colcon_core.package_identification:_identify(src/more_interfaces) by extensions ['colcon_pkg']
[0.252s] Level 1:colcon.colcon_core.package_identification:_identify(src/more_interfaces) by extension 'colcon_pkg'
[0.252s] Level 1:colcon.colcon_core.package_identification:_identify(src/more_interfaces) by extensions ['colcon_meta']
[0.252s] Level 1:colcon.colcon_core.package_identification:_identify(src/more_interfaces) by extension 'colcon_meta'
[0.252s] Level 1:colcon.colcon_core.package_identification:_identify(src/more_interfaces) by extensions ['ros']
[0.252s] Level 1:colcon.colcon_core.package_identification:_identify(src/more_interfaces) by extension 'ros'
[0.252s] DEBUG:colcon.colcon_core.package_identification:Package 'src/more_interfaces' with type 'ros.ament_cmake' and name 'more_interfaces'
[0.252s] Level 1:colcon.colcon_core.package_identification:_identify(src/my_package) by extensions ['ignore', 'ignore_ament_install']
[0.252s] Level 1:colcon.colcon_core.package_identification:_identify(src/my_package) by extension 'ignore'
[0.252s] Level 1:colcon.colcon_core.package_identification:_identify(src/my_package) by extension 'ignore_ament_install'
[0.252s] Level 1:colcon.colcon_core.package_identification:_identify(src/my_package) by extensions ['colcon_pkg']
[0.252s] Level 1:colcon.colcon_core.package_identification:_identify(src/my_package) by extension 'colcon_pkg'
[0.252s] Level 1:colcon.colcon_core.package_identification:_identify(src/my_package) by extensions ['colcon_meta']
[0.252s] Level 1:colcon.colcon_core.package_identification:_identify(src/my_package) by extension 'colcon_meta'
[0.252s] Level 1:colcon.colcon_core.package_identification:_identify(src/my_package) by extensions ['ros']
[0.252s] Level 1:colcon.colcon_core.package_identification:_identify(src/my_package) by extension 'ros'
[0.252s] DEBUG:colcon.colcon_core.package_identification:Package 'src/my_package' with type 'ros.ament_python' and name 'my_package'
[0.252s] Level 1:colcon.colcon_core.package_identification:_identify(src/py_pubsub) by extensions ['ignore', 'ignore_ament_install']
[0.252s] Level 1:colcon.colcon_core.package_identification:_identify(src/py_pubsub) by extension 'ignore'
[0.252s] Level 1:colcon.colcon_core.package_identification:_identify(src/py_pubsub) by extension 'ignore_ament_install'
[0.252s] Level 1:colcon.colcon_core.package_identification:_identify(src/py_pubsub) by extensions ['colcon_pkg']
[0.252s] Level 1:colcon.colcon_core.package_identification:_identify(src/py_pubsub) by extension 'colcon_pkg'
[0.252s] Level 1:colcon.colcon_core.package_identification:_identify(src/py_pubsub) by extensions ['colcon_meta']
[0.252s] Level 1:colcon.colcon_core.package_identification:_identify(src/py_pubsub) by extension 'colcon_meta'
[0.252s] Level 1:colcon.colcon_core.package_identification:_identify(src/py_pubsub) by extensions ['ros']
[0.253s] Level 1:colcon.colcon_core.package_identification:_identify(src/py_pubsub) by extension 'ros'
[0.253s] DEBUG:colcon.colcon_core.package_identification:Package 'src/py_pubsub' with type 'ros.ament_python' and name 'py_pubsub'
[0.253s] Level 1:colcon.colcon_core.package_identification:_identify(src/py_srvcli) by extensions ['ignore', 'ignore_ament_install']
[0.253s] Level 1:colcon.colcon_core.package_identification:_identify(src/py_srvcli) by extension 'ignore'
[0.253s] Level 1:colcon.colcon_core.package_identification:_identify(src/py_srvcli) by extension 'ignore_ament_install'
[0.253s] Level 1:colcon.colcon_core.package_identification:_identify(src/py_srvcli) by extensions ['colcon_pkg']
[0.253s] Level 1:colcon.colcon_core.package_identification:_identify(src/py_srvcli) by extension 'colcon_pkg'
[0.253s] Level 1:colcon.colcon_core.package_identification:_identify(src/py_srvcli) by extensions ['colcon_meta']
[0.253s] Level 1:colcon.colcon_core.package_identification:_identify(src/py_srvcli) by extension 'colcon_meta'
[0.253s] Level 1:colcon.colcon_core.package_identification:_identify(src/py_srvcli) by extensions ['ros']
[0.253s] Level 1:colcon.colcon_core.package_identification:_identify(src/py_srvcli) by extension 'ros'
[0.253s] DEBUG:colcon.colcon_core.package_identification:Package 'src/py_srvcli' with type 'ros.ament_python' and name 'py_srvcli'
[0.253s] Level 1:colcon.colcon_core.package_identification:_identify(src/python_parameters) by extensions ['ignore', 'ignore_ament_install']
[0.253s] Level 1:colcon.colcon_core.package_identification:_identify(src/python_parameters) by extension 'ignore'
[0.253s] Level 1:colcon.colcon_core.package_identification:_identify(src/python_parameters) by extension 'ignore_ament_install'
[0.253s] Level 1:colcon.colcon_core.package_identification:_identify(src/python_parameters) by extensions ['colcon_pkg']
[0.253s] Level 1:colcon.colcon_core.package_identification:_identify(src/python_parameters) by extension 'colcon_pkg'
[0.253s] Level 1:colcon.colcon_core.package_identification:_identify(src/python_parameters) by extensions ['colcon_meta']
[0.253s] Level 1:colcon.colcon_core.package_identification:_identify(src/python_parameters) by extension 'colcon_meta'
[0.254s] Level 1:colcon.colcon_core.package_identification:_identify(src/python_parameters) by extensions ['ros']
[0.254s] Level 1:colcon.colcon_core.package_identification:_identify(src/python_parameters) by extension 'ros'
[0.254s] DEBUG:colcon.colcon_core.package_identification:Package 'src/python_parameters' with type 'ros.ament_python' and name 'python_parameters'
[0.254s] Level 1:colcon.colcon_core.package_identification:_identify(src/ros_tutorials) by extensions ['ignore', 'ignore_ament_install']
[0.254s] Level 1:colcon.colcon_core.package_identification:_identify(src/ros_tutorials) by extension 'ignore'
[0.254s] Level 1:colcon.colcon_core.package_identification:_identify(src/ros_tutorials) by extension 'ignore_ament_install'
[0.254s] Level 1:colcon.colcon_core.package_identification:_identify(src/ros_tutorials) by extensions ['colcon_pkg']
[0.254s] Level 1:colcon.colcon_core.package_identification:_identify(src/ros_tutorials) by extension 'colcon_pkg'
[0.254s] Level 1:colcon.colcon_core.package_identification:_identify(src/ros_tutorials) by extensions ['colcon_meta']
[0.254s] Level 1:colcon.colcon_core.package_identification:_identify(src/ros_tutorials) by extension 'colcon_meta'
[0.254s] Level 1:colcon.colcon_core.package_identification:_identify(src/ros_tutorials) by extensions ['ros']
[0.254s] Level 1:colcon.colcon_core.package_identification:_identify(src/ros_tutorials) by extension 'ros'
[0.254s] Level 1:colcon.colcon_core.package_identification:_identify(src/ros_tutorials) by extensions ['cmake', 'python']
[0.254s] Level 1:colcon.colcon_core.package_identification:_identify(src/ros_tutorials) by extension 'cmake'
[0.254s] Level 1:colcon.colcon_core.package_identification:_identify(src/ros_tutorials) by extension 'python'
[0.254s] Level 1:colcon.colcon_core.package_identification:_identify(src/ros_tutorials) by extensions ['python_setup_py']
[0.254s] Level 1:colcon.colcon_core.package_identification:_identify(src/ros_tutorials) by extension 'python_setup_py'
[0.254s] Level 1:colcon.colcon_core.package_identification:_identify(src/ros_tutorials/ros_tutorials) by extensions ['ignore', 'ignore_ament_install']
[0.254s] Level 1:colcon.colcon_core.package_identification:_identify(src/ros_tutorials/ros_tutorials) by extension 'ignore'
[0.254s] Level 1:colcon.colcon_core.package_identification:_identify(src/ros_tutorials/ros_tutorials) ignored
[0.254s] Level 1:colcon.colcon_core.package_identification:_identify(src/ros_tutorials/roscpp_tutorials) by extensions ['ignore', 'ignore_ament_install']
[0.254s] Level 1:colcon.colcon_core.package_identification:_identify(src/ros_tutorials/roscpp_tutorials) by extension 'ignore'
[0.254s] Level 1:colcon.colcon_core.package_identification:_identify(src/ros_tutorials/roscpp_tutorials) ignored
[0.254s] Level 1:colcon.colcon_core.package_identification:_identify(src/ros_tutorials/rospy_tutorials) by extensions ['ignore', 'ignore_ament_install']
[0.254s] Level 1:colcon.colcon_core.package_identification:_identify(src/ros_tutorials/rospy_tutorials) by extension 'ignore'
[0.254s] Level 1:colcon.colcon_core.package_identification:_identify(src/ros_tutorials/rospy_tutorials) ignored
[0.254s] Level 1:colcon.colcon_core.package_identification:_identify(src/ros_tutorials/turtlesim) by extensions ['ignore', 'ignore_ament_install']
[0.254s] Level 1:colcon.colcon_core.package_identification:_identify(src/ros_tutorials/turtlesim) by extension 'ignore'
[0.254s] Level 1:colcon.colcon_core.package_identification:_identify(src/ros_tutorials/turtlesim) by extension 'ignore_ament_install'
[0.254s] Level 1:colcon.colcon_core.package_identification:_identify(src/ros_tutorials/turtlesim) by extensions ['colcon_pkg']
[0.254s] Level 1:colcon.colcon_core.package_identification:_identify(src/ros_tutorials/turtlesim) by extension 'colcon_pkg'
[0.254s] Level 1:colcon.colcon_core.package_identification:_identify(src/ros_tutorials/turtlesim) by extensions ['colcon_meta']
[0.254s] Level 1:colcon.colcon_core.package_identification:_identify(src/ros_tutorials/turtlesim) by extension 'colcon_meta'
[0.254s] Level 1:colcon.colcon_core.package_identification:_identify(src/ros_tutorials/turtlesim) by extensions ['ros']
[0.255s] Level 1:colcon.colcon_core.package_identification:_identify(src/ros_tutorials/turtlesim) by extension 'ros'
[0.255s] DEBUG:colcon.colcon_core.package_identification:Package 'src/ros_tutorials/turtlesim' with type 'ros.ament_cmake' and name 'turtlesim'
[0.255s] Level 1:colcon.colcon_core.package_identification:_identify(src/tutorial_interfaces) by extensions ['ignore', 'ignore_ament_install']
[0.255s] Level 1:colcon.colcon_core.package_identification:_identify(src/tutorial_interfaces) by extension 'ignore'
[0.255s] Level 1:colcon.colcon_core.package_identification:_identify(src/tutorial_interfaces) by extension 'ignore_ament_install'
[0.255s] Level 1:colcon.colcon_core.package_identification:_identify(src/tutorial_interfaces) by extensions ['colcon_pkg']
[0.255s] Level 1:colcon.colcon_core.package_identification:_identify(src/tutorial_interfaces) by extension 'colcon_pkg'
[0.255s] Level 1:colcon.colcon_core.package_identification:_identify(src/tutorial_interfaces) by extensions ['colcon_meta']
[0.255s] Level 1:colcon.colcon_core.package_identification:_identify(src/tutorial_interfaces) by extension 'colcon_meta'
[0.255s] Level 1:colcon.colcon_core.package_identification:_identify(src/tutorial_interfaces) by extensions ['ros']
[0.255s] Level 1:colcon.colcon_core.package_identification:_identify(src/tutorial_interfaces) by extension 'ros'
[0.256s] DEBUG:colcon.colcon_core.package_identification:Package 'src/tutorial_interfaces' with type 'ros.ament_cmake' and name 'tutorial_interfaces'
[0.256s] Level 1:colcon.colcon_core.package_discovery:discover_packages(recursive) using defaults
[0.256s] Level 1:colcon.colcon_core.package_discovery:discover_packages(ignore) discover
[0.256s] Level 1:colcon.colcon_core.package_discovery:discover_packages(ignore) using defaults
[0.256s] Level 1:colcon.colcon_core.package_discovery:discover_packages(path) discover
[0.256s] Level 1:colcon.colcon_core.package_discovery:discover_packages(path) using defaults
[0.259s] Level 5:colcon.colcon_core.verb:set package 'action_tutorials_interfaces' test argument 'ctest_args' from command line to 'None'
[0.259s] Level 5:colcon.colcon_core.verb:set package 'action_tutorials_interfaces' test argument 'python_testing' from command line to 'None'
[0.259s] Level 5:colcon.colcon_core.verb:set package 'action_tutorials_interfaces' test argument 'pytest_args' from command line to 'None'
[0.259s] Level 5:colcon.colcon_core.verb:set package 'action_tutorials_interfaces' test argument 'pytest_with_coverage' from command line to 'False'
[0.259s] Level 5:colcon.colcon_core.verb:set package 'action_tutorials_interfaces' test argument 'unittest_args' from command line to 'None'
[0.259s] Level 5:colcon.colcon_core.verb:set package 'action_tutorials_interfaces' test argument 'retest_until_pass' from command line to '0'
[0.259s] Level 5:colcon.colcon_core.verb:set package 'action_tutorials_interfaces' test argument 'retest_until_fail' from command line to '0'
[0.259s] DEBUG:colcon.colcon_core.verb.test:Testing package 'action_tutorials_interfaces' with the following arguments: {'build_base': '/home/donavyn/docker_test/ros2_ws/build/action_tutorials_interfaces', 'ctest_args': None, 'install_base': '/home/donavyn/docker_test/ros2_ws/install/action_tutorials_interfaces', 'path': '/home/donavyn/docker_test/ros2_ws/src/action_tutorials_interfaces', 'pytest_args': None, 'pytest_with_coverage': False, 'python_testing': None, 'retest_until_fail': 0, 'retest_until_pass': 0, 'test_result_base': None, 'unittest_args': None}
[0.259s] Level 5:colcon.colcon_core.verb:set package 'examples_rclcpp_async_client' test argument 'ctest_args' from command line to 'None'
[0.259s] Level 5:colcon.colcon_core.verb:set package 'examples_rclcpp_async_client' test argument 'python_testing' from command line to 'None'
[0.259s] Level 5:colcon.colcon_core.verb:set package 'examples_rclcpp_async_client' test argument 'pytest_args' from command line to 'None'
[0.260s] Level 5:colcon.colcon_core.verb:set package 'examples_rclcpp_async_client' test argument 'pytest_with_coverage' from command line to 'False'
[0.260s] Level 5:colcon.colcon_core.verb:set package 'examples_rclcpp_async_client' test argument 'unittest_args' from command line to 'None'
[0.260s] Level 5:colcon.colcon_core.verb:set package 'examples_rclcpp_async_client' test argument 'retest_until_pass' from command line to '0'
[0.260s] Level 5:colcon.colcon_core.verb:set package 'examples_rclcpp_async_client' test argument 'retest_until_fail' from command line to '0'
[0.260s] DEBUG:colcon.colcon_core.verb.test:Testing package 'examples_rclcpp_async_client' with the following arguments: {'build_base': '/home/donavyn/docker_test/ros2_ws/build/examples_rclcpp_async_client', 'ctest_args': None, 'install_base': '/home/donavyn/docker_test/ros2_ws/install/examples_rclcpp_async_client', 'path': '/home/donavyn/docker_test/ros2_ws/src/examples/rclcpp/services/async_client', 'pytest_args': None, 'pytest_with_coverage': False, 'python_testing': None, 'retest_until_fail': 0, 'retest_until_pass': 0, 'test_result_base': None, 'unittest_args': None}
[0.260s] Level 5:colcon.colcon_core.verb:set package 'examples_rclcpp_cbg_executor' test argument 'ctest_args' from command line to 'None'
[0.260s] Level 5:colcon.colcon_core.verb:set package 'examples_rclcpp_cbg_executor' test argument 'python_testing' from command line to 'None'
[0.260s] Level 5:colcon.colcon_core.verb:set package 'examples_rclcpp_cbg_executor' test argument 'pytest_args' from command line to 'None'
[0.260s] Level 5:colcon.colcon_core.verb:set package 'examples_rclcpp_cbg_executor' test argument 'pytest_with_coverage' from command line to 'False'
[0.260s] Level 5:colcon.colcon_core.verb:set package 'examples_rclcpp_cbg_executor' test argument 'unittest_args' from command line to 'None'
[0.260s] Level 5:colcon.colcon_core.verb:set package 'examples_rclcpp_cbg_executor' test argument 'retest_until_pass' from command line to '0'
[0.260s] Level 5:colcon.colcon_core.verb:set package 'examples_rclcpp_cbg_executor' test argument 'retest_until_fail' from command line to '0'
[0.260s] DEBUG:colcon.colcon_core.verb.test:Testing package 'examples_rclcpp_cbg_executor' with the following arguments: {'build_base': '/home/donavyn/docker_test/ros2_ws/build/examples_rclcpp_cbg_executor', 'ctest_args': None, 'install_base': '/home/donavyn/docker_test/ros2_ws/install/examples_rclcpp_cbg_executor', 'path': '/home/donavyn/docker_test/ros2_ws/src/examples/rclcpp/executors/cbg_executor', 'pytest_args': None, 'pytest_with_coverage': False, 'python_testing': None, 'retest_until_fail': 0, 'retest_until_pass': 0, 'test_result_base': None, 'unittest_args': None}
[0.260s] Level 5:colcon.colcon_core.verb:set package 'examples_rclcpp_minimal_action_client' test argument 'ctest_args' from command line to 'None'
[0.260s] Level 5:colcon.colcon_core.verb:set package 'examples_rclcpp_minimal_action_client' test argument 'python_testing' from command line to 'None'
[0.260s] Level 5:colcon.colcon_core.verb:set package 'examples_rclcpp_minimal_action_client' test argument 'pytest_args' from command line to 'None'
[0.260s] Level 5:colcon.colcon_core.verb:set package 'examples_rclcpp_minimal_action_client' test argument 'pytest_with_coverage' from command line to 'False'
[0.260s] Level 5:colcon.colcon_core.verb:set package 'examples_rclcpp_minimal_action_client' test argument 'unittest_args' from command line to 'None'
[0.260s] Level 5:colcon.colcon_core.verb:set package 'examples_rclcpp_minimal_action_client' test argument 'retest_until_pass' from command line to '0'
[0.260s] Level 5:colcon.colcon_core.verb:set package 'examples_rclcpp_minimal_action_client' test argument 'retest_until_fail' from command line to '0'
[0.260s] DEBUG:colcon.colcon_core.verb.test:Testing package 'examples_rclcpp_minimal_action_client' with the following arguments: {'build_base': '/home/donavyn/docker_test/ros2_ws/build/examples_rclcpp_minimal_action_client', 'ctest_args': None, 'install_base': '/home/donavyn/docker_test/ros2_ws/install/examples_rclcpp_minimal_action_client', 'path': '/home/donavyn/docker_test/ros2_ws/src/examples/rclcpp/actions/minimal_action_client', 'pytest_args': None, 'pytest_with_coverage': False, 'python_testing': None, 'retest_until_fail': 0, 'retest_until_pass': 0, 'test_result_base': None, 'unittest_args': None}
[0.260s] Level 5:colcon.colcon_core.verb:set package 'examples_rclcpp_minimal_action_server' test argument 'ctest_args' from command line to 'None'
[0.260s] Level 5:colcon.colcon_core.verb:set package 'examples_rclcpp_minimal_action_server' test argument 'python_testing' from command line to 'None'
[0.260s] Level 5:colcon.colcon_core.verb:set package 'examples_rclcpp_minimal_action_server' test argument 'pytest_args' from command line to 'None'
[0.260s] Level 5:colcon.colcon_core.verb:set package 'examples_rclcpp_minimal_action_server' test argument 'pytest_with_coverage' from command line to 'False'
[0.260s] Level 5:colcon.colcon_core.verb:set package 'examples_rclcpp_minimal_action_server' test argument 'unittest_args' from command line to 'None'
[0.260s] Level 5:colcon.colcon_core.verb:set package 'examples_rclcpp_minimal_action_server' test argument 'retest_until_pass' from command line to '0'
[0.260s] Level 5:colcon.colcon_core.verb:set package 'examples_rclcpp_minimal_action_server' test argument 'retest_until_fail' from command line to '0'
[0.260s] DEBUG:colcon.colcon_core.verb.test:Testing package 'examples_rclcpp_minimal_action_server' with the following arguments: {'build_base': '/home/donavyn/docker_test/ros2_ws/build/examples_rclcpp_minimal_action_server', 'ctest_args': None, 'install_base': '/home/donavyn/docker_test/ros2_ws/install/examples_rclcpp_minimal_action_server', 'path': '/home/donavyn/docker_test/ros2_ws/src/examples/rclcpp/actions/minimal_action_server', 'pytest_args': None, 'pytest_with_coverage': False, 'python_testing': None, 'retest_until_fail': 0, 'retest_until_pass': 0, 'test_result_base': None, 'unittest_args': None}
[0.260s] Level 5:colcon.colcon_core.verb:set package 'examples_rclcpp_minimal_client' test argument 'ctest_args' from command line to 'None'
[0.260s] Level 5:colcon.colcon_core.verb:set package 'examples_rclcpp_minimal_client' test argument 'python_testing' from command line to 'None'
[0.260s] Level 5:colcon.colcon_core.verb:set package 'examples_rclcpp_minimal_client' test argument 'pytest_args' from command line to 'None'
[0.260s] Level 5:colcon.colcon_core.verb:set package 'examples_rclcpp_minimal_client' test argument 'pytest_with_coverage' from command line to 'False'
[0.260s] Level 5:colcon.colcon_core.verb:set package 'examples_rclcpp_minimal_client' test argument 'unittest_args' from command line to 'None'
[0.260s] Level 5:colcon.colcon_core.verb:set package 'examples_rclcpp_minimal_client' test argument 'retest_until_pass' from command line to '0'
[0.260s] Level 5:colcon.colcon_core.verb:set package 'examples_rclcpp_minimal_client' test argument 'retest_until_fail' from command line to '0'
[0.260s] DEBUG:colcon.colcon_core.verb.test:Testing package 'examples_rclcpp_minimal_client' with the following arguments: {'build_base': '/home/donavyn/docker_test/ros2_ws/build/examples_rclcpp_minimal_client', 'ctest_args': None, 'install_base': '/home/donavyn/docker_test/ros2_ws/install/examples_rclcpp_minimal_client', 'path': '/home/donavyn/docker_test/ros2_ws/src/examples/rclcpp/services/minimal_client', 'pytest_args': None, 'pytest_with_coverage': False, 'python_testing': None, 'retest_until_fail': 0, 'retest_until_pass': 0, 'test_result_base': None, 'unittest_args': None}
[0.261s] Level 5:colcon.colcon_core.verb:set package 'examples_rclcpp_minimal_composition' test argument 'ctest_args' from command line to 'None'
[0.261s] Level 5:colcon.colcon_core.verb:set package 'examples_rclcpp_minimal_composition' test argument 'python_testing' from command line to 'None'
[0.261s] Level 5:colcon.colcon_core.verb:set package 'examples_rclcpp_minimal_composition' test argument 'pytest_args' from command line to 'None'
[0.261s] Level 5:colcon.colcon_core.verb:set package 'examples_rclcpp_minimal_composition' test argument 'pytest_with_coverage' from command line to 'False'
[0.261s] Level 5:colcon.colcon_core.verb:set package 'examples_rclcpp_minimal_composition' test argument 'unittest_args' from command line to 'None'
[0.261s] Level 5:colcon.colcon_core.verb:set package 'examples_rclcpp_minimal_composition' test argument 'retest_until_pass' from command line to '0'
[0.261s] Level 5:colcon.colcon_core.verb:set package 'examples_rclcpp_minimal_composition' test argument 'retest_until_fail' from command line to '0'
[0.261s] DEBUG:colcon.colcon_core.verb.test:Testing package 'examples_rclcpp_minimal_composition' with the following arguments: {'build_base': '/home/donavyn/docker_test/ros2_ws/build/examples_rclcpp_minimal_composition', 'ctest_args': None, 'install_base': '/home/donavyn/docker_test/ros2_ws/install/examples_rclcpp_minimal_composition', 'path': '/home/donavyn/docker_test/ros2_ws/src/examples/rclcpp/composition/minimal_composition', 'pytest_args': None, 'pytest_with_coverage': False, 'python_testing': None, 'retest_until_fail': 0, 'retest_until_pass': 0, 'test_result_base': None, 'unittest_args': None}
[0.261s] Level 5:colcon.colcon_core.verb:set package 'examples_rclcpp_minimal_publisher' test argument 'ctest_args' from command line to 'None'
[0.261s] Level 5:colcon.colcon_core.verb:set package 'examples_rclcpp_minimal_publisher' test argument 'python_testing' from command line to 'None'
[0.261s] Level 5:colcon.colcon_core.verb:set package 'examples_rclcpp_minimal_publisher' test argument 'pytest_args' from command line to 'None'
[0.261s] Level 5:colcon.colcon_core.verb:set package 'examples_rclcpp_minimal_publisher' test argument 'pytest_with_coverage' from command line to 'False'
[0.261s] Level 5:colcon.colcon_core.verb:set package 'examples_rclcpp_minimal_publisher' test argument 'unittest_args' from command line to 'None'
[0.261s] Level 5:colcon.colcon_core.verb:set package 'examples_rclcpp_minimal_publisher' test argument 'retest_until_pass' from command line to '0'
[0.261s] Level 5:colcon.colcon_core.verb:set package 'examples_rclcpp_minimal_publisher' test argument 'retest_until_fail' from command line to '0'
[0.261s] DEBUG:colcon.colcon_core.verb.test:Testing package 'examples_rclcpp_minimal_publisher' with the following arguments: {'build_base': '/home/donavyn/docker_test/ros2_ws/build/examples_rclcpp_minimal_publisher', 'ctest_args': None, 'install_base': '/home/donavyn/docker_test/ros2_ws/install/examples_rclcpp_minimal_publisher', 'path': '/home/donavyn/docker_test/ros2_ws/src/examples/rclcpp/topics/minimal_publisher', 'pytest_args': None, 'pytest_with_coverage': False, 'python_testing': None, 'retest_until_fail': 0, 'retest_until_pass': 0, 'test_result_base': None, 'unittest_args': None}
[0.261s] Level 5:colcon.colcon_core.verb:set package 'examples_rclcpp_minimal_service' test argument 'ctest_args' from command line to 'None'
[0.261s] Level 5:colcon.colcon_core.verb:set package 'examples_rclcpp_minimal_service' test argument 'python_testing' from command line to 'None'
[0.261s] Level 5:colcon.colcon_core.verb:set package 'examples_rclcpp_minimal_service' test argument 'pytest_args' from command line to 'None'
[0.261s] Level 5:colcon.colcon_core.verb:set package 'examples_rclcpp_minimal_service' test argument 'pytest_with_coverage' from command line to 'False'
[0.261s] Level 5:colcon.colcon_core.verb:set package 'examples_rclcpp_minimal_service' test argument 'unittest_args' from command line to 'None'
[0.261s] Level 5:colcon.colcon_core.verb:set package 'examples_rclcpp_minimal_service' test argument 'retest_until_pass' from command line to '0'
[0.261s] Level 5:colcon.colcon_core.verb:set package 'examples_rclcpp_minimal_service' test argument 'retest_until_fail' from command line to '0'
[0.261s] DEBUG:colcon.colcon_core.verb.test:Testing package 'examples_rclcpp_minimal_service' with the following arguments: {'build_base': '/home/donavyn/docker_test/ros2_ws/build/examples_rclcpp_minimal_service', 'ctest_args': None, 'install_base': '/home/donavyn/docker_test/ros2_ws/install/examples_rclcpp_minimal_service', 'path': '/home/donavyn/docker_test/ros2_ws/src/examples/rclcpp/services/minimal_service', 'pytest_args': None, 'pytest_with_coverage': False, 'python_testing': None, 'retest_until_fail': 0, 'retest_until_pass': 0, 'test_result_base': None, 'unittest_args': None}
[0.261s] Level 5:colcon.colcon_core.verb:set package 'examples_rclcpp_minimal_subscriber' test argument 'ctest_args' from command line to 'None'
[0.261s] Level 5:colcon.colcon_core.verb:set package 'examples_rclcpp_minimal_subscriber' test argument 'python_testing' from command line to 'None'
[0.261s] Level 5:colcon.colcon_core.verb:set package 'examples_rclcpp_minimal_subscriber' test argument 'pytest_args' from command line to 'None'
[0.261s] Level 5:colcon.colcon_core.verb:set package 'examples_rclcpp_minimal_subscriber' test argument 'pytest_with_coverage' from command line to 'False'
[0.261s] Level 5:colcon.colcon_core.verb:set package 'examples_rclcpp_minimal_subscriber' test argument 'unittest_args' from command line to 'None'
[0.261s] Level 5:colcon.colcon_core.verb:set package 'examples_rclcpp_minimal_subscriber' test argument 'retest_until_pass' from command line to '0'
[0.261s] Level 5:colcon.colcon_core.verb:set package 'examples_rclcpp_minimal_subscriber' test argument 'retest_until_fail' from command line to '0'
[0.261s] DEBUG:colcon.colcon_core.verb.test:Testing package 'examples_rclcpp_minimal_subscriber' with the following arguments: {'build_base': '/home/donavyn/docker_test/ros2_ws/build/examples_rclcpp_minimal_subscriber', 'ctest_args': None, 'install_base': '/home/donavyn/docker_test/ros2_ws/install/examples_rclcpp_minimal_subscriber', 'path': '/home/donavyn/docker_test/ros2_ws/src/examples/rclcpp/topics/minimal_subscriber', 'pytest_args': None, 'pytest_with_coverage': False, 'python_testing': None, 'retest_until_fail': 0, 'retest_until_pass': 0, 'test_result_base': None, 'unittest_args': None}
[0.262s] Level 5:colcon.colcon_core.verb:set package 'examples_rclcpp_minimal_timer' test argument 'ctest_args' from command line to 'None'
[0.262s] Level 5:colcon.colcon_core.verb:set package 'examples_rclcpp_minimal_timer' test argument 'python_testing' from command line to 'None'
[0.262s] Level 5:colcon.colcon_core.verb:set package 'examples_rclcpp_minimal_timer' test argument 'pytest_args' from command line to 'None'
[0.262s] Level 5:colcon.colcon_core.verb:set package 'examples_rclcpp_minimal_timer' test argument 'pytest_with_coverage' from command line to 'False'
[0.262s] Level 5:colcon.colcon_core.verb:set package 'examples_rclcpp_minimal_timer' test argument 'unittest_args' from command line to 'None'
[0.262s] Level 5:colcon.colcon_core.verb:set package 'examples_rclcpp_minimal_timer' test argument 'retest_until_pass' from command line to '0'
[0.262s] Level 5:colcon.colcon_core.verb:set package 'examples_rclcpp_minimal_timer' test argument 'retest_until_fail' from command line to '0'
[0.262s] DEBUG:colcon.colcon_core.verb.test:Testing package 'examples_rclcpp_minimal_timer' with the following arguments: {'build_base': '/home/donavyn/docker_test/ros2_ws/build/examples_rclcpp_minimal_timer', 'ctest_args': None, 'install_base': '/home/donavyn/docker_test/ros2_ws/install/examples_rclcpp_minimal_timer', 'path': '/home/donavyn/docker_test/ros2_ws/src/examples/rclcpp/timers/minimal_timer', 'pytest_args': None, 'pytest_with_coverage': False, 'python_testing': None, 'retest_until_fail': 0, 'retest_until_pass': 0, 'test_result_base': None, 'unittest_args': None}
[0.262s] Level 5:colcon.colcon_core.verb:set package 'examples_rclcpp_multithreaded_executor' test argument 'ctest_args' from command line to 'None'
[0.262s] Level 5:colcon.colcon_core.verb:set package 'examples_rclcpp_multithreaded_executor' test argument 'python_testing' from command line to 'None'
[0.262s] Level 5:colcon.colcon_core.verb:set package 'examples_rclcpp_multithreaded_executor' test argument 'pytest_args' from command line to 'None'
[0.262s] Level 5:colcon.colcon_core.verb:set package 'examples_rclcpp_multithreaded_executor' test argument 'pytest_with_coverage' from command line to 'False'
[0.262s] Level 5:colcon.colcon_core.verb:set package 'examples_rclcpp_multithreaded_executor' test argument 'unittest_args' from command line to 'None'
[0.262s] Level 5:colcon.colcon_core.verb:set package 'examples_rclcpp_multithreaded_executor' test argument 'retest_until_pass' from command line to '0'
[0.262s] Level 5:colcon.colcon_core.verb:set package 'examples_rclcpp_multithreaded_executor' test argument 'retest_until_fail' from command line to '0'
[0.262s] DEBUG:colcon.colcon_core.verb.test:Testing package 'examples_rclcpp_multithreaded_executor' with the following arguments: {'build_base': '/home/donavyn/docker_test/ros2_ws/build/examples_rclcpp_multithreaded_executor', 'ctest_args': None, 'install_base': '/home/donavyn/docker_test/ros2_ws/install/examples_rclcpp_multithreaded_executor', 'path': '/home/donavyn/docker_test/ros2_ws/src/examples/rclcpp/executors/multithreaded_executor', 'pytest_args': None, 'pytest_with_coverage': False, 'python_testing': None, 'retest_until_fail': 0, 'retest_until_pass': 0, 'test_result_base': None, 'unittest_args': None}
[0.262s] Level 5:colcon.colcon_core.verb:set package 'examples_rclcpp_wait_set' test argument 'ctest_args' from command line to 'None'
[0.262s] Level 5:colcon.colcon_core.verb:set package 'examples_rclcpp_wait_set' test argument 'python_testing' from command line to 'None'
[0.262s] Level 5:colcon.colcon_core.verb:set package 'examples_rclcpp_wait_set' test argument 'pytest_args' from command line to 'None'
[0.262s] Level 5:colcon.colcon_core.verb:set package 'examples_rclcpp_wait_set' test argument 'pytest_with_coverage' from command line to 'False'
[0.262s] Level 5:colcon.colcon_core.verb:set package 'examples_rclcpp_wait_set' test argument 'unittest_args' from command line to 'None'
[0.262s] Level 5:colcon.colcon_core.verb:set package 'examples_rclcpp_wait_set' test argument 'retest_until_pass' from command line to '0'
[0.262s] Level 5:colcon.colcon_core.verb:set package 'examples_rclcpp_wait_set' test argument 'retest_until_fail' from command line to '0'
[0.262s] DEBUG:colcon.colcon_core.verb.test:Testing package 'examples_rclcpp_wait_set' with the following arguments: {'build_base': '/home/donavyn/docker_test/ros2_ws/build/examples_rclcpp_wait_set', 'ctest_args': None, 'install_base': '/home/donavyn/docker_test/ros2_ws/install/examples_rclcpp_wait_set', 'path': '/home/donavyn/docker_test/ros2_ws/src/examples/rclcpp/wait_set', 'pytest_args': None, 'pytest_with_coverage': False, 'python_testing': None, 'retest_until_fail': 0, 'retest_until_pass': 0, 'test_result_base': None, 'unittest_args': None}
[0.262s] Level 5:colcon.colcon_core.verb:set package 'examples_rclpy_executors' test argument 'ctest_args' from command line to 'None'
[0.262s] Level 5:colcon.colcon_core.verb:set package 'examples_rclpy_executors' test argument 'python_testing' from command line to 'None'
[0.262s] Level 5:colcon.colcon_core.verb:set package 'examples_rclpy_executors' test argument 'pytest_args' from command line to 'None'
[0.262s] Level 5:colcon.colcon_core.verb:set package 'examples_rclpy_executors' test argument 'pytest_with_coverage' from command line to 'False'
[0.262s] Level 5:colcon.colcon_core.verb:set package 'examples_rclpy_executors' test argument 'unittest_args' from command line to 'None'
[0.262s] Level 5:colcon.colcon_core.verb:set package 'examples_rclpy_executors' test argument 'retest_until_pass' from command line to '0'
[0.262s] Level 5:colcon.colcon_core.verb:set package 'examples_rclpy_executors' test argument 'retest_until_fail' from command line to '0'
[0.262s] DEBUG:colcon.colcon_core.verb.test:Testing package 'examples_rclpy_executors' with the following arguments: {'build_base': '/home/donavyn/docker_test/ros2_ws/build/examples_rclpy_executors', 'ctest_args': None, 'install_base': '/home/donavyn/docker_test/ros2_ws/install/examples_rclpy_executors', 'path': '/home/donavyn/docker_test/ros2_ws/src/examples/rclpy/executors', 'pytest_args': None, 'pytest_with_coverage': False, 'python_testing': None, 'retest_until_fail': 0, 'retest_until_pass': 0, 'test_result_base': None, 'unittest_args': None}
[0.262s] Level 5:colcon.colcon_core.verb:set package 'examples_rclpy_guard_conditions' test argument 'ctest_args' from command line to 'None'
[0.262s] Level 5:colcon.colcon_core.verb:set package 'examples_rclpy_guard_conditions' test argument 'python_testing' from command line to 'None'
[0.262s] Level 5:colcon.colcon_core.verb:set package 'examples_rclpy_guard_conditions' test argument 'pytest_args' from command line to 'None'
[0.262s] Level 5:colcon.colcon_core.verb:set package 'examples_rclpy_guard_conditions' test argument 'pytest_with_coverage' from command line to 'False'
[0.262s] Level 5:colcon.colcon_core.verb:set package 'examples_rclpy_guard_conditions' test argument 'unittest_args' from command line to 'None'
[0.262s] Level 5:colcon.colcon_core.verb:set package 'examples_rclpy_guard_conditions' test argument 'retest_until_pass' from command line to '0'
[0.262s] Level 5:colcon.colcon_core.verb:set package 'examples_rclpy_guard_conditions' test argument 'retest_until_fail' from command line to '0'
[0.263s] DEBUG:colcon.colcon_core.verb.test:Testing package 'examples_rclpy_guard_conditions' with the following arguments: {'build_base': '/home/donavyn/docker_test/ros2_ws/build/examples_rclpy_guard_conditions', 'ctest_args': None, 'install_base': '/home/donavyn/docker_test/ros2_ws/install/examples_rclpy_guard_conditions', 'path': '/home/donavyn/docker_test/ros2_ws/src/examples/rclpy/guard_conditions', 'pytest_args': None, 'pytest_with_coverage': False, 'python_testing': None, 'retest_until_fail': 0, 'retest_until_pass': 0, 'test_result_base': None, 'unittest_args': None}
[0.263s] Level 5:colcon.colcon_core.verb:set package 'examples_rclpy_minimal_action_client' test argument 'ctest_args' from command line to 'None'
[0.263s] Level 5:colcon.colcon_core.verb:set package 'examples_rclpy_minimal_action_client' test argument 'python_testing' from command line to 'None'
[0.263s] Level 5:colcon.colcon_core.verb:set package 'examples_rclpy_minimal_action_client' test argument 'pytest_args' from command line to 'None'
[0.263s] Level 5:colcon.colcon_core.verb:set package 'examples_rclpy_minimal_action_client' test argument 'pytest_with_coverage' from command line to 'False'
[0.263s] Level 5:colcon.colcon_core.verb:set package 'examples_rclpy_minimal_action_client' test argument 'unittest_args' from command line to 'None'
[0.263s] Level 5:colcon.colcon_core.verb:set package 'examples_rclpy_minimal_action_client' test argument 'retest_until_pass' from command line to '0'
[0.263s] Level 5:colcon.colcon_core.verb:set package 'examples_rclpy_minimal_action_client' test argument 'retest_until_fail' from command line to '0'
[0.263s] DEBUG:colcon.colcon_core.verb.test:Testing package 'examples_rclpy_minimal_action_client' with the following arguments: {'build_base': '/home/donavyn/docker_test/ros2_ws/build/examples_rclpy_minimal_action_client', 'ctest_args': None, 'install_base': '/home/donavyn/docker_test/ros2_ws/install/examples_rclpy_minimal_action_client', 'path': '/home/donavyn/docker_test/ros2_ws/src/examples/rclpy/actions/minimal_action_client', 'pytest_args': None, 'pytest_with_coverage': False, 'python_testing': None, 'retest_until_fail': 0, 'retest_until_pass': 0, 'test_result_base': None, 'unittest_args': None}
[0.263s] Level 5:colcon.colcon_core.verb:set package 'examples_rclpy_minimal_action_server' test argument 'ctest_args' from command line to 'None'
[0.263s] Level 5:colcon.colcon_core.verb:set package 'examples_rclpy_minimal_action_server' test argument 'python_testing' from command line to 'None'
[0.263s] Level 5:colcon.colcon_core.verb:set package 'examples_rclpy_minimal_action_server' test argument 'pytest_args' from command line to 'None'
[0.263s] Level 5:colcon.colcon_core.verb:set package 'examples_rclpy_minimal_action_server' test argument 'pytest_with_coverage' from command line to 'False'
[0.263s] Level 5:colcon.colcon_core.verb:set package 'examples_rclpy_minimal_action_server' test argument 'unittest_args' from command line to 'None'
[0.263s] Level 5:colcon.colcon_core.verb:set package 'examples_rclpy_minimal_action_server' test argument 'retest_until_pass' from command line to '0'
[0.263s] Level 5:colcon.colcon_core.verb:set package 'examples_rclpy_minimal_action_server' test argument 'retest_until_fail' from command line to '0'
[0.263s] DEBUG:colcon.colcon_core.verb.test:Testing package 'examples_rclpy_minimal_action_server' with the following arguments: {'build_base': '/home/donavyn/docker_test/ros2_ws/build/examples_rclpy_minimal_action_server', 'ctest_args': None, 'install_base': '/home/donavyn/docker_test/ros2_ws/install/examples_rclpy_minimal_action_server', 'path': '/home/donavyn/docker_test/ros2_ws/src/examples/rclpy/actions/minimal_action_server', 'pytest_args': None, 'pytest_with_coverage': False, 'python_testing': None, 'retest_until_fail': 0, 'retest_until_pass': 0, 'test_result_base': None, 'unittest_args': None}
[0.263s] Level 5:colcon.colcon_core.verb:set package 'examples_rclpy_minimal_client' test argument 'ctest_args' from command line to 'None'
[0.263s] Level 5:colcon.colcon_core.verb:set package 'examples_rclpy_minimal_client' test argument 'python_testing' from command line to 'None'
[0.263s] Level 5:colcon.colcon_core.verb:set package 'examples_rclpy_minimal_client' test argument 'pytest_args' from command line to 'None'
[0.263s] Level 5:colcon.colcon_core.verb:set package 'examples_rclpy_minimal_client' test argument 'pytest_with_coverage' from command line to 'False'
[0.263s] Level 5:colcon.colcon_core.verb:set package 'examples_rclpy_minimal_client' test argument 'unittest_args' from command line to 'None'
[0.263s] Level 5:colcon.colcon_core.verb:set package 'examples_rclpy_minimal_client' test argument 'retest_until_pass' from command line to '0'
[0.263s] Level 5:colcon.colcon_core.verb:set package 'examples_rclpy_minimal_client' test argument 'retest_until_fail' from command line to '0'
[0.263s] DEBUG:colcon.colcon_core.verb.test:Testing package 'examples_rclpy_minimal_client' with the following arguments: {'build_base': '/home/donavyn/docker_test/ros2_ws/build/examples_rclpy_minimal_client', 'ctest_args': None, 'install_base': '/home/donavyn/docker_test/ros2_ws/install/examples_rclpy_minimal_client', 'path': '/home/donavyn/docker_test/ros2_ws/src/examples/rclpy/services/minimal_client', 'pytest_args': None, 'pytest_with_coverage': False, 'python_testing': None, 'retest_until_fail': 0, 'retest_until_pass': 0, 'test_result_base': None, 'unittest_args': None}
[0.263s] Level 5:colcon.colcon_core.verb:set package 'examples_rclpy_minimal_publisher' test argument 'ctest_args' from command line to 'None'
[0.263s] Level 5:colcon.colcon_core.verb:set package 'examples_rclpy_minimal_publisher' test argument 'python_testing' from command line to 'None'
[0.263s] Level 5:colcon.colcon_core.verb:set package 'examples_rclpy_minimal_publisher' test argument 'pytest_args' from command line to 'None'
[0.263s] Level 5:colcon.colcon_core.verb:set package 'examples_rclpy_minimal_publisher' test argument 'pytest_with_coverage' from command line to 'False'
[0.263s] Level 5:colcon.colcon_core.verb:set package 'examples_rclpy_minimal_publisher' test argument 'unittest_args' from command line to 'None'
[0.263s] Level 5:colcon.colcon_core.verb:set package 'examples_rclpy_minimal_publisher' test argument 'retest_until_pass' from command line to '0'
[0.263s] Level 5:colcon.colcon_core.verb:set package 'examples_rclpy_minimal_publisher' test argument 'retest_until_fail' from command line to '0'
[0.263s] DEBUG:colcon.colcon_core.verb.test:Testing package 'examples_rclpy_minimal_publisher' with the following arguments: {'build_base': '/home/donavyn/docker_test/ros2_ws/build/examples_rclpy_minimal_publisher', 'ctest_args': None, 'install_base': '/home/donavyn/docker_test/ros2_ws/install/examples_rclpy_minimal_publisher', 'path': '/home/donavyn/docker_test/ros2_ws/src/examples/rclpy/topics/minimal_publisher', 'pytest_args': None, 'pytest_with_coverage': False, 'python_testing': None, 'retest_until_fail': 0, 'retest_until_pass': 0, 'test_result_base': None, 'unittest_args': None}
[0.264s] Level 5:colcon.colcon_core.verb:set package 'examples_rclpy_minimal_service' test argument 'ctest_args' from command line to 'None'
[0.264s] Level 5:colcon.colcon_core.verb:set package 'examples_rclpy_minimal_service' test argument 'python_testing' from command line to 'None'
[0.264s] Level 5:colcon.colcon_core.verb:set package 'examples_rclpy_minimal_service' test argument 'pytest_args' from command line to 'None'
[0.264s] Level 5:colcon.colcon_core.verb:set package 'examples_rclpy_minimal_service' test argument 'pytest_with_coverage' from command line to 'False'
[0.264s] Level 5:colcon.colcon_core.verb:set package 'examples_rclpy_minimal_service' test argument 'unittest_args' from command line to 'None'
[0.264s] Level 5:colcon.colcon_core.verb:set package 'examples_rclpy_minimal_service' test argument 'retest_until_pass' from command line to '0'
[0.264s] Level 5:colcon.colcon_core.verb:set package 'examples_rclpy_minimal_service' test argument 'retest_until_fail' from command line to '0'
[0.264s] DEBUG:colcon.colcon_core.verb.test:Testing package 'examples_rclpy_minimal_service' with the following arguments: {'build_base': '/home/donavyn/docker_test/ros2_ws/build/examples_rclpy_minimal_service', 'ctest_args': None, 'install_base': '/home/donavyn/docker_test/ros2_ws/install/examples_rclpy_minimal_service', 'path': '/home/donavyn/docker_test/ros2_ws/src/examples/rclpy/services/minimal_service', 'pytest_args': None, 'pytest_with_coverage': False, 'python_testing': None, 'retest_until_fail': 0, 'retest_until_pass': 0, 'test_result_base': None, 'unittest_args': None}
[0.264s] Level 5:colcon.colcon_core.verb:set package 'examples_rclpy_minimal_subscriber' test argument 'ctest_args' from command line to 'None'
[0.264s] Level 5:colcon.colcon_core.verb:set package 'examples_rclpy_minimal_subscriber' test argument 'python_testing' from command line to 'None'
[0.264s] Level 5:colcon.colcon_core.verb:set package 'examples_rclpy_minimal_subscriber' test argument 'pytest_args' from command line to 'None'
[0.264s] Level 5:colcon.colcon_core.verb:set package 'examples_rclpy_minimal_subscriber' test argument 'pytest_with_coverage' from command line to 'False'
[0.264s] Level 5:colcon.colcon_core.verb:set package 'examples_rclpy_minimal_subscriber' test argument 'unittest_args' from command line to 'None'
[0.264s] Level 5:colcon.colcon_core.verb:set package 'examples_rclpy_minimal_subscriber' test argument 'retest_until_pass' from command line to '0'
[0.264s] Level 5:colcon.colcon_core.verb:set package 'examples_rclpy_minimal_subscriber' test argument 'retest_until_fail' from command line to '0'
[0.264s] DEBUG:colcon.colcon_core.verb.test:Testing package 'examples_rclpy_minimal_subscriber' with the following arguments: {'build_base': '/home/donavyn/docker_test/ros2_ws/build/examples_rclpy_minimal_subscriber', 'ctest_args': None, 'install_base': '/home/donavyn/docker_test/ros2_ws/install/examples_rclpy_minimal_subscriber', 'path': '/home/donavyn/docker_test/ros2_ws/src/examples/rclpy/topics/minimal_subscriber', 'pytest_args': None, 'pytest_with_coverage': False, 'python_testing': None, 'retest_until_fail': 0, 'retest_until_pass': 0, 'test_result_base': None, 'unittest_args': None}
[0.264s] Level 5:colcon.colcon_core.verb:set package 'examples_rclpy_pointcloud_publisher' test argument 'ctest_args' from command line to 'None'
[0.264s] Level 5:colcon.colcon_core.verb:set package 'examples_rclpy_pointcloud_publisher' test argument 'python_testing' from command line to 'None'
[0.264s] Level 5:colcon.colcon_core.verb:set package 'examples_rclpy_pointcloud_publisher' test argument 'pytest_args' from command line to 'None'
[0.264s] Level 5:colcon.colcon_core.verb:set package 'examples_rclpy_pointcloud_publisher' test argument 'pytest_with_coverage' from command line to 'False'
[0.264s] Level 5:colcon.colcon_core.verb:set package 'examples_rclpy_pointcloud_publisher' test argument 'unittest_args' from command line to 'None'
[0.264s] Level 5:colcon.colcon_core.verb:set package 'examples_rclpy_pointcloud_publisher' test argument 'retest_until_pass' from command line to '0'
[0.264s] Level 5:colcon.colcon_core.verb:set package 'examples_rclpy_pointcloud_publisher' test argument 'retest_until_fail' from command line to '0'
[0.264s] DEBUG:colcon.colcon_core.verb.test:Testing package 'examples_rclpy_pointcloud_publisher' with the following arguments: {'build_base': '/home/donavyn/docker_test/ros2_ws/build/examples_rclpy_pointcloud_publisher', 'ctest_args': None, 'install_base': '/home/donavyn/docker_test/ros2_ws/install/examples_rclpy_pointcloud_publisher', 'path': '/home/donavyn/docker_test/ros2_ws/src/examples/rclpy/topics/pointcloud_publisher', 'pytest_args': None, 'pytest_with_coverage': False, 'python_testing': None, 'retest_until_fail': 0, 'retest_until_pass': 0, 'test_result_base': None, 'unittest_args': None}
[0.264s] Level 5:colcon.colcon_core.verb:set package 'launch_testing_examples' test argument 'ctest_args' from command line to 'None'
[0.264s] Level 5:colcon.colcon_core.verb:set package 'launch_testing_examples' test argument 'python_testing' from command line to 'None'
[0.264s] Level 5:colcon.colcon_core.verb:set package 'launch_testing_examples' test argument 'pytest_args' from command line to 'None'
[0.264s] Level 5:colcon.colcon_core.verb:set package 'launch_testing_examples' test argument 'pytest_with_coverage' from command line to 'False'
[0.264s] Level 5:colcon.colcon_core.verb:set package 'launch_testing_examples' test argument 'unittest_args' from command line to 'None'
[0.264s] Level 5:colcon.colcon_core.verb:set package 'launch_testing_examples' test argument 'retest_until_pass' from command line to '0'
[0.264s] Level 5:colcon.colcon_core.verb:set package 'launch_testing_examples' test argument 'retest_until_fail' from command line to '0'
[0.264s] DEBUG:colcon.colcon_core.verb.test:Testing package 'launch_testing_examples' with the following arguments: {'build_base': '/home/donavyn/docker_test/ros2_ws/build/launch_testing_examples', 'ctest_args': None, 'install_base': '/home/donavyn/docker_test/ros2_ws/install/launch_testing_examples', 'path': '/home/donavyn/docker_test/ros2_ws/src/examples/launch_testing/launch_testing_examples', 'pytest_args': None, 'pytest_with_coverage': False, 'python_testing': None, 'retest_until_fail': 0, 'retest_until_pass': 0, 'test_result_base': None, 'unittest_args': None}
[0.264s] Level 5:colcon.colcon_core.verb:set package 'more_interfaces' test argument 'ctest_args' from command line to 'None'
[0.264s] Level 5:colcon.colcon_core.verb:set package 'more_interfaces' test argument 'python_testing' from command line to 'None'
[0.264s] Level 5:colcon.colcon_core.verb:set package 'more_interfaces' test argument 'pytest_args' from command line to 'None'
[0.264s] Level 5:colcon.colcon_core.verb:set package 'more_interfaces' test argument 'pytest_with_coverage' from command line to 'False'
[0.264s] Level 5:colcon.colcon_core.verb:set package 'more_interfaces' test argument 'unittest_args' from command line to 'None'
[0.264s] Level 5:colcon.colcon_core.verb:set package 'more_interfaces' test argument 'retest_until_pass' from command line to '0'
[0.264s] Level 5:colcon.colcon_core.verb:set package 'more_interfaces' test argument 'retest_until_fail' from command line to '0'
[0.264s] DEBUG:colcon.colcon_core.verb.test:Testing package 'more_interfaces' with the following arguments: {'build_base': '/home/donavyn/docker_test/ros2_ws/build/more_interfaces', 'ctest_args': None, 'install_base': '/home/donavyn/docker_test/ros2_ws/install/more_interfaces', 'path': '/home/donavyn/docker_test/ros2_ws/src/more_interfaces', 'pytest_args': None, 'pytest_with_coverage': False, 'python_testing': None, 'retest_until_fail': 0, 'retest_until_pass': 0, 'test_result_base': None, 'unittest_args': None}
[0.265s] Level 5:colcon.colcon_core.verb:set package 'my_package' test argument 'ctest_args' from command line to 'None'
[0.265s] Level 5:colcon.colcon_core.verb:set package 'my_package' test argument 'python_testing' from command line to 'None'
[0.265s] Level 5:colcon.colcon_core.verb:set package 'my_package' test argument 'pytest_args' from command line to 'None'
[0.265s] Level 5:colcon.colcon_core.verb:set package 'my_package' test argument 'pytest_with_coverage' from command line to 'False'
[0.265s] Level 5:colcon.colcon_core.verb:set package 'my_package' test argument 'unittest_args' from command line to 'None'
[0.265s] Level 5:colcon.colcon_core.verb:set package 'my_package' test argument 'retest_until_pass' from command line to '0'
[0.265s] Level 5:colcon.colcon_core.verb:set package 'my_package' test argument 'retest_until_fail' from command line to '0'
[0.265s] DEBUG:colcon.colcon_core.verb.test:Testing package 'my_package' with the following arguments: {'build_base': '/home/donavyn/docker_test/ros2_ws/build/my_package', 'ctest_args': None, 'install_base': '/home/donavyn/docker_test/ros2_ws/install/my_package', 'path': '/home/donavyn/docker_test/ros2_ws/src/my_package', 'pytest_args': None, 'pytest_with_coverage': False, 'python_testing': None, 'retest_until_fail': 0, 'retest_until_pass': 0, 'test_result_base': None, 'unittest_args': None}
[0.265s] Level 5:colcon.colcon_core.verb:set package 'py_pubsub' test argument 'ctest_args' from command line to 'None'
[0.265s] Level 5:colcon.colcon_core.verb:set package 'py_pubsub' test argument 'python_testing' from command line to 'None'
[0.265s] Level 5:colcon.colcon_core.verb:set package 'py_pubsub' test argument 'pytest_args' from command line to 'None'
[0.265s] Level 5:colcon.colcon_core.verb:set package 'py_pubsub' test argument 'pytest_with_coverage' from command line to 'False'
[0.265s] Level 5:colcon.colcon_core.verb:set package 'py_pubsub' test argument 'unittest_args' from command line to 'None'
[0.265s] Level 5:colcon.colcon_core.verb:set package 'py_pubsub' test argument 'retest_until_pass' from command line to '0'
[0.265s] Level 5:colcon.colcon_core.verb:set package 'py_pubsub' test argument 'retest_until_fail' from command line to '0'
[0.265s] DEBUG:colcon.colcon_core.verb.test:Testing package 'py_pubsub' with the following arguments: {'build_base': '/home/donavyn/docker_test/ros2_ws/build/py_pubsub', 'ctest_args': None, 'install_base': '/home/donavyn/docker_test/ros2_ws/install/py_pubsub', 'path': '/home/donavyn/docker_test/ros2_ws/src/py_pubsub', 'pytest_args': None, 'pytest_with_coverage': False, 'python_testing': None, 'retest_until_fail': 0, 'retest_until_pass': 0, 'test_result_base': None, 'unittest_args': None}
[0.265s] Level 5:colcon.colcon_core.verb:set package 'py_srvcli' test argument 'ctest_args' from command line to 'None'
[0.265s] Level 5:colcon.colcon_core.verb:set package 'py_srvcli' test argument 'python_testing' from command line to 'None'
[0.265s] Level 5:colcon.colcon_core.verb:set package 'py_srvcli' test argument 'pytest_args' from command line to 'None'
[0.265s] Level 5:colcon.colcon_core.verb:set package 'py_srvcli' test argument 'pytest_with_coverage' from command line to 'False'
[0.265s] Level 5:colcon.colcon_core.verb:set package 'py_srvcli' test argument 'unittest_args' from command line to 'None'
[0.265s] Level 5:colcon.colcon_core.verb:set package 'py_srvcli' test argument 'retest_until_pass' from command line to '0'
[0.265s] Level 5:colcon.colcon_core.verb:set package 'py_srvcli' test argument 'retest_until_fail' from command line to '0'
[0.265s] DEBUG:colcon.colcon_core.verb.test:Testing package 'py_srvcli' with the following arguments: {'build_base': '/home/donavyn/docker_test/ros2_ws/build/py_srvcli', 'ctest_args': None, 'install_base': '/home/donavyn/docker_test/ros2_ws/install/py_srvcli', 'path': '/home/donavyn/docker_test/ros2_ws/src/py_srvcli', 'pytest_args': None, 'pytest_with_coverage': False, 'python_testing': None, 'retest_until_fail': 0, 'retest_until_pass': 0, 'test_result_base': None, 'unittest_args': None}
[0.265s] Level 5:colcon.colcon_core.verb:set package 'python_parameters' test argument 'ctest_args' from command line to 'None'
[0.265s] Level 5:colcon.colcon_core.verb:set package 'python_parameters' test argument 'python_testing' from command line to 'None'
[0.265s] Level 5:colcon.colcon_core.verb:set package 'python_parameters' test argument 'pytest_args' from command line to 'None'
[0.265s] Level 5:colcon.colcon_core.verb:set package 'python_parameters' test argument 'pytest_with_coverage' from command line to 'False'
[0.265s] Level 5:colcon.colcon_core.verb:set package 'python_parameters' test argument 'unittest_args' from command line to 'None'
[0.265s] Level 5:colcon.colcon_core.verb:set package 'python_parameters' test argument 'retest_until_pass' from command line to '0'
[0.265s] Level 5:colcon.colcon_core.verb:set package 'python_parameters' test argument 'retest_until_fail' from command line to '0'
[0.265s] DEBUG:colcon.colcon_core.verb.test:Testing package 'python_parameters' with the following arguments: {'build_base': '/home/donavyn/docker_test/ros2_ws/build/python_parameters', 'ctest_args': None, 'install_base': '/home/donavyn/docker_test/ros2_ws/install/python_parameters', 'path': '/home/donavyn/docker_test/ros2_ws/src/python_parameters', 'pytest_args': None, 'pytest_with_coverage': False, 'python_testing': None, 'retest_until_fail': 0, 'retest_until_pass': 0, 'test_result_base': None, 'unittest_args': None}
[0.265s] Level 5:colcon.colcon_core.verb:set package 'turtlesim' test argument 'ctest_args' from command line to 'None'
[0.265s] Level 5:colcon.colcon_core.verb:set package 'turtlesim' test argument 'python_testing' from command line to 'None'
[0.265s] Level 5:colcon.colcon_core.verb:set package 'turtlesim' test argument 'pytest_args' from command line to 'None'
[0.266s] Level 5:colcon.colcon_core.verb:set package 'turtlesim' test argument 'pytest_with_coverage' from command line to 'False'
[0.266s] Level 5:colcon.colcon_core.verb:set package 'turtlesim' test argument 'unittest_args' from command line to 'None'
[0.266s] Level 5:colcon.colcon_core.verb:set package 'turtlesim' test argument 'retest_until_pass' from command line to '0'
[0.266s] Level 5:colcon.colcon_core.verb:set package 'turtlesim' test argument 'retest_until_fail' from command line to '0'
[0.266s] DEBUG:colcon.colcon_core.verb.test:Testing package 'turtlesim' with the following arguments: {'build_base': '/home/donavyn/docker_test/ros2_ws/build/turtlesim', 'ctest_args': None, 'install_base': '/home/donavyn/docker_test/ros2_ws/install/turtlesim', 'path': '/home/donavyn/docker_test/ros2_ws/src/ros_tutorials/turtlesim', 'pytest_args': None, 'pytest_with_coverage': False, 'python_testing': None, 'retest_until_fail': 0, 'retest_until_pass': 0, 'test_result_base': None, 'unittest_args': None}
[0.266s] Level 5:colcon.colcon_core.verb:set package 'tutorial_interfaces' test argument 'ctest_args' from command line to 'None'
[0.266s] Level 5:colcon.colcon_core.verb:set package 'tutorial_interfaces' test argument 'python_testing' from command line to 'None'
[0.266s] Level 5:colcon.colcon_core.verb:set package 'tutorial_interfaces' test argument 'pytest_args' from command line to 'None'
[0.266s] Level 5:colcon.colcon_core.verb:set package 'tutorial_interfaces' test argument 'pytest_with_coverage' from command line to 'False'
[0.266s] Level 5:colcon.colcon_core.verb:set package 'tutorial_interfaces' test argument 'unittest_args' from command line to 'None'
[0.266s] Level 5:colcon.colcon_core.verb:set package 'tutorial_interfaces' test argument 'retest_until_pass' from command line to '0'
[0.266s] Level 5:colcon.colcon_core.verb:set package 'tutorial_interfaces' test argument 'retest_until_fail' from command line to '0'
[0.266s] DEBUG:colcon.colcon_core.verb.test:Testing package 'tutorial_interfaces' with the following arguments: {'build_base': '/home/donavyn/docker_test/ros2_ws/build/tutorial_interfaces', 'ctest_args': None, 'install_base': '/home/donavyn/docker_test/ros2_ws/install/tutorial_interfaces', 'path': '/home/donavyn/docker_test/ros2_ws/src/tutorial_interfaces', 'pytest_args': None, 'pytest_with_coverage': False, 'python_testing': None, 'retest_until_fail': 0, 'retest_until_pass': 0, 'test_result_base': None, 'unittest_args': None}
[0.266s] Level 5:colcon.colcon_core.verb:set package 'learning_tf2_py' test argument 'ctest_args' from command line to 'None'
[0.266s] Level 5:colcon.colcon_core.verb:set package 'learning_tf2_py' test argument 'python_testing' from command line to 'None'
[0.266s] Level 5:colcon.colcon_core.verb:set package 'learning_tf2_py' test argument 'pytest_args' from command line to 'None'
[0.266s] Level 5:colcon.colcon_core.verb:set package 'learning_tf2_py' test argument 'pytest_with_coverage' from command line to 'False'
[0.266s] Level 5:colcon.colcon_core.verb:set package 'learning_tf2_py' test argument 'unittest_args' from command line to 'None'
[0.266s] Level 5:colcon.colcon_core.verb:set package 'learning_tf2_py' test argument 'retest_until_pass' from command line to '0'
[0.266s] Level 5:colcon.colcon_core.verb:set package 'learning_tf2_py' test argument 'retest_until_fail' from command line to '0'
[0.266s] DEBUG:colcon.colcon_core.verb.test:Testing package 'learning_tf2_py' with the following arguments: {'build_base': '/home/donavyn/docker_test/ros2_ws/build/learning_tf2_py', 'ctest_args': None, 'install_base': '/home/donavyn/docker_test/ros2_ws/install/learning_tf2_py', 'path': '/home/donavyn/docker_test/ros2_ws/src/learning_tf2_py', 'pytest_args': None, 'pytest_with_coverage': False, 'python_testing': None, 'retest_until_fail': 0, 'retest_until_pass': 0, 'test_result_base': None, 'unittest_args': None}
[0.266s] INFO:colcon.colcon_core.executor:Executing jobs using 'parallel' executor
[0.267s] DEBUG:colcon.colcon_parallel_executor.executor.parallel:run_until_complete
[0.267s] INFO:colcon.colcon_ros.task.ament_cmake.test:Testing ROS package in '/home/donavyn/docker_test/ros2_ws/src/ros_tutorials/turtlesim' with build type 'ament_cmake'
[0.267s] INFO:colcon.colcon_cmake.task.cmake.test:Testing CMake package in '/home/donavyn/docker_test/ros2_ws/src/ros_tutorials/turtlesim'
[0.270s] INFO:colcon.colcon_core.plugin_system:Skipping extension 'colcon_core.shell.bat': Not used on non-Windows systems
[0.270s] INFO:colcon.colcon_core.shell:Skip shell extension 'powershell' for command environment: Not usable outside of PowerShell
[0.270s] DEBUG:colcon.colcon_core.shell:Skip shell extension 'dsv' for command environment
[0.274s] INFO:colcon.colcon_ros.task.ament_cmake.test:Testing ROS package in '/home/donavyn/docker_test/ros2_ws/src/action_tutorials_interfaces' with build type 'ament_cmake'
[0.274s] INFO:colcon.colcon_cmake.task.cmake.test:Testing CMake package in '/home/donavyn/docker_test/ros2_ws/src/action_tutorials_interfaces'
[0.275s] INFO:colcon.colcon_core.shell:Skip shell extension 'powershell' for command environment: Not usable outside of PowerShell
[0.275s] DEBUG:colcon.colcon_core.shell:Skip shell extension 'dsv' for command environment
[0.278s] INFO:colcon.colcon_ros.task.ament_cmake.test:Testing ROS package in '/home/donavyn/docker_test/ros2_ws/src/examples/rclcpp/services/async_client' with build type 'ament_cmake'
[0.278s] INFO:colcon.colcon_cmake.task.cmake.test:Testing CMake package in '/home/donavyn/docker_test/ros2_ws/src/examples/rclcpp/services/async_client'
[0.278s] INFO:colcon.colcon_core.shell:Skip shell extension 'powershell' for command environment: Not usable outside of PowerShell
[0.278s] DEBUG:colcon.colcon_core.shell:Skip shell extension 'dsv' for command environment
[0.282s] INFO:colcon.colcon_ros.task.ament_cmake.test:Testing ROS package in '/home/donavyn/docker_test/ros2_ws/src/examples/rclcpp/executors/cbg_executor' with build type 'ament_cmake'
[0.282s] INFO:colcon.colcon_cmake.task.cmake.test:Testing CMake package in '/home/donavyn/docker_test/ros2_ws/src/examples/rclcpp/executors/cbg_executor'
[0.282s] INFO:colcon.colcon_core.shell:Skip shell extension 'powershell' for command environment: Not usable outside of PowerShell
[0.282s] DEBUG:colcon.colcon_core.shell:Skip shell extension 'dsv' for command environment
[0.286s] INFO:colcon.colcon_ros.task.ament_cmake.test:Testing ROS package in '/home/donavyn/docker_test/ros2_ws/src/examples/rclcpp/actions/minimal_action_client' with build type 'ament_cmake'
[0.286s] INFO:colcon.colcon_cmake.task.cmake.test:Testing CMake package in '/home/donavyn/docker_test/ros2_ws/src/examples/rclcpp/actions/minimal_action_client'
[0.286s] INFO:colcon.colcon_core.shell:Skip shell extension 'powershell' for command environment: Not usable outside of PowerShell
[0.286s] DEBUG:colcon.colcon_core.shell:Skip shell extension 'dsv' for command environment
[0.289s] INFO:colcon.colcon_ros.task.ament_cmake.test:Testing ROS package in '/home/donavyn/docker_test/ros2_ws/src/examples/rclcpp/actions/minimal_action_server' with build type 'ament_cmake'
[0.289s] INFO:colcon.colcon_cmake.task.cmake.test:Testing CMake package in '/home/donavyn/docker_test/ros2_ws/src/examples/rclcpp/actions/minimal_action_server'
[0.289s] INFO:colcon.colcon_core.shell:Skip shell extension 'powershell' for command environment: Not usable outside of PowerShell
[0.289s] DEBUG:colcon.colcon_core.shell:Skip shell extension 'dsv' for command environment
[0.293s] INFO:colcon.colcon_ros.task.ament_cmake.test:Testing ROS package in '/home/donavyn/docker_test/ros2_ws/src/examples/rclcpp/services/minimal_client' with build type 'ament_cmake'
[0.293s] INFO:colcon.colcon_cmake.task.cmake.test:Testing CMake package in '/home/donavyn/docker_test/ros2_ws/src/examples/rclcpp/services/minimal_client'
[0.293s] INFO:colcon.colcon_core.shell:Skip shell extension 'powershell' for command environment: Not usable outside of PowerShell
[0.293s] DEBUG:colcon.colcon_core.shell:Skip shell extension 'dsv' for command environment
[0.296s] INFO:colcon.colcon_ros.task.ament_cmake.test:Testing ROS package in '/home/donavyn/docker_test/ros2_ws/src/examples/rclcpp/composition/minimal_composition' with build type 'ament_cmake'
[0.296s] INFO:colcon.colcon_cmake.task.cmake.test:Testing CMake package in '/home/donavyn/docker_test/ros2_ws/src/examples/rclcpp/composition/minimal_composition'
[0.296s] INFO:colcon.colcon_core.shell:Skip shell extension 'powershell' for command environment: Not usable outside of PowerShell
[0.296s] DEBUG:colcon.colcon_core.shell:Skip shell extension 'dsv' for command environment
[0.299s] INFO:colcon.colcon_ros.task.ament_cmake.test:Testing ROS package in '/home/donavyn/docker_test/ros2_ws/src/examples/rclcpp/topics/minimal_publisher' with build type 'ament_cmake'
[0.300s] INFO:colcon.colcon_cmake.task.cmake.test:Testing CMake package in '/home/donavyn/docker_test/ros2_ws/src/examples/rclcpp/topics/minimal_publisher'
[0.300s] INFO:colcon.colcon_core.shell:Skip shell extension 'powershell' for command environment: Not usable outside of PowerShell
[0.300s] DEBUG:colcon.colcon_core.shell:Skip shell extension 'dsv' for command environment
[0.303s] INFO:colcon.colcon_ros.task.ament_cmake.test:Testing ROS package in '/home/donavyn/docker_test/ros2_ws/src/examples/rclcpp/services/minimal_service' with build type 'ament_cmake'
[0.303s] INFO:colcon.colcon_cmake.task.cmake.test:Testing CMake package in '/home/donavyn/docker_test/ros2_ws/src/examples/rclcpp/services/minimal_service'
[0.303s] INFO:colcon.colcon_core.shell:Skip shell extension 'powershell' for command environment: Not usable outside of PowerShell
[0.303s] DEBUG:colcon.colcon_core.shell:Skip shell extension 'dsv' for command environment
[0.306s] INFO:colcon.colcon_ros.task.ament_cmake.test:Testing ROS package in '/home/donavyn/docker_test/ros2_ws/src/examples/rclcpp/topics/minimal_subscriber' with build type 'ament_cmake'
[0.306s] INFO:colcon.colcon_cmake.task.cmake.test:Testing CMake package in '/home/donavyn/docker_test/ros2_ws/src/examples/rclcpp/topics/minimal_subscriber'
[0.306s] INFO:colcon.colcon_core.shell:Skip shell extension 'powershell' for command environment: Not usable outside of PowerShell
[0.306s] DEBUG:colcon.colcon_core.shell:Skip shell extension 'dsv' for command environment
[0.309s] INFO:colcon.colcon_ros.task.ament_cmake.test:Testing ROS package in '/home/donavyn/docker_test/ros2_ws/src/examples/rclcpp/timers/minimal_timer' with build type 'ament_cmake'
[0.309s] INFO:colcon.colcon_cmake.task.cmake.test:Testing CMake package in '/home/donavyn/docker_test/ros2_ws/src/examples/rclcpp/timers/minimal_timer'
[0.310s] INFO:colcon.colcon_core.shell:Skip shell extension 'powershell' for command environment: Not usable outside of PowerShell
[0.310s] DEBUG:colcon.colcon_core.shell:Skip shell extension 'dsv' for command environment
[0.312s] INFO:colcon.colcon_ros.task.ament_cmake.test:Testing ROS package in '/home/donavyn/docker_test/ros2_ws/src/examples/rclcpp/executors/multithreaded_executor' with build type 'ament_cmake'
[0.312s] INFO:colcon.colcon_cmake.task.cmake.test:Testing CMake package in '/home/donavyn/docker_test/ros2_ws/src/examples/rclcpp/executors/multithreaded_executor'
[0.313s] INFO:colcon.colcon_core.shell:Skip shell extension 'powershell' for command environment: Not usable outside of PowerShell
[0.313s] DEBUG:colcon.colcon_core.shell:Skip shell extension 'dsv' for command environment
[0.316s] INFO:colcon.colcon_ros.task.ament_cmake.test:Testing ROS package in '/home/donavyn/docker_test/ros2_ws/src/examples/rclcpp/wait_set' with build type 'ament_cmake'
[0.316s] INFO:colcon.colcon_cmake.task.cmake.test:Testing CMake package in '/home/donavyn/docker_test/ros2_ws/src/examples/rclcpp/wait_set'
[0.316s] INFO:colcon.colcon_core.shell:Skip shell extension 'powershell' for command environment: Not usable outside of PowerShell
[0.316s] DEBUG:colcon.colcon_core.shell:Skip shell extension 'dsv' for command environment
[0.319s] INFO:colcon.colcon_ros.task.ament_python.test:Testing ROS package in '/home/donavyn/docker_test/ros2_ws/src/examples/rclpy/executors' with build type'ament_python'
[0.319s] INFO:colcon.colcon_core.task.python.test:Testing Python package in '/home/donavyn/docker_test/ros2_ws/src/examples/rclpy/executors'
[0.319s] INFO:colcon.colcon_core.shell:Skip shell extension 'powershell' for command environment: Not usable outside of PowerShell
[0.319s] DEBUG:colcon.colcon_core.shell:Skip shell extension 'dsv' for command environment
[0.322s] INFO:colcon.colcon_ros.task.ament_python.test:Testing ROS package in '/home/donavyn/docker_test/ros2_ws/src/examples/rclpy/guard_conditions' with build type'ament_python'
[0.322s] INFO:colcon.colcon_core.task.python.test:Testing Python package in '/home/donavyn/docker_test/ros2_ws/src/examples/rclpy/guard_conditions'
[0.322s] INFO:colcon.colcon_core.shell:Skip shell extension 'powershell' for command environment: Not usable outside of PowerShell
[0.322s] DEBUG:colcon.colcon_core.shell:Skip shell extension 'dsv' for command environment
[0.328s] ERROR:colcon.colcon_core.shell:Exception in shell extension 'sh': Expected ['.', '/home/donavyn/docker_test/ros2_ws/build/turtlesim/colcon_command_prefix_test.sh', '&&', 'env'] to pass: The build time path "/home/donavyn/ros2_ws/install/turtlesim" doesn't exist. Either source a script for a different shell or set the environment variable "COLCON_CURRENT_PREFIX" explicitly.

Traceback (most recent call last):
  File "/usr/lib/python3/dist-packages/colcon_core/shell/__init__.py", line 308, in get_command_environment
    return await extension.generate_command_environment(
  File "/usr/lib/python3/dist-packages/colcon_core/shell/sh.py", line 154, in generate_command_environment
    env = await get_environment_variables(cmd, cwd=str(build_base))
  File "/usr/lib/python3/dist-packages/colcon_core/shell/__init__.py", line 344, in get_environment_variables
    output = await check_output(cmd, cwd=cwd, shell=shell)
  File "/usr/lib/python3/dist-packages/colcon_core/subprocess.py", line 129, in check_output
    assert not rc, f'Expected {args} to pass: {stderr_data}'
AssertionError: Expected ['.', '/home/donavyn/docker_test/ros2_ws/build/turtlesim/colcon_command_prefix_test.sh', '&&', 'env'] to pass: The build time path "/home/donavyn/ros2_ws/install/turtlesim" doesn't exist. Either source a script for a different shell or set the environment variable "COLCON_CURRENT_PREFIX" explicitly.


[0.328s] DEBUG:colcon.colcon_core.shell:Skip shell extension 'bash' for command environment
[0.328s] DEBUG:colcon.colcon_core.shell:Skip shell extension 'zsh' for command environment
[0.328s] ERROR:colcon.colcon_cmake.task.cmake.test:Could not find a shell extension for the command environment
[0.328s] ERROR:colcon.colcon_core.shell:Exception in shell extension 'sh': Expected ['.', '/home/donavyn/docker_test/ros2_ws/build/action_tutorials_interfaces/colcon_command_prefix_test.sh', '&&', 'env'] to pass: The build time path "/home/donavyn/ros2_ws/install/action_tutorials_interfaces" doesn't exist. Either source a script for a different shell or set the environment variable "COLCON_CURRENT_PREFIX" explicitly.

Traceback (most recent call last):
  File "/usr/lib/python3/dist-packages/colcon_core/shell/__init__.py", line 308, in get_command_environment
    return await extension.generate_command_environment(
  File "/usr/lib/python3/dist-packages/colcon_core/shell/sh.py", line 154, in generate_command_environment
    env = await get_environment_variables(cmd, cwd=str(build_base))
  File "/usr/lib/python3/dist-packages/colcon_core/shell/__init__.py", line 344, in get_environment_variables
    output = await check_output(cmd, cwd=cwd, shell=shell)
  File "/usr/lib/python3/dist-packages/colcon_core/subprocess.py", line 129, in check_output
    assert not rc, f'Expected {args} to pass: {stderr_data}'
AssertionError: Expected ['.', '/home/donavyn/docker_test/ros2_ws/build/action_tutorials_interfaces/colcon_command_prefix_test.sh', '&&', 'env'] to pass: The build time path "/home/donavyn/ros2_ws/install/action_tutorials_interfaces" doesn't exist. Either source a script for a different shell or set the environment variable "COLCON_CURRENT_PREFIX" explicitly.


[0.328s] DEBUG:colcon.colcon_core.shell:Skip shell extension 'bash' for command environment
[0.329s] DEBUG:colcon.colcon_core.shell:Skip shell extension 'zsh' for command environment
[0.329s] ERROR:colcon.colcon_cmake.task.cmake.test:Could not find a shell extension for the command environment
[0.330s] ERROR:colcon.colcon_core.shell:Exception in shell extension 'sh': Expected ['.', '/home/donavyn/docker_test/ros2_ws/build/examples_rclcpp_cbg_executor/colcon_command_prefix_test.sh', '&&', 'env'] to pass: The build time path "/home/donavyn/ros2_ws/install/examples_rclcpp_cbg_executor" doesn't exist. Either source a script for a different shell or set the environment variable "COLCON_CURRENT_PREFIX" explicitly.

Traceback (most recent call last):
  File "/usr/lib/python3/dist-packages/colcon_core/shell/__init__.py", line 308, in get_command_environment
    return await extension.generate_command_environment(
  File "/usr/lib/python3/dist-packages/colcon_core/shell/sh.py", line 154, in generate_command_environment
    env = await get_environment_variables(cmd, cwd=str(build_base))
  File "/usr/lib/python3/dist-packages/colcon_core/shell/__init__.py", line 344, in get_environment_variables
    output = await check_output(cmd, cwd=cwd, shell=shell)
  File "/usr/lib/python3/dist-packages/colcon_core/subprocess.py", line 129, in check_output
    assert not rc, f'Expected {args} to pass: {stderr_data}'
AssertionError: Expected ['.', '/home/donavyn/docker_test/ros2_ws/build/examples_rclcpp_cbg_executor/colcon_command_prefix_test.sh', '&&', 'env'] to pass: The build time path "/home/donavyn/ros2_ws/install/examples_rclcpp_cbg_executor" doesn't exist. Either source a script for a different shell or set the environment variable "COLCON_CURRENT_PREFIX" explicitly.


[0.330s] DEBUG:colcon.colcon_core.shell:Skip shell extension 'bash' for command environment
[0.330s] DEBUG:colcon.colcon_core.shell:Skip shell extension 'zsh' for command environment
[0.330s] ERROR:colcon.colcon_cmake.task.cmake.test:Could not find a shell extension for the command environment
[0.330s] ERROR:colcon.colcon_core.shell:Exception in shell extension 'sh': Expected ['.', '/home/donavyn/docker_test/ros2_ws/build/examples_rclcpp_minimal_action_client/colcon_command_prefix_test.sh', '&&', 'env'] to pass: The build time path "/home/donavyn/ros2_ws/install/examples_rclcpp_minimal_action_client" doesn't exist. Either source a script for a different shell or set the environment variable "COLCON_CURRENT_PREFIX" explicitly.

Traceback (most recent call last):
  File "/usr/lib/python3/dist-packages/colcon_core/shell/__init__.py", line 308, in get_command_environment
    return await extension.generate_command_environment(
  File "/usr/lib/python3/dist-packages/colcon_core/shell/sh.py", line 154, in generate_command_environment
    env = await get_environment_variables(cmd, cwd=str(build_base))
  File "/usr/lib/python3/dist-packages/colcon_core/shell/__init__.py", line 344, in get_environment_variables
    output = await check_output(cmd, cwd=cwd, shell=shell)
  File "/usr/lib/python3/dist-packages/colcon_core/subprocess.py", line 129, in check_output
    assert not rc, f'Expected {args} to pass: {stderr_data}'
AssertionError: Expected ['.', '/home/donavyn/docker_test/ros2_ws/build/examples_rclcpp_minimal_action_client/colcon_command_prefix_test.sh', '&&', 'env'] to pass: The build time path "/home/donavyn/ros2_ws/install/examples_rclcpp_minimal_action_client" doesn't exist. Either source a script for a different shell or set the environment variable "COLCON_CURRENT_PREFIX" explicitly.


[0.331s] DEBUG:colcon.colcon_core.shell:Skip shell extension 'bash' for command environment
[0.331s] DEBUG:colcon.colcon_core.shell:Skip shell extension 'zsh' for command environment
[0.331s] ERROR:colcon.colcon_cmake.task.cmake.test:Could not find a shell extension for the command environment
[0.331s] ERROR:colcon.colcon_core.shell:Exception in shell extension 'sh': Expected ['.', '/home/donavyn/docker_test/ros2_ws/build/examples_rclcpp_minimal_action_server/colcon_command_prefix_test.sh', '&&', 'env'] to pass: The build time path "/home/donavyn/ros2_ws/install/examples_rclcpp_minimal_action_server" doesn't exist. Either source a script for a different shell or set the environment variable "COLCON_CURRENT_PREFIX" explicitly.

Traceback (most recent call last):
  File "/usr/lib/python3/dist-packages/colcon_core/shell/__init__.py", line 308, in get_command_environment
    return await extension.generate_command_environment(
  File "/usr/lib/python3/dist-packages/colcon_core/shell/sh.py", line 154, in generate_command_environment
    env = await get_environment_variables(cmd, cwd=str(build_base))
  File "/usr/lib/python3/dist-packages/colcon_core/shell/__init__.py", line 344, in get_environment_variables
    output = await check_output(cmd, cwd=cwd, shell=shell)
  File "/usr/lib/python3/dist-packages/colcon_core/subprocess.py", line 129, in check_output
    assert not rc, f'Expected {args} to pass: {stderr_data}'
AssertionError: Expected ['.', '/home/donavyn/docker_test/ros2_ws/build/examples_rclcpp_minimal_action_server/colcon_command_prefix_test.sh', '&&', 'env'] to pass: The build time path "/home/donavyn/ros2_ws/install/examples_rclcpp_minimal_action_server" doesn't exist. Either source a script for a different shell or set the environment variable "COLCON_CURRENT_PREFIX" explicitly.


[0.331s] DEBUG:colcon.colcon_core.shell:Skip shell extension 'bash' for command environment
[0.331s] DEBUG:colcon.colcon_core.shell:Skip shell extension 'zsh' for command environment
[0.331s] ERROR:colcon.colcon_cmake.task.cmake.test:Could not find a shell extension for the command environment
[0.331s] ERROR:colcon.colcon_core.shell:Exception in shell extension 'sh': Expected ['.', '/home/donavyn/docker_test/ros2_ws/build/examples_rclcpp_minimal_client/colcon_command_prefix_test.sh', '&&', 'env'] to pass: The build time path "/home/donavyn/ros2_ws/install/examples_rclcpp_minimal_client" doesn't exist. Either source a script for a different shell or set the environment variable "COLCON_CURRENT_PREFIX" explicitly.

Traceback (most recent call last):
  File "/usr/lib/python3/dist-packages/colcon_core/shell/__init__.py", line 308, in get_command_environment
    return await extension.generate_command_environment(
  File "/usr/lib/python3/dist-packages/colcon_core/shell/sh.py", line 154, in generate_command_environment
    env = await get_environment_variables(cmd, cwd=str(build_base))
  File "/usr/lib/python3/dist-packages/colcon_core/shell/__init__.py", line 344, in get_environment_variables
    output = await check_output(cmd, cwd=cwd, shell=shell)
  File "/usr/lib/python3/dist-packages/colcon_core/subprocess.py", line 129, in check_output
    assert not rc, f'Expected {args} to pass: {stderr_data}'
AssertionError: Expected ['.', '/home/donavyn/docker_test/ros2_ws/build/examples_rclcpp_minimal_client/colcon_command_prefix_test.sh', '&&', 'env'] to pass: The build time path "/home/donavyn/ros2_ws/install/examples_rclcpp_minimal_client" doesn't exist. Either source a script for a different shell or set the environment variable "COLCON_CURRENT_PREFIX" explicitly.


[0.331s] DEBUG:colcon.colcon_core.shell:Skip shell extension 'bash' for command environment
[0.331s] DEBUG:colcon.colcon_core.shell:Skip shell extension 'zsh' for command environment
[0.331s] ERROR:colcon.colcon_cmake.task.cmake.test:Could not find a shell extension for the command environment
[0.331s] ERROR:colcon.colcon_core.shell:Exception in shell extension 'sh': Expected ['.', '/home/donavyn/docker_test/ros2_ws/build/examples_rclcpp_minimal_composition/colcon_command_prefix_test.sh', '&&', 'env'] to pass: The build time path "/home/donavyn/ros2_ws/install/examples_rclcpp_minimal_composition" doesn't exist. Either source a script for a different shell or set the environment variable "COLCON_CURRENT_PREFIX" explicitly.

Traceback (most recent call last):
  File "/usr/lib/python3/dist-packages/colcon_core/shell/__init__.py", line 308, in get_command_environment
    return await extension.generate_command_environment(
  File "/usr/lib/python3/dist-packages/colcon_core/shell/sh.py", line 154, in generate_command_environment
    env = await get_environment_variables(cmd, cwd=str(build_base))
  File "/usr/lib/python3/dist-packages/colcon_core/shell/__init__.py", line 344, in get_environment_variables
    output = await check_output(cmd, cwd=cwd, shell=shell)
  File "/usr/lib/python3/dist-packages/colcon_core/subprocess.py", line 129, in check_output
    assert not rc, f'Expected {args} to pass: {stderr_data}'
AssertionError: Expected ['.', '/home/donavyn/docker_test/ros2_ws/build/examples_rclcpp_minimal_composition/colcon_command_prefix_test.sh', '&&', 'env'] to pass: The build time path "/home/donavyn/ros2_ws/install/examples_rclcpp_minimal_composition" doesn't exist. Either source a script for a different shell or set the environment variable "COLCON_CURRENT_PREFIX" explicitly.


[0.331s] DEBUG:colcon.colcon_core.shell:Skip shell extension 'bash' for command environment
[0.331s] DEBUG:colcon.colcon_core.shell:Skip shell extension 'zsh' for command environment
[0.331s] ERROR:colcon.colcon_cmake.task.cmake.test:Could not find a shell extension for the command environment
[0.332s] ERROR:colcon.colcon_core.shell:Exception in shell extension 'sh': Expected ['.', '/home/donavyn/docker_test/ros2_ws/build/examples_rclcpp_minimal_publisher/colcon_command_prefix_test.sh', '&&', 'env'] to pass: The build time path "/home/donavyn/ros2_ws/install/examples_rclcpp_minimal_publisher" doesn't exist. Either source a script for a different shell or set the environment variable "COLCON_CURRENT_PREFIX" explicitly.

Traceback (most recent call last):
  File "/usr/lib/python3/dist-packages/colcon_core/shell/__init__.py", line 308, in get_command_environment
    return await extension.generate_command_environment(
  File "/usr/lib/python3/dist-packages/colcon_core/shell/sh.py", line 154, in generate_command_environment
    env = await get_environment_variables(cmd, cwd=str(build_base))
  File "/usr/lib/python3/dist-packages/colcon_core/shell/__init__.py", line 344, in get_environment_variables
    output = await check_output(cmd, cwd=cwd, shell=shell)
  File "/usr/lib/python3/dist-packages/colcon_core/subprocess.py", line 129, in check_output
    assert not rc, f'Expected {args} to pass: {stderr_data}'
AssertionError: Expected ['.', '/home/donavyn/docker_test/ros2_ws/build/examples_rclcpp_minimal_publisher/colcon_command_prefix_test.sh', '&&', 'env'] to pass: The build time path "/home/donavyn/ros2_ws/install/examples_rclcpp_minimal_publisher" doesn't exist. Either source a script for a different shell or set the environment variable "COLCON_CURRENT_PREFIX" explicitly.


[0.332s] DEBUG:colcon.colcon_core.shell:Skip shell extension 'bash' for command environment
[0.332s] DEBUG:colcon.colcon_core.shell:Skip shell extension 'zsh' for command environment
[0.332s] ERROR:colcon.colcon_cmake.task.cmake.test:Could not find a shell extension for the command environment
[0.332s] ERROR:colcon.colcon_core.shell:Exception in shell extension 'sh': Expected ['.', '/home/donavyn/docker_test/ros2_ws/build/examples_rclcpp_minimal_service/colcon_command_prefix_test.sh', '&&', 'env'] to pass: The build time path "/home/donavyn/ros2_ws/install/examples_rclcpp_minimal_service" doesn't exist. Either source a script for a different shell or set the environment variable "COLCON_CURRENT_PREFIX" explicitly.

Traceback (most recent call last):
  File "/usr/lib/python3/dist-packages/colcon_core/shell/__init__.py", line 308, in get_command_environment
    return await extension.generate_command_environment(
  File "/usr/lib/python3/dist-packages/colcon_core/shell/sh.py", line 154, in generate_command_environment
    env = await get_environment_variables(cmd, cwd=str(build_base))
  File "/usr/lib/python3/dist-packages/colcon_core/shell/__init__.py", line 344, in get_environment_variables
    output = await check_output(cmd, cwd=cwd, shell=shell)
  File "/usr/lib/python3/dist-packages/colcon_core/subprocess.py", line 129, in check_output
    assert not rc, f'Expected {args} to pass: {stderr_data}'
AssertionError: Expected ['.', '/home/donavyn/docker_test/ros2_ws/build/examples_rclcpp_minimal_service/colcon_command_prefix_test.sh', '&&', 'env'] to pass: The build time path "/home/donavyn/ros2_ws/install/examples_rclcpp_minimal_service" doesn't exist. Either source a script for a different shell or set the environment variable "COLCON_CURRENT_PREFIX" explicitly.


[0.332s] DEBUG:colcon.colcon_core.shell:Skip shell extension 'bash' for command environment
[0.332s] DEBUG:colcon.colcon_core.shell:Skip shell extension 'zsh' for command environment
[0.332s] ERROR:colcon.colcon_cmake.task.cmake.test:Could not find a shell extension for the command environment
[0.332s] ERROR:colcon.colcon_core.shell:Exception in shell extension 'sh': Expected ['.', '/home/donavyn/docker_test/ros2_ws/build/examples_rclcpp_minimal_subscriber/colcon_command_prefix_test.sh', '&&', 'env'] to pass: The build time path "/home/donavyn/ros2_ws/install/examples_rclcpp_minimal_subscriber" doesn't exist. Either source a script for a different shell or set the environment variable "COLCON_CURRENT_PREFIX" explicitly.

Traceback (most recent call last):
  File "/usr/lib/python3/dist-packages/colcon_core/shell/__init__.py", line 308, in get_command_environment
    return await extension.generate_command_environment(
  File "/usr/lib/python3/dist-packages/colcon_core/shell/sh.py", line 154, in generate_command_environment
    env = await get_environment_variables(cmd, cwd=str(build_base))
  File "/usr/lib/python3/dist-packages/colcon_core/shell/__init__.py", line 344, in get_environment_variables
    output = await check_output(cmd, cwd=cwd, shell=shell)
  File "/usr/lib/python3/dist-packages/colcon_core/subprocess.py", line 129, in check_output
    assert not rc, f'Expected {args} to pass: {stderr_data}'
AssertionError: Expected ['.', '/home/donavyn/docker_test/ros2_ws/build/examples_rclcpp_minimal_subscriber/colcon_command_prefix_test.sh', '&&', 'env'] to pass: The build time path "/home/donavyn/ros2_ws/install/examples_rclcpp_minimal_subscriber" doesn't exist. Either source a script for a different shell or set the environment variable "COLCON_CURRENT_PREFIX" explicitly.


[0.332s] DEBUG:colcon.colcon_core.shell:Skip shell extension 'bash' for command environment
[0.332s] DEBUG:colcon.colcon_core.shell:Skip shell extension 'zsh' for command environment
[0.332s] ERROR:colcon.colcon_cmake.task.cmake.test:Could not find a shell extension for the command environment
[0.333s] ERROR:colcon.colcon_core.shell:Exception in shell extension 'sh': Expected ['.', '/home/donavyn/docker_test/ros2_ws/build/examples_rclcpp_minimal_timer/colcon_command_prefix_test.sh', '&&', 'env'] to pass: The build time path "/home/donavyn/ros2_ws/install/examples_rclcpp_minimal_timer" doesn't exist. Either source a script for a different shell or set the environment variable "COLCON_CURRENT_PREFIX" explicitly.

Traceback (most recent call last):
  File "/usr/lib/python3/dist-packages/colcon_core/shell/__init__.py", line 308, in get_command_environment
    return await extension.generate_command_environment(
  File "/usr/lib/python3/dist-packages/colcon_core/shell/sh.py", line 154, in generate_command_environment
    env = await get_environment_variables(cmd, cwd=str(build_base))
  File "/usr/lib/python3/dist-packages/colcon_core/shell/__init__.py", line 344, in get_environment_variables
    output = await check_output(cmd, cwd=cwd, shell=shell)
  File "/usr/lib/python3/dist-packages/colcon_core/subprocess.py", line 129, in check_output
    assert not rc, f'Expected {args} to pass: {stderr_data}'
AssertionError: Expected ['.', '/home/donavyn/docker_test/ros2_ws/build/examples_rclcpp_minimal_timer/colcon_command_prefix_test.sh', '&&', 'env'] to pass: The build time path "/home/donavyn/ros2_ws/install/examples_rclcpp_minimal_timer" doesn't exist. Either source a script for a different shell or set the environment variable "COLCON_CURRENT_PREFIX" explicitly.


[0.333s] DEBUG:colcon.colcon_core.shell:Skip shell extension 'bash' for command environment
[0.333s] DEBUG:colcon.colcon_core.shell:Skip shell extension 'zsh' for command environment
[0.333s] ERROR:colcon.colcon_cmake.task.cmake.test:Could not find a shell extension for the command environment
[0.333s] ERROR:colcon.colcon_core.shell:Exception in shell extension 'sh': Expected ['.', '/home/donavyn/docker_test/ros2_ws/build/examples_rclcpp_multithreaded_executor/colcon_command_prefix_test.sh', '&&', 'env'] to pass: The build time path "/home/donavyn/ros2_ws/install/examples_rclcpp_multithreaded_executor" doesn't exist. Either source a script for a different shell or set the environment variable "COLCON_CURRENT_PREFIX" explicitly.

Traceback (most recent call last):
  File "/usr/lib/python3/dist-packages/colcon_core/shell/__init__.py", line 308, in get_command_environment
    return await extension.generate_command_environment(
  File "/usr/lib/python3/dist-packages/colcon_core/shell/sh.py", line 154, in generate_command_environment
    env = await get_environment_variables(cmd, cwd=str(build_base))
  File "/usr/lib/python3/dist-packages/colcon_core/shell/__init__.py", line 344, in get_environment_variables
    output = await check_output(cmd, cwd=cwd, shell=shell)
  File "/usr/lib/python3/dist-packages/colcon_core/subprocess.py", line 129, in check_output
    assert not rc, f'Expected {args} to pass: {stderr_data}'
AssertionError: Expected ['.', '/home/donavyn/docker_test/ros2_ws/build/examples_rclcpp_multithreaded_executor/colcon_command_prefix_test.sh', '&&', 'env'] to pass: The build time path "/home/donavyn/ros2_ws/install/examples_rclcpp_multithreaded_executor" doesn't exist. Either source a script for a different shell or set the environment variable "COLCON_CURRENT_PREFIX" explicitly.


[0.333s] DEBUG:colcon.colcon_core.shell:Skip shell extension 'bash' for command environment
[0.333s] DEBUG:colcon.colcon_core.shell:Skip shell extension 'zsh' for command environment
[0.333s] ERROR:colcon.colcon_cmake.task.cmake.test:Could not find a shell extension for the command environment
[0.333s] ERROR:colcon.colcon_core.shell:Exception in shell extension 'sh': Expected ['.', '/home/donavyn/docker_test/ros2_ws/build/examples_rclcpp_wait_set/colcon_command_prefix_test.sh', '&&', 'env'] to pass: The build time path "/home/donavyn/ros2_ws/install/examples_rclcpp_wait_set" doesn't exist. Either source a script for a different shell or set the environment variable "COLCON_CURRENT_PREFIX" explicitly.

Traceback (most recent call last):
  File "/usr/lib/python3/dist-packages/colcon_core/shell/__init__.py", line 308, in get_command_environment
    return await extension.generate_command_environment(
  File "/usr/lib/python3/dist-packages/colcon_core/shell/sh.py", line 154, in generate_command_environment
    env = await get_environment_variables(cmd, cwd=str(build_base))
  File "/usr/lib/python3/dist-packages/colcon_core/shell/__init__.py", line 344, in get_environment_variables
    output = await check_output(cmd, cwd=cwd, shell=shell)
  File "/usr/lib/python3/dist-packages/colcon_core/subprocess.py", line 129, in check_output
    assert not rc, f'Expected {args} to pass: {stderr_data}'
AssertionError: Expected ['.', '/home/donavyn/docker_test/ros2_ws/build/examples_rclcpp_wait_set/colcon_command_prefix_test.sh', '&&', 'env'] to pass: The build time path "/home/donavyn/ros2_ws/install/examples_rclcpp_wait_set" doesn't exist. Either source a script for a different shell or set the environment variable "COLCON_CURRENT_PREFIX" explicitly.


[0.333s] DEBUG:colcon.colcon_core.shell:Skip shell extension 'bash' for command environment
[0.333s] DEBUG:colcon.colcon_core.shell:Skip shell extension 'zsh' for command environment
[0.333s] ERROR:colcon.colcon_cmake.task.cmake.test:Could not find a shell extension for the command environment
[0.333s] ERROR:colcon.colcon_core.shell:Exception in shell extension 'sh': Expected ['.', '/home/donavyn/docker_test/ros2_ws/build/examples_rclpy_executors/colcon_command_prefix_setup_py.sh', '&&', 'env'] to pass: The build time path "/home/donavyn/ros2_ws/install/examples_rclpy_executors" doesn't exist. Either source a script for a different shell or set the environment variable "COLCON_CURRENT_PREFIX" explicitly.

Traceback (most recent call last):
  File "/usr/lib/python3/dist-packages/colcon_core/shell/__init__.py", line 308, in get_command_environment
    return await extension.generate_command_environment(
  File "/usr/lib/python3/dist-packages/colcon_core/shell/sh.py", line 154, in generate_command_environment
    env = await get_environment_variables(cmd, cwd=str(build_base))
  File "/usr/lib/python3/dist-packages/colcon_core/shell/__init__.py", line 344, in get_environment_variables
    output = await check_output(cmd, cwd=cwd, shell=shell)
  File "/usr/lib/python3/dist-packages/colcon_core/subprocess.py", line 129, in check_output
    assert not rc, f'Expected {args} to pass: {stderr_data}'
AssertionError: Expected ['.', '/home/donavyn/docker_test/ros2_ws/build/examples_rclpy_executors/colcon_command_prefix_setup_py.sh', '&&', 'env'] to pass: The build time path "/home/donavyn/ros2_ws/install/examples_rclpy_executors" doesn't exist. Either source a script for a different shell or set the environment variable "COLCON_CURRENT_PREFIX" explicitly.


[0.333s] DEBUG:colcon.colcon_core.shell:Skip shell extension 'bash' for command environment
[0.333s] DEBUG:colcon.colcon_core.shell:Skip shell extension 'zsh' for command environment
[0.333s] ERROR:colcon.colcon_core.task.python.test:Could not find a shell extension for the command environment
[0.334s] ERROR:colcon.colcon_core.shell:Exception in shell extension 'sh': Expected ['.', '/home/donavyn/docker_test/ros2_ws/build/examples_rclpy_guard_conditions/colcon_command_prefix_setup_py.sh', '&&', 'env'] to pass: The build time path "/home/donavyn/ros2_ws/install/examples_rclpy_guard_conditions" doesn't exist. Either source a script for a different shell or set the environment variable "COLCON_CURRENT_PREFIX" explicitly.

Traceback (most recent call last):
  File "/usr/lib/python3/dist-packages/colcon_core/shell/__init__.py", line 308, in get_command_environment
    return await extension.generate_command_environment(
  File "/usr/lib/python3/dist-packages/colcon_core/shell/sh.py", line 154, in generate_command_environment
    env = await get_environment_variables(cmd, cwd=str(build_base))
  File "/usr/lib/python3/dist-packages/colcon_core/shell/__init__.py", line 344, in get_environment_variables
    output = await check_output(cmd, cwd=cwd, shell=shell)
  File "/usr/lib/python3/dist-packages/colcon_core/subprocess.py", line 129, in check_output
    assert not rc, f'Expected {args} to pass: {stderr_data}'
AssertionError: Expected ['.', '/home/donavyn/docker_test/ros2_ws/build/examples_rclpy_guard_conditions/colcon_command_prefix_setup_py.sh', '&&', 'env'] to pass: The build time path "/home/donavyn/ros2_ws/install/examples_rclpy_guard_conditions" doesn't exist. Either source a script for a different shell or set the environment variable "COLCON_CURRENT_PREFIX" explicitly.


[0.334s] DEBUG:colcon.colcon_core.shell:Skip shell extension 'bash' for command environment
[0.334s] DEBUG:colcon.colcon_core.shell:Skip shell extension 'zsh' for command environment
[0.334s] ERROR:colcon.colcon_core.task.python.test:Could not find a shell extension for the command environment
[0.334s] INFO:colcon.colcon_ros.task.ament_python.test:Testing ROS package in '/home/donavyn/docker_test/ros2_ws/src/examples/rclpy/actions/minimal_action_client' with build type'ament_python'
[0.334s] INFO:colcon.colcon_core.task.python.test:Testing Python package in '/home/donavyn/docker_test/ros2_ws/src/examples/rclpy/actions/minimal_action_client'
[0.334s] INFO:colcon.colcon_core.shell:Skip shell extension 'powershell' for command environment: Not usable outside of PowerShell
[0.334s] DEBUG:colcon.colcon_core.shell:Skip shell extension 'dsv' for command environment
[0.339s] INFO:colcon.colcon_ros.task.ament_python.test:Testing ROS package in '/home/donavyn/docker_test/ros2_ws/src/examples/rclpy/actions/minimal_action_server' with build type'ament_python'
[0.339s] INFO:colcon.colcon_core.task.python.test:Testing Python package in '/home/donavyn/docker_test/ros2_ws/src/examples/rclpy/actions/minimal_action_server'
[0.339s] INFO:colcon.colcon_core.shell:Skip shell extension 'powershell' for command environment: Not usable outside of PowerShell
[0.339s] DEBUG:colcon.colcon_core.shell:Skip shell extension 'dsv' for command environment
[0.343s] INFO:colcon.colcon_ros.task.ament_python.test:Testing ROS package in '/home/donavyn/docker_test/ros2_ws/src/examples/rclpy/services/minimal_client' with build type'ament_python'
[0.343s] INFO:colcon.colcon_core.task.python.test:Testing Python package in '/home/donavyn/docker_test/ros2_ws/src/examples/rclpy/services/minimal_client'
[0.343s] INFO:colcon.colcon_core.shell:Skip shell extension 'powershell' for command environment: Not usable outside of PowerShell
[0.343s] DEBUG:colcon.colcon_core.shell:Skip shell extension 'dsv' for command environment
[0.346s] INFO:colcon.colcon_ros.task.ament_python.test:Testing ROS package in '/home/donavyn/docker_test/ros2_ws/src/examples/rclpy/topics/minimal_publisher' with build type'ament_python'
[0.346s] INFO:colcon.colcon_core.task.python.test:Testing Python package in '/home/donavyn/docker_test/ros2_ws/src/examples/rclpy/topics/minimal_publisher'
[0.347s] INFO:colcon.colcon_core.shell:Skip shell extension 'powershell' for command environment: Not usable outside of PowerShell
[0.347s] DEBUG:colcon.colcon_core.shell:Skip shell extension 'dsv' for command environment
[0.350s] INFO:colcon.colcon_ros.task.ament_python.test:Testing ROS package in '/home/donavyn/docker_test/ros2_ws/src/examples/rclpy/services/minimal_service' with build type'ament_python'
[0.351s] INFO:colcon.colcon_core.task.python.test:Testing Python package in '/home/donavyn/docker_test/ros2_ws/src/examples/rclpy/services/minimal_service'
[0.351s] INFO:colcon.colcon_core.shell:Skip shell extension 'powershell' for command environment: Not usable outside of PowerShell
[0.351s] DEBUG:colcon.colcon_core.shell:Skip shell extension 'dsv' for command environment
[0.354s] INFO:colcon.colcon_ros.task.ament_python.test:Testing ROS package in '/home/donavyn/docker_test/ros2_ws/src/examples/rclpy/topics/minimal_subscriber' with build type'ament_python'
[0.354s] INFO:colcon.colcon_core.task.python.test:Testing Python package in '/home/donavyn/docker_test/ros2_ws/src/examples/rclpy/topics/minimal_subscriber'
[0.355s] INFO:colcon.colcon_core.shell:Skip shell extension 'powershell' for command environment: Not usable outside of PowerShell
[0.355s] DEBUG:colcon.colcon_core.shell:Skip shell extension 'dsv' for command environment
[0.358s] INFO:colcon.colcon_ros.task.ament_python.test:Testing ROS package in '/home/donavyn/docker_test/ros2_ws/src/examples/rclpy/topics/pointcloud_publisher' with build type'ament_python'
[0.359s] INFO:colcon.colcon_core.task.python.test:Testing Python package in '/home/donavyn/docker_test/ros2_ws/src/examples/rclpy/topics/pointcloud_publisher'
[0.359s] INFO:colcon.colcon_core.shell:Skip shell extension 'powershell' for command environment: Not usable outside of PowerShell
[0.359s] DEBUG:colcon.colcon_core.shell:Skip shell extension 'dsv' for command environment
[0.362s] INFO:colcon.colcon_ros.task.ament_python.test:Testing ROS package in '/home/donavyn/docker_test/ros2_ws/src/examples/launch_testing/launch_testing_examples' with build type'ament_python'
[0.362s] INFO:colcon.colcon_core.task.python.test:Testing Python package in '/home/donavyn/docker_test/ros2_ws/src/examples/launch_testing/launch_testing_examples'
[0.362s] INFO:colcon.colcon_core.shell:Skip shell extension 'powershell' for command environment: Not usable outside of PowerShell
[0.363s] DEBUG:colcon.colcon_core.shell:Skip shell extension 'dsv' for command environment
[0.366s] INFO:colcon.colcon_ros.task.ament_cmake.test:Testing ROS package in '/home/donavyn/docker_test/ros2_ws/src/more_interfaces' with build type 'ament_cmake'
[0.366s] INFO:colcon.colcon_cmake.task.cmake.test:Testing CMake package in '/home/donavyn/docker_test/ros2_ws/src/more_interfaces'
[0.366s] INFO:colcon.colcon_core.shell:Skip shell extension 'powershell' for command environment: Not usable outside of PowerShell
[0.366s] DEBUG:colcon.colcon_core.shell:Skip shell extension 'dsv' for command environment
[0.369s] INFO:colcon.colcon_ros.task.ament_python.test:Testing ROS package in '/home/donavyn/docker_test/ros2_ws/src/my_package' with build type'ament_python'
[0.369s] INFO:colcon.colcon_core.task.python.test:Testing Python package in '/home/donavyn/docker_test/ros2_ws/src/my_package'
[0.370s] INFO:colcon.colcon_core.shell:Skip shell extension 'powershell' for command environment: Not usable outside of PowerShell
[0.370s] DEBUG:colcon.colcon_core.shell:Skip shell extension 'dsv' for command environment
[0.373s] INFO:colcon.colcon_ros.task.ament_python.test:Testing ROS package in '/home/donavyn/docker_test/ros2_ws/src/py_pubsub' with build type'ament_python'
[0.373s] INFO:colcon.colcon_core.task.python.test:Testing Python package in '/home/donavyn/docker_test/ros2_ws/src/py_pubsub'
[0.373s] INFO:colcon.colcon_core.shell:Skip shell extension 'powershell' for command environment: Not usable outside of PowerShell
[0.373s] DEBUG:colcon.colcon_core.shell:Skip shell extension 'dsv' for command environment
[0.377s] INFO:colcon.colcon_ros.task.ament_python.test:Testing ROS package in '/home/donavyn/docker_test/ros2_ws/src/py_srvcli' with build type'ament_python'
[0.377s] INFO:colcon.colcon_core.task.python.test:Testing Python package in '/home/donavyn/docker_test/ros2_ws/src/py_srvcli'
[0.377s] INFO:colcon.colcon_core.shell:Skip shell extension 'powershell' for command environment: Not usable outside of PowerShell
[0.377s] DEBUG:colcon.colcon_core.shell:Skip shell extension 'dsv' for command environment
[0.380s] INFO:colcon.colcon_ros.task.ament_python.test:Testing ROS package in '/home/donavyn/docker_test/ros2_ws/src/python_parameters' with build type'ament_python'
[0.380s] INFO:colcon.colcon_core.task.python.test:Testing Python package in '/home/donavyn/docker_test/ros2_ws/src/python_parameters'
[0.380s] INFO:colcon.colcon_core.shell:Skip shell extension 'powershell' for command environment: Not usable outside of PowerShell
[0.380s] DEBUG:colcon.colcon_core.shell:Skip shell extension 'dsv' for command environment
[0.384s] INFO:colcon.colcon_ros.task.ament_cmake.test:Testing ROS package in '/home/donavyn/docker_test/ros2_ws/src/tutorial_interfaces' with build type 'ament_cmake'
[0.384s] INFO:colcon.colcon_cmake.task.cmake.test:Testing CMake package in '/home/donavyn/docker_test/ros2_ws/src/tutorial_interfaces'
[0.384s] INFO:colcon.colcon_core.shell:Skip shell extension 'powershell' for command environment: Not usable outside of PowerShell
[0.384s] DEBUG:colcon.colcon_core.shell:Skip shell extension 'dsv' for command environment
[0.387s] INFO:colcon.colcon_ros.task.ament_python.test:Testing ROS package in '/home/donavyn/docker_test/ros2_ws/src/learning_tf2_py' with build type'ament_python'
[0.387s] INFO:colcon.colcon_core.task.python.test:Testing Python package in '/home/donavyn/docker_test/ros2_ws/src/learning_tf2_py'
[0.387s] INFO:colcon.colcon_core.shell:Skip shell extension 'powershell' for command environment: Not usable outside of PowerShell
[0.387s] DEBUG:colcon.colcon_core.shell:Skip shell extension 'dsv' for command environment
[0.390s] WARNING:colcon.colcon_core.shell:The following packages are in the workspace but haven't been built:
- learning_tf2_py
They are being used from the following locations instead:
- /home/donavyn/docker_test/ros2_ws/src/install/learning_tf2_py
To suppress this warning ignore these packages in the workspace:
--packages-ignore learning_tf2_py
[0.395s] DEBUG:colcon.colcon_core.event_handler.log_command:Invoking command in '/home/donavyn/docker_test/ros2_ws/build/examples_rclcpp_async_client': CMAKE_PREFIX_PATH=/home/donavyn/docker_test/ros2_ws/install/examples_rclcpp_async_client:/home/donavyn/docker_test/ros2_ws/install/tutorial_interfaces:/home/donavyn/docker_test/ros2_ws/install/turtlesim:/home/donavyn/docker_test/ros2_ws/install/more_interfaces:/home/donavyn/docker_test/ros2_ws/install/examples_rclcpp_wait_set:/home/donavyn/docker_test/ros2_ws/install/examples_rclcpp_multithreaded_executor:/home/donavyn/docker_test/ros2_ws/install/examples_rclcpp_minimal_timer:/home/donavyn/docker_test/ros2_ws/install/examples_rclcpp_minimal_subscriber:/home/donavyn/docker_test/ros2_ws/install/examples_rclcpp_minimal_service:/home/donavyn/docker_test/ros2_ws/install/examples_rclcpp_minimal_publisher:/home/donavyn/docker_test/ros2_ws/install/examples_rclcpp_minimal_composition:/home/donavyn/docker_test/ros2_ws/install/examples_rclcpp_minimal_client:/home/donavyn/docker_test/ros2_ws/install/examples_rclcpp_minimal_action_server:/home/donavyn/docker_test/ros2_ws/install/examples_rclcpp_minimal_action_client:/home/donavyn/docker_test/ros2_ws/install/examples_rclcpp_cbg_executor:/home/donavyn/docker_test/ros2_ws/install/action_tutorials_interfaces /usr/bin/ctest -C Release -D ExperimentalTest --no-compress-output -V --force-new-ctest-process
[0.547s] Level 1:colcon.colcon_core.task.python.test:test() by extension 'pytest'
[0.548s] Level 1:colcon.colcon_core.task.python.test:test.step() by extension 'pytest'
[0.550s] ERROR:colcon.colcon_core.shell:Exception in shell extension 'sh': Expected ['.', '/home/donavyn/docker_test/ros2_ws/build/examples_rclpy_minimal_action_client/colcon_command_prefix_setup_py.sh', '&&', 'env'] to pass: The build time path "/home/donavyn/ros2_ws/install/examples_rclpy_minimal_action_client" doesn't exist. Either source a script for a different shell or set the environment variable "COLCON_CURRENT_PREFIX" explicitly.

Traceback (most recent call last):
  File "/usr/lib/python3/dist-packages/colcon_core/shell/__init__.py", line 308, in get_command_environment
    return await extension.generate_command_environment(
  File "/usr/lib/python3/dist-packages/colcon_core/shell/sh.py", line 154, in generate_command_environment
    env = await get_environment_variables(cmd, cwd=str(build_base))
  File "/usr/lib/python3/dist-packages/colcon_core/shell/__init__.py", line 344, in get_environment_variables
    output = await check_output(cmd, cwd=cwd, shell=shell)
  File "/usr/lib/python3/dist-packages/colcon_core/subprocess.py", line 129, in check_output
    assert not rc, f'Expected {args} to pass: {stderr_data}'
AssertionError: Expected ['.', '/home/donavyn/docker_test/ros2_ws/build/examples_rclpy_minimal_action_client/colcon_command_prefix_setup_py.sh', '&&', 'env'] to pass: The build time path "/home/donavyn/ros2_ws/install/examples_rclpy_minimal_action_client" doesn't exist. Either source a script for a different shell or set the environment variable "COLCON_CURRENT_PREFIX" explicitly.


[0.551s] DEBUG:colcon.colcon_core.shell:Skip shell extension 'bash' for command environment
[0.551s] DEBUG:colcon.colcon_core.shell:Skip shell extension 'zsh' for command environment
[0.551s] ERROR:colcon.colcon_core.task.python.test:Could not find a shell extension for the command environment
[0.552s] ERROR:colcon.colcon_core.shell:Exception in shell extension 'sh': Expected ['.', '/home/donavyn/docker_test/ros2_ws/build/examples_rclpy_minimal_action_server/colcon_command_prefix_setup_py.sh', '&&', 'env'] to pass: The build time path "/home/donavyn/ros2_ws/install/examples_rclpy_minimal_action_server" doesn't exist. Either source a script for a different shell or set the environment variable "COLCON_CURRENT_PREFIX" explicitly.

Traceback (most recent call last):
  File "/usr/lib/python3/dist-packages/colcon_core/shell/__init__.py", line 308, in get_command_environment
    return await extension.generate_command_environment(
  File "/usr/lib/python3/dist-packages/colcon_core/shell/sh.py", line 154, in generate_command_environment
    env = await get_environment_variables(cmd, cwd=str(build_base))
  File "/usr/lib/python3/dist-packages/colcon_core/shell/__init__.py", line 344, in get_environment_variables
    output = await check_output(cmd, cwd=cwd, shell=shell)
  File "/usr/lib/python3/dist-packages/colcon_core/subprocess.py", line 129, in check_output
    assert not rc, f'Expected {args} to pass: {stderr_data}'
AssertionError: Expected ['.', '/home/donavyn/docker_test/ros2_ws/build/examples_rclpy_minimal_action_server/colcon_command_prefix_setup_py.sh', '&&', 'env'] to pass: The build time path "/home/donavyn/ros2_ws/install/examples_rclpy_minimal_action_server" doesn't exist. Either source a script for a different shell or set the environment variable "COLCON_CURRENT_PREFIX" explicitly.


[0.552s] DEBUG:colcon.colcon_core.shell:Skip shell extension 'bash' for command environment
[0.552s] DEBUG:colcon.colcon_core.shell:Skip shell extension 'zsh' for command environment
[0.552s] ERROR:colcon.colcon_core.task.python.test:Could not find a shell extension for the command environment
[0.552s] ERROR:colcon.colcon_core.shell:Exception in shell extension 'sh': Expected ['.', '/home/donavyn/docker_test/ros2_ws/build/examples_rclpy_minimal_client/colcon_command_prefix_setup_py.sh', '&&', 'env'] to pass: The build time path "/home/donavyn/ros2_ws/install/examples_rclpy_minimal_client" doesn't exist. Either source a script for a different shell or set the environment variable "COLCON_CURRENT_PREFIX" explicitly.

Traceback (most recent call last):
  File "/usr/lib/python3/dist-packages/colcon_core/shell/__init__.py", line 308, in get_command_environment
    return await extension.generate_command_environment(
  File "/usr/lib/python3/dist-packages/colcon_core/shell/sh.py", line 154, in generate_command_environment
    env = await get_environment_variables(cmd, cwd=str(build_base))
  File "/usr/lib/python3/dist-packages/colcon_core/shell/__init__.py", line 344, in get_environment_variables
    output = await check_output(cmd, cwd=cwd, shell=shell)
  File "/usr/lib/python3/dist-packages/colcon_core/subprocess.py", line 129, in check_output
    assert not rc, f'Expected {args} to pass: {stderr_data}'
AssertionError: Expected ['.', '/home/donavyn/docker_test/ros2_ws/build/examples_rclpy_minimal_client/colcon_command_prefix_setup_py.sh', '&&', 'env'] to pass: The build time path "/home/donavyn/ros2_ws/install/examples_rclpy_minimal_client" doesn't exist. Either source a script for a different shell or set the environment variable "COLCON_CURRENT_PREFIX" explicitly.


[0.552s] DEBUG:colcon.colcon_core.shell:Skip shell extension 'bash' for command environment
[0.552s] DEBUG:colcon.colcon_core.shell:Skip shell extension 'zsh' for command environment
[0.552s] ERROR:colcon.colcon_core.task.python.test:Could not find a shell extension for the command environment
[0.552s] ERROR:colcon.colcon_core.shell:Exception in shell extension 'sh': Expected ['.', '/home/donavyn/docker_test/ros2_ws/build/examples_rclpy_minimal_publisher/colcon_command_prefix_setup_py.sh', '&&', 'env'] to pass: The build time path "/home/donavyn/ros2_ws/install/examples_rclpy_minimal_publisher" doesn't exist. Either source a script for a different shell or set the environment variable "COLCON_CURRENT_PREFIX" explicitly.

Traceback (most recent call last):
  File "/usr/lib/python3/dist-packages/colcon_core/shell/__init__.py", line 308, in get_command_environment
    return await extension.generate_command_environment(
  File "/usr/lib/python3/dist-packages/colcon_core/shell/sh.py", line 154, in generate_command_environment
    env = await get_environment_variables(cmd, cwd=str(build_base))
  File "/usr/lib/python3/dist-packages/colcon_core/shell/__init__.py", line 344, in get_environment_variables
    output = await check_output(cmd, cwd=cwd, shell=shell)
  File "/usr/lib/python3/dist-packages/colcon_core/subprocess.py", line 129, in check_output
    assert not rc, f'Expected {args} to pass: {stderr_data}'
AssertionError: Expected ['.', '/home/donavyn/docker_test/ros2_ws/build/examples_rclpy_minimal_publisher/colcon_command_prefix_setup_py.sh', '&&', 'env'] to pass: The build time path "/home/donavyn/ros2_ws/install/examples_rclpy_minimal_publisher" doesn't exist. Either source a script for a different shell or set the environment variable "COLCON_CURRENT_PREFIX" explicitly.


[0.552s] DEBUG:colcon.colcon_core.shell:Skip shell extension 'bash' for command environment
[0.552s] DEBUG:colcon.colcon_core.shell:Skip shell extension 'zsh' for command environment
[0.552s] ERROR:colcon.colcon_core.task.python.test:Could not find a shell extension for the command environment
[0.552s] DEBUG:colcon.colcon_core.event_handler.log_command:Invoking command in '/home/donavyn/docker_test/ros2_ws/src/py_pubsub': AMENT_PREFIX_PATH=/home/donavyn/docker_test/ros2_ws/install/py_pubsub:/home/donavyn/docker_test/ros2_ws/src/install/learning_tf2_py:/home/donavyn/docker_test/ros2_ws/install/tutorial_interfaces:/home/donavyn/docker_test/ros2_ws/install/turtlesim:/home/donavyn/docker_test/ros2_ws/install/python_parameters:/home/donavyn/docker_test/ros2_ws/install/py_srvcli:/home/donavyn/docker_test/ros2_ws/install/my_package:/home/donavyn/docker_test/ros2_ws/install/more_interfaces:/home/donavyn/docker_test/ros2_ws/install/launch_testing_examples:/home/donavyn/docker_test/ros2_ws/install/examples_rclpy_pointcloud_publisher:/home/donavyn/docker_test/ros2_ws/install/examples_rclpy_minimal_subscriber:/home/donavyn/docker_test/ros2_ws/install/examples_rclpy_minimal_service:/home/donavyn/docker_test/ros2_ws/install/examples_rclpy_minimal_publisher:/home/donavyn/docker_test/ros2_ws/install/examples_rclpy_minimal_client:/home/donavyn/docker_test/ros2_ws/install/examples_rclpy_minimal_action_server:/home/donavyn/docker_test/ros2_ws/install/examples_rclpy_minimal_action_client:/home/donavyn/docker_test/ros2_ws/install/examples_rclpy_guard_conditions:/home/donavyn/docker_test/ros2_ws/install/examples_rclpy_executors:/home/donavyn/docker_test/ros2_ws/install/action_tutorials_interfaces:/opt/ros/humble PYTEST_ADDOPTS=--tb=short --junit-xml=/home/donavyn/docker_test/ros2_ws/build/py_pubsub/pytest.xml --junit-prefix=py_pubsub -o cache_dir=/home/donavyn/docker_test/ros2_ws/build/py_pubsub/.pytest_cache PYTHONDONTWRITEBYTECODE=1 PYTHONPATH=/home/donavyn/docker_test/ros2_ws/install/py_pubsub/lib/python3.10/site-packages:/home/donavyn/docker_test/ros2_ws/src/install/learning_tf2_py/lib/python3.10/site-packages:/home/donavyn/docker_test/ros2_ws/install/tutorial_interfaces/local/lib/python3.10/dist-packages:/home/donavyn/docker_test/ros2_ws/install/turtlesim/local/lib/python3.10/dist-packages:/home/donavyn/docker_test/ros2_ws/install/python_parameters/lib/python3.10/site-packages:/home/donavyn/docker_test/ros2_ws/install/py_srvcli/lib/python3.10/site-packages:/home/donavyn/docker_test/ros2_ws/install/my_package/lib/python3.10/site-packages:/home/donavyn/docker_test/ros2_ws/install/more_interfaces/local/lib/python3.10/dist-packages:/home/donavyn/docker_test/ros2_ws/install/launch_testing_examples/lib/python3.10/site-packages:/home/donavyn/docker_test/ros2_ws/install/examples_rclpy_pointcloud_publisher/lib/python3.10/site-packages:/home/donavyn/docker_test/ros2_ws/install/examples_rclpy_minimal_subscriber/lib/python3.10/site-packages:/home/donavyn/docker_test/ros2_ws/install/examples_rclpy_minimal_service/lib/python3.10/site-packages:/home/donavyn/docker_test/ros2_ws/install/examples_rclpy_minimal_publisher/lib/python3.10/site-packages:/home/donavyn/docker_test/ros2_ws/install/examples_rclpy_minimal_client/lib/python3.10/site-packages:/home/donavyn/docker_test/ros2_ws/install/examples_rclpy_minimal_action_server/lib/python3.10/site-packages:/home/donavyn/docker_test/ros2_ws/install/examples_rclpy_minimal_action_client/lib/python3.10/site-packages:/home/donavyn/docker_test/ros2_ws/install/examples_rclpy_guard_conditions/lib/python3.10/site-packages:/home/donavyn/docker_test/ros2_ws/install/examples_rclpy_executors/lib/python3.10/site-packages:/home/donavyn/docker_test/ros2_ws/install/action_tutorials_interfaces/local/lib/python3.10/dist-packages:/opt/ros/humble/lib/python3.10/site-packages:/opt/ros/humble/local/lib/python3.10/dist-packages /usr/bin/python3 -m pytest
[0.553s] ERROR:colcon.colcon_core.shell:Exception in shell extension 'sh': Expected ['.', '/home/donavyn/docker_test/ros2_ws/build/examples_rclpy_minimal_service/colcon_command_prefix_setup_py.sh', '&&', 'env'] to pass: The build time path "/home/donavyn/ros2_ws/install/examples_rclpy_minimal_service" doesn't exist. Either source a script for a different shell or set the environment variable "COLCON_CURRENT_PREFIX" explicitly.

Traceback (most recent call last):
  File "/usr/lib/python3/dist-packages/colcon_core/shell/__init__.py", line 308, in get_command_environment
    return await extension.generate_command_environment(
  File "/usr/lib/python3/dist-packages/colcon_core/shell/sh.py", line 154, in generate_command_environment
    env = await get_environment_variables(cmd, cwd=str(build_base))
  File "/usr/lib/python3/dist-packages/colcon_core/shell/__init__.py", line 344, in get_environment_variables
    output = await check_output(cmd, cwd=cwd, shell=shell)
  File "/usr/lib/python3/dist-packages/colcon_core/subprocess.py", line 129, in check_output
    assert not rc, f'Expected {args} to pass: {stderr_data}'
AssertionError: Expected ['.', '/home/donavyn/docker_test/ros2_ws/build/examples_rclpy_minimal_service/colcon_command_prefix_setup_py.sh', '&&', 'env'] to pass: The build time path "/home/donavyn/ros2_ws/install/examples_rclpy_minimal_service" doesn't exist. Either source a script for a different shell or set the environment variable "COLCON_CURRENT_PREFIX" explicitly.


[0.553s] DEBUG:colcon.colcon_core.shell:Skip shell extension 'bash' for command environment
[0.553s] DEBUG:colcon.colcon_core.shell:Skip shell extension 'zsh' for command environment
[0.553s] ERROR:colcon.colcon_core.task.python.test:Could not find a shell extension for the command environment
[0.553s] ERROR:colcon.colcon_core.shell:Exception in shell extension 'sh': Expected ['.', '/home/donavyn/docker_test/ros2_ws/build/examples_rclpy_minimal_subscriber/colcon_command_prefix_setup_py.sh', '&&', 'env'] to pass: The build time path "/home/donavyn/ros2_ws/install/examples_rclpy_minimal_subscriber" doesn't exist. Either source a script for a different shell or set the environment variable "COLCON_CURRENT_PREFIX" explicitly.

Traceback (most recent call last):
  File "/usr/lib/python3/dist-packages/colcon_core/shell/__init__.py", line 308, in get_command_environment
    return await extension.generate_command_environment(
  File "/usr/lib/python3/dist-packages/colcon_core/shell/sh.py", line 154, in generate_command_environment
    env = await get_environment_variables(cmd, cwd=str(build_base))
  File "/usr/lib/python3/dist-packages/colcon_core/shell/__init__.py", line 344, in get_environment_variables
    output = await check_output(cmd, cwd=cwd, shell=shell)
  File "/usr/lib/python3/dist-packages/colcon_core/subprocess.py", line 129, in check_output
    assert not rc, f'Expected {args} to pass: {stderr_data}'
AssertionError: Expected ['.', '/home/donavyn/docker_test/ros2_ws/build/examples_rclpy_minimal_subscriber/colcon_command_prefix_setup_py.sh', '&&', 'env'] to pass: The build time path "/home/donavyn/ros2_ws/install/examples_rclpy_minimal_subscriber" doesn't exist. Either source a script for a different shell or set the environment variable "COLCON_CURRENT_PREFIX" explicitly.


[0.553s] DEBUG:colcon.colcon_core.shell:Skip shell extension 'bash' for command environment
[0.553s] DEBUG:colcon.colcon_core.shell:Skip shell extension 'zsh' for command environment
[0.553s] ERROR:colcon.colcon_core.task.python.test:Could not find a shell extension for the command environment
[0.553s] ERROR:colcon.colcon_core.shell:Exception in shell extension 'sh': Expected ['.', '/home/donavyn/docker_test/ros2_ws/build/examples_rclpy_pointcloud_publisher/colcon_command_prefix_setup_py.sh', '&&', 'env'] to pass: The build time path "/home/donavyn/ros2_ws/install/examples_rclpy_pointcloud_publisher" doesn't exist. Either source a script for a different shell or set the environment variable "COLCON_CURRENT_PREFIX" explicitly.

Traceback (most recent call last):
  File "/usr/lib/python3/dist-packages/colcon_core/shell/__init__.py", line 308, in get_command_environment
    return await extension.generate_command_environment(
  File "/usr/lib/python3/dist-packages/colcon_core/shell/sh.py", line 154, in generate_command_environment
    env = await get_environment_variables(cmd, cwd=str(build_base))
  File "/usr/lib/python3/dist-packages/colcon_core/shell/__init__.py", line 344, in get_environment_variables
    output = await check_output(cmd, cwd=cwd, shell=shell)
  File "/usr/lib/python3/dist-packages/colcon_core/subprocess.py", line 129, in check_output
    assert not rc, f'Expected {args} to pass: {stderr_data}'
AssertionError: Expected ['.', '/home/donavyn/docker_test/ros2_ws/build/examples_rclpy_pointcloud_publisher/colcon_command_prefix_setup_py.sh', '&&', 'env'] to pass: The build time path "/home/donavyn/ros2_ws/install/examples_rclpy_pointcloud_publisher" doesn't exist. Either source a script for a different shell or set the environment variable "COLCON_CURRENT_PREFIX" explicitly.


[0.553s] DEBUG:colcon.colcon_core.shell:Skip shell extension 'bash' for command environment
[0.553s] DEBUG:colcon.colcon_core.shell:Skip shell extension 'zsh' for command environment
[0.553s] ERROR:colcon.colcon_core.task.python.test:Could not find a shell extension for the command environment
[0.553s] ERROR:colcon.colcon_core.shell:Exception in shell extension 'sh': Expected ['.', '/home/donavyn/docker_test/ros2_ws/build/launch_testing_examples/colcon_command_prefix_setup_py.sh', '&&', 'env'] to pass: The build time path "/home/donavyn/ros2_ws/install/launch_testing_examples" doesn't exist. Either source a script for a different shell or set the environment variable "COLCON_CURRENT_PREFIX" explicitly.

Traceback (most recent call last):
  File "/usr/lib/python3/dist-packages/colcon_core/shell/__init__.py", line 308, in get_command_environment
    return await extension.generate_command_environment(
  File "/usr/lib/python3/dist-packages/colcon_core/shell/sh.py", line 154, in generate_command_environment
    env = await get_environment_variables(cmd, cwd=str(build_base))
  File "/usr/lib/python3/dist-packages/colcon_core/shell/__init__.py", line 344, in get_environment_variables
    output = await check_output(cmd, cwd=cwd, shell=shell)
  File "/usr/lib/python3/dist-packages/colcon_core/subprocess.py", line 129, in check_output
    assert not rc, f'Expected {args} to pass: {stderr_data}'
AssertionError: Expected ['.', '/home/donavyn/docker_test/ros2_ws/build/launch_testing_examples/colcon_command_prefix_setup_py.sh', '&&', 'env'] to pass: The build time path "/home/donavyn/ros2_ws/install/launch_testing_examples" doesn't exist. Either source a script for a different shell or set the environment variable "COLCON_CURRENT_PREFIX" explicitly.


[0.553s] DEBUG:colcon.colcon_core.shell:Skip shell extension 'bash' for command environment
[0.553s] DEBUG:colcon.colcon_core.shell:Skip shell extension 'zsh' for command environment
[0.553s] ERROR:colcon.colcon_core.task.python.test:Could not find a shell extension for the command environment
[0.554s] ERROR:colcon.colcon_core.shell:Exception in shell extension 'sh': Expected ['.', '/home/donavyn/docker_test/ros2_ws/build/more_interfaces/colcon_command_prefix_test.sh', '&&', 'env'] to pass: The build time path "/home/donavyn/ros2_ws/install/more_interfaces" doesn't exist. Either source a script for a different shell or set the environment variable "COLCON_CURRENT_PREFIX" explicitly.

Traceback (most recent call last):
  File "/usr/lib/python3/dist-packages/colcon_core/shell/__init__.py", line 308, in get_command_environment
    return await extension.generate_command_environment(
  File "/usr/lib/python3/dist-packages/colcon_core/shell/sh.py", line 154, in generate_command_environment
    env = await get_environment_variables(cmd, cwd=str(build_base))
  File "/usr/lib/python3/dist-packages/colcon_core/shell/__init__.py", line 344, in get_environment_variables
    output = await check_output(cmd, cwd=cwd, shell=shell)
  File "/usr/lib/python3/dist-packages/colcon_core/subprocess.py", line 129, in check_output
    assert not rc, f'Expected {args} to pass: {stderr_data}'
AssertionError: Expected ['.', '/home/donavyn/docker_test/ros2_ws/build/more_interfaces/colcon_command_prefix_test.sh', '&&', 'env'] to pass: The build time path "/home/donavyn/ros2_ws/install/more_interfaces" doesn't exist. Either source a script for a different shell or set the environment variable "COLCON_CURRENT_PREFIX" explicitly.


[0.554s] DEBUG:colcon.colcon_core.shell:Skip shell extension 'bash' for command environment
[0.554s] DEBUG:colcon.colcon_core.shell:Skip shell extension 'zsh' for command environment
[0.554s] ERROR:colcon.colcon_cmake.task.cmake.test:Could not find a shell extension for the command environment
[0.554s] ERROR:colcon.colcon_core.shell:Exception in shell extension 'sh': Expected ['.', '/home/donavyn/docker_test/ros2_ws/build/my_package/colcon_command_prefix_setup_py.sh', '&&', 'env'] to pass: The build time path "/home/donavyn/ros2_ws/install/my_package" doesn't exist. Either source a script for a different shell or set the environment variable "COLCON_CURRENT_PREFIX" explicitly.

Traceback (most recent call last):
  File "/usr/lib/python3/dist-packages/colcon_core/shell/__init__.py", line 308, in get_command_environment
    return await extension.generate_command_environment(
  File "/usr/lib/python3/dist-packages/colcon_core/shell/sh.py", line 154, in generate_command_environment
    env = await get_environment_variables(cmd, cwd=str(build_base))
  File "/usr/lib/python3/dist-packages/colcon_core/shell/__init__.py", line 344, in get_environment_variables
    output = await check_output(cmd, cwd=cwd, shell=shell)
  File "/usr/lib/python3/dist-packages/colcon_core/subprocess.py", line 129, in check_output
    assert not rc, f'Expected {args} to pass: {stderr_data}'
AssertionError: Expected ['.', '/home/donavyn/docker_test/ros2_ws/build/my_package/colcon_command_prefix_setup_py.sh', '&&', 'env'] to pass: The build time path "/home/donavyn/ros2_ws/install/my_package" doesn't exist. Either source a script for a different shell or set the environment variable "COLCON_CURRENT_PREFIX" explicitly.


[0.555s] DEBUG:colcon.colcon_core.shell:Skip shell extension 'bash' for command environment
[0.555s] DEBUG:colcon.colcon_core.shell:Skip shell extension 'zsh' for command environment
[0.555s] ERROR:colcon.colcon_core.task.python.test:Could not find a shell extension for the command environment
[0.555s] ERROR:colcon.colcon_core.shell:Exception in shell extension 'sh': Expected ['.', '/home/donavyn/docker_test/ros2_ws/build/py_srvcli/colcon_command_prefix_setup_py.sh', '&&', 'env'] to pass: The build time path "/home/donavyn/ros2_ws/install/py_srvcli" doesn't exist. Either source a script for a different shell or set the environment variable "COLCON_CURRENT_PREFIX" explicitly.

Traceback (most recent call last):
  File "/usr/lib/python3/dist-packages/colcon_core/shell/__init__.py", line 308, in get_command_environment
    return await extension.generate_command_environment(
  File "/usr/lib/python3/dist-packages/colcon_core/shell/sh.py", line 154, in generate_command_environment
    env = await get_environment_variables(cmd, cwd=str(build_base))
  File "/usr/lib/python3/dist-packages/colcon_core/shell/__init__.py", line 344, in get_environment_variables
    output = await check_output(cmd, cwd=cwd, shell=shell)
  File "/usr/lib/python3/dist-packages/colcon_core/subprocess.py", line 129, in check_output
    assert not rc, f'Expected {args} to pass: {stderr_data}'
AssertionError: Expected ['.', '/home/donavyn/docker_test/ros2_ws/build/py_srvcli/colcon_command_prefix_setup_py.sh', '&&', 'env'] to pass: The build time path "/home/donavyn/ros2_ws/install/py_srvcli" doesn't exist. Either source a script for a different shell or set the environment variable "COLCON_CURRENT_PREFIX" explicitly.


[0.555s] DEBUG:colcon.colcon_core.shell:Skip shell extension 'bash' for command environment
[0.555s] DEBUG:colcon.colcon_core.shell:Skip shell extension 'zsh' for command environment
[0.555s] ERROR:colcon.colcon_core.task.python.test:Could not find a shell extension for the command environment
[0.555s] ERROR:colcon.colcon_core.shell:Exception in shell extension 'sh': Expected ['.', '/home/donavyn/docker_test/ros2_ws/build/python_parameters/colcon_command_prefix_setup_py.sh', '&&', 'env'] to pass: The build time path "/home/donavyn/ros2_ws/install/python_parameters" doesn't exist. Either source a script for a different shell or set the environment variable "COLCON_CURRENT_PREFIX" explicitly.

Traceback (most recent call last):
  File "/usr/lib/python3/dist-packages/colcon_core/shell/__init__.py", line 308, in get_command_environment
    return await extension.generate_command_environment(
  File "/usr/lib/python3/dist-packages/colcon_core/shell/sh.py", line 154, in generate_command_environment
    env = await get_environment_variables(cmd, cwd=str(build_base))
  File "/usr/lib/python3/dist-packages/colcon_core/shell/__init__.py", line 344, in get_environment_variables
    output = await check_output(cmd, cwd=cwd, shell=shell)
  File "/usr/lib/python3/dist-packages/colcon_core/subprocess.py", line 129, in check_output
    assert not rc, f'Expected {args} to pass: {stderr_data}'
AssertionError: Expected ['.', '/home/donavyn/docker_test/ros2_ws/build/python_parameters/colcon_command_prefix_setup_py.sh', '&&', 'env'] to pass: The build time path "/home/donavyn/ros2_ws/install/python_parameters" doesn't exist. Either source a script for a different shell or set the environment variable "COLCON_CURRENT_PREFIX" explicitly.


[0.555s] DEBUG:colcon.colcon_core.shell:Skip shell extension 'bash' for command environment
[0.555s] DEBUG:colcon.colcon_core.shell:Skip shell extension 'zsh' for command environment
[0.555s] ERROR:colcon.colcon_core.task.python.test:Could not find a shell extension for the command environment
[0.555s] ERROR:colcon.colcon_core.shell:Exception in shell extension 'sh': Expected ['.', '/home/donavyn/docker_test/ros2_ws/build/tutorial_interfaces/colcon_command_prefix_test.sh', '&&', 'env'] to pass: The build time path "/home/donavyn/ros2_ws/install/tutorial_interfaces" doesn't exist. Either source a script for a different shell or set the environment variable "COLCON_CURRENT_PREFIX" explicitly.

Traceback (most recent call last):
  File "/usr/lib/python3/dist-packages/colcon_core/shell/__init__.py", line 308, in get_command_environment
    return await extension.generate_command_environment(
  File "/usr/lib/python3/dist-packages/colcon_core/shell/sh.py", line 154, in generate_command_environment
    env = await get_environment_variables(cmd, cwd=str(build_base))
  File "/usr/lib/python3/dist-packages/colcon_core/shell/__init__.py", line 344, in get_environment_variables
    output = await check_output(cmd, cwd=cwd, shell=shell)
  File "/usr/lib/python3/dist-packages/colcon_core/subprocess.py", line 129, in check_output
    assert not rc, f'Expected {args} to pass: {stderr_data}'
AssertionError: Expected ['.', '/home/donavyn/docker_test/ros2_ws/build/tutorial_interfaces/colcon_command_prefix_test.sh', '&&', 'env'] to pass: The build time path "/home/donavyn/ros2_ws/install/tutorial_interfaces" doesn't exist. Either source a script for a different shell or set the environment variable "COLCON_CURRENT_PREFIX" explicitly.


[0.556s] DEBUG:colcon.colcon_core.shell:Skip shell extension 'bash' for command environment
[0.556s] DEBUG:colcon.colcon_core.shell:Skip shell extension 'zsh' for command environment
[0.556s] ERROR:colcon.colcon_cmake.task.cmake.test:Could not find a shell extension for the command environment
[0.556s] ERROR:colcon.colcon_core.shell:Exception in shell extension 'sh': Expected ['.', '/home/donavyn/docker_test/ros2_ws/build/learning_tf2_py/colcon_command_prefix_setup_py.sh', '&&', 'env'] to pass: The build time path "/home/donavyn/ros2_ws/install/turtlesim" doesn't exist. Either source a script for a different shell or set the environment variable "COLCON_CURRENT_PREFIX" explicitly.

Traceback (most recent call last):
  File "/usr/lib/python3/dist-packages/colcon_core/shell/__init__.py", line 308, in get_command_environment
    return await extension.generate_command_environment(
  File "/usr/lib/python3/dist-packages/colcon_core/shell/sh.py", line 154, in generate_command_environment
    env = await get_environment_variables(cmd, cwd=str(build_base))
  File "/usr/lib/python3/dist-packages/colcon_core/shell/__init__.py", line 344, in get_environment_variables
    output = await check_output(cmd, cwd=cwd, shell=shell)
  File "/usr/lib/python3/dist-packages/colcon_core/subprocess.py", line 129, in check_output
    assert not rc, f'Expected {args} to pass: {stderr_data}'
AssertionError: Expected ['.', '/home/donavyn/docker_test/ros2_ws/build/learning_tf2_py/colcon_command_prefix_setup_py.sh', '&&', 'env'] to pass: The build time path "/home/donavyn/ros2_ws/install/turtlesim" doesn't exist. Either source a script for a different shell or set the environment variable "COLCON_CURRENT_PREFIX" explicitly.


[0.556s] DEBUG:colcon.colcon_core.shell:Skip shell extension 'bash' for command environment
[0.556s] DEBUG:colcon.colcon_core.shell:Skip shell extension 'zsh' for command environment
[0.556s] ERROR:colcon.colcon_core.task.python.test:Could not find a shell extension for the command environment
[0.559s] DEBUG:colcon.colcon_core.event_handler.log_command:Invoked command in '/home/donavyn/docker_test/ros2_ws/build/examples_rclcpp_async_client' returned '0': CMAKE_PREFIX_PATH=/home/donavyn/docker_test/ros2_ws/install/examples_rclcpp_async_client:/home/donavyn/docker_test/ros2_ws/install/tutorial_interfaces:/home/donavyn/docker_test/ros2_ws/install/turtlesim:/home/donavyn/docker_test/ros2_ws/install/more_interfaces:/home/donavyn/docker_test/ros2_ws/install/examples_rclcpp_wait_set:/home/donavyn/docker_test/ros2_ws/install/examples_rclcpp_multithreaded_executor:/home/donavyn/docker_test/ros2_ws/install/examples_rclcpp_minimal_timer:/home/donavyn/docker_test/ros2_ws/install/examples_rclcpp_minimal_subscriber:/home/donavyn/docker_test/ros2_ws/install/examples_rclcpp_minimal_service:/home/donavyn/docker_test/ros2_ws/install/examples_rclcpp_minimal_publisher:/home/donavyn/docker_test/ros2_ws/install/examples_rclcpp_minimal_composition:/home/donavyn/docker_test/ros2_ws/install/examples_rclcpp_minimal_client:/home/donavyn/docker_test/ros2_ws/install/examples_rclcpp_minimal_action_server:/home/donavyn/docker_test/ros2_ws/install/examples_rclcpp_minimal_action_client:/home/donavyn/docker_test/ros2_ws/install/examples_rclcpp_cbg_executor:/home/donavyn/docker_test/ros2_ws/install/action_tutorials_interfaces /usr/bin/ctest -C Release -D ExperimentalTest --no-compress-output -V --force-new-ctest-process
[0.990s] DEBUG:colcon.colcon_core.event_handler.log_command:Invoked command in '/home/donavyn/docker_test/ros2_ws/src/py_pubsub' returned '1': AMENT_PREFIX_PATH=/home/donavyn/docker_test/ros2_ws/install/py_pubsub:/home/donavyn/docker_test/ros2_ws/src/install/learning_tf2_py:/home/donavyn/docker_test/ros2_ws/install/tutorial_interfaces:/home/donavyn/docker_test/ros2_ws/install/turtlesim:/home/donavyn/docker_test/ros2_ws/install/python_parameters:/home/donavyn/docker_test/ros2_ws/install/py_srvcli:/home/donavyn/docker_test/ros2_ws/install/my_package:/home/donavyn/docker_test/ros2_ws/install/more_interfaces:/home/donavyn/docker_test/ros2_ws/install/launch_testing_examples:/home/donavyn/docker_test/ros2_ws/install/examples_rclpy_pointcloud_publisher:/home/donavyn/docker_test/ros2_ws/install/examples_rclpy_minimal_subscriber:/home/donavyn/docker_test/ros2_ws/install/examples_rclpy_minimal_service:/home/donavyn/docker_test/ros2_ws/install/examples_rclpy_minimal_publisher:/home/donavyn/docker_test/ros2_ws/install/examples_rclpy_minimal_client:/home/donavyn/docker_test/ros2_ws/install/examples_rclpy_minimal_action_server:/home/donavyn/docker_test/ros2_ws/install/examples_rclpy_minimal_action_client:/home/donavyn/docker_test/ros2_ws/install/examples_rclpy_guard_conditions:/home/donavyn/docker_test/ros2_ws/install/examples_rclpy_executors:/home/donavyn/docker_test/ros2_ws/install/action_tutorials_interfaces:/opt/ros/humble PYTEST_ADDOPTS=--tb=short --junit-xml=/home/donavyn/docker_test/ros2_ws/build/py_pubsub/pytest.xml --junit-prefix=py_pubsub -o cache_dir=/home/donavyn/docker_test/ros2_ws/build/py_pubsub/.pytest_cache PYTHONDONTWRITEBYTECODE=1 PYTHONPATH=/home/donavyn/docker_test/ros2_ws/install/py_pubsub/lib/python3.10/site-packages:/home/donavyn/docker_test/ros2_ws/src/install/learning_tf2_py/lib/python3.10/site-packages:/home/donavyn/docker_test/ros2_ws/install/tutorial_interfaces/local/lib/python3.10/dist-packages:/home/donavyn/docker_test/ros2_ws/install/turtlesim/local/lib/python3.10/dist-packages:/home/donavyn/docker_test/ros2_ws/install/python_parameters/lib/python3.10/site-packages:/home/donavyn/docker_test/ros2_ws/install/py_srvcli/lib/python3.10/site-packages:/home/donavyn/docker_test/ros2_ws/install/my_package/lib/python3.10/site-packages:/home/donavyn/docker_test/ros2_ws/install/more_interfaces/local/lib/python3.10/dist-packages:/home/donavyn/docker_test/ros2_ws/install/launch_testing_examples/lib/python3.10/site-packages:/home/donavyn/docker_test/ros2_ws/install/examples_rclpy_pointcloud_publisher/lib/python3.10/site-packages:/home/donavyn/docker_test/ros2_ws/install/examples_rclpy_minimal_subscriber/lib/python3.10/site-packages:/home/donavyn/docker_test/ros2_ws/install/examples_rclpy_minimal_service/lib/python3.10/site-packages:/home/donavyn/docker_test/ros2_ws/install/examples_rclpy_minimal_publisher/lib/python3.10/site-packages:/home/donavyn/docker_test/ros2_ws/install/examples_rclpy_minimal_client/lib/python3.10/site-packages:/home/donavyn/docker_test/ros2_ws/install/examples_rclpy_minimal_action_server/lib/python3.10/site-packages:/home/donavyn/docker_test/ros2_ws/install/examples_rclpy_minimal_action_client/lib/python3.10/site-packages:/home/donavyn/docker_test/ros2_ws/install/examples_rclpy_guard_conditions/lib/python3.10/site-packages:/home/donavyn/docker_test/ros2_ws/install/examples_rclpy_executors/lib/python3.10/site-packages:/home/donavyn/docker_test/ros2_ws/install/action_tutorials_interfaces/local/lib/python3.10/dist-packages:/opt/ros/humble/lib/python3.10/site-packages:/opt/ros/humble/local/lib/python3.10/dist-packages /usr/bin/python3 -m pytest
[1.000s] DEBUG:colcon.colcon_parallel_executor.executor.parallel:closing loop
[1.000s] DEBUG:colcon.colcon_parallel_executor.executor.parallel:loop closed
[1.000s] DEBUG:colcon.colcon_parallel_executor.executor.parallel:run_until_complete finished with '1'
[1.000s] DEBUG:colcon.colcon_core.event_reactor:joining thread
[1.010s] INFO:colcon.colcon_core.plugin_system:Skipping extension 'colcon_notification.desktop_notification.terminal_notifier': Not used on non-Darwin systems
[1.010s] INFO:colcon.colcon_core.plugin_system:Skipping extension 'colcon_notification.desktop_notification.win32': Not used on non-Windows systems
[1.010s] INFO:colcon.colcon_notification.desktop_notification:Sending desktop notification using 'notify2'
[1.022s] DEBUG:colcon.colcon_core.event_reactor:joined thread
